Script start time: '2025-04-30 12:53:07'
```shell
Starting migration from users_settings to users_privacy_settings...
Found 10 shards. Processing each shard...
Processing shard #0...
Fetching settings that need to be migrated...
Processed 1000 records, Migrated: 131, Skipped: 869...
Processed 2000 records, Migrated: 276, Skipped: 1724...
Processed 3000 records, Migrated: 408, Skipped: 2592...
Processed 4000 records, Migrated: 564, Skipped: 3436...
Processed 5000 records, Migrated: 672, Skipped: 4328...
Processed 6000 records, Migrated: 804, Skipped: 5196...
Processed 7000 records, Migrated: 876, Skipped: 6124...
Processed 8000 records, Migrated: 924, Skipped: 7076...
Processed 9000 records, Migrated: 1008, Skipped: 7992...
Processed 10000 records, Migrated: 1032, Skipped: 8968...
Processed 11000 records, Migrated: 1068, Skipped: 9932...
Processed 12000 records, Migrated: 1116, Skipped: 10884...
Processed 13000 records, Migrated: 1164, Skipped: 11836...
Processed 14000 records, Migrated: 1236, Skipped: 12764...
Processed 15000 records, Migrated: 1284, Skipped: 13716...
Processed 16000 records, Migrated: 1332, Skipped: 14668...
Processed 17000 records, Migrated: 1392, Skipped: 15608...
Processed 18000 records, Migrated: 1443, Skipped: 16557...
Processed 19000 records, Migrated: 1500, Skipped: 17500...
Processed 20000 records, Migrated: 1548, Skipped: 18452...
Processed 21000 records, Migrated: 1632, Skipped: 19368...
Processed 21033 records, Migrated: 1632, Skipped: 19401...
Completed processing shard. Total: 21033, Migrated: 1632, Skipped: 19401
Processing shard #1...
Fetching settings that need to be migrated...
Processed 1000 records, Migrated: 147, Skipped: 853...
Processed 2000 records, Migrated: 222, Skipped: 1778...
Processed 3000 records, Migrated: 366, Skipped: 2634...
Processed 4000 records, Migrated: 510, Skipped: 3490...
Processed 5000 records, Migrated: 678, Skipped: 4322...
Processed 6000 records, Migrated: 774, Skipped: 5226...
Processed 7000 records, Migrated: 858, Skipped: 6142...
Processed 8000 records, Migrated: 918, Skipped: 7082...
Processed 9000 records, Migrated: 978, Skipped: 8022...
Processed 10000 records, Migrated: 1086, Skipped: 8914...
Processed 11000 records, Migrated: 1122, Skipped: 9878...
Processed 12000 records, Migrated: 1182, Skipped: 10818...
Processed 13000 records, Migrated: 1230, Skipped: 11770...
Processed 14000 records, Migrated: 1278, Skipped: 12722...
Processed 15000 records, Migrated: 1374, Skipped: 13626...
Processed 16000 records, Migrated: 1458, Skipped: 14542...
Processed 17000 records, Migrated: 1554, Skipped: 15446...
Processed 18000 records, Migrated: 1650, Skipped: 16350...
Processed 19000 records, Migrated: 1746, Skipped: 17254...
Processed 20000 records, Migrated: 1866, Skipped: 18134...
Processed 21000 records, Migrated: 1890, Skipped: 19110...
Processed 21282 records, Migrated: 1914, Skipped: 19368...
Completed processing shard. Total: 21282, Migrated: 1914, Skipped: 19368
Processing shard #2...
Fetching settings that need to be migrated...
Processed 1000 records, Migrated: 168, Skipped: 832...
Processed 2000 records, Migrated: 288, Skipped: 1712...
Processed 3000 records, Migrated: 384, Skipped: 2616...
Processed 4000 records, Migrated: 552, Skipped: 3448...
Processed 5000 records, Migrated: 744, Skipped: 4256...
Processed 6000 records, Migrated: 888, Skipped: 5112...
Processed 7000 records, Migrated: 936, Skipped: 6064...
Processed 8000 records, Migrated: 1044, Skipped: 6956...
Processed 9000 records, Migrated: 1092, Skipped: 7908...
Processed 10000 records, Migrated: 1132, Skipped: 8868...
Processed 11000 records, Migrated: 1164, Skipped: 9836...
Processed 12000 records, Migrated: 1234, Skipped: 10766...
Processed 13000 records, Migrated: 1308, Skipped: 11692...
Processed 14000 records, Migrated: 1332, Skipped: 12668...
Processed 15000 records, Migrated: 1404, Skipped: 13596...
Processed 16000 records, Migrated: 1488, Skipped: 14512...
Processed 17000 records, Migrated: 1524, Skipped: 15476...
Processed 18000 records, Migrated: 1608, Skipped: 16392...
Processed 19000 records, Migrated: 1704, Skipped: 17296...
Processed 20000 records, Migrated: 1771, Skipped: 18229...
Processed 21000 records, Migrated: 1788, Skipped: 19212...
Processed 21536 records, Migrated: 1812, Skipped: 19724...
Completed processing shard. Total: 21536, Migrated: 1812, Skipped: 19724
Processing shard #3...
Fetching settings that need to be migrated...
Processed 1000 records, Migrated: 141, Skipped: 859...
Processed 2000 records, Migrated: 279, Skipped: 1721...
Processed 3000 records, Migrated: 423, Skipped: 2577...
Processed 4000 records, Migrated: 508, Skipped: 3492...
Processed 5000 records, Migrated: 712, Skipped: 4288...
Processed 6000 records, Migrated: 831, Skipped: 5169...
Processed 7000 records, Migrated: 891, Skipped: 6109...
Processed 8000 records, Migrated: 915, Skipped: 7085...
Processed 9000 records, Migrated: 951, Skipped: 8049...
Processed 10000 records, Migrated: 1059, Skipped: 8941...
Processed 11000 records, Migrated: 1083, Skipped: 9917...
Processed 12000 records, Migrated: 1107, Skipped: 10893...
Processed 13000 records, Migrated: 1119, Skipped: 11881...
Processed 14000 records, Migrated: 1167, Skipped: 12833...
Processed 15000 records, Migrated: 1263, Skipped: 13737...
Processed 16000 records, Migrated: 1359, Skipped: 14641...
Processed 17000 records, Migrated: 1455, Skipped: 15545...
Processed 18000 records, Migrated: 1599, Skipped: 16401...
Processed 19000 records, Migrated: 1707, Skipped: 17293...
Processed 20000 records, Migrated: 1803, Skipped: 18197...
Processed 21000 records, Migrated: 1887, Skipped: 19113...
Processed 21268 records, Migrated: 1887, Skipped: 19381...
Completed processing shard. Total: 21268, Migrated: 1887, Skipped: 19381
Processing shard #4...
Fetching settings that need to be migrated...
Processed 1000 records, Migrated: 100, Skipped: 900...
Processed 2000 records, Migrated: 261, Skipped: 1739...
Processed 3000 records, Migrated: 405, Skipped: 2595...
Processed 4000 records, Migrated: 533, Skipped: 3467...
Processed 5000 records, Migrated: 657, Skipped: 4343...
Processed 6000 records, Migrated: 777, Skipped: 5223...
Processed 7000 records, Migrated: 819, Skipped: 6181...
Processed 8000 records, Migrated: 885, Skipped: 7115...
Processed 9000 records, Migrated: 981, Skipped: 8019...
Processed 10000 records, Migrated: 1005, Skipped: 8995...
Processed 11000 records, Migrated: 1041, Skipped: 9959...
Processed 12000 records, Migrated: 1065, Skipped: 10935...
Processed 13000 records, Migrated: 1149, Skipped: 11851...
Processed 14000 records, Migrated: 1209, Skipped: 12791...
Processed 15000 records, Migrated: 1305, Skipped: 13695...
Processed 16000 records, Migrated: 1345, Skipped: 14655...
Processed 17000 records, Migrated: 1418, Skipped: 15582...
Processed 18000 records, Migrated: 1497, Skipped: 16503...
Processed 19000 records, Migrated: 1581, Skipped: 17419...
Processed 20000 records, Migrated: 1617, Skipped: 18383...
Processed 21000 records, Migrated: 1677, Skipped: 19323...
Processed 21303 records, Migrated: 1701, Skipped: 19602...
Completed processing shard. Total: 21303, Migrated: 1701, Skipped: 19602
Processing shard #5...
Fetching settings that need to be migrated...
Processed 1000 records, Migrated: 144, Skipped: 856...
Processed 2000 records, Migrated: 324, Skipped: 1676...
Processed 3000 records, Migrated: 516, Skipped: 2484...
Processed 4000 records, Migrated: 624, Skipped: 3376...
Processed 5000 records, Migrated: 756, Skipped: 4244...
Processed 6000 records, Migrated: 900, Skipped: 5100...
Processed 7000 records, Migrated: 977, Skipped: 6023...
Processed 8000 records, Migrated: 1056, Skipped: 6944...
Processed 9000 records, Migrated: 1116, Skipped: 7884...
Processed 10000 records, Migrated: 1200, Skipped: 8800...
Processed 11000 records, Migrated: 1260, Skipped: 9740...
Processed 12000 records, Migrated: 1320, Skipped: 10680...
Processed 13000 records, Migrated: 1404, Skipped: 11596...
Processed 14000 records, Migrated: 1476, Skipped: 12524...
Processed 15000 records, Migrated: 1548, Skipped: 13452...
Processed 16000 records, Migrated: 1656, Skipped: 14344...
Processed 17000 records, Migrated: 1764, Skipped: 15236...
Processed 18000 records, Migrated: 1848, Skipped: 16152...
Processed 19000 records, Migrated: 1956, Skipped: 17044...
Processed 20000 records, Migrated: 2100, Skipped: 17900...
Processed 21000 records, Migrated: 2136, Skipped: 18864...
Processed 21464 records, Migrated: 2172, Skipped: 19292...
Completed processing shard. Total: 21464, Migrated: 2172, Skipped: 19292
Processing shard #6...
Fetching settings that need to be migrated...
Processed 1000 records, Migrated: 132, Skipped: 868...
Processed 2000 records, Migrated: 233, Skipped: 1767...
Processed 3000 records, Migrated: 432, Skipped: 2568...
Processed 4000 records, Migrated: 540, Skipped: 3460...
Processed 5000 records, Migrated: 708, Skipped: 4292...
Processed 6000 records, Migrated: 828, Skipped: 5172...
Processed 7000 records, Migrated: 912, Skipped: 6088...
Processed 8000 records, Migrated: 972, Skipped: 7028...
Processed 9000 records, Migrated: 1032, Skipped: 7968...
Processed 10000 records, Migrated: 1056, Skipped: 8944...
Processed 11000 records, Migrated: 1080, Skipped: 9920...
Processed 12000 records, Migrated: 1152, Skipped: 10848...
Processed 13000 records, Migrated: 1224, Skipped: 11776...
Processed 14000 records, Migrated: 1248, Skipped: 12752...
Processed 15000 records, Migrated: 1332, Skipped: 13668...
Processed 16000 records, Migrated: 1368, Skipped: 14632...
Processed 17000 records, Migrated: 1488, Skipped: 15512...
Processed 18000 records, Migrated: 1562, Skipped: 16438...
Processed 19000 records, Migrated: 1632, Skipped: 17368...
Processed 20000 records, Migrated: 1656, Skipped: 18344...
Processed 21000 records, Migrated: 1740, Skipped: 19260...
Processed 21095 records, Migrated: 1752, Skipped: 19343...
Completed processing shard. Total: 21095, Migrated: 1752, Skipped: 19343
Processing shard #7...
Fetching settings that need to be migrated...
Processed 1000 records, Migrated: 69, Skipped: 931...
Processed 2000 records, Migrated: 165, Skipped: 1835...
Processed 3000 records, Migrated: 345, Skipped: 2655...
Processed 4000 records, Migrated: 472, Skipped: 3528...
Processed 5000 records, Migrated: 585, Skipped: 4415...
Processed 6000 records, Migrated: 681, Skipped: 5319...
Processed 7000 records, Migrated: 741, Skipped: 6259...
Processed 8000 records, Migrated: 765, Skipped: 7235...
Processed 9000 records, Migrated: 837, Skipped: 8163...
Processed 10000 records, Migrated: 861, Skipped: 9139...
Processed 11000 records, Migrated: 933, Skipped: 10067...
Processed 12000 records, Migrated: 961, Skipped: 11039...
Processed 13000 records, Migrated: 1017, Skipped: 11983...
Processed 14000 records, Migrated: 1065, Skipped: 12935...
Processed 15000 records, Migrated: 1137, Skipped: 13863...
Processed 16000 records, Migrated: 1221, Skipped: 14779...
Processed 17000 records, Migrated: 1305, Skipped: 15695...
Processed 18000 records, Migrated: 1377, Skipped: 16623...
Processed 19000 records, Migrated: 1461, Skipped: 17539...
Processed 20000 records, Migrated: 1522, Skipped: 18478...
Processed 20703 records, Migrated: 1617, Skipped: 19086...
Completed processing shard. Total: 20703, Migrated: 1617, Skipped: 19086
Processing shard #8...
Fetching settings that need to be migrated...
Processed 1000 records, Migrated: 123, Skipped: 877...
Processed 2000 records, Migrated: 195, Skipped: 1805...
Processed 3000 records, Migrated: 375, Skipped: 2625...
Processed 4000 records, Migrated: 535, Skipped: 3465...
Processed 5000 records, Migrated: 651, Skipped: 4349...
Processed 6000 records, Migrated: 819, Skipped: 5181...
Processed 7000 records, Migrated: 879, Skipped: 6121...
Processed 8000 records, Migrated: 927, Skipped: 7073...
Processed 9000 records, Migrated: 987, Skipped: 8013...
Processed 10000 records, Migrated: 1035, Skipped: 8965...
Processed 11000 records, Migrated: 1059, Skipped: 9941...
Processed 12000 records, Migrated: 1143, Skipped: 10857...
Processed 13000 records, Migrated: 1203, Skipped: 11797...
Processed 14000 records, Migrated: 1263, Skipped: 12737...
Processed 15000 records, Migrated: 1323, Skipped: 13677...
Processed 16000 records, Migrated: 1431, Skipped: 14569...
Processed 17000 records, Migrated: 1455, Skipped: 15545...
Processed 18000 records, Migrated: 1539, Skipped: 16461...
Processed 19000 records, Migrated: 1623, Skipped: 17377...
Processed 20000 records, Migrated: 1671, Skipped: 18329...
Processed 21000 records, Migrated: 1726, Skipped: 19274...
Processed 21100 records, Migrated: 1743, Skipped: 19357...
Completed processing shard. Total: 21100, Migrated: 1743, Skipped: 19357
Processing shard #9...
Fetching settings that need to be migrated...
Processed 1000 records, Migrated: 117, Skipped: 883...
Processed 2000 records, Migrated: 225, Skipped: 1775...
Processed 3000 records, Migrated: 381, Skipped: 2619...
Processed 4000 records, Migrated: 549, Skipped: 3451...
Processed 5000 records, Migrated: 716, Skipped: 4284...
Processed 6000 records, Migrated: 789, Skipped: 5211...
Processed 7000 records, Migrated: 849, Skipped: 6151...
Processed 8000 records, Migrated: 933, Skipped: 7067...
Processed 9000 records, Migrated: 1017, Skipped: 7983...
Processed 10000 records, Migrated: 1053, Skipped: 8947...
Processed 11000 records, Migrated: 1089, Skipped: 9911...
Processed 12000 records, Migrated: 1185, Skipped: 10815...
Processed 13000 records, Migrated: 1209, Skipped: 11791...
Processed 14000 records, Migrated: 1281, Skipped: 12719...
Processed 15000 records, Migrated: 1353, Skipped: 13647...
Processed 16000 records, Migrated: 1425, Skipped: 14575...
Processed 17000 records, Migrated: 1497, Skipped: 15503...
Processed 18000 records, Migrated: 1569, Skipped: 16431...
Processed 19000 records, Migrated: 1629, Skipped: 17371...
Processed 20000 records, Migrated: 1713, Skipped: 18287...
Processed 21000 records, Migrated: 1785, Skipped: 19215...
Processed 21186 records, Migrated: 1797, Skipped: 19389...
Completed processing shard. Total: 21186, Migrated: 1797, Skipped: 19389
Migration completed successfully!
Total unmapped settings found: 19572
Check /home/gitlab-runner/misc-script-runner/RHEA-4709_dbet/unmapped_settings.log for details.

```
Script end time: '2025-04-30 12:53:19'
FYI: @ndubuisi.onyemenam - script output for `dbet`
Story 'RHEA-4709': done
