Script start time: '2025-04-22 10:33:10'
```shell
Doing: Leaderboard for missing users 
Calculating leaderboard for tournament 1263116 
Leaderboard recalculated and prizes credited 
Doing: Leaderboard for missing users 
Calculated for tournament id: 1262798 
 Leaderboard recalculated and prizes credited 
Doing: Leaderboard for missing users 
Calculated for tournament id: 1263146 
 Leaderboard recalculated and prizes credited 
Doing: Leaderboard for missing users 
Calculated for tournament id: 1263168 
 Leaderboard recalculated and prizes credited 
Doing: Leaderboard for missing users 
Calculated for tournament id: 1263225 
 Leaderboard recalculated and prizes credited 

```
Script end time: '2025-04-22 10:33:11'
FYI: @mihailo.ilic - script output for `mrvegas`
Story 'ASE-1657': done
