Script start time: '2025-04-30 11:11:57'
```shell
Changing password for devsupport@videoslots.com, id: 6395865 
Changing password for devtestes@devtest.com, id: 6392250 
Changing password for techsupat, id: 6780784 
Changing password for techsupbr, id: 6780796 
Changing password for techsupca, id: 6780785 
Changing password for techsupde, id: 6780786 
Changing password for techsupdk, id: 6780783 
Changing password for techsupes, id: 6780797 
Changing password for techsupfi, id: 6780787 
Changing password for spookyhood01@gmail.com, id: 6780788 
Changing password for techsuphu, id: 6780789 
Changing password for techsupin, id: 6780790 
Changing password for techsupjp, id: 6780791 
Changing password for techsupmt@videoslots.com, id: 6780781 
Changing password for techsupnl, id: 6780792 
Changing password for techsupnl@videoslots.com, id: 1960771731 
Changing password for techsupno, id: 1967158743 
Changing password for techsupnz, id: 6780794 
Changing password for techsupru, id: 6780795 
Changing password for techsupse, id: 6780782 
Password has been changed, new hash: 51c11b4bc0eeb59cb9f0303d2e748ccf 

```
Script end time: '2025-04-30 11:11:58'
FYI: @mihailo.ilic - script output for `videoslots`
Story 'ASE-1686': done
