Script start time: '2025-04-17 13:28:28'
```shell
Bonus ID 26382 - New frb_denomination value : 20
Bonus ID 26383 - New frb_denomination value : 20
Bonus ID 26384 - New frb_denomination value : 20
Bonus ID 26385 - New frb_denomination value : 20
Bonus ID 26386 - New frb_denomination value : 20
Bonus ID 26387 - New frb_denomination value : 20
Bonus ID 26388 - New frb_denomination value : 20
Bonus ID 26389 - New frb_denomination value : 20
Bonus ID 26390 - New frb_denomination value : 20
Bonus ID 26391 - New frb_denomination value : 20
Bonus ID 26392 - New frb_denomination value : 20
Bonus ID 26393 - New frb_denomination value : 20
Bonus ID 26394 - New frb_denomination value : 20
Bonus ID 26395 - New frb_denomination value : 20
Bonus ID 23066 - New frb_denomination value : 20
Bonus ID 23067 - New frb_denomination value : 20
Bonus ID 23068 - New frb_denomination value : 20
Bonus ID 23069 - New frb_denomination value : 20
Bonus ID 23070 - New frb_denomination value : 20
Bonus ID 23071 - New frb_denomination value : 20
Bonus ID 23072 - New frb_denomination value : 20
Bonus ID 23073 - New frb_denomination value : 20
Bonus ID 23074 - New frb_denomination value : 20
Bonus ID 23075 - New frb_denomination value : 20
Bonus ID 23076 - New frb_denomination value : 20
Bonus ID 23077 - New frb_denomination value : 20
Bonus ID 23078 - New frb_denomination value : 20
Bonus ID 23079 - New frb_denomination value : 20
Bonus ID 22816 - New frb_denomination value : 20
Bonus ID 22817 - New frb_denomination value : 20
Bonus ID 22818 - New frb_denomination value : 20
Bonus ID 22820 - New frb_denomination value : 20
Bonus ID 22821 - New frb_denomination value : 20
Bonus ID 22822 - New frb_denomination value : 20
Bonus ID 22823 - New frb_denomination value : 20
Bonus ID 22824 - New frb_denomination value : 20
Bonus ID 22825 - New frb_denomination value : 20
Bonus ID 22826 - New frb_denomination value : 20
Bonus ID 22827 - New frb_denomination value : 20
Bonus ID 22828 - New frb_denomination value : 20
Bonus ID 22829 - New frb_denomination value : 20
Bonus ID 22830 - New frb_denomination value : 20
Bonus ID 10094 - New frb_denomination value : 20
Bonus ID 10095 - New frb_denomination value : 20
Bonus ID 10096 - New frb_denomination value : 20
Bonus ID 10097 - New frb_denomination value : 20
Bonus ID 10098 - New frb_denomination value : 20
Bonus ID 18234 - New frb_denomination value : 20
Bonus ID 18235 - New frb_denomination value : 20
Bonus ID 18236 - New frb_denomination value : 20
Bonus ID 18237 - New frb_denomination value : 20
Bonus ID 18238 - New frb_denomination value : 20
Bonus ID 18239 - New frb_denomination value : 20
Bonus ID 18240 - New frb_denomination value : 20
Bonus ID 18241 - New frb_denomination value : 20
Bonus ID 18242 - New frb_denomination value : 20
Bonus ID 18243 - New frb_denomination value : 20
Bonus ID 18244 - New frb_denomination value : 20
Bonus ID 18245 - New frb_denomination value : 20
Bonus ID 18246 - New frb_denomination value : 20
Bonus ID 18247 - New frb_denomination value : 20
Bonus ID 11439 - New frb_denomination value : 20
Bonus ID 11440 - New frb_denomination value : 20
Bonus ID 11441 - New frb_denomination value : 20
Bonus ID 11442 - New frb_denomination value : 20
Bonus ID 11443 - New frb_denomination value : 20
Bonus ID 11444 - New frb_denomination value : 20
Bonus ID 11445 - New frb_denomination value : 20
Bonus ID 12949 - New frb_denomination value : 20
Bonus ID 12950 - New frb_denomination value : 20
Bonus ID 12951 - New frb_denomination value : 20
Bonus ID 12952 - New frb_denomination value : 20
Bonus ID 17734 - New frb_denomination value : 20
Bonus ID 17735 - New frb_denomination value : 20
Bonus ID 17736 - New frb_denomination value : 20
Bonus ID 20310 - New frb_denomination value : 20
Bonus ID 20311 - New frb_denomination value : 20
Bonus ID 20312 - New frb_denomination value : 20
Bonus ID 20525 - New frb_denomination value : 20
Bonus ID 20526 - New frb_denomination value : 20
Bonus ID 23371 - New frb_denomination value : 20
Bonus ID 23372 - New frb_denomination value : 20
Bonus ID 23373 - New frb_denomination value : 20
Bonus ID 23374 - New frb_denomination value : 20
Bonus ID 23375 - New frb_denomination value : 20
Bonus ID 23376 - New frb_denomination value : 20
Bonus ID 23377 - New frb_denomination value : 20
Bonus ID 23378 - New frb_denomination value : 20
Bonus ID 23379 - New frb_denomination value : 20
Bonus ID 23380 - New frb_denomination value : 20
Bonus ID 23381 - New frb_denomination value : 20
Bonus ID 23382 - New frb_denomination value : 20
Bonus ID 23383 - New frb_denomination value : 20
Bonus ID 23384 - New frb_denomination value : 20
Bonus ID 8552 - New frb_denomination value : 20
Bonus ID 8553 - New frb_denomination value : 20
Bonus ID 8554 - New frb_denomination value : 20
Bonus ID 8555 - New frb_denomination value : 20
Bonus ID 8556 - New frb_denomination value : 20
Bonus ID 8557 - New frb_denomination value : 20
Bonus ID 8558 - New frb_denomination value : 20
Bonus ID 8559 - New frb_denomination value : 20
Bonus ID 8560 - New frb_denomination value : 20
Bonus ID 8561 - New frb_denomination value : 20
Bonus ID 8562 - New frb_denomination value : 20
Bonus ID 8563 - New frb_denomination value : 20
Bonus ID 8564 - New frb_denomination value : 20
Bonus ID 8565 - New frb_denomination value : 20
Bonus ID 16233 - New frb_denomination value : 20
Bonus ID 16234 - New frb_denomination value : 20
Bonus ID 19729 - New frb_denomination value : 20
Bonus ID 37757 - New frb_denomination value : 20
Bonus ID 37758 - New frb_denomination value : 20
Bonus ID 37759 - New frb_denomination value : 20
Bonus ID 37760 - New frb_denomination value : 20
Bonus ID 37761 - New frb_denomination value : 20
Bonus ID 37762 - New frb_denomination value : 20
Bonus ID 37763 - New frb_denomination value : 20
Bonus ID 37764 - New frb_denomination value : 20
Bonus ID 37765 - New frb_denomination value : 20
Bonus ID 37766 - New frb_denomination value : 20
Bonus ID 37767 - New frb_denomination value : 20
Bonus ID 37768 - New frb_denomination value : 20
Bonus ID 37769 - New frb_denomination value : 20
Bonus ID 37770 - New frb_denomination value : 20
Bonus ID 19846 - New frb_denomination value : 20
Bonus ID 19847 - New frb_denomination value : 20
Bonus ID 19848 - New frb_denomination value : 20
Bonus ID 19849 - New frb_denomination value : 20
Bonus ID 19850 - New frb_denomination value : 20
Bonus ID 19851 - New frb_denomination value : 20
Bonus ID 19852 - New frb_denomination value : 20
Bonus ID 19853 - New frb_denomination value : 20
Bonus ID 19854 - New frb_denomination value : 20
Bonus ID 19855 - New frb_denomination value : 20
Bonus ID 19856 - New frb_denomination value : 20
Bonus ID 19857 - New frb_denomination value : 20
Bonus ID 19858 - New frb_denomination value : 20
Bonus ID 21671 - New frb_denomination value : 20
Bonus ID 21672 - New frb_denomination value : 20
Bonus ID 21673 - New frb_denomination value : 20
Bonus ID 21674 - New frb_denomination value : 20
Bonus ID 21675 - New frb_denomination value : 20
Bonus ID 21677 - New frb_denomination value : 20
Bonus ID 21679 - New frb_denomination value : 20
Bonus ID 21682 - New frb_denomination value : 20
Bonus ID 21684 - New frb_denomination value : 20
Bonus ID 21686 - New frb_denomination value : 20
Bonus ID 21687 - New frb_denomination value : 20
Bonus ID 21688 - New frb_denomination value : 20
Bonus ID 21689 - New frb_denomination value : 20
Bonus ID 21691 - New frb_denomination value : 20
Bonus ID 22956 - New frb_denomination value : 20
Bonus ID 22957 - New frb_denomination value : 20
Bonus ID 22958 - New frb_denomination value : 20
Bonus ID 22959 - New frb_denomination value : 20
Bonus ID 22960 - New frb_denomination value : 20
Bonus ID 22961 - New frb_denomination value : 20
Bonus ID 22962 - New frb_denomination value : 20
Bonus ID 22963 - New frb_denomination value : 20
Bonus ID 22964 - New frb_denomination value : 20
Bonus ID 22965 - New frb_denomination value : 20
Bonus ID 22966 - New frb_denomination value : 20
Bonus ID 22967 - New frb_denomination value : 20
Bonus ID 22968 - New frb_denomination value : 20
Bonus ID 22969 - New frb_denomination value : 20
Bonus ID 38618 - New frb_denomination value : 20
Bonus ID 38619 - New frb_denomination value : 20
Bonus ID 38620 - New frb_denomination value : 20
Bonus ID 38621 - New frb_denomination value : 20
Bonus ID 38622 - New frb_denomination value : 20
Bonus ID 38623 - New frb_denomination value : 20
Bonus ID 38624 - New frb_denomination value : 20
Bonus ID 38625 - New frb_denomination value : 20
Bonus ID 38626 - New frb_denomination value : 20
Bonus ID 38627 - New frb_denomination value : 20
Bonus ID 38628 - New frb_denomination value : 20
Bonus ID 38629 - New frb_denomination value : 20
Bonus ID 38630 - New frb_denomination value : 20
Bonus ID 38631 - New frb_denomination value : 20
Bonus ID 38652 - New frb_denomination value : 20
Bonus ID 38653 - New frb_denomination value : 20
Bonus ID 38654 - New frb_denomination value : 20
Bonus ID 38655 - New frb_denomination value : 20
Bonus ID 38656 - New frb_denomination value : 20
Bonus ID 38657 - New frb_denomination value : 20
Bonus ID 38658 - New frb_denomination value : 20
Bonus ID 38659 - New frb_denomination value : 20
Bonus ID 38660 - New frb_denomination value : 20
Bonus ID 38661 - New frb_denomination value : 20
Bonus ID 38662 - New frb_denomination value : 20
Bonus ID 38663 - New frb_denomination value : 20
Bonus ID 38664 - New frb_denomination value : 20
Bonus ID 38665 - New frb_denomination value : 20
Bonus ID 24430 - New frb_denomination value : 20
Bonus ID 24431 - New frb_denomination value : 20
Bonus ID 24432 - New frb_denomination value : 20
Bonus ID 24433 - New frb_denomination value : 20
Bonus ID 24434 - New frb_denomination value : 20
Bonus ID 24435 - New frb_denomination value : 20
Bonus ID 24436 - New frb_denomination value : 20
Bonus ID 24437 - New frb_denomination value : 20
Bonus ID 24438 - New frb_denomination value : 20
Bonus ID 24439 - New frb_denomination value : 20
Bonus ID 24440 - New frb_denomination value : 20
Bonus ID 24441 - New frb_denomination value : 20
Bonus ID 24442 - New frb_denomination value : 20

```
Script end time: '2025-04-17 13:28:30'
FYI: @YuriVelkis - script output for `megariches`
Story 'ASE-1652': done
