Script start time: '2025-04-30 12:54:41'
```shell
Starting migration from users_settings to users_privacy_settings...
Found 10 shards. Processing each shard...
Processing shard #0...
Fetching settings that need to be migrated...
Processed 1000 records, Migrated: 156, Skipped: 844...
Processed 2000 records, Migrated: 428, Skipped: 1572...
Processed 3000 records, Migrated: 648, Skipped: 2352...
Processed 4000 records, Migrated: 852, Skipped: 3148...
Processed 5000 records, Migrated: 1092, Skipped: 3908...
Processed 6000 records, Migrated: 1284, Skipped: 4716...
Processed 7000 records, Migrated: 1512, Skipped: 5488...
Processed 8000 records, Migrated: 1728, Skipped: 6272...
Processed 9000 records, Migrated: 1945, Skipped: 7055...
Processed 10000 records, Migrated: 2132, Skipped: 7868...
Processed 11000 records, Migrated: 2373, Skipped: 8627...
Processed 12000 records, Migrated: 2553, Skipped: 9447...
Processed 13000 records, Migrated: 2769, Skipped: 10231...
Processed 14000 records, Migrated: 2997, Skipped: 11003...
Processed 15000 records, Migrated: 3189, Skipped: 11811...
Processed 16000 records, Migrated: 3429, Skipped: 12571...
Processed 17000 records, Migrated: 3644, Skipped: 13356...
Processed 18000 records, Migrated: 3837, Skipped: 14163...
Processed 19000 records, Migrated: 4074, Skipped: 14926...
Processed 20000 records, Migrated: 4293, Skipped: 15707...
Processed 21000 records, Migrated: 4536, Skipped: 16464...
Processed 22000 records, Migrated: 4728, Skipped: 17272...
Processed 23000 records, Migrated: 4929, Skipped: 18071...
Processed 24000 records, Migrated: 5146, Skipped: 18854...
Processed 25000 records, Migrated: 5385, Skipped: 19615...
Processed 26000 records, Migrated: 5649, Skipped: 20351...
Processed 27000 records, Migrated: 5828, Skipped: 21172...
Processed 28000 records, Migrated: 6033, Skipped: 21967...
Processed 29000 records, Migrated: 6245, Skipped: 22755...
Processed 30000 records, Migrated: 6417, Skipped: 23583...
Processed 31000 records, Migrated: 6681, Skipped: 24319...
Processed 32000 records, Migrated: 6921, Skipped: 25079...
Processed 33000 records, Migrated: 7161, Skipped: 25839...
Processed 34000 records, Migrated: 7413, Skipped: 26587...
Processed 35000 records, Migrated: 7593, Skipped: 27407...
Processed 36000 records, Migrated: 7845, Skipped: 28155...
Processed 37000 records, Migrated: 8097, Skipped: 28903...
Processed 38000 records, Migrated: 8361, Skipped: 29639...
Processed 39000 records, Migrated: 8613, Skipped: 30387...
Processed 40000 records, Migrated: 8889, Skipped: 31111...
Processed 41000 records, Migrated: 9132, Skipped: 31868...
Processed 42000 records, Migrated: 9376, Skipped: 32624...
Processed 43000 records, Migrated: 9603, Skipped: 33397...
Processed 44000 records, Migrated: 9812, Skipped: 34188...
Processed 45000 records, Migrated: 10053, Skipped: 34947...
Processed 46000 records, Migrated: 10293, Skipped: 35707...
Processed 47000 records, Migrated: 10526, Skipped: 36474...
Processed 48000 records, Migrated: 10747, Skipped: 37253...
Processed 49000 records, Migrated: 10987, Skipped: 38013...
Processed 50000 records, Migrated: 11217, Skipped: 38783...
Processed 51000 records, Migrated: 11445, Skipped: 39555...
Processed 52000 records, Migrated: 11649, Skipped: 40351...
Processed 53000 records, Migrated: 11865, Skipped: 41135...
Processed 54000 records, Migrated: 12093, Skipped: 41907...
Processed 55000 records, Migrated: 12321, Skipped: 42679...
Processed 56000 records, Migrated: 12525, Skipped: 43475...
Processed 57000 records, Migrated: 12724, Skipped: 44276...
Processed 58000 records, Migrated: 12945, Skipped: 45055...
Processed 59000 records, Migrated: 13149, Skipped: 45851...
Processed 60000 records, Migrated: 13341, Skipped: 46659...
Processed 61000 records, Migrated: 13573, Skipped: 47427...
Processed 62000 records, Migrated: 13802, Skipped: 48198...
Processed 63000 records, Migrated: 14013, Skipped: 48987...
Processed 64000 records, Migrated: 14217, Skipped: 49783...
Processed 65000 records, Migrated: 14409, Skipped: 50591...
Processed 66000 records, Migrated: 14589, Skipped: 51411...
Processed 67000 records, Migrated: 14781, Skipped: 52219...
Processed 68000 records, Migrated: 14997, Skipped: 53003...
Processed 69000 records, Migrated: 15192, Skipped: 53808...
Processed 70000 records, Migrated: 15437, Skipped: 54563...
Processed 71000 records, Migrated: 15669, Skipped: 55331...
Processed 72000 records, Migrated: 15885, Skipped: 56115...
Processed 73000 records, Migrated: 16125, Skipped: 56875...
Processed 74000 records, Migrated: 16353, Skipped: 57647...
Processed 75000 records, Migrated: 16593, Skipped: 58407...
Processed 76000 records, Migrated: 16793, Skipped: 59207...
Processed 77000 records, Migrated: 16989, Skipped: 60011...
Processed 78000 records, Migrated: 17216, Skipped: 60784...
Processed 79000 records, Migrated: 17373, Skipped: 61627...
Processed 80000 records, Migrated: 17577, Skipped: 62423...
Processed 81000 records, Migrated: 17795, Skipped: 63205...
Processed 82000 records, Migrated: 17997, Skipped: 64003...
Processed 83000 records, Migrated: 18222, Skipped: 64778...
Processed 84000 records, Migrated: 18453, Skipped: 65547...
Processed 85000 records, Migrated: 18657, Skipped: 66343...
Processed 86000 records, Migrated: 18921, Skipped: 67079...
Processed 87000 records, Migrated: 19130, Skipped: 67870...
Processed 88000 records, Migrated: 19353, Skipped: 68647...
Processed 89000 records, Migrated: 19583, Skipped: 69417...
Processed 90000 records, Migrated: 19809, Skipped: 70191...
Processed 91000 records, Migrated: 19977, Skipped: 71023...
Processed 92000 records, Migrated: 20186, Skipped: 71814...
Processed 93000 records, Migrated: 20301, Skipped: 72699...
Processed 94000 records, Migrated: 20301, Skipped: 73699...
Processed 95000 records, Migrated: 20301, Skipped: 74699...
Processed 96000 records, Migrated: 20529, Skipped: 75471...
Processed 97000 records, Migrated: 20757, Skipped: 76243...
Processed 98000 records, Migrated: 20973, Skipped: 77027...
Processed 99000 records, Migrated: 21177, Skipped: 77823...
Processed 100000 records, Migrated: 21321, Skipped: 78679...
Processed 101000 records, Migrated: 21321, Skipped: 79679...
Processed 102000 records, Migrated: 21321, Skipped: 80679...
Processed 103000 records, Migrated: 21453, Skipped: 81547...
Processed 104000 records, Migrated: 21621, Skipped: 82379...
Processed 105000 records, Migrated: 21789, Skipped: 83211...
Processed 106000 records, Migrated: 21981, Skipped: 84019...
Processed 107000 records, Migrated: 22173, Skipped: 84827...
Processed 108000 records, Migrated: 22353, Skipped: 85647...
Processed 109000 records, Migrated: 22569, Skipped: 86431...
Processed 110000 records, Migrated: 22773, Skipped: 87227...
Processed 111000 records, Migrated: 22941, Skipped: 88059...
Processed 112000 records, Migrated: 23121, Skipped: 88879...
Processed 113000 records, Migrated: 23313, Skipped: 89687...
Processed 114000 records, Migrated: 23451, Skipped: 90549...
Processed 115000 records, Migrated: 23625, Skipped: 91375...
Processed 116000 records, Migrated: 23805, Skipped: 92195...
Processed 117000 records, Migrated: 23985, Skipped: 93015...
Processed 118000 records, Migrated: 24189, Skipped: 93811...
Processed 119000 records, Migrated: 24369, Skipped: 94631...
Processed 120000 records, Migrated: 24537, Skipped: 95463...
Processed 121000 records, Migrated: 24739, Skipped: 96261...
Processed 122000 records, Migrated: 24921, Skipped: 97079...
Processed 123000 records, Migrated: 25071, Skipped: 97929...
Processed 124000 records, Migrated: 25233, Skipped: 98767...
Processed 125000 records, Migrated: 25431, Skipped: 99569...
Processed 126000 records, Migrated: 25617, Skipped: 100383...
Processed 127000 records, Migrated: 25797, Skipped: 101203...
Processed 128000 records, Migrated: 26005, Skipped: 101995...
Processed 129000 records, Migrated: 26205, Skipped: 102795...
Processed 130000 records, Migrated: 26397, Skipped: 103603...
Processed 131000 records, Migrated: 26553, Skipped: 104447...
Processed 132000 records, Migrated: 26721, Skipped: 105279...
Processed 133000 records, Migrated: 26889, Skipped: 106111...
Processed 134000 records, Migrated: 27033, Skipped: 106967...
Processed 135000 records, Migrated: 27223, Skipped: 107777...
Processed 136000 records, Migrated: 27429, Skipped: 108571...
Processed 137000 records, Migrated: 27597, Skipped: 109403...
Processed 138000 records, Migrated: 27765, Skipped: 110235...
Processed 139000 records, Migrated: 27945, Skipped: 111055...
Processed 140000 records, Migrated: 28113, Skipped: 111887...
Processed 141000 records, Migrated: 28245, Skipped: 112755...
Processed 142000 records, Migrated: 28425, Skipped: 113575...
Processed 143000 records, Migrated: 28637, Skipped: 114363...
Processed 144000 records, Migrated: 28785, Skipped: 115215...
Processed 145000 records, Migrated: 28977, Skipped: 116023...
Processed 146000 records, Migrated: 29157, Skipped: 116843...
Processed 147000 records, Migrated: 29325, Skipped: 117675...
Processed 148000 records, Migrated: 29493, Skipped: 118507...
Processed 149000 records, Migrated: 29671, Skipped: 119329...
Processed 150000 records, Migrated: 29875, Skipped: 120125...
Processed 151000 records, Migrated: 30081, Skipped: 120919...
Processed 152000 records, Migrated: 30213, Skipped: 121787...
Processed 153000 records, Migrated: 30405, Skipped: 122595...
Processed 154000 records, Migrated: 30573, Skipped: 123427...
Processed 155000 records, Migrated: 30729, Skipped: 124271...
Processed 156000 records, Migrated: 30928, Skipped: 125072...
Processed 157000 records, Migrated: 31055, Skipped: 125945...
Processed 157810 records, Migrated: 31181, Skipped: 126629...
Completed processing shard. Total: 157810, Migrated: 31181, Skipped: 126629
Processing shard #1...
Fetching settings that need to be migrated...
Processed 1000 records, Migrated: 177, Skipped: 823...
Processed 2000 records, Migrated: 423, Skipped: 1577...
Processed 3000 records, Migrated: 669, Skipped: 2331...
Processed 4000 records, Migrated: 897, Skipped: 3103...
Processed 5000 records, Migrated: 1113, Skipped: 3887...
Processed 6000 records, Migrated: 1341, Skipped: 4659...
Processed 7000 records, Migrated: 1593, Skipped: 5407...
Processed 8000 records, Migrated: 1845, Skipped: 6155...
Processed 9000 records, Migrated: 2037, Skipped: 6963...
Processed 10000 records, Migrated: 2277, Skipped: 7723...
Processed 11000 records, Migrated: 2472, Skipped: 8528...
Processed 12000 records, Migrated: 2745, Skipped: 9255...
Processed 13000 records, Migrated: 2948, Skipped: 10052...
Processed 14000 records, Migrated: 3163, Skipped: 10837...
Processed 15000 records, Migrated: 3381, Skipped: 11619...
Processed 16000 records, Migrated: 3605, Skipped: 12395...
Processed 17000 records, Migrated: 3825, Skipped: 13175...
Processed 18000 records, Migrated: 4041, Skipped: 13959...
Processed 19000 records, Migrated: 4266, Skipped: 14734...
Processed 20000 records, Migrated: 4509, Skipped: 15491...
Processed 21000 records, Migrated: 4725, Skipped: 16275...
Processed 22000 records, Migrated: 4953, Skipped: 17047...
Processed 23000 records, Migrated: 5144, Skipped: 17856...
Processed 24000 records, Migrated: 5397, Skipped: 18603...
Processed 25000 records, Migrated: 5613, Skipped: 19387...
Processed 26000 records, Migrated: 5865, Skipped: 20135...
Processed 27000 records, Migrated: 6117, Skipped: 20883...
Processed 28000 records, Migrated: 6297, Skipped: 21703...
Processed 29000 records, Migrated: 6513, Skipped: 22487...
Processed 30000 records, Migrated: 6729, Skipped: 23271...
Processed 31000 records, Migrated: 6933, Skipped: 24067...
Processed 32000 records, Migrated: 7173, Skipped: 24827...
Processed 33000 records, Migrated: 7353, Skipped: 25647...
Processed 34000 records, Migrated: 7605, Skipped: 26395...
Processed 35000 records, Migrated: 7835, Skipped: 27165...
Processed 36000 records, Migrated: 8061, Skipped: 27939...
Processed 37000 records, Migrated: 8301, Skipped: 28699...
Processed 38000 records, Migrated: 8545, Skipped: 29455...
Processed 39000 records, Migrated: 8805, Skipped: 30195...
Processed 40000 records, Migrated: 9069, Skipped: 30931...
Processed 41000 records, Migrated: 9345, Skipped: 31655...
Processed 42000 records, Migrated: 9585, Skipped: 32415...
Processed 43000 records, Migrated: 9810, Skipped: 33190...
Processed 44000 records, Migrated: 10031, Skipped: 33969...
Processed 45000 records, Migrated: 10265, Skipped: 34735...
Processed 46000 records, Migrated: 10437, Skipped: 35563...
Processed 47000 records, Migrated: 10665, Skipped: 36335...
Processed 48000 records, Migrated: 10881, Skipped: 37119...
Processed 49000 records, Migrated: 11133, Skipped: 37867...
Processed 50000 records, Migrated: 11391, Skipped: 38609...
Processed 51000 records, Migrated: 11601, Skipped: 39399...
Processed 52000 records, Migrated: 11805, Skipped: 40195...
Processed 53000 records, Migrated: 12021, Skipped: 40979...
Processed 54000 records, Migrated: 12225, Skipped: 41775...
Processed 55000 records, Migrated: 12429, Skipped: 42571...
Processed 56000 records, Migrated: 12657, Skipped: 43343...
Processed 57000 records, Migrated: 12843, Skipped: 44157...
Processed 58000 records, Migrated: 13065, Skipped: 44935...
Processed 59000 records, Migrated: 13281, Skipped: 45719...
Processed 60000 records, Migrated: 13473, Skipped: 46527...
Processed 61000 records, Migrated: 13689, Skipped: 47311...
Processed 62000 records, Migrated: 13929, Skipped: 48071...
Processed 63000 records, Migrated: 14181, Skipped: 48819...
Processed 64000 records, Migrated: 14433, Skipped: 49567...
Processed 65000 records, Migrated: 14670, Skipped: 50330...
Processed 66000 records, Migrated: 14901, Skipped: 51099...
Processed 67000 records, Migrated: 15117, Skipped: 51883...
Processed 68000 records, Migrated: 15345, Skipped: 52655...
Processed 69000 records, Migrated: 15575, Skipped: 53425...
Processed 70000 records, Migrated: 15801, Skipped: 54199...
Processed 71000 records, Migrated: 16041, Skipped: 54959...
Processed 72000 records, Migrated: 16245, Skipped: 55755...
Processed 73000 records, Migrated: 16449, Skipped: 56551...
Processed 74000 records, Migrated: 16653, Skipped: 57347...
Processed 75000 records, Migrated: 16845, Skipped: 58155...
Processed 76000 records, Migrated: 17061, Skipped: 58939...
Processed 77000 records, Migrated: 17271, Skipped: 59729...
Processed 78000 records, Migrated: 17469, Skipped: 60531...
Processed 79000 records, Migrated: 17684, Skipped: 61316...
Processed 80000 records, Migrated: 17865, Skipped: 62135...
Processed 81000 records, Migrated: 18101, Skipped: 62899...
Processed 82000 records, Migrated: 18333, Skipped: 63667...
Processed 83000 records, Migrated: 18558, Skipped: 64442...
Processed 84000 records, Migrated: 18738, Skipped: 65262...
Processed 85000 records, Migrated: 18954, Skipped: 66046...
Processed 86000 records, Migrated: 19182, Skipped: 66818...
Processed 87000 records, Migrated: 19422, Skipped: 67578...
Processed 88000 records, Migrated: 19614, Skipped: 68386...
Processed 89000 records, Migrated: 19830, Skipped: 69170...
Processed 90000 records, Migrated: 20046, Skipped: 69954...
Processed 91000 records, Migrated: 20238, Skipped: 70762...
Processed 92000 records, Migrated: 20443, Skipped: 71557...
Processed 93000 records, Migrated: 20550, Skipped: 72450...
Processed 94000 records, Migrated: 20550, Skipped: 73450...
Processed 95000 records, Migrated: 20610, Skipped: 74390...
Processed 96000 records, Migrated: 20826, Skipped: 75174...
Processed 97000 records, Migrated: 21018, Skipped: 75982...
Processed 98000 records, Migrated: 21246, Skipped: 76754...
Processed 99000 records, Migrated: 21406, Skipped: 77594...
Processed 100000 records, Migrated: 21426, Skipped: 78574...
Processed 101000 records, Migrated: 21426, Skipped: 79574...
Processed 102000 records, Migrated: 21450, Skipped: 80550...
Processed 103000 records, Migrated: 21618, Skipped: 81382...
Processed 104000 records, Migrated: 21750, Skipped: 82250...
Processed 105000 records, Migrated: 21942, Skipped: 83058...
Processed 106000 records, Migrated: 22114, Skipped: 83886...
Processed 107000 records, Migrated: 22302, Skipped: 84698...
Processed 108000 records, Migrated: 22482, Skipped: 85518...
Processed 109000 records, Migrated: 22674, Skipped: 86326...
Processed 110000 records, Migrated: 22878, Skipped: 87122...
Processed 111000 records, Migrated: 23070, Skipped: 87930...
Processed 112000 records, Migrated: 23214, Skipped: 88786...
Processed 113000 records, Migrated: 23428, Skipped: 89572...
Processed 114000 records, Migrated: 23586, Skipped: 90414...
Processed 115000 records, Migrated: 23754, Skipped: 91246...
Processed 116000 records, Migrated: 23934, Skipped: 92066...
Processed 117000 records, Migrated: 24052, Skipped: 92948...
Processed 118000 records, Migrated: 24186, Skipped: 93814...
Processed 119000 records, Migrated: 24398, Skipped: 94602...
Processed 120000 records, Migrated: 24582, Skipped: 95418...
Processed 121000 records, Migrated: 24759, Skipped: 96241...
Processed 122000 records, Migrated: 24954, Skipped: 97046...
Processed 123000 records, Migrated: 25110, Skipped: 97890...
Processed 124000 records, Migrated: 25314, Skipped: 98686...
Processed 125000 records, Migrated: 25482, Skipped: 99518...
Processed 126000 records, Migrated: 25686, Skipped: 100314...
Processed 127000 records, Migrated: 25890, Skipped: 101110...
Processed 128000 records, Migrated: 26082, Skipped: 101918...
Processed 129000 records, Migrated: 26238, Skipped: 102762...
Processed 130000 records, Migrated: 26430, Skipped: 103570...
Processed 131000 records, Migrated: 26610, Skipped: 104390...
Processed 132000 records, Migrated: 26770, Skipped: 105230...
Processed 133000 records, Migrated: 26935, Skipped: 106065...
Processed 134000 records, Migrated: 27087, Skipped: 106913...
Processed 135000 records, Migrated: 27255, Skipped: 107745...
Processed 136000 records, Migrated: 27435, Skipped: 108565...
Processed 137000 records, Migrated: 27639, Skipped: 109361...
Processed 138000 records, Migrated: 27819, Skipped: 110181...
Processed 139000 records, Migrated: 28023, Skipped: 110977...
Processed 140000 records, Migrated: 28215, Skipped: 111785...
Processed 141000 records, Migrated: 28419, Skipped: 112581...
Processed 142000 records, Migrated: 28599, Skipped: 113401...
Processed 143000 records, Migrated: 28755, Skipped: 114245...
Processed 144000 records, Migrated: 28923, Skipped: 115077...
Processed 145000 records, Migrated: 29079, Skipped: 115921...
Processed 146000 records, Migrated: 29283, Skipped: 116717...
Processed 147000 records, Migrated: 29475, Skipped: 117525...
Processed 148000 records, Migrated: 29607, Skipped: 118393...
Processed 149000 records, Migrated: 29746, Skipped: 119254...
Processed 150000 records, Migrated: 29895, Skipped: 120105...
Processed 151000 records, Migrated: 30099, Skipped: 120901...
Processed 152000 records, Migrated: 30279, Skipped: 121721...
Processed 153000 records, Migrated: 30435, Skipped: 122565...
Processed 154000 records, Migrated: 30639, Skipped: 123361...
Processed 155000 records, Migrated: 30816, Skipped: 124184...
Processed 156000 records, Migrated: 30996, Skipped: 125004...
Processed 156805 records, Migrated: 31163, Skipped: 125642...
Completed processing shard. Total: 156805, Migrated: 31163, Skipped: 125642
Processing shard #2...
Fetching settings that need to be migrated...
Processed 1000 records, Migrated: 204, Skipped: 796...
Processed 2000 records, Migrated: 420, Skipped: 1580...
Processed 3000 records, Migrated: 600, Skipped: 2400...
Processed 4000 records, Migrated: 864, Skipped: 3136...
Processed 5000 records, Migrated: 1116, Skipped: 3884...
Processed 6000 records, Migrated: 1368, Skipped: 4632...
Processed 7000 records, Migrated: 1596, Skipped: 5404...
Processed 8000 records, Migrated: 1812, Skipped: 6188...
Processed 9000 records, Migrated: 2047, Skipped: 6953...
Processed 10000 records, Migrated: 2280, Skipped: 7720...
Processed 11000 records, Migrated: 2520, Skipped: 8480...
Processed 12000 records, Migrated: 2772, Skipped: 9228...
Processed 13000 records, Migrated: 3000, Skipped: 10000...
Processed 14000 records, Migrated: 3252, Skipped: 10748...
Processed 15000 records, Migrated: 3432, Skipped: 11568...
Processed 16000 records, Migrated: 3648, Skipped: 12352...
Processed 17000 records, Migrated: 3876, Skipped: 13124...
Processed 18000 records, Migrated: 4044, Skipped: 13956...
Processed 19000 records, Migrated: 4272, Skipped: 14728...
Processed 20000 records, Migrated: 4512, Skipped: 15488...
Processed 21000 records, Migrated: 4741, Skipped: 16259...
Processed 22000 records, Migrated: 5004, Skipped: 16996...
Processed 23000 records, Migrated: 5218, Skipped: 17782...
Processed 24000 records, Migrated: 5436, Skipped: 18564...
Processed 25000 records, Migrated: 5653, Skipped: 19347...
Processed 26000 records, Migrated: 5856, Skipped: 20144...
Processed 27000 records, Migrated: 6060, Skipped: 20940...
Processed 28000 records, Migrated: 6276, Skipped: 21724...
Processed 29000 records, Migrated: 6480, Skipped: 22520...
Processed 30000 records, Migrated: 6697, Skipped: 23303...
Processed 31000 records, Migrated: 6936, Skipped: 24064...
Processed 32000 records, Migrated: 7128, Skipped: 24872...
Processed 33000 records, Migrated: 7392, Skipped: 25608...
Processed 34000 records, Migrated: 7596, Skipped: 26404...
Processed 35000 records, Migrated: 7840, Skipped: 27160...
Processed 36000 records, Migrated: 8100, Skipped: 27900...
Processed 37000 records, Migrated: 8376, Skipped: 28624...
Processed 38000 records, Migrated: 8604, Skipped: 29396...
Processed 39000 records, Migrated: 8832, Skipped: 30168...
Processed 40000 records, Migrated: 9108, Skipped: 30892...
Processed 41000 records, Migrated: 9336, Skipped: 31664...
Processed 42000 records, Migrated: 9594, Skipped: 32406...
Processed 43000 records, Migrated: 9828, Skipped: 33172...
Processed 44000 records, Migrated: 10080, Skipped: 33920...
Processed 45000 records, Migrated: 10284, Skipped: 34716...
Processed 46000 records, Migrated: 10524, Skipped: 35476...
Processed 47000 records, Migrated: 10762, Skipped: 36238...
Processed 48000 records, Migrated: 10992, Skipped: 37008...
Processed 49000 records, Migrated: 11196, Skipped: 37804...
Processed 50000 records, Migrated: 11484, Skipped: 38516...
Processed 51000 records, Migrated: 11712, Skipped: 39288...
Processed 52000 records, Migrated: 11909, Skipped: 40091...
Processed 53000 records, Migrated: 12108, Skipped: 40892...
Processed 54000 records, Migrated: 12348, Skipped: 41652...
Processed 55000 records, Migrated: 12600, Skipped: 42400...
Processed 56000 records, Migrated: 12852, Skipped: 43148...
Processed 57000 records, Migrated: 13104, Skipped: 43896...
Processed 58000 records, Migrated: 13344, Skipped: 44656...
Processed 59000 records, Migrated: 13560, Skipped: 45440...
Processed 60000 records, Migrated: 13751, Skipped: 46249...
Processed 61000 records, Migrated: 13944, Skipped: 47056...
Processed 62000 records, Migrated: 14160, Skipped: 47840...
Processed 63000 records, Migrated: 14388, Skipped: 48612...
Processed 64000 records, Migrated: 14592, Skipped: 49408...
Processed 65000 records, Migrated: 14832, Skipped: 50168...
Processed 66000 records, Migrated: 15060, Skipped: 50940...
Processed 67000 records, Migrated: 15264, Skipped: 51736...
Processed 68000 records, Migrated: 15480, Skipped: 52520...
Processed 69000 records, Migrated: 15708, Skipped: 53292...
Processed 70000 records, Migrated: 15938, Skipped: 54062...
Processed 71000 records, Migrated: 16176, Skipped: 54824...
Processed 72000 records, Migrated: 16392, Skipped: 55608...
Processed 73000 records, Migrated: 16632, Skipped: 56368...
Processed 74000 records, Migrated: 16824, Skipped: 57176...
Processed 75000 records, Migrated: 17040, Skipped: 57960...
Processed 76000 records, Migrated: 17268, Skipped: 58732...
Processed 77000 records, Migrated: 17484, Skipped: 59516...
Processed 78000 records, Migrated: 17724, Skipped: 60276...
Processed 79000 records, Migrated: 17940, Skipped: 61060...
Processed 80000 records, Migrated: 18120, Skipped: 61880...
Processed 81000 records, Migrated: 18336, Skipped: 62664...
Processed 82000 records, Migrated: 18528, Skipped: 63472...
Processed 83000 records, Migrated: 18756, Skipped: 64244...
Processed 84000 records, Migrated: 18960, Skipped: 65040...
Processed 85000 records, Migrated: 19188, Skipped: 65812...
Processed 86000 records, Migrated: 19392, Skipped: 66608...
Processed 87000 records, Migrated: 19620, Skipped: 67380...
Processed 88000 records, Migrated: 19848, Skipped: 68152...
Processed 89000 records, Migrated: 20076, Skipped: 68924...
Processed 90000 records, Migrated: 20280, Skipped: 69720...
Processed 91000 records, Migrated: 20529, Skipped: 70471...
Processed 92000 records, Migrated: 20748, Skipped: 71252...
Processed 93000 records, Migrated: 20832, Skipped: 72168...
Processed 94000 records, Migrated: 20832, Skipped: 73168...
Processed 95000 records, Migrated: 20892, Skipped: 74108...
Processed 96000 records, Migrated: 21084, Skipped: 74916...
Processed 97000 records, Migrated: 21317, Skipped: 75683...
Processed 98000 records, Migrated: 21552, Skipped: 76448...
Processed 99000 records, Migrated: 21744, Skipped: 77256...
Processed 100000 records, Migrated: 21744, Skipped: 78256...
Processed 101000 records, Migrated: 21744, Skipped: 79256...
Processed 102000 records, Migrated: 21840, Skipped: 80160...
Processed 103000 records, Migrated: 21996, Skipped: 81004...
Processed 104000 records, Migrated: 22176, Skipped: 81824...
Processed 105000 records, Migrated: 22368, Skipped: 82632...
Processed 106000 records, Migrated: 22572, Skipped: 83428...
Processed 107000 records, Migrated: 22704, Skipped: 84296...
Processed 108000 records, Migrated: 22860, Skipped: 85140...
Processed 109000 records, Migrated: 23016, Skipped: 85984...
Processed 110000 records, Migrated: 23184, Skipped: 86816...
Processed 111000 records, Migrated: 23364, Skipped: 87636...
Processed 112000 records, Migrated: 23508, Skipped: 88492...
Processed 113000 records, Migrated: 23700, Skipped: 89300...
Processed 114000 records, Migrated: 23820, Skipped: 90180...
Processed 115000 records, Migrated: 23962, Skipped: 91038...
Processed 116000 records, Migrated: 24120, Skipped: 91880...
Processed 117000 records, Migrated: 24264, Skipped: 92736...
Processed 118000 records, Migrated: 24456, Skipped: 93544...
Processed 119000 records, Migrated: 24660, Skipped: 94340...
Processed 120000 records, Migrated: 24816, Skipped: 95184...
Processed 121000 records, Migrated: 25020, Skipped: 95980...
Processed 122000 records, Migrated: 25188, Skipped: 96812...
Processed 123000 records, Migrated: 25404, Skipped: 97596...
Processed 124000 records, Migrated: 25584, Skipped: 98416...
Processed 125000 records, Migrated: 25788, Skipped: 99212...
Processed 126000 records, Migrated: 25963, Skipped: 100037...
Processed 127000 records, Migrated: 26100, Skipped: 100900...
Processed 128000 records, Migrated: 26256, Skipped: 101744...
Processed 129000 records, Migrated: 26406, Skipped: 102594...
Processed 130000 records, Migrated: 26628, Skipped: 103372...
Processed 131000 records, Migrated: 26820, Skipped: 104180...
Processed 132000 records, Migrated: 26988, Skipped: 105012...
Processed 133000 records, Migrated: 27156, Skipped: 105844...
Processed 134000 records, Migrated: 27348, Skipped: 106652...
Processed 135000 records, Migrated: 27468, Skipped: 107532...
Processed 136000 records, Migrated: 27636, Skipped: 108364...
Processed 137000 records, Migrated: 27780, Skipped: 109220...
Processed 138000 records, Migrated: 27924, Skipped: 110076...
Processed 139000 records, Migrated: 28116, Skipped: 110884...
Processed 140000 records, Migrated: 28320, Skipped: 111680...
Processed 141000 records, Migrated: 28476, Skipped: 112524...
Processed 142000 records, Migrated: 28656, Skipped: 113344...
Processed 143000 records, Migrated: 28824, Skipped: 114176...
Processed 144000 records, Migrated: 28992, Skipped: 115008...
Processed 145000 records, Migrated: 29160, Skipped: 115840...
Processed 146000 records, Migrated: 29304, Skipped: 116696...
Processed 147000 records, Migrated: 29448, Skipped: 117552...
Processed 148000 records, Migrated: 29640, Skipped: 118360...
Processed 149000 records, Migrated: 29820, Skipped: 119180...
Processed 150000 records, Migrated: 30012, Skipped: 119988...
Processed 151000 records, Migrated: 30180, Skipped: 120820...
Processed 152000 records, Migrated: 30384, Skipped: 121616...
Processed 153000 records, Migrated: 30528, Skipped: 122472...
Processed 154000 records, Migrated: 30732, Skipped: 123268...
Processed 155000 records, Migrated: 30884, Skipped: 124116...
Processed 156000 records, Migrated: 31068, Skipped: 124932...
Processed 156688 records, Migrated: 31246, Skipped: 125442...
Completed processing shard. Total: 156688, Migrated: 31246, Skipped: 125442
Processing shard #3...
Fetching settings that need to be migrated...
Processed 1000 records, Migrated: 177, Skipped: 823...
Processed 2000 records, Migrated: 393, Skipped: 1607...
Processed 3000 records, Migrated: 622, Skipped: 2378...
Processed 4000 records, Migrated: 861, Skipped: 3139...
Processed 5000 records, Migrated: 1101, Skipped: 3899...
Processed 6000 records, Migrated: 1330, Skipped: 4670...
Processed 7000 records, Migrated: 1569, Skipped: 5431...
Processed 8000 records, Migrated: 1789, Skipped: 6211...
Processed 9000 records, Migrated: 1990, Skipped: 7010...
Processed 10000 records, Migrated: 2253, Skipped: 7747...
Processed 11000 records, Migrated: 2481, Skipped: 8519...
Processed 12000 records, Migrated: 2733, Skipped: 9267...
Processed 13000 records, Migrated: 2961, Skipped: 10039...
Processed 14000 records, Migrated: 3213, Skipped: 10787...
Processed 15000 records, Migrated: 3417, Skipped: 11583...
Processed 16000 records, Migrated: 3645, Skipped: 12355...
Processed 17000 records, Migrated: 3885, Skipped: 13115...
Processed 18000 records, Migrated: 4089, Skipped: 13911...
Processed 19000 records, Migrated: 4305, Skipped: 14695...
Processed 20000 records, Migrated: 4545, Skipped: 15455...
Processed 21000 records, Migrated: 4773, Skipped: 16227...
Processed 22000 records, Migrated: 5022, Skipped: 16978...
Processed 23000 records, Migrated: 5241, Skipped: 17759...
Processed 24000 records, Migrated: 5445, Skipped: 18555...
Processed 25000 records, Migrated: 5673, Skipped: 19327...
Processed 26000 records, Migrated: 5841, Skipped: 20159...
Processed 27000 records, Migrated: 6057, Skipped: 20943...
Processed 28000 records, Migrated: 6309, Skipped: 21691...
Processed 29000 records, Migrated: 6537, Skipped: 22463...
Processed 30000 records, Migrated: 6772, Skipped: 23228...
Processed 31000 records, Migrated: 6993, Skipped: 24007...
Processed 32000 records, Migrated: 7200, Skipped: 24800...
Processed 33000 records, Migrated: 7407, Skipped: 25593...
Processed 34000 records, Migrated: 7629, Skipped: 26371...
Processed 35000 records, Migrated: 7857, Skipped: 27143...
Processed 36000 records, Migrated: 8108, Skipped: 27892...
Processed 37000 records, Migrated: 8361, Skipped: 28639...
Processed 38000 records, Migrated: 8625, Skipped: 29375...
Processed 39000 records, Migrated: 8889, Skipped: 30111...
Processed 40000 records, Migrated: 9177, Skipped: 30823...
Processed 41000 records, Migrated: 9441, Skipped: 31559...
Processed 42000 records, Migrated: 9669, Skipped: 32331...
Processed 43000 records, Migrated: 9909, Skipped: 33091...
Processed 44000 records, Migrated: 10101, Skipped: 33899...
Processed 45000 records, Migrated: 10341, Skipped: 34659...
Processed 46000 records, Migrated: 10569, Skipped: 35431...
Processed 47000 records, Migrated: 10800, Skipped: 36200...
Processed 48000 records, Migrated: 11037, Skipped: 36963...
Processed 49000 records, Migrated: 11277, Skipped: 37723...
Processed 50000 records, Migrated: 11481, Skipped: 38519...
Processed 51000 records, Migrated: 11709, Skipped: 39291...
Processed 52000 records, Migrated: 11937, Skipped: 40063...
Processed 53000 records, Migrated: 12177, Skipped: 40823...
Processed 54000 records, Migrated: 12405, Skipped: 41595...
Processed 55000 records, Migrated: 12609, Skipped: 42391...
Processed 56000 records, Migrated: 12849, Skipped: 43151...
Processed 57000 records, Migrated: 13041, Skipped: 43959...
Processed 58000 records, Migrated: 13245, Skipped: 44755...
Processed 59000 records, Migrated: 13468, Skipped: 45532...
Processed 60000 records, Migrated: 13725, Skipped: 46275...
Processed 61000 records, Migrated: 13929, Skipped: 47071...
Processed 62000 records, Migrated: 14151, Skipped: 47849...
Processed 63000 records, Migrated: 14361, Skipped: 48639...
Processed 64000 records, Migrated: 14589, Skipped: 49411...
Processed 65000 records, Migrated: 14795, Skipped: 50205...
Processed 66000 records, Migrated: 15035, Skipped: 50965...
Processed 67000 records, Migrated: 15225, Skipped: 51775...
Processed 68000 records, Migrated: 15441, Skipped: 52559...
Processed 69000 records, Migrated: 15620, Skipped: 53380...
Processed 70000 records, Migrated: 15815, Skipped: 54185...
Processed 71000 records, Migrated: 16005, Skipped: 54995...
Processed 72000 records, Migrated: 16235, Skipped: 55765...
Processed 73000 records, Migrated: 16449, Skipped: 56551...
Processed 74000 records, Migrated: 16665, Skipped: 57335...
Processed 75000 records, Migrated: 16881, Skipped: 58119...
Processed 76000 records, Migrated: 17137, Skipped: 58863...
Processed 77000 records, Migrated: 17349, Skipped: 59651...
Processed 78000 records, Migrated: 17568, Skipped: 60432...
Processed 79000 records, Migrated: 17805, Skipped: 61195...
Processed 80000 records, Migrated: 18034, Skipped: 61966...
Processed 81000 records, Migrated: 18261, Skipped: 62739...
Processed 82000 records, Migrated: 18451, Skipped: 63549...
Processed 83000 records, Migrated: 18660, Skipped: 64340...
Processed 84000 records, Migrated: 18873, Skipped: 65127...
Processed 85000 records, Migrated: 19077, Skipped: 65923...
Processed 86000 records, Migrated: 19269, Skipped: 66731...
Processed 87000 records, Migrated: 19473, Skipped: 67527...
Processed 88000 records, Migrated: 19653, Skipped: 68347...
Processed 89000 records, Migrated: 19833, Skipped: 69167...
Processed 90000 records, Migrated: 20037, Skipped: 69963...
Processed 91000 records, Migrated: 20229, Skipped: 70771...
Processed 92000 records, Migrated: 20424, Skipped: 71576...
Processed 93000 records, Migrated: 20481, Skipped: 72519...
Processed 94000 records, Migrated: 20481, Skipped: 73519...
Processed 95000 records, Migrated: 20577, Skipped: 74423...
Processed 96000 records, Migrated: 20769, Skipped: 75231...
Processed 97000 records, Migrated: 20901, Skipped: 76099...
Processed 98000 records, Migrated: 21105, Skipped: 76895...
Processed 99000 records, Migrated: 21225, Skipped: 77775...
Processed 100000 records, Migrated: 21225, Skipped: 78775...
Processed 101000 records, Migrated: 21225, Skipped: 79775...
Processed 102000 records, Migrated: 21297, Skipped: 80703...
Processed 103000 records, Migrated: 21491, Skipped: 81509...
Processed 104000 records, Migrated: 21705, Skipped: 82295...
Processed 105000 records, Migrated: 21909, Skipped: 83091...
Processed 106000 records, Migrated: 22101, Skipped: 83899...
Processed 107000 records, Migrated: 22281, Skipped: 84719...
Processed 108000 records, Migrated: 22497, Skipped: 85503...
Processed 109000 records, Migrated: 22653, Skipped: 86347...
Processed 110000 records, Migrated: 22857, Skipped: 87143...
Processed 111000 records, Migrated: 23049, Skipped: 87951...
Processed 112000 records, Migrated: 23265, Skipped: 88735...
Processed 113000 records, Migrated: 23421, Skipped: 89579...
Processed 114000 records, Migrated: 23577, Skipped: 90423...
Processed 115000 records, Migrated: 23745, Skipped: 91255...
Processed 116000 records, Migrated: 23877, Skipped: 92123...
Processed 117000 records, Migrated: 24055, Skipped: 92945...
Processed 118000 records, Migrated: 24201, Skipped: 93799...
Processed 119000 records, Migrated: 24405, Skipped: 94595...
Processed 120000 records, Migrated: 24609, Skipped: 95391...
Processed 121000 records, Migrated: 24825, Skipped: 96175...
Processed 122000 records, Migrated: 25006, Skipped: 96994...
Processed 123000 records, Migrated: 25209, Skipped: 97791...
Processed 124000 records, Migrated: 25413, Skipped: 98587...
Processed 125000 records, Migrated: 25617, Skipped: 99383...
Processed 126000 records, Migrated: 25797, Skipped: 100203...
Processed 127000 records, Migrated: 25965, Skipped: 101035...
Processed 128000 records, Migrated: 26169, Skipped: 101831...
Processed 129000 records, Migrated: 26349, Skipped: 102651...
Processed 130000 records, Migrated: 26541, Skipped: 103459...
Processed 131000 records, Migrated: 26704, Skipped: 104296...
Processed 132000 records, Migrated: 26889, Skipped: 105111...
Processed 133000 records, Migrated: 27009, Skipped: 105991...
Processed 134000 records, Migrated: 27189, Skipped: 106811...
Processed 135000 records, Migrated: 27357, Skipped: 107643...
Processed 136000 records, Migrated: 27501, Skipped: 108499...
Processed 137000 records, Migrated: 27705, Skipped: 109295...
Processed 138000 records, Migrated: 27885, Skipped: 110115...
Processed 139000 records, Migrated: 28053, Skipped: 110947...
Processed 140000 records, Migrated: 28209, Skipped: 111791...
Processed 141000 records, Migrated: 28353, Skipped: 112647...
Processed 142000 records, Migrated: 28521, Skipped: 113479...
Processed 143000 records, Migrated: 28701, Skipped: 114299...
Processed 144000 records, Migrated: 28857, Skipped: 115143...
Processed 145000 records, Migrated: 29025, Skipped: 115975...
Processed 146000 records, Migrated: 29192, Skipped: 116808...
Processed 147000 records, Migrated: 29339, Skipped: 117661...
Processed 148000 records, Migrated: 29541, Skipped: 118459...
Processed 149000 records, Migrated: 29685, Skipped: 119315...
Processed 150000 records, Migrated: 29888, Skipped: 120112...
Processed 151000 records, Migrated: 30069, Skipped: 120931...
Processed 152000 records, Migrated: 30201, Skipped: 121799...
Processed 153000 records, Migrated: 30357, Skipped: 122643...
Processed 154000 records, Migrated: 30573, Skipped: 123427...
Processed 155000 records, Migrated: 30717, Skipped: 124283...
Processed 156000 records, Migrated: 30873, Skipped: 125127...
Processed 156404 records, Migrated: 30945, Skipped: 125459...
Completed processing shard. Total: 156404, Migrated: 30945, Skipped: 125459
Processing shard #4...
Fetching settings that need to be migrated...
Processed 1000 records, Migrated: 129, Skipped: 871...
Processed 2000 records, Migrated: 371, Skipped: 1629...
Processed 3000 records, Migrated: 621, Skipped: 2379...
Processed 4000 records, Migrated: 837, Skipped: 3163...
Processed 5000 records, Migrated: 1005, Skipped: 3995...
Processed 6000 records, Migrated: 1257, Skipped: 4743...
Processed 7000 records, Migrated: 1509, Skipped: 5491...
Processed 8000 records, Migrated: 1761, Skipped: 6239...
Processed 9000 records, Migrated: 2013, Skipped: 6987...
Processed 10000 records, Migrated: 2253, Skipped: 7747...
Processed 11000 records, Migrated: 2469, Skipped: 8531...
Processed 12000 records, Migrated: 2706, Skipped: 9294...
Processed 13000 records, Migrated: 2961, Skipped: 10039...
Processed 14000 records, Migrated: 3189, Skipped: 10811...
Processed 15000 records, Migrated: 3369, Skipped: 11631...
Processed 16000 records, Migrated: 3597, Skipped: 12403...
Processed 17000 records, Migrated: 3825, Skipped: 13175...
Processed 18000 records, Migrated: 4024, Skipped: 13976...
Processed 19000 records, Migrated: 4257, Skipped: 14743...
Processed 20000 records, Migrated: 4497, Skipped: 15503...
Processed 21000 records, Migrated: 4725, Skipped: 16275...
Processed 22000 records, Migrated: 4977, Skipped: 17023...
Processed 23000 records, Migrated: 5217, Skipped: 17783...
Processed 24000 records, Migrated: 5415, Skipped: 18585...
Processed 25000 records, Migrated: 5613, Skipped: 19387...
Processed 26000 records, Migrated: 5793, Skipped: 20207...
Processed 27000 records, Migrated: 6026, Skipped: 20974...
Processed 28000 records, Migrated: 6233, Skipped: 21767...
Processed 29000 records, Migrated: 6465, Skipped: 22535...
Processed 30000 records, Migrated: 6693, Skipped: 23307...
Processed 31000 records, Migrated: 6897, Skipped: 24103...
Processed 32000 records, Migrated: 7105, Skipped: 24895...
Processed 33000 records, Migrated: 7305, Skipped: 25695...
Processed 34000 records, Migrated: 7533, Skipped: 26467...
Processed 35000 records, Migrated: 7761, Skipped: 27239...
Processed 36000 records, Migrated: 7977, Skipped: 28023...
Processed 37000 records, Migrated: 8253, Skipped: 28747...
Processed 38000 records, Migrated: 8529, Skipped: 29471...
Processed 39000 records, Migrated: 8781, Skipped: 30219...
Processed 40000 records, Migrated: 9045, Skipped: 30955...
Processed 41000 records, Migrated: 9301, Skipped: 31699...
Processed 42000 records, Migrated: 9561, Skipped: 32439...
Processed 43000 records, Migrated: 9765, Skipped: 33235...
Processed 44000 records, Migrated: 9965, Skipped: 34035...
Processed 45000 records, Migrated: 10185, Skipped: 34815...
Processed 46000 records, Migrated: 10389, Skipped: 35611...
Processed 47000 records, Migrated: 10641, Skipped: 36359...
Processed 48000 records, Migrated: 10881, Skipped: 37119...
Processed 49000 records, Migrated: 11100, Skipped: 37900...
Processed 50000 records, Migrated: 11349, Skipped: 38651...
Processed 51000 records, Migrated: 11577, Skipped: 39423...
Processed 52000 records, Migrated: 11805, Skipped: 40195...
Processed 53000 records, Migrated: 12045, Skipped: 40955...
Processed 54000 records, Migrated: 12305, Skipped: 41695...
Processed 55000 records, Migrated: 12521, Skipped: 42479...
Processed 56000 records, Migrated: 12753, Skipped: 43247...
Processed 57000 records, Migrated: 12957, Skipped: 44043...
Processed 58000 records, Migrated: 13161, Skipped: 44839...
Processed 59000 records, Migrated: 13377, Skipped: 45623...
Processed 60000 records, Migrated: 13629, Skipped: 46371...
Processed 61000 records, Migrated: 13821, Skipped: 47179...
Processed 62000 records, Migrated: 14073, Skipped: 47927...
Processed 63000 records, Migrated: 14275, Skipped: 48725...
Processed 64000 records, Migrated: 14493, Skipped: 49507...
Processed 65000 records, Migrated: 14729, Skipped: 50271...
Processed 66000 records, Migrated: 14937, Skipped: 51063...
Processed 67000 records, Migrated: 15189, Skipped: 51811...
Processed 68000 records, Migrated: 15420, Skipped: 52580...
Processed 69000 records, Migrated: 15645, Skipped: 53355...
Processed 70000 records, Migrated: 15873, Skipped: 54127...
Processed 71000 records, Migrated: 16101, Skipped: 54899...
Processed 72000 records, Migrated: 16329, Skipped: 55671...
Processed 73000 records, Migrated: 16521, Skipped: 56479...
Processed 74000 records, Migrated: 16713, Skipped: 57287...
Processed 75000 records, Migrated: 16941, Skipped: 58059...
Processed 76000 records, Migrated: 17176, Skipped: 58824...
Processed 77000 records, Migrated: 17385, Skipped: 59615...
Processed 78000 records, Migrated: 17634, Skipped: 60366...
Processed 79000 records, Migrated: 17880, Skipped: 61120...
Processed 80000 records, Migrated: 18093, Skipped: 61907...
Processed 81000 records, Migrated: 18298, Skipped: 62702...
Processed 82000 records, Migrated: 18489, Skipped: 63511...
Processed 83000 records, Migrated: 18717, Skipped: 64283...
Processed 84000 records, Migrated: 18967, Skipped: 65033...
Processed 85000 records, Migrated: 19221, Skipped: 65779...
Processed 86000 records, Migrated: 19482, Skipped: 66518...
Processed 87000 records, Migrated: 19701, Skipped: 67299...
Processed 88000 records, Migrated: 19917, Skipped: 68083...
Processed 89000 records, Migrated: 20097, Skipped: 68903...
Processed 90000 records, Migrated: 20270, Skipped: 69730...
Processed 91000 records, Migrated: 20457, Skipped: 70543...
Processed 92000 records, Migrated: 20652, Skipped: 71348...
Processed 93000 records, Migrated: 20757, Skipped: 72243...
Processed 94000 records, Migrated: 20757, Skipped: 73243...
Processed 95000 records, Migrated: 20805, Skipped: 74195...
Processed 96000 records, Migrated: 21009, Skipped: 74991...
Processed 97000 records, Migrated: 21177, Skipped: 75823...
Processed 98000 records, Migrated: 21368, Skipped: 76632...
Processed 99000 records, Migrated: 21489, Skipped: 77511...
Processed 100000 records, Migrated: 21489, Skipped: 78511...
Processed 101000 records, Migrated: 21489, Skipped: 79511...
Processed 102000 records, Migrated: 21594, Skipped: 80406...
Processed 103000 records, Migrated: 21801, Skipped: 81199...
Processed 104000 records, Migrated: 21957, Skipped: 82043...
Processed 105000 records, Migrated: 22121, Skipped: 82879...
Processed 106000 records, Migrated: 22293, Skipped: 83707...
Processed 107000 records, Migrated: 22497, Skipped: 84503...
Processed 108000 records, Migrated: 22684, Skipped: 85316...
Processed 109000 records, Migrated: 22797, Skipped: 86203...
Processed 110000 records, Migrated: 23013, Skipped: 86987...
Processed 111000 records, Migrated: 23161, Skipped: 87839...
Processed 112000 records, Migrated: 23301, Skipped: 88699...
Processed 113000 records, Migrated: 23481, Skipped: 89519...
Processed 114000 records, Migrated: 23653, Skipped: 90347...
Processed 115000 records, Migrated: 23793, Skipped: 91207...
Processed 116000 records, Migrated: 23973, Skipped: 92027...
Processed 117000 records, Migrated: 24117, Skipped: 92883...
Processed 118000 records, Migrated: 24285, Skipped: 93715...
Processed 119000 records, Migrated: 24477, Skipped: 94523...
Processed 120000 records, Migrated: 24621, Skipped: 95379...
Processed 121000 records, Migrated: 24789, Skipped: 96211...
Processed 122000 records, Migrated: 24981, Skipped: 97019...
Processed 123000 records, Migrated: 25173, Skipped: 97827...
Processed 124000 records, Migrated: 25377, Skipped: 98623...
Processed 125000 records, Migrated: 25581, Skipped: 99419...
Processed 126000 records, Migrated: 25713, Skipped: 100287...
Processed 127000 records, Migrated: 25905, Skipped: 101095...
Processed 128000 records, Migrated: 26107, Skipped: 101893...
Processed 129000 records, Migrated: 26289, Skipped: 102711...
Processed 130000 records, Migrated: 26427, Skipped: 103573...
Processed 131000 records, Migrated: 26601, Skipped: 104399...
Processed 132000 records, Migrated: 26815, Skipped: 105185...
Processed 133000 records, Migrated: 26949, Skipped: 106051...
Processed 134000 records, Migrated: 27105, Skipped: 106895...
Processed 135000 records, Migrated: 27254, Skipped: 107746...
Processed 136000 records, Migrated: 27465, Skipped: 108535...
Processed 137000 records, Migrated: 27657, Skipped: 109343...
Processed 138000 records, Migrated: 27825, Skipped: 110175...
Processed 139000 records, Migrated: 28005, Skipped: 110995...
Processed 140000 records, Migrated: 28173, Skipped: 111827...
Processed 141000 records, Migrated: 28353, Skipped: 112647...
Processed 142000 records, Migrated: 28569, Skipped: 113431...
Processed 143000 records, Migrated: 28770, Skipped: 114230...
Processed 144000 records, Migrated: 28962, Skipped: 115038...
Processed 145000 records, Migrated: 29178, Skipped: 115822...
Processed 146000 records, Migrated: 29334, Skipped: 116666...
Processed 147000 records, Migrated: 29478, Skipped: 117522...
Processed 148000 records, Migrated: 29646, Skipped: 118354...
Processed 149000 records, Migrated: 29826, Skipped: 119174...
Processed 150000 records, Migrated: 29994, Skipped: 120006...
Processed 151000 records, Migrated: 30210, Skipped: 120790...
Processed 152000 records, Migrated: 30414, Skipped: 121586...
Processed 153000 records, Migrated: 30594, Skipped: 122406...
Processed 154000 records, Migrated: 30738, Skipped: 123262...
Processed 155000 records, Migrated: 30894, Skipped: 124106...
Processed 156000 records, Migrated: 31086, Skipped: 124914...
Processed 156812 records, Migrated: 31240, Skipped: 125572...
Completed processing shard. Total: 156812, Migrated: 31240, Skipped: 125572
Processing shard #5...
Fetching settings that need to be migrated...
Processed 1000 records, Migrated: 168, Skipped: 832...
Processed 2000 records, Migrated: 420, Skipped: 1580...
Processed 3000 records, Migrated: 660, Skipped: 2340...
Processed 4000 records, Migrated: 876, Skipped: 3124...
Processed 5000 records, Migrated: 1092, Skipped: 3908...
Processed 6000 records, Migrated: 1349, Skipped: 4651...
Processed 7000 records, Migrated: 1632, Skipped: 5368...
Processed 8000 records, Migrated: 1896, Skipped: 6104...
Processed 9000 records, Migrated: 2136, Skipped: 6864...
Processed 10000 records, Migrated: 2364, Skipped: 7636...
Processed 11000 records, Migrated: 2612, Skipped: 8388...
Processed 12000 records, Migrated: 2880, Skipped: 9120...
Processed 13000 records, Migrated: 3165, Skipped: 9835...
Processed 14000 records, Migrated: 3360, Skipped: 10640...
Processed 15000 records, Migrated: 3564, Skipped: 11436...
Processed 16000 records, Migrated: 3816, Skipped: 12184...
Processed 17000 records, Migrated: 4032, Skipped: 12968...
Processed 18000 records, Migrated: 4272, Skipped: 13728...
Processed 19000 records, Migrated: 4512, Skipped: 14488...
Processed 20000 records, Migrated: 4741, Skipped: 15259...
Processed 21000 records, Migrated: 4956, Skipped: 16044...
Processed 22000 records, Migrated: 5196, Skipped: 16804...
Processed 23000 records, Migrated: 5448, Skipped: 17552...
Processed 24000 records, Migrated: 5700, Skipped: 18300...
Processed 25000 records, Migrated: 5880, Skipped: 19120...
Processed 26000 records, Migrated: 6120, Skipped: 19880...
Processed 27000 records, Migrated: 6378, Skipped: 20622...
Processed 28000 records, Migrated: 6624, Skipped: 21376...
Processed 29000 records, Migrated: 6852, Skipped: 22148...
Processed 30000 records, Migrated: 7068, Skipped: 22932...
Processed 31000 records, Migrated: 7308, Skipped: 23692...
Processed 32000 records, Migrated: 7536, Skipped: 24464...
Processed 33000 records, Migrated: 7752, Skipped: 25248...
Processed 34000 records, Migrated: 7956, Skipped: 26044...
Processed 35000 records, Migrated: 8160, Skipped: 26840...
Processed 36000 records, Migrated: 8440, Skipped: 27560...
Processed 37000 records, Migrated: 8700, Skipped: 28300...
Processed 38000 records, Migrated: 8952, Skipped: 29048...
Processed 39000 records, Migrated: 9180, Skipped: 29820...
Processed 40000 records, Migrated: 9432, Skipped: 30568...
Processed 41000 records, Migrated: 9660, Skipped: 31340...
Processed 42000 records, Migrated: 9876, Skipped: 32124...
Processed 43000 records, Migrated: 10092, Skipped: 32908...
Processed 44000 records, Migrated: 10308, Skipped: 33692...
Processed 45000 records, Migrated: 10524, Skipped: 34476...
Processed 46000 records, Migrated: 10764, Skipped: 35236...
Processed 47000 records, Migrated: 11016, Skipped: 35984...
Processed 48000 records, Migrated: 11219, Skipped: 36781...
Processed 49000 records, Migrated: 11448, Skipped: 37552...
Processed 50000 records, Migrated: 11676, Skipped: 38324...
Processed 51000 records, Migrated: 11916, Skipped: 39084...
Processed 52000 records, Migrated: 12177, Skipped: 39823...
Processed 53000 records, Migrated: 12444, Skipped: 40556...
Processed 54000 records, Migrated: 12696, Skipped: 41304...
Processed 55000 records, Migrated: 12912, Skipped: 42088...
Processed 56000 records, Migrated: 13104, Skipped: 42896...
Processed 57000 records, Migrated: 13312, Skipped: 43688...
Processed 58000 records, Migrated: 13512, Skipped: 44488...
Processed 59000 records, Migrated: 13740, Skipped: 45260...
Processed 60000 records, Migrated: 13968, Skipped: 46032...
Processed 61000 records, Migrated: 14172, Skipped: 46828...
Processed 62000 records, Migrated: 14375, Skipped: 47625...
Processed 63000 records, Migrated: 14568, Skipped: 48432...
Processed 64000 records, Migrated: 14736, Skipped: 49264...
Processed 65000 records, Migrated: 14940, Skipped: 50060...
Processed 66000 records, Migrated: 15171, Skipped: 50829...
Processed 67000 records, Migrated: 15312, Skipped: 51688...
Processed 68000 records, Migrated: 15552, Skipped: 52448...
Processed 69000 records, Migrated: 15780, Skipped: 53220...
Processed 70000 records, Migrated: 15972, Skipped: 54028...
Processed 71000 records, Migrated: 16180, Skipped: 54820...
Processed 72000 records, Migrated: 16416, Skipped: 55584...
Processed 73000 records, Migrated: 16632, Skipped: 56368...
Processed 74000 records, Migrated: 16824, Skipped: 57176...
Processed 75000 records, Migrated: 17053, Skipped: 57947...
Processed 76000 records, Migrated: 17256, Skipped: 58744...
Processed 77000 records, Migrated: 17448, Skipped: 59552...
Processed 78000 records, Migrated: 17700, Skipped: 60300...
Processed 79000 records, Migrated: 17952, Skipped: 61048...
Processed 80000 records, Migrated: 18168, Skipped: 61832...
Processed 81000 records, Migrated: 18360, Skipped: 62640...
Processed 82000 records, Migrated: 18588, Skipped: 63412...
Processed 83000 records, Migrated: 18816, Skipped: 64184...
Processed 84000 records, Migrated: 19051, Skipped: 64949...
Processed 85000 records, Migrated: 19272, Skipped: 65728...
Processed 86000 records, Migrated: 19500, Skipped: 66500...
Processed 87000 records, Migrated: 19741, Skipped: 67259...
Processed 88000 records, Migrated: 19970, Skipped: 68030...
Processed 89000 records, Migrated: 20184, Skipped: 68816...
Processed 90000 records, Migrated: 20392, Skipped: 69608...
Processed 91000 records, Migrated: 20604, Skipped: 70396...
Processed 92000 records, Migrated: 20748, Skipped: 71252...
Processed 93000 records, Migrated: 20748, Skipped: 72252...
Processed 94000 records, Migrated: 20748, Skipped: 73252...
Processed 95000 records, Migrated: 20964, Skipped: 74036...
Processed 96000 records, Migrated: 21189, Skipped: 74811...
Processed 97000 records, Migrated: 21348, Skipped: 75652...
Processed 98000 records, Migrated: 21552, Skipped: 76448...
Processed 99000 records, Migrated: 21660, Skipped: 77340...
Processed 100000 records, Migrated: 21660, Skipped: 78340...
Processed 101000 records, Migrated: 21660, Skipped: 79340...
Processed 102000 records, Migrated: 21804, Skipped: 80196...
Processed 103000 records, Migrated: 21996, Skipped: 81004...
Processed 104000 records, Migrated: 22224, Skipped: 81776...
Processed 105000 records, Migrated: 22416, Skipped: 82584...
Processed 106000 records, Migrated: 22584, Skipped: 83416...
Processed 107000 records, Migrated: 22788, Skipped: 84212...
Processed 108000 records, Migrated: 22965, Skipped: 85035...
Processed 109000 records, Migrated: 23184, Skipped: 85816...
Processed 110000 records, Migrated: 23364, Skipped: 86636...
Processed 111000 records, Migrated: 23556, Skipped: 87444...
Processed 112000 records, Migrated: 23772, Skipped: 88228...
Processed 113000 records, Migrated: 23916, Skipped: 89084...
Processed 114000 records, Migrated: 24132, Skipped: 89868...
Processed 115000 records, Migrated: 24300, Skipped: 90700...
Processed 116000 records, Migrated: 24420, Skipped: 91580...
Processed 117000 records, Migrated: 24600, Skipped: 92400...
Processed 118000 records, Migrated: 24792, Skipped: 93208...
Processed 119000 records, Migrated: 24948, Skipped: 94052...
Processed 120000 records, Migrated: 25044, Skipped: 94956...
Processed 121000 records, Migrated: 25248, Skipped: 95752...
Processed 122000 records, Migrated: 25427, Skipped: 96573...
Processed 123000 records, Migrated: 25620, Skipped: 97380...
Processed 124000 records, Migrated: 25812, Skipped: 98188...
Processed 125000 records, Migrated: 25980, Skipped: 99020...
Processed 126000 records, Migrated: 26183, Skipped: 99817...
Processed 127000 records, Migrated: 26328, Skipped: 100672...
Processed 128000 records, Migrated: 26520, Skipped: 101480...
Processed 129000 records, Migrated: 26701, Skipped: 102299...
Processed 130000 records, Migrated: 26868, Skipped: 103132...
Processed 131000 records, Migrated: 27060, Skipped: 103940...
Processed 132000 records, Migrated: 27252, Skipped: 104748...
Processed 133000 records, Migrated: 27396, Skipped: 105604...
Processed 134000 records, Migrated: 27588, Skipped: 106412...
Processed 135000 records, Migrated: 27720, Skipped: 107280...
Processed 136000 records, Migrated: 27888, Skipped: 108112...
Processed 137000 records, Migrated: 28092, Skipped: 108908...
Processed 138000 records, Migrated: 28280, Skipped: 109720...
Processed 139000 records, Migrated: 28440, Skipped: 110560...
Processed 140000 records, Migrated: 28620, Skipped: 111380...
Processed 141000 records, Migrated: 28788, Skipped: 112212...
Processed 142000 records, Migrated: 28944, Skipped: 113056...
Processed 143000 records, Migrated: 29124, Skipped: 113876...
Processed 144000 records, Migrated: 29292, Skipped: 114708...
Processed 145000 records, Migrated: 29412, Skipped: 115588...
Processed 146000 records, Migrated: 29592, Skipped: 116408...
Processed 147000 records, Migrated: 29808, Skipped: 117192...
Processed 148000 records, Migrated: 29976, Skipped: 118024...
Processed 149000 records, Migrated: 30168, Skipped: 118832...
Processed 150000 records, Migrated: 30336, Skipped: 119664...
Processed 151000 records, Migrated: 30528, Skipped: 120472...
Processed 152000 records, Migrated: 30660, Skipped: 121340...
Processed 153000 records, Migrated: 30864, Skipped: 122136...
Processed 154000 records, Migrated: 31032, Skipped: 122968...
Processed 155000 records, Migrated: 31164, Skipped: 123836...
Processed 156000 records, Migrated: 31284, Skipped: 124716...
Processed 156848 records, Migrated: 31416, Skipped: 125432...
Completed processing shard. Total: 156848, Migrated: 31416, Skipped: 125432
Processing shard #6...
Fetching settings that need to be migrated...
Processed 1000 records, Migrated: 147, Skipped: 853...
Processed 2000 records, Migrated: 363, Skipped: 1637...
Processed 3000 records, Migrated: 615, Skipped: 2385...
Processed 4000 records, Migrated: 879, Skipped: 3121...
Processed 5000 records, Migrated: 1131, Skipped: 3869...
Processed 6000 records, Migrated: 1275, Skipped: 4725...
Processed 7000 records, Migrated: 1527, Skipped: 5473...
Processed 8000 records, Migrated: 1767, Skipped: 6233...
Processed 9000 records, Migrated: 1999, Skipped: 7001...
Processed 10000 records, Migrated: 2211, Skipped: 7789...
Processed 11000 records, Migrated: 2392, Skipped: 8608...
Processed 12000 records, Migrated: 2655, Skipped: 9345...
Processed 13000 records, Migrated: 2854, Skipped: 10146...
Processed 14000 records, Migrated: 3063, Skipped: 10937...
Processed 15000 records, Migrated: 3243, Skipped: 11757...
Processed 16000 records, Migrated: 3447, Skipped: 12553...
Processed 17000 records, Migrated: 3639, Skipped: 13361...
Processed 18000 records, Migrated: 3807, Skipped: 14193...
Processed 19000 records, Migrated: 4011, Skipped: 14989...
Processed 20000 records, Migrated: 4275, Skipped: 15725...
Processed 21000 records, Migrated: 4467, Skipped: 16533...
Processed 22000 records, Migrated: 4691, Skipped: 17309...
Processed 23000 records, Migrated: 4911, Skipped: 18089...
Processed 24000 records, Migrated: 5103, Skipped: 18897...
Processed 25000 records, Migrated: 5355, Skipped: 19645...
Processed 26000 records, Migrated: 5583, Skipped: 20417...
Processed 27000 records, Migrated: 5811, Skipped: 21189...
Processed 28000 records, Migrated: 6032, Skipped: 21968...
Processed 29000 records, Migrated: 6267, Skipped: 22733...
Processed 30000 records, Migrated: 6507, Skipped: 23493...
Processed 31000 records, Migrated: 6759, Skipped: 24241...
Processed 32000 records, Migrated: 6987, Skipped: 25013...
Processed 33000 records, Migrated: 7212, Skipped: 25788...
Processed 34000 records, Migrated: 7467, Skipped: 26533...
Processed 35000 records, Migrated: 7683, Skipped: 27317...
Processed 36000 records, Migrated: 7947, Skipped: 28053...
Processed 37000 records, Migrated: 8175, Skipped: 28825...
Processed 38000 records, Migrated: 8415, Skipped: 29585...
Processed 39000 records, Migrated: 8691, Skipped: 30309...
Processed 40000 records, Migrated: 8907, Skipped: 31093...
Processed 41000 records, Migrated: 9141, Skipped: 31859...
Processed 42000 records, Migrated: 9399, Skipped: 32601...
Processed 43000 records, Migrated: 9639, Skipped: 33361...
Processed 44000 records, Migrated: 9831, Skipped: 34169...
Processed 45000 records, Migrated: 10059, Skipped: 34941...
Processed 46000 records, Migrated: 10263, Skipped: 35737...
Processed 47000 records, Migrated: 10474, Skipped: 36526...
Processed 48000 records, Migrated: 10724, Skipped: 37276...
Processed 49000 records, Migrated: 10960, Skipped: 38040...
Processed 50000 records, Migrated: 11187, Skipped: 38813...
Processed 51000 records, Migrated: 11463, Skipped: 39537...
Processed 52000 records, Migrated: 11727, Skipped: 40273...
Processed 53000 records, Migrated: 11931, Skipped: 41069...
Processed 54000 records, Migrated: 12171, Skipped: 41829...
Processed 55000 records, Migrated: 12375, Skipped: 42625...
Processed 56000 records, Migrated: 12590, Skipped: 43410...
Processed 57000 records, Migrated: 12795, Skipped: 44205...
Processed 58000 records, Migrated: 13047, Skipped: 44953...
Processed 59000 records, Migrated: 13263, Skipped: 45737...
Processed 60000 records, Migrated: 13491, Skipped: 46509...
Processed 61000 records, Migrated: 13719, Skipped: 47281...
Processed 62000 records, Migrated: 13947, Skipped: 48053...
Processed 63000 records, Migrated: 14175, Skipped: 48825...
Processed 64000 records, Migrated: 14400, Skipped: 49600...
Processed 65000 records, Migrated: 14643, Skipped: 50357...
Processed 66000 records, Migrated: 14822, Skipped: 51178...
Processed 67000 records, Migrated: 15027, Skipped: 51973...
Processed 68000 records, Migrated: 15219, Skipped: 52781...
Processed 69000 records, Migrated: 15411, Skipped: 53589...
Processed 70000 records, Migrated: 15603, Skipped: 54397...
Processed 71000 records, Migrated: 15772, Skipped: 55228...
Processed 72000 records, Migrated: 15997, Skipped: 56003...
Processed 73000 records, Migrated: 16225, Skipped: 56775...
Processed 74000 records, Migrated: 16441, Skipped: 57559...
Processed 75000 records, Migrated: 16669, Skipped: 58331...
Processed 76000 records, Migrated: 16897, Skipped: 59103...
Processed 77000 records, Migrated: 17074, Skipped: 59926...
Processed 78000 records, Migrated: 17281, Skipped: 60719...
Processed 79000 records, Migrated: 17497, Skipped: 61503...
Processed 80000 records, Migrated: 17665, Skipped: 62335...
Processed 81000 records, Migrated: 17872, Skipped: 63128...
Processed 82000 records, Migrated: 18097, Skipped: 63903...
Processed 83000 records, Migrated: 18325, Skipped: 64675...
Processed 84000 records, Migrated: 18553, Skipped: 65447...
Processed 85000 records, Migrated: 18781, Skipped: 66219...
Processed 86000 records, Migrated: 18985, Skipped: 67015...
Processed 87000 records, Migrated: 19225, Skipped: 67775...
Processed 88000 records, Migrated: 19489, Skipped: 68511...
Processed 89000 records, Migrated: 19705, Skipped: 69295...
Processed 90000 records, Migrated: 19933, Skipped: 70067...
Processed 91000 records, Migrated: 20125, Skipped: 70875...
Processed 92000 records, Migrated: 20377, Skipped: 71623...
Processed 93000 records, Migrated: 20593, Skipped: 72407...
Processed 94000 records, Migrated: 20593, Skipped: 73407...
Processed 95000 records, Migrated: 20593, Skipped: 74407...
Processed 96000 records, Migrated: 20769, Skipped: 75231...
Processed 97000 records, Migrated: 20953, Skipped: 76047...
Processed 98000 records, Migrated: 21157, Skipped: 76843...
Processed 99000 records, Migrated: 21313, Skipped: 77687...
Processed 100000 records, Migrated: 21397, Skipped: 78603...
Processed 101000 records, Migrated: 21397, Skipped: 79603...
Processed 102000 records, Migrated: 21397, Skipped: 80603...
Processed 103000 records, Migrated: 21589, Skipped: 81411...
Processed 104000 records, Migrated: 21769, Skipped: 82231...
Processed 105000 records, Migrated: 21961, Skipped: 83039...
Processed 106000 records, Migrated: 22164, Skipped: 83836...
Processed 107000 records, Migrated: 22369, Skipped: 84631...
Processed 108000 records, Migrated: 22549, Skipped: 85451...
Processed 109000 records, Migrated: 22740, Skipped: 86260...
Processed 110000 records, Migrated: 22969, Skipped: 87031...
Processed 111000 records, Migrated: 23168, Skipped: 87832...
Processed 112000 records, Migrated: 23309, Skipped: 88691...
Processed 113000 records, Migrated: 23473, Skipped: 89527...
Processed 114000 records, Migrated: 23665, Skipped: 90335...
Processed 115000 records, Migrated: 23881, Skipped: 91119...
Processed 116000 records, Migrated: 24049, Skipped: 91951...
Processed 117000 records, Migrated: 24253, Skipped: 92747...
Processed 118000 records, Migrated: 24362, Skipped: 93638...
Processed 119000 records, Migrated: 24529, Skipped: 94471...
Processed 120000 records, Migrated: 24673, Skipped: 95327...
Processed 121000 records, Migrated: 24829, Skipped: 96171...
Processed 122000 records, Migrated: 24949, Skipped: 97051...
Processed 123000 records, Migrated: 25141, Skipped: 97859...
Processed 124000 records, Migrated: 25321, Skipped: 98679...
Processed 125000 records, Migrated: 25513, Skipped: 99487...
Processed 126000 records, Migrated: 25669, Skipped: 100331...
Processed 127000 records, Migrated: 25873, Skipped: 101127...
Processed 128000 records, Migrated: 26029, Skipped: 101971...
Processed 129000 records, Migrated: 26221, Skipped: 102779...
Processed 130000 records, Migrated: 26389, Skipped: 103611...
Processed 131000 records, Migrated: 26607, Skipped: 104393...
Processed 132000 records, Migrated: 26815, Skipped: 105185...
Processed 133000 records, Migrated: 26977, Skipped: 106023...
Processed 134000 records, Migrated: 27129, Skipped: 106871...
Processed 135000 records, Migrated: 27277, Skipped: 107723...
Processed 136000 records, Migrated: 27409, Skipped: 108591...
Processed 137000 records, Migrated: 27589, Skipped: 109411...
Processed 138000 records, Migrated: 27793, Skipped: 110207...
Processed 139000 records, Migrated: 27955, Skipped: 111045...
Processed 140000 records, Migrated: 28143, Skipped: 111857...
Processed 141000 records, Migrated: 28347, Skipped: 112653...
Processed 142000 records, Migrated: 28539, Skipped: 113461...
Processed 143000 records, Migrated: 28755, Skipped: 114245...
Processed 144000 records, Migrated: 28947, Skipped: 115053...
Processed 145000 records, Migrated: 29127, Skipped: 115873...
Processed 146000 records, Migrated: 29283, Skipped: 116717...
Processed 147000 records, Migrated: 29511, Skipped: 117489...
Processed 148000 records, Migrated: 29643, Skipped: 118357...
Processed 149000 records, Migrated: 29787, Skipped: 119213...
Processed 150000 records, Migrated: 29912, Skipped: 120088...
Processed 151000 records, Migrated: 30111, Skipped: 120889...
Processed 152000 records, Migrated: 30291, Skipped: 121709...
Processed 153000 records, Migrated: 30493, Skipped: 122507...
Processed 154000 records, Migrated: 30675, Skipped: 123325...
Processed 155000 records, Migrated: 30855, Skipped: 124145...
Processed 156000 records, Migrated: 31023, Skipped: 124977...
Processed 157000 records, Migrated: 31203, Skipped: 125797...
Processed 158000 records, Migrated: 31323, Skipped: 126677...
Processed 158207 records, Migrated: 31377, Skipped: 126830...
Completed processing shard. Total: 158207, Migrated: 31377, Skipped: 126830
Processing shard #7...
Fetching settings that need to be migrated...
Processed 1000 records, Migrated: 201, Skipped: 799...
Processed 2000 records, Migrated: 453, Skipped: 1547...
Processed 3000 records, Migrated: 693, Skipped: 2307...
Processed 4000 records, Migrated: 965, Skipped: 3035...
Processed 5000 records, Migrated: 1209, Skipped: 3791...
Processed 6000 records, Migrated: 1389, Skipped: 4611...
Processed 7000 records, Migrated: 1581, Skipped: 5419...
Processed 8000 records, Migrated: 1853, Skipped: 6147...
Processed 9000 records, Migrated: 2097, Skipped: 6903...
Processed 10000 records, Migrated: 2325, Skipped: 7675...
Processed 11000 records, Migrated: 2529, Skipped: 8471...
Processed 12000 records, Migrated: 2757, Skipped: 9243...
Processed 13000 records, Migrated: 3021, Skipped: 9979...
Processed 14000 records, Migrated: 3225, Skipped: 10775...
Processed 15000 records, Migrated: 3405, Skipped: 11595...
Processed 16000 records, Migrated: 3645, Skipped: 12355...
Processed 17000 records, Migrated: 3854, Skipped: 13146...
Processed 18000 records, Migrated: 4064, Skipped: 13936...
Processed 19000 records, Migrated: 4293, Skipped: 14707...
Processed 20000 records, Migrated: 4509, Skipped: 15491...
Processed 21000 records, Migrated: 4701, Skipped: 16299...
Processed 22000 records, Migrated: 4974, Skipped: 17026...
Processed 23000 records, Migrated: 5169, Skipped: 17831...
Processed 24000 records, Migrated: 5373, Skipped: 18627...
Processed 25000 records, Migrated: 5589, Skipped: 19411...
Processed 26000 records, Migrated: 5829, Skipped: 20171...
Processed 27000 records, Migrated: 6045, Skipped: 20955...
Processed 28000 records, Migrated: 6261, Skipped: 21739...
Processed 29000 records, Migrated: 6489, Skipped: 22511...
Processed 30000 records, Migrated: 6730, Skipped: 23270...
Processed 31000 records, Migrated: 6963, Skipped: 24037...
Processed 32000 records, Migrated: 7185, Skipped: 24815...
Processed 33000 records, Migrated: 7402, Skipped: 25598...
Processed 34000 records, Migrated: 7593, Skipped: 26407...
Processed 35000 records, Migrated: 7809, Skipped: 27191...
Processed 36000 records, Migrated: 8062, Skipped: 27938...
Processed 37000 records, Migrated: 8325, Skipped: 28675...
Processed 38000 records, Migrated: 8589, Skipped: 29411...
Processed 39000 records, Migrated: 8865, Skipped: 30135...
Processed 40000 records, Migrated: 9128, Skipped: 30872...
Processed 41000 records, Migrated: 9381, Skipped: 31619...
Processed 42000 records, Migrated: 9609, Skipped: 32391...
Processed 43000 records, Migrated: 9834, Skipped: 33166...
Processed 44000 records, Migrated: 10026, Skipped: 33974...
Processed 45000 records, Migrated: 10230, Skipped: 34770...
Processed 46000 records, Migrated: 10444, Skipped: 35556...
Processed 47000 records, Migrated: 10662, Skipped: 36338...
Processed 48000 records, Migrated: 10902, Skipped: 37098...
Processed 49000 records, Migrated: 11142, Skipped: 37858...
Processed 50000 records, Migrated: 11370, Skipped: 38630...
Processed 51000 records, Migrated: 11586, Skipped: 39414...
Processed 52000 records, Migrated: 11826, Skipped: 40174...
Processed 53000 records, Migrated: 12042, Skipped: 40958...
Processed 54000 records, Migrated: 12282, Skipped: 41718...
Processed 55000 records, Migrated: 12510, Skipped: 42490...
Processed 56000 records, Migrated: 12738, Skipped: 43262...
Processed 57000 records, Migrated: 12954, Skipped: 44046...
Processed 58000 records, Migrated: 13194, Skipped: 44806...
Processed 59000 records, Migrated: 13399, Skipped: 45601...
Processed 60000 records, Migrated: 13638, Skipped: 46362...
Processed 61000 records, Migrated: 13854, Skipped: 47146...
Processed 62000 records, Migrated: 14047, Skipped: 47953...
Processed 63000 records, Migrated: 14238, Skipped: 48762...
Processed 64000 records, Migrated: 14418, Skipped: 49582...
Processed 65000 records, Migrated: 14598, Skipped: 50402...
Processed 66000 records, Migrated: 14802, Skipped: 51198...
Processed 67000 records, Migrated: 15042, Skipped: 51958...
Processed 68000 records, Migrated: 15246, Skipped: 52754...
Processed 69000 records, Migrated: 15450, Skipped: 53550...
Processed 70000 records, Migrated: 15652, Skipped: 54348...
Processed 71000 records, Migrated: 15857, Skipped: 55143...
Processed 72000 records, Migrated: 16038, Skipped: 55962...
Processed 73000 records, Migrated: 16206, Skipped: 56794...
Processed 74000 records, Migrated: 16410, Skipped: 57590...
Processed 75000 records, Migrated: 16629, Skipped: 58371...
Processed 76000 records, Migrated: 16866, Skipped: 59134...
Processed 77000 records, Migrated: 17070, Skipped: 59930...
Processed 78000 records, Migrated: 17322, Skipped: 60678...
Processed 79000 records, Migrated: 17538, Skipped: 61462...
Processed 80000 records, Migrated: 17730, Skipped: 62270...
Processed 81000 records, Migrated: 17941, Skipped: 63059...
Processed 82000 records, Migrated: 18186, Skipped: 63814...
Processed 83000 records, Migrated: 18366, Skipped: 64634...
Processed 84000 records, Migrated: 18582, Skipped: 65418...
Processed 85000 records, Migrated: 18786, Skipped: 66214...
Processed 86000 records, Migrated: 19062, Skipped: 66938...
Processed 87000 records, Migrated: 19242, Skipped: 67758...
Processed 88000 records, Migrated: 19506, Skipped: 68494...
Processed 89000 records, Migrated: 19741, Skipped: 69259...
Processed 90000 records, Migrated: 19986, Skipped: 70014...
Processed 91000 records, Migrated: 20218, Skipped: 70782...
Processed 92000 records, Migrated: 20406, Skipped: 71594...
Processed 93000 records, Migrated: 20466, Skipped: 72534...
Processed 94000 records, Migrated: 20466, Skipped: 73534...
Processed 95000 records, Migrated: 20538, Skipped: 74462...
Processed 96000 records, Migrated: 20777, Skipped: 75223...
Processed 97000 records, Migrated: 20946, Skipped: 76054...
Processed 98000 records, Migrated: 21102, Skipped: 76898...
Processed 99000 records, Migrated: 21246, Skipped: 77754...
Processed 100000 records, Migrated: 21246, Skipped: 78754...
Processed 101000 records, Migrated: 21246, Skipped: 79754...
Processed 102000 records, Migrated: 21318, Skipped: 80682...
Processed 103000 records, Migrated: 21522, Skipped: 81478...
Processed 104000 records, Migrated: 21729, Skipped: 82271...
Processed 105000 records, Migrated: 21954, Skipped: 83046...
Processed 106000 records, Migrated: 22147, Skipped: 83853...
Processed 107000 records, Migrated: 22350, Skipped: 84650...
Processed 108000 records, Migrated: 22518, Skipped: 85482...
Processed 109000 records, Migrated: 22690, Skipped: 86310...
Processed 110000 records, Migrated: 22878, Skipped: 87122...
Processed 111000 records, Migrated: 23058, Skipped: 87942...
Processed 112000 records, Migrated: 23214, Skipped: 88786...
Processed 113000 records, Migrated: 23382, Skipped: 89618...
Processed 114000 records, Migrated: 23586, Skipped: 90414...
Processed 115000 records, Migrated: 23747, Skipped: 91253...
Processed 116000 records, Migrated: 23922, Skipped: 92078...
Processed 117000 records, Migrated: 24066, Skipped: 92934...
Processed 118000 records, Migrated: 24198, Skipped: 93802...
Processed 119000 records, Migrated: 24390, Skipped: 94610...
Processed 120000 records, Migrated: 24546, Skipped: 95454...
Processed 121000 records, Migrated: 24721, Skipped: 96279...
Processed 122000 records, Migrated: 24924, Skipped: 97076...
Processed 123000 records, Migrated: 25062, Skipped: 97938...
Processed 124000 records, Migrated: 25266, Skipped: 98734...
Processed 125000 records, Migrated: 25422, Skipped: 99578...
Processed 126000 records, Migrated: 25602, Skipped: 100398...
Processed 127000 records, Migrated: 25758, Skipped: 101242...
Processed 128000 records, Migrated: 25974, Skipped: 102026...
Processed 129000 records, Migrated: 26142, Skipped: 102858...
Processed 130000 records, Migrated: 26298, Skipped: 103702...
Processed 131000 records, Migrated: 26436, Skipped: 104564...
Processed 132000 records, Migrated: 26610, Skipped: 105390...
Processed 133000 records, Migrated: 26790, Skipped: 106210...
Processed 134000 records, Migrated: 26958, Skipped: 107042...
Processed 135000 records, Migrated: 27138, Skipped: 107862...
Processed 136000 records, Migrated: 27306, Skipped: 108694...
Processed 137000 records, Migrated: 27534, Skipped: 109466...
Processed 138000 records, Migrated: 27750, Skipped: 110250...
Processed 139000 records, Migrated: 27918, Skipped: 111082...
Processed 140000 records, Migrated: 28086, Skipped: 111914...
Processed 141000 records, Migrated: 28242, Skipped: 112758...
Processed 142000 records, Migrated: 28422, Skipped: 113578...
Processed 143000 records, Migrated: 28590, Skipped: 114410...
Processed 144000 records, Migrated: 28775, Skipped: 115225...
Processed 145000 records, Migrated: 28953, Skipped: 116047...
Processed 146000 records, Migrated: 29106, Skipped: 116894...
Processed 147000 records, Migrated: 29262, Skipped: 117738...
Processed 148000 records, Migrated: 29430, Skipped: 118570...
Processed 149000 records, Migrated: 29610, Skipped: 119390...
Processed 150000 records, Migrated: 29778, Skipped: 120222...
Processed 151000 records, Migrated: 29946, Skipped: 121054...
Processed 152000 records, Migrated: 30150, Skipped: 121850...
Processed 153000 records, Migrated: 30310, Skipped: 122690...
Processed 154000 records, Migrated: 30463, Skipped: 123537...
Processed 155000 records, Migrated: 30689, Skipped: 124311...
Processed 156000 records, Migrated: 30822, Skipped: 125178...
Processed 156878 records, Migrated: 30954, Skipped: 125924...
Completed processing shard. Total: 156878, Migrated: 30954, Skipped: 125924
Processing shard #8...
Fetching settings that need to be migrated...
Processed 1000 records, Migrated: 176, Skipped: 824...
Processed 2000 records, Migrated: 435, Skipped: 1565...
Processed 3000 records, Migrated: 703, Skipped: 2297...
Processed 4000 records, Migrated: 972, Skipped: 3028...
Processed 5000 records, Migrated: 1215, Skipped: 3785...
Processed 6000 records, Migrated: 1419, Skipped: 4581...
Processed 7000 records, Migrated: 1678, Skipped: 5322...
Processed 8000 records, Migrated: 1887, Skipped: 6113...
Processed 9000 records, Migrated: 2079, Skipped: 6921...
Processed 10000 records, Migrated: 2329, Skipped: 7671...
Processed 11000 records, Migrated: 2559, Skipped: 8441...
Processed 12000 records, Migrated: 2775, Skipped: 9225...
Processed 13000 records, Migrated: 3015, Skipped: 9985...
Processed 14000 records, Migrated: 3227, Skipped: 10773...
Processed 15000 records, Migrated: 3423, Skipped: 11577...
Processed 16000 records, Migrated: 3591, Skipped: 12409...
Processed 17000 records, Migrated: 3819, Skipped: 13181...
Processed 18000 records, Migrated: 3975, Skipped: 14025...
Processed 19000 records, Migrated: 4239, Skipped: 14761...
Processed 20000 records, Migrated: 4467, Skipped: 15533...
Processed 21000 records, Migrated: 4681, Skipped: 16319...
Processed 22000 records, Migrated: 4857, Skipped: 17143...
Processed 23000 records, Migrated: 5067, Skipped: 17933...
Processed 24000 records, Migrated: 5295, Skipped: 18705...
Processed 25000 records, Migrated: 5523, Skipped: 19477...
Processed 26000 records, Migrated: 5739, Skipped: 20261...
Processed 27000 records, Migrated: 5991, Skipped: 21009...
Processed 28000 records, Migrated: 6207, Skipped: 21793...
Processed 29000 records, Migrated: 6447, Skipped: 22553...
Processed 30000 records, Migrated: 6651, Skipped: 23349...
Processed 31000 records, Migrated: 6858, Skipped: 24142...
Processed 32000 records, Migrated: 7081, Skipped: 24919...
Processed 33000 records, Migrated: 7323, Skipped: 25677...
Processed 34000 records, Migrated: 7552, Skipped: 26448...
Processed 35000 records, Migrated: 7767, Skipped: 27233...
Processed 36000 records, Migrated: 8019, Skipped: 27981...
Processed 37000 records, Migrated: 8235, Skipped: 28765...
Processed 38000 records, Migrated: 8475, Skipped: 29525...
Processed 39000 records, Migrated: 8727, Skipped: 30273...
Processed 40000 records, Migrated: 8967, Skipped: 31033...
Processed 41000 records, Migrated: 9231, Skipped: 31769...
Processed 42000 records, Migrated: 9495, Skipped: 32505...
Processed 43000 records, Migrated: 9735, Skipped: 33265...
Processed 44000 records, Migrated: 9939, Skipped: 34061...
Processed 45000 records, Migrated: 10124, Skipped: 34876...
Processed 46000 records, Migrated: 10325, Skipped: 35675...
Processed 47000 records, Migrated: 10575, Skipped: 36425...
Processed 48000 records, Migrated: 10803, Skipped: 37197...
Processed 49000 records, Migrated: 11019, Skipped: 37981...
Processed 50000 records, Migrated: 11259, Skipped: 38741...
Processed 51000 records, Migrated: 11523, Skipped: 39477...
Processed 52000 records, Migrated: 11727, Skipped: 40273...
Processed 53000 records, Migrated: 11919, Skipped: 41081...
Processed 54000 records, Migrated: 12111, Skipped: 41889...
Processed 55000 records, Migrated: 12364, Skipped: 42636...
Processed 56000 records, Migrated: 12627, Skipped: 43373...
Processed 57000 records, Migrated: 12826, Skipped: 44174...
Processed 58000 records, Migrated: 13060, Skipped: 44940...
Processed 59000 records, Migrated: 13234, Skipped: 45766...
Processed 60000 records, Migrated: 13410, Skipped: 46590...
Processed 61000 records, Migrated: 13654, Skipped: 47346...
Processed 62000 records, Migrated: 13894, Skipped: 48106...
Processed 63000 records, Migrated: 14079, Skipped: 48921...
Processed 64000 records, Migrated: 14290, Skipped: 49710...
Processed 65000 records, Migrated: 14530, Skipped: 50470...
Processed 66000 records, Migrated: 14782, Skipped: 51218...
Processed 67000 records, Migrated: 15034, Skipped: 51966...
Processed 68000 records, Migrated: 15203, Skipped: 52797...
Processed 69000 records, Migrated: 15394, Skipped: 53606...
Processed 70000 records, Migrated: 15598, Skipped: 54402...
Processed 71000 records, Migrated: 15778, Skipped: 55222...
Processed 72000 records, Migrated: 15982, Skipped: 56018...
Processed 73000 records, Migrated: 16189, Skipped: 56811...
Processed 74000 records, Migrated: 16390, Skipped: 57610...
Processed 75000 records, Migrated: 16594, Skipped: 58406...
Processed 76000 records, Migrated: 16798, Skipped: 59202...
Processed 77000 records, Migrated: 17014, Skipped: 59986...
Processed 78000 records, Migrated: 17278, Skipped: 60722...
Processed 79000 records, Migrated: 17494, Skipped: 61506...
Processed 80000 records, Migrated: 17698, Skipped: 62302...
Processed 81000 records, Migrated: 17914, Skipped: 63086...
Processed 82000 records, Migrated: 18130, Skipped: 63870...
Processed 83000 records, Migrated: 18346, Skipped: 64654...
Processed 84000 records, Migrated: 18571, Skipped: 65429...
Processed 85000 records, Migrated: 18766, Skipped: 66234...
Processed 86000 records, Migrated: 18958, Skipped: 67042...
Processed 87000 records, Migrated: 19164, Skipped: 67836...
Processed 88000 records, Migrated: 19390, Skipped: 68610...
Processed 89000 records, Migrated: 19606, Skipped: 69394...
Processed 90000 records, Migrated: 19774, Skipped: 70226...
Processed 91000 records, Migrated: 19930, Skipped: 71070...
Processed 92000 records, Migrated: 20170, Skipped: 71830...
Processed 93000 records, Migrated: 20314, Skipped: 72686...
Processed 94000 records, Migrated: 20314, Skipped: 73686...
Processed 95000 records, Migrated: 20314, Skipped: 74686...
Processed 96000 records, Migrated: 20542, Skipped: 75458...
Processed 97000 records, Migrated: 20758, Skipped: 76242...
Processed 98000 records, Migrated: 20949, Skipped: 77051...
Processed 99000 records, Migrated: 21154, Skipped: 77846...
Processed 100000 records, Migrated: 21202, Skipped: 78798...
Processed 101000 records, Migrated: 21202, Skipped: 79798...
Processed 102000 records, Migrated: 21202, Skipped: 80798...
Processed 103000 records, Migrated: 21406, Skipped: 81594...
Processed 104000 records, Migrated: 21562, Skipped: 82438...
Processed 105000 records, Migrated: 21742, Skipped: 83258...
Processed 106000 records, Migrated: 21916, Skipped: 84084...
Processed 107000 records, Migrated: 22114, Skipped: 84886...
Processed 108000 records, Migrated: 22282, Skipped: 85718...
Processed 109000 records, Migrated: 22450, Skipped: 86550...
Processed 110000 records, Migrated: 22642, Skipped: 87358...
Processed 111000 records, Migrated: 22786, Skipped: 88214...
Processed 112000 records, Migrated: 22954, Skipped: 89046...
Processed 113000 records, Migrated: 23170, Skipped: 89830...
Processed 114000 records, Migrated: 23343, Skipped: 90657...
Processed 115000 records, Migrated: 23458, Skipped: 91542...
Processed 116000 records, Migrated: 23650, Skipped: 92350...
Processed 117000 records, Migrated: 23830, Skipped: 93170...
Processed 118000 records, Migrated: 23957, Skipped: 94043...
Processed 119000 records, Migrated: 24092, Skipped: 94908...
Processed 120000 records, Migrated: 24286, Skipped: 95714...
Processed 121000 records, Migrated: 24456, Skipped: 96544...
Processed 122000 records, Migrated: 24658, Skipped: 97342...
Processed 123000 records, Migrated: 24778, Skipped: 98222...
Processed 124000 records, Migrated: 24967, Skipped: 99033...
Processed 125000 records, Migrated: 25126, Skipped: 99874...
Processed 126000 records, Migrated: 25330, Skipped: 100670...
Processed 127000 records, Migrated: 25498, Skipped: 101502...
Processed 128000 records, Migrated: 25654, Skipped: 102346...
Processed 129000 records, Migrated: 25846, Skipped: 103154...
Processed 130000 records, Migrated: 26026, Skipped: 103974...
Processed 131000 records, Migrated: 26194, Skipped: 104806...
Processed 132000 records, Migrated: 26362, Skipped: 105638...
Processed 133000 records, Migrated: 26506, Skipped: 106494...
Processed 134000 records, Migrated: 26665, Skipped: 107335...
Processed 135000 records, Migrated: 26818, Skipped: 108182...
Processed 136000 records, Migrated: 26962, Skipped: 109038...
Processed 137000 records, Migrated: 27130, Skipped: 109870...
Processed 138000 records, Migrated: 27322, Skipped: 110678...
Processed 139000 records, Migrated: 27454, Skipped: 111546...
Processed 140000 records, Migrated: 27622, Skipped: 112378...
Processed 141000 records, Migrated: 27766, Skipped: 113234...
Processed 142000 records, Migrated: 27958, Skipped: 114042...
Processed 143000 records, Migrated: 28162, Skipped: 114838...
Processed 144000 records, Migrated: 28330, Skipped: 115670...
Processed 145000 records, Migrated: 28510, Skipped: 116490...
Processed 146000 records, Migrated: 28726, Skipped: 117274...
Processed 147000 records, Migrated: 28861, Skipped: 118139...
Processed 148000 records, Migrated: 29002, Skipped: 118998...
Processed 149000 records, Migrated: 29170, Skipped: 119830...
Processed 150000 records, Migrated: 29338, Skipped: 120662...
Processed 151000 records, Migrated: 29494, Skipped: 121506...
Processed 152000 records, Migrated: 29638, Skipped: 122362...
Processed 153000 records, Migrated: 29782, Skipped: 123218...
Processed 154000 records, Migrated: 29926, Skipped: 124074...
Processed 155000 records, Migrated: 30064, Skipped: 124936...
Processed 156000 records, Migrated: 30262, Skipped: 125738...
Processed 156826 records, Migrated: 30394, Skipped: 126432...
Completed processing shard. Total: 156826, Migrated: 30394, Skipped: 126432
Processing shard #9...
Fetching settings that need to be migrated...
Processed 1000 records, Migrated: 189, Skipped: 811...
Processed 2000 records, Migrated: 453, Skipped: 1547...
Processed 3000 records, Migrated: 681, Skipped: 2319...
Processed 4000 records, Migrated: 936, Skipped: 3064...
Processed 5000 records, Migrated: 1113, Skipped: 3887...
Processed 6000 records, Migrated: 1346, Skipped: 4654...
Processed 7000 records, Migrated: 1545, Skipped: 5455...
Processed 8000 records, Migrated: 1773, Skipped: 6227...
Processed 9000 records, Migrated: 2013, Skipped: 6987...
Processed 10000 records, Migrated: 2265, Skipped: 7735...
Processed 11000 records, Migrated: 2536, Skipped: 8464...
Processed 12000 records, Migrated: 2781, Skipped: 9219...
Processed 13000 records, Migrated: 3057, Skipped: 9943...
Processed 14000 records, Migrated: 3249, Skipped: 10751...
Processed 15000 records, Migrated: 3465, Skipped: 11535...
Processed 16000 records, Migrated: 3705, Skipped: 12295...
Processed 17000 records, Migrated: 3948, Skipped: 13052...
Processed 18000 records, Migrated: 4173, Skipped: 13827...
Processed 19000 records, Migrated: 4389, Skipped: 14611...
Processed 20000 records, Migrated: 4605, Skipped: 15395...
Processed 21000 records, Migrated: 4845, Skipped: 16155...
Processed 22000 records, Migrated: 5077, Skipped: 16923...
Processed 23000 records, Migrated: 5291, Skipped: 17709...
Processed 24000 records, Migrated: 5517, Skipped: 18483...
Processed 25000 records, Migrated: 5733, Skipped: 19267...
Processed 26000 records, Migrated: 5913, Skipped: 20087...
Processed 27000 records, Migrated: 6117, Skipped: 20883...
Processed 28000 records, Migrated: 6357, Skipped: 21643...
Processed 29000 records, Migrated: 6562, Skipped: 22438...
Processed 30000 records, Migrated: 6813, Skipped: 23187...
Processed 31000 records, Migrated: 7041, Skipped: 23959...
Processed 32000 records, Migrated: 7209, Skipped: 24791...
Processed 33000 records, Migrated: 7473, Skipped: 25527...
Processed 34000 records, Migrated: 7683, Skipped: 26317...
Processed 35000 records, Migrated: 7965, Skipped: 27035...
Processed 36000 records, Migrated: 8216, Skipped: 27784...
Processed 37000 records, Migrated: 8481, Skipped: 28519...
Processed 38000 records, Migrated: 8745, Skipped: 29255...
Processed 39000 records, Migrated: 9009, Skipped: 29991...
Processed 40000 records, Migrated: 9261, Skipped: 30739...
Processed 41000 records, Migrated: 9501, Skipped: 31499...
Processed 42000 records, Migrated: 9741, Skipped: 32259...
Processed 43000 records, Migrated: 9981, Skipped: 33019...
Processed 44000 records, Migrated: 10233, Skipped: 33767...
Processed 45000 records, Migrated: 10437, Skipped: 34563...
Processed 46000 records, Migrated: 10665, Skipped: 35335...
Processed 47000 records, Migrated: 10881, Skipped: 36119...
Processed 48000 records, Migrated: 11121, Skipped: 36879...
Processed 49000 records, Migrated: 11325, Skipped: 37675...
Processed 50000 records, Migrated: 11577, Skipped: 38423...
Processed 51000 records, Migrated: 11829, Skipped: 39171...
Processed 52000 records, Migrated: 12057, Skipped: 39943...
Processed 53000 records, Migrated: 12285, Skipped: 40715...
Processed 54000 records, Migrated: 12502, Skipped: 41498...
Processed 55000 records, Migrated: 12729, Skipped: 42271...
Processed 56000 records, Migrated: 12957, Skipped: 43043...
Processed 57000 records, Migrated: 13161, Skipped: 43839...
Processed 58000 records, Migrated: 13348, Skipped: 44652...
Processed 59000 records, Migrated: 13593, Skipped: 45407...
Processed 60000 records, Migrated: 13821, Skipped: 46179...
Processed 61000 records, Migrated: 14013, Skipped: 46987...
Processed 62000 records, Migrated: 14229, Skipped: 47771...
Processed 63000 records, Migrated: 14433, Skipped: 48567...
Processed 64000 records, Migrated: 14661, Skipped: 49339...
Processed 65000 records, Migrated: 14912, Skipped: 50088...
Processed 66000 records, Migrated: 15105, Skipped: 50895...
Processed 67000 records, Migrated: 15333, Skipped: 51667...
Processed 68000 records, Migrated: 15575, Skipped: 52425...
Processed 69000 records, Migrated: 15801, Skipped: 53199...
Processed 70000 records, Migrated: 16029, Skipped: 53971...
Processed 71000 records, Migrated: 16245, Skipped: 54755...
Processed 72000 records, Migrated: 16473, Skipped: 55527...
Processed 73000 records, Migrated: 16687, Skipped: 56313...
Processed 74000 records, Migrated: 16917, Skipped: 57083...
Processed 75000 records, Migrated: 17133, Skipped: 57867...
Processed 76000 records, Migrated: 17349, Skipped: 58651...
Processed 77000 records, Migrated: 17565, Skipped: 59435...
Processed 78000 records, Migrated: 17757, Skipped: 60243...
Processed 79000 records, Migrated: 17940, Skipped: 61060...
Processed 80000 records, Migrated: 18153, Skipped: 61847...
Processed 81000 records, Migrated: 18393, Skipped: 62607...
Processed 82000 records, Migrated: 18597, Skipped: 63403...
Processed 83000 records, Migrated: 18825, Skipped: 64175...
Processed 84000 records, Migrated: 19065, Skipped: 64935...
Processed 85000 records, Migrated: 19289, Skipped: 65711...
Processed 86000 records, Migrated: 19531, Skipped: 66469...
Processed 87000 records, Migrated: 19733, Skipped: 67267...
Processed 88000 records, Migrated: 19901, Skipped: 68099...
Processed 89000 records, Migrated: 20105, Skipped: 68895...
Processed 90000 records, Migrated: 20333, Skipped: 69667...
Processed 91000 records, Migrated: 20534, Skipped: 70466...
Processed 92000 records, Migrated: 20766, Skipped: 71234...
Processed 93000 records, Migrated: 20921, Skipped: 72079...
Processed 94000 records, Migrated: 20921, Skipped: 73079...
Processed 95000 records, Migrated: 20921, Skipped: 74079...
Processed 96000 records, Migrated: 21089, Skipped: 74911...
Processed 97000 records, Migrated: 21269, Skipped: 75731...
Processed 98000 records, Migrated: 21473, Skipped: 76527...
Processed 99000 records, Migrated: 21677, Skipped: 77323...
Processed 100000 records, Migrated: 21761, Skipped: 78239...
Processed 101000 records, Migrated: 21761, Skipped: 79239...
Processed 102000 records, Migrated: 21761, Skipped: 80239...
Processed 103000 records, Migrated: 21905, Skipped: 81095...
Processed 104000 records, Migrated: 22085, Skipped: 81915...
Processed 105000 records, Migrated: 22265, Skipped: 82735...
Processed 106000 records, Migrated: 22445, Skipped: 83555...
Processed 107000 records, Migrated: 22649, Skipped: 84351...
Processed 108000 records, Migrated: 22853, Skipped: 85147...
Processed 109000 records, Migrated: 23045, Skipped: 85955...
Processed 110000 records, Migrated: 23237, Skipped: 86763...
Processed 111000 records, Migrated: 23428, Skipped: 87572...
Processed 112000 records, Migrated: 23597, Skipped: 88403...
Processed 113000 records, Migrated: 23813, Skipped: 89187...
Processed 114000 records, Migrated: 23982, Skipped: 90018...
Processed 115000 records, Migrated: 24161, Skipped: 90839...
Processed 116000 records, Migrated: 24329, Skipped: 91671...
Processed 117000 records, Migrated: 24473, Skipped: 92527...
Processed 118000 records, Migrated: 24653, Skipped: 93347...
Processed 119000 records, Migrated: 24848, Skipped: 94152...
Processed 120000 records, Migrated: 24992, Skipped: 95008...
Processed 121000 records, Migrated: 25172, Skipped: 95828...
Processed 122000 records, Migrated: 25304, Skipped: 96696...
Processed 123000 records, Migrated: 25520, Skipped: 97480...
Processed 124000 records, Migrated: 25712, Skipped: 98288...
Processed 125000 records, Migrated: 25889, Skipped: 99111...
Processed 126000 records, Migrated: 26012, Skipped: 99988...
Processed 127000 records, Migrated: 26132, Skipped: 100868...
Processed 128000 records, Migrated: 26324, Skipped: 101676...
Processed 129000 records, Migrated: 26456, Skipped: 102544...
Processed 130000 records, Migrated: 26624, Skipped: 103376...
Processed 131000 records, Migrated: 26814, Skipped: 104186...
Processed 132000 records, Migrated: 26960, Skipped: 105040...
Processed 133000 records, Migrated: 27140, Skipped: 105860...
Processed 134000 records, Migrated: 27316, Skipped: 106684...
Processed 135000 records, Migrated: 27464, Skipped: 107536...
Processed 136000 records, Migrated: 27668, Skipped: 108332...
Processed 137000 records, Migrated: 27825, Skipped: 109175...
Processed 138000 records, Migrated: 27944, Skipped: 110056...
Processed 139000 records, Migrated: 28151, Skipped: 110849...
Processed 140000 records, Migrated: 28328, Skipped: 111672...
Processed 141000 records, Migrated: 28496, Skipped: 112504...
Processed 142000 records, Migrated: 28685, Skipped: 113315...
Processed 143000 records, Migrated: 28868, Skipped: 114132...
Processed 144000 records, Migrated: 28990, Skipped: 115010...
Processed 145000 records, Migrated: 29204, Skipped: 115796...
Processed 146000 records, Migrated: 29345, Skipped: 116655...
Processed 147000 records, Migrated: 29520, Skipped: 117480...
Processed 148000 records, Migrated: 29696, Skipped: 118304...
Processed 149000 records, Migrated: 29864, Skipped: 119136...
Processed 150000 records, Migrated: 30044, Skipped: 119956...
Processed 151000 records, Migrated: 30212, Skipped: 120788...
Processed 152000 records, Migrated: 30416, Skipped: 121584...
Processed 153000 records, Migrated: 30584, Skipped: 122416...
Processed 154000 records, Migrated: 30692, Skipped: 123308...
Processed 155000 records, Migrated: 30871, Skipped: 124129...
Processed 156000 records, Migrated: 31064, Skipped: 124936...
Processed 156376 records, Migrated: 31136, Skipped: 125240...
Completed processing shard. Total: 156376, Migrated: 31136, Skipped: 125240
Migration completed successfully!
Total unmapped settings found: 82061
Check /home/gitlab-runner/misc-script-runner/RHEA-4709_megariches/unmapped_settings.log for details.

```
Script end time: '2025-04-30 12:59:02'
FYI: @ndubuisi.onyemenam - script output for `megariches`
Story 'RHEA-4709': done
