Script start time: '2025-02-19 10:54:33'
```shell
Updating MTS accounts and DMAPI documents for MRV has been started!
Fetching documents with offset 0 and limit 1000 ...
Fetching documents with offset 1000 and limit 1000 ...
Fetching documents with offset 2000 and limit 1000 ...
Fetching documents with offset 3000 and limit 1000 ...
Fetching documents with offset 4000 and limit 1000 ...
Fetching documents with offset 5000 and limit 1000 ...
Fetching documents with offset 6000 and limit 1000 ...
Fetching documents with offset 7000 and limit 1000 ...
Fetching documents with offset 8000 and limit 1000 ...
Fetching documents with offset 9000 and limit 1000 ...
Fetching documents with offset 10000 and limit 1000 ...
Fetching documents with offset 11000 and limit 1000 ...
Fetching documents with offset 12000 and limit 1000 ...
Fetching documents with offset 13000 and limit 1000 ...
Fetching documents with offset 14000 and limit 1000 ...
Fetching documents with offset 15000 and limit 1000 ...
Fetching documents with offset 16000 and limit 1000 ...
Fetching documents with offset 17000 and limit 1000 ...
Fetching documents with offset 18000 and limit 1000 ...
Fetching documents with offset 19000 and limit 1000 ...
Fetching documents with offset 20000 and limit 1000 ...
Fetching documents with offset 21000 and limit 1000 ...
Fetching documents with offset 22000 and limit 1000 ...
Fetching documents with offset 23000 and limit 1000 ...
Fetching documents with offset 24000 and limit 1000 ...
Fetching documents with offset 25000 and limit 1000 ...
Fetching documents with offset 26000 and limit 1000 ...
Fetching documents with offset 27000 and limit 1000 ...
Fetching documents with offset 28000 and limit 1000 ...
Fetching documents with offset 29000 and limit 1000 ...
Fetching documents with offset 30000 and limit 1000 ...
Fetching documents with offset 31000 and limit 1000 ...
Fetching documents with offset 32000 and limit 1000 ...
Fetching documents with offset 33000 and limit 1000 ...
Fetching documents with offset 34000 and limit 1000 ...
Fetching documents with offset 35000 and limit 1000 ...
Fetching documents with offset 36000 and limit 1000 ...
Total of 31081 documents have been updated successfully.

```
Script end time: '2025-02-19 11:01:06'
FYI: @maria.liplianina - script output for `mrvegas`
Story 'BAN-11483-3': done
