Script start time: '2025-04-30 11:50:09'
```shell
Zero balances of self-excluded GB players from csv, generating a report of data updated
-------------
6424820 - yes
6644700 - yes
1967199790 - yes
1967196680 - yes
1967175070 - yes
1967185110 - yes
1967075710 - yes
6451250 - yes
1967189980 - yes
1967191540 - yes
6937810 - yes
6618500 - yes
1967206900 - yes
1967198290 - yes
1966956050 - yes
1967202850 - yes
1967066750 - yes
1966985280 - yes
1967198830 - yes
5687650 - yes
6341900 - yes
6760010 - yes
1966962470 - yes
1967205290 - yes
1967197070 - yes
5477920 - yes
1967195920 - yes
1967204560 - yes
6627660 - yes
1967192570 - yes
1967188920 - yes
1967208670 - yes
1967203050 - yes
1966972110 - yes
5432850 - yes
6876570 - yes
1967202320 - yes
1966925880 - yes
1967166460 - yes
1967197900 - yes
1966977790 - yes
1967073520 - yes
1967197530 - yes
6344480 - yes
1967045290 - yes
1967019660 - yes
1967202580 - yes
1967013070 - yes
5237570 - yes
1966971750 - yes
1967186100 - yes
1967188730 - yes
6450750 - yes
1966981970 - yes
1967189180 - yes
5630490 - yes
6852620 - yes
1966967870 - yes
1967190100 - yes
1966917520 - yes
1967209590 - yes
1967043760 - yes
6209320 - yes
6934210 - yes
1967089590 - yes
1967076930 - yes
1967194350 - yes
1967209720 - yes
5400530 - yes
6431670 - yes
1967194160 - yes
1967210470 - yes
6457510 - yes
1966954610 - yes
1967185580 - yes
6652880 - yes
6869660 - yes
6581440 - yes
1967205060 - yes
1967081950 - yes
1967194250 - yes
6699810 - yes
1966999740 - yes
1967195620 - yes
5485030 - yes
1967191750 - yes
1967194090 - yes
5239080 - yes
1967026740 - yes
1967194961 - yes
1967009941 - yes
1967200031 - yes
1967193821 - yes
1967188521 - yes
6628261 - yes
6562901 - yes
6431411 - yes
6458531 - yes
1967016441 - yes
1966994001 - yes
6343701 - yes
1967205021 - yes
6187741 - yes
1966941051 - yes
1966995701 - yes
6351921 - yes
6688331 - yes
1967198641 - yes
1967203611 - yes
1966980181 - yes
1967062111 - yes
1967197731 - yes
1967052001 - yes
1967083651 - yes
1967206551 - yes
1967199101 - yes
1967198181 - yes
1967196781 - yes
1967196641 - yes
1967194011 - yes
6765161 - yes
1966908241 - yes
1967194881 - yes
6597231 - yes
1960770731 - yes
6379201 - yes
1967084251 - yes
1967192491 - yes
6347081 - yes
6446461 - yes
1967067611 - yes
6601221 - yes
1966913271 - yes
6702791 - yes
1967208501 - yes
1967057181 - yes
1967207051 - yes
6671731 - yes
6343551 - yes
6424521 - yes
1967066021 - yes
6370371 - yes
6883131 - yes
1967194091 - yes
6776031 - yes
1966980371 - yes
1967189321 - yes
1967207661 - yes
1967209491 - yes
1967190761 - yes
6446081 - yes
1967058761 - yes
1967210001 - yes
5318651 - yes
1967022411 - yes
1967181801 - yes
6505191 - yes
6703651 - yes
6728931 - yes
6781201 - yes
1966971151 - yes
6863491 - yes
1966986001 - yes
1967063651 - yes
1967076591 - yes
1967081961 - yes
1967194621 - yes
6661321 - yes
1967087501 - yes
5219321 - yes
5803621 - yes
6520831 - yes
1966963091 - yes
1967019131 - yes
1967073661 - yes
6388851 - yes
1966930531 - yes
1967057341 - yes
6597511 - yes
6752761 - yes
1967185622 - yes
1966953942 - yes
1967194652 - yes
1967203112 - yes
1966919772 - yes
1967194572 - yes
6308122 - yes
6311712 - yes
1967016272 - yes
1967197132 - yes
1967190892 - yes
1967037992 - yes
1967087312 - yes
1967199172 - yes
5721352 - yes
6217332 - yes
1967196572 - yes
1966999822 - yes
1967194592 - yes
5407092 - yes
1967198392 - yes
1967038132 - yes
1967202552 - yes
1967073942 - yes
1967210282 - yes
1967040392 - yes
1967191972 - yes
6575642 - yes
6675002 - yes
6568912 - yes
1967199772 - yes
5805522 - yes
1967200672 - yes
1967080162 - yes
1967079692 - yes
1967205082 - yes
6604622 - yes
6863862 - yes
1967006992 - yes
1967082282 - yes
6503812 - yes
1967196302 - yes
1967200542 - yes
1967210222 - yes
1967198482 - yes
6875122 - yes
1966974332 - yes
1967084942 - yes
1967202622 - yes
1967078422 - yes
1967049412 - yes
5290782 - yes
6592322 - yes
1967193542 - yes
1967187732 - yes
1966918802 - yes
1966965632 - yes
1967207032 - yes
6243632 - yes
1967053282 - yes
1967201232 - yes
1967195822 - yes
1966982052 - yes
1967198082 - yes
1966921292 - yes
1967012662 - yes
1967066762 - yes
1967194242 - yes
1966928712 - yes
1967078152 - yes
5659302 - yes
1967062542 - yes
1967072332 - yes
1967200742 - yes
1967206062 - yes
1967202662 - yes
1967209192 - yes
6754332 - yes
6772962 - yes
1966960512 - yes
1967189782 - yes
1967085003 - yes
5756743 - yes
1967193893 - yes
5643703 - yes
1966956153 - yes
1967206683 - yes
1967205373 - yes
1966915693 - yes
1966932603 - yes
1966973393 - yes
1967198723 - yes
1967193323 - yes
1967069933 - yes
1966957783 - yes
1967194653 - yes
1967207523 - yes
1966937113 - yes
6413983 - yes
1967057403 - yes
1967208763 - yes
1967192263 - yes
1967193723 - yes
5889323 - yes
1967194153 - yes
6819023 - yes
1967195893 - yes
1967210633 - yes
6854263 - yes
6203633 - yes
1967047343 - yes
5465193 - yes
1967195523 - yes
1967029223 - yes
1967082723 - yes
6223713 - yes
1967077003 - yes
1967071553 - yes
1967206723 - yes
1966913863 - yes
1967162883 - yes
1966960483 - yes
1967044923 - yes
1967207413 - yes
1967202453 - yes
1967196353 - yes
1967040133 - yes
1967066413 - yes
1967202253 - yes
1967088733 - yes
1967197543 - yes
5758723 - yes
1966990053 - yes
1967193763 - yes
1967197363 - yes
1967191413 - yes
1966936773 - yes
1967198143 - yes
1967196003 - yes
1967195843 - yes
1966950983 - yes
6636723 - yes
6955513 - yes
1966915313 - yes
1966983193 - yes
1967018123 - yes
1967204443 - yes
5336933 - yes
5340603 - yes
5383233 - yes
1967088953 - yes
6604493 - yes
6523753 - yes
1967042843 - yes
1967078163 - yes
6642153 - yes
6841253 - yes
1967082303 - yes
1967077933 - yes
1967185883 - yes
1966954793 - yes
1967194773 - yes
1967203043 - yes
6331173 - yes
1967014373 - yes
1967039643 - yes
1967188303 - yes
1967202963 - yes
6924443 - yes
1967078763 - yes
1967210453 - yes
1966941683 - yes
1967198053 - yes
6710103 - yes
1967198973 - yes
6887573 - yes
1967191043 - yes
1967086373 - yes
1967089493 - yes
1967186903 - yes
6953033 - yes
1966970083 - yes
1967014443 - yes
6767403 - yes
1966955293 - yes
1967201693 - yes
1967207973 - yes
1967208293 - yes
6501864 - yes
5559264 - yes
1967025984 - yes
1967201244 - yes
1967184834 - yes
1966948864 - yes
1967194894 - yes
6261964 - yes
6618734 - yes
5528334 - yes
1967065544 - yes
1967034044 - yes
1967200594 - yes
1967083184 - yes
6490784 - yes
6665974 - yes
1967199004 - yes
1967207914 - yes
1967066254 - yes
1967032564 - yes
1967198914 - yes
6454534 - yes
1967187374 - yes
1967192764 - yes
1967196034 - yes
1967066134 - yes
1967185774 - yes
1967193934 - yes
1967208504 - yes
1967066514 - yes
1967083694 - yes
1967193184 - yes
6898614 - yes
1967197914 - yes
6613894 - yes
1967203404 - yes
5206064 - yes
5368184 - yes
5495864 - yes
1966963914 - yes
1967203144 - yes
1967190924 - yes
1967074094 - yes
6954224 - yes
1967186764 - yes
1967202914 - yes
5669964 - yes
1967076584 - yes
5544824 - yes
1967203374 - yes
6511554 - yes
6590264 - yes
1967021894 - yes
1966990944 - yes
1967202944 - yes
6737154 - yes
1966977904 - yes
1966999094 - yes
1967082844 - yes
1967197904 - user is active now, no changes done
1967203514 - yes
5800994 - yes
1966963854 - yes
1967191044 - yes
5415364 - yes
6892604 - yes
1967071104 - yes
1966963984 - yes
1967086974 - yes
1967199944 - yes
5690164 - yes
6924164 - yes
1967051794 - yes
1967196864 - yes
1966935714 - yes
1967204244 - yes
6915994 - yes
1966941854 - yes
1966970144 - yes
1966957534 - yes
1967088714 - yes
1967188014 - yes
1967190804 - yes
1967210564 - yes
6534064 - yes
6647994 - yes
6767774 - yes
1967191955 - yes
6243755 - yes
6735845 - yes
1967198605 - yes
1967044045 - yes
1967003755 - yes
6638345 - yes
1967040935 - yes
1967201985 - yes
1967199575 - yes
1967089425 - yes
1967191655 - yes
6636175 - yes
1967203665 - yes
1967204405 - yes
1967207665 - yes
1960759045 - yes
1967194625 - yes
1967194805 - yes
1967186965 - yes
6462045 - yes
1967191535 - yes
1967188775 - yes
6353045 - yes
6186325 - yes
1967206515 - yes
5427535 - yes
1966987345 - yes
1967072795 - yes
1967195155 - yes
1967045215 - yes
6413445 - yes
1966988485 - yes
1967192355 - yes
1967193065 - yes
6362935 - yes
6833825 - yes
1966915285 - yes
1966991155 - yes
1967075985 - yes
5346095 - yes
1967073235 - yes
5329115 - yes
5627605 - yes
6406795 - yes
1967194145 - yes
1967209355 - yes
1967196005 - yes
6402535 - yes
1967195195 - yes
1967204485 - yes
1967207365 - yes
6219745 - yes
1966988605 - yes
1967069865 - yes
1967070505 - yes
1967198165 - yes
1967199765 - yes
1967196795 - yes
6732315 - yes
6858725 - yes
1967051135 - yes
1966991885 - yes
1967196545 - yes
6255735 - yes
1960764375 - yes
1967083965 - yes
6243565 - yes
6430515 - yes
1960771785 - yes
1967196165 - yes
5526135 - yes
6495645 - yes
1966915305 - yes
1967064245 - yes
6333975 - yes
1967191175 - yes
1967013235 - yes
6753475 - yes
1966948605 - yes
1967028125 - yes
1967059125 - yes
1967075715 - yes
1967197905 - yes
1967209555 - yes
1967052765 - yes
1967197355 - yes
5580315 - yes
1967013495 - yes
1967205035 - yes
1967190966 - yes
6349976 - yes
1967193796 - yes
5498526 - yes
1967187786 - yes
1967200526 - yes
1967081216 - yes
1967088686 - yes
1966934836 - yes
1966999716 - yes
1967194436 - yes
1967199086 - yes
1967198006 - yes
1966958386 - yes
1966970036 - yes
1967072706 - yes
1967033096 - yes
1967007196 - yes
6803656 - yes
1967197806 - yes
1967004536 - yes
1967024626 - yes
1967044626 - yes
1967076436 - yes
6320306 - yes
5555816 - yes
1967204616 - yes
1967197126 - yes
6913736 - yes
1967088606 - yes
1967191126 - yes
1967188826 - yes
1967185926 - yes
1967080836 - yes
1967039886 - yes
1967077196 - yes
1967205136 - yes
1967010686 - yes
1966989446 - yes
1967060356 - yes
1967078326 - yes
1967192726 - yes
1967001526 - yes
1967185816 - yes
6355216 - yes
1967202466 - yes
1966911686 - yes
1967031326 - yes
1967039046 - yes
5989226 - yes
1967078026 - yes
1967186776 - yes
6957946 - yes
1966910896 - yes
1966967466 - yes
1967209276 - yes
1966922126 - yes
1966968026 - yes
1967198036 - yes
5724146 - yes
1966928486 - yes
1966922086 - yes
1967089146 - yes
1967205196 - yes
6882036 - yes
1966948586 - yes
1967077876 - yes
1967158896 - yes
1967190296 - yes
6427046 - yes
1966926896 - yes
1967193746 - yes
1967194846 - yes
1967195326 - yes
1967209786 - yes
6288436 - yes
1967184886 - yes
1966949866 - yes
1966999056 - yes
1967056196 - yes
1960764826 - yes
1966955216 - yes
1966977756 - yes
1966945906 - yes
1966997586 - yes
1967087476 - yes
1967198026 - yes
6596096 - yes
6857476 - yes
1967202126 - yes
1967010386 - yes
1967074506 - yes
6725177 - yes
1967196027 - yes
1966967457 - yes
1966975597 - yes
1967005047 - yes
6190227 - yes
1967193667 - yes
1967202157 - yes
1967192357 - yes
1967206857 - yes
1967073087 - yes
1967198337 - yes
1967086597 - yes
1967043297 - yes
1967208907 - yes
1967007397 - yes
6571987 - yes
1966979887 - yes
1967195077 - yes
1967064807 - yes
1967199407 - yes
6555377 - yes
1967186997 - yes
1966983647 - yes
1967061927 - yes
1967198487 - yes
6755147 - yes
1967195397 - yes
1967194957 - yes
1967056307 - yes
6425577 - yes
1967200207 - yes
1967193967 - yes
6304697 - yes
1966984997 - yes
1967067087 - yes
6845867 - yes
1967204657 - yes
5327347 - yes
6217287 - yes
1967076867 - yes
1967088857 - yes
5346087 - yes
1967050217 - yes
1967010907 - yes
1967198667 - yes
1967202577 - yes
6326487 - yes
6337437 - yes
6575477 - yes
1967194247 - yes
1966981337 - yes
1966960197 - yes
1967076477 - yes
5375287 - yes
1967011037 - yes
1967061157 - yes
1967082897 - yes
5563557 - yes
6382727 - yes
6767717 - yes
1967190437 - yes
1967084467 - yes
1967195987 - yes
6928017 - yes
1967204287 - yes
1966914367 - yes
1966917597 - yes
1966921467 - yes
1966962447 - yes
6731167 - yes
1967064197 - yes
1967065877 - yes
5506607 - yes
1966971467 - yes
1967076457 - yes
1967046607 - yes
1967070387 - yes
6539317 - yes
1967037467 - yes
1967083057 - yes
1967196357 - yes
6686897 - yes
1966994767 - yes
1966996157 - yes
1967191467 - yes
6521057 - yes
1967047367 - yes
1967084897 - yes
1967201397 - yes
1967057397 - yes
1967003068 - yes
6441108 - yes
1967030108 - yes
1967082598 - yes
1967205928 - yes
6521008 - yes
5665888 - yes
1967205938 - yes
1967192078 - yes
1966994968 - yes
1967184898 - yes
6276268 - yes
1967083458 - yes
1967207928 - yes
1967031238 - yes
1967087528 - yes
1967196988 - yes
1967201668 - yes
1967007978 - yes
1966963708 - yes
6389928 - yes
1967046818 - yes
1967063948 - yes
6215828 - yes
5786938 - yes
1967016028 - yes
1967194188 - yes
5803038 - yes
1966936758 - yes
6633978 - yes
1967030348 - yes
1967042498 - yes
1966949908 - yes
5461418 - yes
1967200308 - yes
1967030618 - yes
1967188348 - yes
6920948 - yes
1967015338 - yes
1967201898 - yes
6441258 - yes
1967203878 - yes
1967187208 - yes
6652838 - yes
1967036908 - yes
1967013098 - yes
1967200858 - yes
1967079758 - yes
5743328 - yes
1967084538 - yes
1967085098 - yes
1967195658 - yes
6689378 - yes
1967198318 - yes
1966993598 - yes
1967088758 - yes
1967063898 - yes
1967197528 - yes
1967007898 - yes
5478148 - yes
1966907218 - yes
1967087618 - yes
6318748 - yes
6593888 - yes
1967185528 - yes
5279138 - yes
1967202558 - yes
1966985888 - yes
1967193968 - yes
6241448 - yes
1966913598 - yes
1967039768 - yes
1966949958 - yes
1967190278 - yes
1966949278 - yes
1967206758 - yes
6482978 - yes
6506108 - yes
6657159 - yes
6664639 - yes
6363929 - yes
1967007069 - yes
1967208509 - yes
1967189919 - yes
1967202569 - yes
1967187839 - yes
1967193729 - yes
1967203619 - yes
1967198749 - yes
6847129 - yes
1967084539 - yes
6721409 - yes
1967075989 - yes
6593149 - yes
1967085179 - yes
1966953669 - yes
1967190869 - yes
1966956289 - yes
1967206899 - yes
1967195119 - yes
1967088559 - yes
1967067389 - yes
1967064249 - yes
1967085859 - yes
1967190629 - yes
1967151819 - yes
1967089619 - yes
1967057409 - yes
6310959 - yes
1967205929 - yes
1967208119 - yes
1967194559 - yes
1967203249 - yes
1967087049 - yes
6702249 - yes
1967089079 - yes
1967004599 - yes
6600509 - yes
1967185919 - yes
1967198219 - yes
6385229 - yes
5392829 - yes
6778179 - yes
5430299 - yes
1967196669 - yes
1967046599 - yes
1967063779 - yes
6633409 - yes
1967076479 - yes
1967065229 - yes
1967083849 - yes
6492449 - yes
6776039 - yes
1966927129 - yes
1967062169 - yes
1967186509 - yes
1967187159 - yes
1967190449 - yes
1967201649 - yes
6562749 - yes
1967200089 - yes
1966974949 - yes
1966984689 - yes
1967081639 - yes
1967188009 - yes
1967191249 - yes
1967203569 - yes
6320629 - yes
6193419 - yes
1967075259 - yes
1966990439 - yes
1967187269 - yes
1967196759 - yes
1967210319 - yes
6579769 - yes
1966992079 - yes
1967062949 - yes
1967072649 - yes
1967026739 - yes
1967039469 - yes
6699339 - yes
6918859 - yes
1967086439 - yes
1967196819 - yes
1967209109 - yes

Updated 892 out of 893 users 


Saving to /home/gitlab-runner/misc-script-runner/ASE-1687_videoslots/amounts_vs_updated_list.csv
Please add the new file /home/gitlab-runner/misc-script-runner/ASE-1687_videoslots/amounts_vs_updated_list.csv from the script folder to the story. Thanks 

DONE ----- 

```
Script end time: '2025-04-30 11:50:25'
FYI: @mihailo.ilic - script output for `videoslots`
Story 'ASE-1687': done
