Script start time: '2025-04-30 11:49:14'
```shell
Zero balances of self-excluded GB players from csv, generating a report of data updated
-------------
792160 - yes
616810 - yes
768870 - yes
598310 - yes
880850 - yes
806400 - yes
765520 - yes
795920 - yes
863260 - yes
702080 - yes
854620 - yes
766920 - yes
871040 - yes
623760 - yes
755900 - yes
884420 - yes
881950 - yes
620120 - yes
857700 - yes
743190 - yes
699170 - yes
777350 - yes
801680 - yes
861760 - yes
874850 - yes
863030 - yes
883580 - yes
877060 - yes
866000 - yes
873060 - yes
430340 - yes
883850 - yes
875530 - yes
791190 - yes
722200 - yes
862780 - yes
863980 - yes
872260 - yes
861960 - yes
731560 - yes
859220 - yes
879900 - yes
541920 - yes
784380 - yes
702560 - yes
740070 - yes
771970 - yes
683640 - yes
437030 - yes
875540 - yes
769400 - yes
845450 - yes
564780 - yes
770040 - yes
471560 - yes
588410 - yes
687490 - yes
695920 - yes
658290 - yes
846930 - yes
621510 - yes
861850 - yes
884130 - yes
791960 - yes
553140 - yes
875290 - yes
753240 - yes
851310 - yes
872790 - yes
586570 - yes
805090 - yes
730660 - yes
858680 - yes
682200 - yes
702750 - yes
861370 - yes
867450 - yes
623330 - yes
652130 - yes
699920 - yes
870200 - yes
679530 - yes
860950 - yes
854650 - yes
643980 - yes
651750 - yes
679880 - yes
755510 - yes
868040 - yes
868180 - yes
874570 - yes
878820 - yes
526500 - yes
786840 - yes
858530 - yes
880720 - yes
860000 - yes
757340 - yes
853800 - yes
798080 - yes
801970 - yes
702970 - yes
858600 - yes
521090 - yes
875760 - yes
876820 - yes
885610 - yes
501410 - yes
765710 - yes
873720 - yes
741730 - yes
572490 - yes
787120 - yes
488860 - yes
569430 - yes
597660 - yes
718810 - yes
771230 - yes
715680 - yes
762650 - yes
859550 - yes
862210 - yes
857800 - yes
714720 - yes
876160 - yes
295350 - yes
587380 - yes
726830 - yes
797510 - yes
851300 - yes
754900 - yes
847380 - yes
877020 - yes
353070 - yes
667530 - yes
601170 - yes
605610 - yes
697870 - yes
704820 - yes
533080 - yes
722500 - yes
730220 - yes
854250 - yes
877980 - yes
527340 - yes
783880 - yes
865130 - yes
607420 - yes
762840 - yes
783840 - yes
873290 - yes
385890 - yes
743960 - yes
804060 - yes
862560 - yes
322990 - yes
617630 - yes
674350 - yes
698950 - yes
877010 - yes
885100 - yes
589680 - yes
658920 - yes
793500 - yes
850960 - yes
874310 - yes
881060 - yes
634150 - yes
687940 - yes
860080 - yes
886350 - yes
630990 - yes
636930 - yes
717690 - yes
774090 - yes
801410 - yes
877840 - yes
736810 - yes
852490 - yes
784230 - yes
676720 - yes
865720 - yes
624230 - yes
791720 - yes
888580 - yes
754600 - yes
603030 - yes
698030 - yes
691720 - yes
865580 - yes
870450 - yes
871100 - yes
881990 - yes
522910 - yes
574150 - yes
601350 - yes
723180 - yes
879590 - yes
756680 - yes
850990 - yes
872780 - yes
874530 - yes
680830 - yes
759430 - yes
795060 - yes
858980 - yes
621700 - yes
863450 - yes
639020 - yes
881320 - yes
632840 - yes
742420 - yes
770390 - yes
798170 - yes
799850 - yes
860310 - yes
878650 - yes
317130 - yes
666610 - yes
693530 - yes
738380 - yes
797660 - yes
799700 - yes
684800 - yes
787050 - yes
804890 - yes
854980 - yes
462790 - yes
709850 - yes
741970 - yes
770580 - yes
805080 - yes
565490 - yes
609190 - yes
636970 - yes
725790 - yes
741290 - yes
775970 - yes
849270 - yes
502670 - yes
702730 - yes
704260 - yes
731640 - yes
793380 - yes
797000 - yes
802230 - yes
802920 - yes
845120 - yes
857220 - yes
445170 - yes
483800 - yes
533000 - yes
750370 - yes
778620 - yes
781780 - yes
800740 - yes
872030 - yes
611080 - yes
706320 - yes
707600 - yes
720660 - yes
774060 - yes
806240 - yes
857670 - yes
872440 - yes
874300 - yes
887120 - yes
500110 - yes
630410 - yes
689800 - yes
715200 - yes
782920 - yes
878500 - yes
633840 - yes
645470 - yes
683990 - yes
731740 - yes
888750 - yes
633330 - yes
714010 - yes
805770 - yes
854910 - yes
877920 - yes
875061 - yes
847861 - yes
851161 - yes
772311 - yes
712151 - yes
787241 - yes
876421 - yes
798021 - yes
861091 - yes
799611 - yes
805281 - yes
546361 - yes
747081 - yes
756091 - yes
403821 - yes
791821 - yes
752651 - yes
871161 - yes
875351 - yes
671681 - yes
551111 - yes
781951 - yes
654271 - yes
871171 - yes
573391 - yes
536951 - yes
784331 - yes
856621 - yes
342601 - yes
704591 - yes
772791 - yes
869371 - yes
860911 - yes
878761 - yes
854601 - yes
881331 - yes
865391 - yes
677361 - yes
673251 - yes
727531 - yes
800931 - yes
878821 - yes
794151 - yes
866101 - yes
623641 - yes
791411 - yes
874021 - yes
366361 - yes
582981 - yes
581191 - yes
671941 - yes
847261 - yes
539571 - yes
854541 - yes
602661 - yes
762881 - yes
585161 - yes
856951 - yes
674391 - yes
748951 - yes
724891 - yes
528801 - yes
789991 - yes
580921 - yes
884041 - yes
886971 - yes
860441 - yes
530601 - yes
778681 - yes
851851 - yes
804851 - yes
854501 - yes
880131 - yes
654521 - yes
798241 - yes
649261 - yes
583781 - yes
870091 - yes
696161 - yes
861031 - yes
879391 - yes
343431 - yes
742161 - yes
864531 - yes
885011 - yes
771791 - yes
865251 - yes
875961 - yes
861411 - yes
874511 - yes
865341 - yes
639951 - yes
887661 - yes
700581 - yes
870141 - yes
800091 - yes
869041 - yes
875121 - yes
568491 - yes
616531 - yes
801851 - yes
847721 - yes
863661 - yes
772751 - yes
800061 - yes
860831 - yes
768891 - yes
880481 - yes
760741 - yes
636221 - yes
687131 - yes
860581 - yes
419851 - yes
553091 - yes
690091 - yes
778891 - yes
860171 - yes
680601 - yes
698161 - yes
738321 - yes
786921 - yes
552171 - yes
655151 - yes
721231 - yes
872491 - yes
620851 - yes
867671 - yes
883641 - yes
557091 - yes
571521 - yes
681351 - yes
800271 - yes
871851 - yes
542361 - yes
775681 - yes
794181 - yes
731051 - yes
858461 - yes
882581 - yes
745921 - yes
862311 - yes
805251 - yes
430511 - yes
519451 - yes
541011 - yes
550711 - yes
785541 - yes
846781 - yes
872821 - yes
710941 - yes
786591 - yes
787511 - yes
858081 - yes
863281 - yes
798581 - yes
851601 - yes
884981 - yes
535071 - yes
632191 - yes
723111 - yes
797421 - yes
426751 - yes
876381 - yes
885151 - yes
576261 - yes
665701 - yes
728571 - yes
586401 - yes
655951 - yes
665411 - yes
797101 - yes
856711 - yes
881931 - yes
667971 - yes
801531 - yes
802241 - yes
857261 - yes
602301 - yes
721851 - yes
744561 - yes
859691 - yes
572471 - yes
630061 - yes
788501 - yes
869031 - yes
869141 - yes
869591 - yes
873541 - yes
886091 - yes
512201 - yes
611761 - yes
652591 - yes
679031 - yes
766561 - yes
769651 - yes
797121 - yes
871711 - yes
875461 - yes
584251 - yes
741571 - yes
763861 - yes
878091 - yes
501011 - yes
570421 - yes
740491 - yes
801161 - yes
590091 - yes
754051 - yes
577121 - yes
582021 - yes
711421 - yes
790811 - yes
684581 - yes
713261 - yes
717771 - yes
723481 - yes
850771 - yes
867301 - yes
726771 - yes
798701 - yes
869621 - yes
767691 - yes
776831 - yes
554051 - yes
768751 - yes
887481 - yes
546231 - yes
589371 - yes
673081 - yes
703151 - yes
746491 - yes
755201 - yes
787651 - yes
853661 - yes
474181 - yes
635621 - yes
682971 - yes
713061 - yes
764581 - yes
786961 - yes
857791 - yes
886311 - yes
725091 - yes
743281 - yes
778601 - yes
801451 - yes
869841 - yes
882681 - yes
887301 - yes
576991 - yes
618251 - yes
782021 - yes
856251 - yes
881841 - yes
888131 - yes
428341 - yes
500131 - yes
593271 - yes
646981 - yes
708781 - yes
736961 - yes
572741 - yes
619621 - yes
714861 - yes
846291 - yes
480731 - yes
684081 - yes
705561 - yes
766591 - yes
777651 - yes
793051 - yes
714071 - yes
744301 - yes
761101 - yes
777771 - yes
795051 - yes
852821 - yes
862051 - yes
292471 - yes
656921 - yes
665251 - yes
796401 - yes
851631 - yes
867371 - yes
874051 - yes
884261 - yes
664822 - yes
854802 - yes
861552 - yes
804052 - yes
853392 - yes
869232 - yes
726882 - yes
663982 - yes
691802 - yes
878772 - yes
438392 - yes
657652 - yes
686442 - yes
796962 - yes
432782 - yes
686432 - yes
752912 - yes
730642 - yes
864712 - yes
869742 - yes
788442 - yes
865292 - yes
619842 - yes
739052 - yes
772642 - yes
878162 - yes
871402 - yes
440802 - yes
603162 - yes
645322 - yes
786032 - yes
678832 - yes
848362 - yes
708142 - yes
862292 - yes
867302 - yes
376312 - yes
634632 - yes
873602 - yes
870202 - yes
659612 - yes
862502 - yes
690402 - yes
581992 - yes
610592 - yes
860302 - yes
496332 - yes
773082 - yes
872612 - yes
597682 - yes
536182 - yes
868922 - yes
322572 - yes
658312 - yes
660962 - yes
705672 - yes
864752 - yes
865032 - yes
847752 - yes
733292 - yes
855632 - yes
877032 - yes
862742 - yes
780022 - yes
865052 - yes
869142 - yes
777052 - yes
289862 - yes
854602 - yes
872562 - yes
793902 - yes
297622 - yes
850512 - yes
551862 - yes
706872 - yes
868182 - yes
323432 - yes
603182 - yes
799812 - yes
874292 - yes
529002 - yes
577592 - yes
661682 - yes
737582 - yes
803422 - yes
803652 - yes
569172 - yes
736182 - yes
860682 - yes
810602 - yes
847592 - yes
863842 - yes
721892 - yes
797802 - yes
856522 - yes
872012 - yes
662732 - yes
748062 - yes
766672 - yes
850972 - yes
868702 - yes
877342 - yes
522242 - yes
810782 - yes
495212 - yes
797692 - yes
850532 - yes
876202 - yes
567912 - yes
611962 - yes
700682 - yes
792772 - yes
848022 - yes
849732 - yes
861322 - yes
873042 - yes
861582 - yes
759432 - yes
878942 - yes
799312 - yes
865622 - yes
587162 - yes
853602 - yes
607502 - yes
803542 - yes
869472 - yes
532082 - yes
797122 - yes
870282 - yes
696182 - yes
791952 - yes
880752 - yes
586132 - yes
654302 - yes
851012 - yes
874152 - yes
779502 - yes
869582 - yes
802372 - yes
859422 - yes
861232 - cash_balance changed beyond tolerance, no changes done
863772 - yes
602822 - yes
864242 - yes
883242 - yes
884982 - yes
727782 - yes
747312 - yes
800212 - yes
866592 - yes
587772 - yes
722092 - yes
788912 - yes
790022 - yes
862722 - yes
487362 - yes
855122 - yes
861852 - yes
874792 - yes
485282 - yes
886862 - yes
798802 - yes
860632 - yes
700732 - yes
802062 - yes
888532 - yes
732272 - yes
865282 - yes
680802 - yes
688802 - yes
764822 - yes
870962 - yes
744492 - yes
857302 - yes
799602 - yes
869942 - yes
664952 - yes
874062 - yes
322012 - yes
539092 - yes
785012 - yes
867382 - yes
888462 - yes
543182 - yes
745182 - yes
879222 - yes
556102 - yes
655872 - yes
788192 - yes
860092 - yes
866612 - yes
872522 - yes
870122 - yes
422972 - yes
585422 - yes
663412 - yes
780952 - yes
784772 - yes
801582 - yes
799752 - yes
760042 - yes
313652 - yes
326512 - yes
775202 - yes
785272 - yes
798742 - yes
847702 - yes
851432 - yes
857102 - yes
862462 - yes
863572 - yes
864602 - yes
364292 - yes
600522 - yes
792682 - yes
860112 - yes
863992 - yes
874042 - yes
881362 - yes
489222 - yes
620332 - yes
648912 - yes
671522 - yes
683442 - yes
713362 - yes
716222 - yes
719802 - yes
774672 - yes
793472 - yes
803582 - yes
806352 - yes
869912 - yes
870002 - yes
592282 - yes
650082 - yes
767602 - yes
778992 - yes
850442 - yes
857662 - yes
874862 - yes
297042 - yes
561572 - yes
599442 - yes
752602 - yes
861182 - yes
888552 - yes
556802 - yes
573552 - yes
631122 - yes
722552 - yes
740412 - yes
743492 - yes
760612 - yes
774032 - yes
860082 - yes
639152 - yes
642142 - yes
732292 - yes
387002 - yes
616442 - yes
717912 - yes
776412 - yes
778032 - yes
848252 - yes
865232 - yes
888102 - yes
332112 - yes
686422 - yes
799792 - yes
801692 - yes
850562 - yes
872982 - yes
857153 - yes
749733 - yes
850643 - yes
703683 - yes
859163 - yes
879293 - yes
873093 - yes
774763 - yes
847113 - yes
882973 - yes
638233 - yes
565323 - yes
867863 - yes
472313 - yes
849973 - yes
467993 - yes
548883 - yes
856613 - yes
748183 - yes
571863 - yes
865433 - yes
522693 - yes
544283 - yes
862723 - yes
763193 - yes
871213 - yes
847343 - yes
862543 - yes
864543 - yes
878033 - yes
876373 - yes
878503 - yes
793593 - yes
848393 - yes
792663 - yes
857373 - yes
677853 - yes
781393 - yes
782513 - yes
866083 - yes
869233 - yes
871773 - yes
568033 - yes
868453 - yes
852423 - yes
854483 - yes
863563 - yes
714373 - yes
858663 - yes
658473 - yes
733473 - yes
787983 - yes
865653 - yes
519753 - yes
791093 - yes
614193 - yes
781163 - yes
858873 - yes
341453 - yes
858543 - yes
862813 - yes
863123 - yes
855613 - yes
885783 - yes
716823 - yes
880943 - yes
779143 - yes
856713 - yes
885043 - yes
864413 - yes
855973 - yes
701393 - yes
734733 - yes
857633 - yes
796563 - yes
864023 - yes
676943 - yes
629263 - yes
683393 - yes
866983 - yes
870673 - yes
850203 - yes
876693 - yes
446573 - yes
884683 - yes
596953 - yes
878553 - yes
775373 - yes
631783 - yes
657693 - yes
877313 - yes
609853 - yes
746383 - yes
708553 - yes
859343 - yes
845053 - yes
874493 - yes
861903 - yes
613083 - yes
801773 - yes
859873 - yes
872913 - yes
874423 - yes
876183 - yes
778863 - yes
789383 - yes
859283 - yes
660453 - yes
719883 - yes
756783 - yes
377323 - yes
785213 - yes
859533 - yes
873363 - yes
579913 - yes
853343 - yes
863133 - yes
882323 - yes
473913 - yes
685273 - yes
750163 - yes
782833 - yes
786203 - yes
746673 - yes
548513 - yes
861943 - yes
443233 - yes
782733 - yes
852373 - yes
765673 - yes
776353 - yes
880153 - yes
750563 - yes
723043 - yes
875603 - yes
618403 - yes
700773 - yes
727773 - yes
860993 - yes
589723 - yes
883673 - yes
800343 - yes
860743 - yes
541713 - yes
864273 - yes
557113 - yes
690963 - yes
883503 - yes
743933 - yes
753143 - yes
802713 - yes
886843 - yes
542873 - yes
672213 - yes
868423 - yes
873463 - yes
622733 - yes
524223 - yes
701543 - yes
741613 - yes
858953 - yes
590063 - yes
486523 - yes
610743 - yes
710273 - yes
737703 - yes
802703 - yes
864003 - yes
866873 - yes
744933 - yes
803993 - yes
885933 - yes
766183 - yes
551493 - yes
870573 - yes
707133 - yes
846713 - yes
847323 - yes
878743 - yes
615913 - yes
651013 - yes
806093 - yes
861873 - yes
880673 - yes
764103 - yes
781513 - yes
859023 - yes
586563 - yes
586863 - yes
719633 - yes
737833 - yes
767263 - yes
874823 - yes
851283 - yes
860773 - yes
868853 - yes
881413 - yes
621223 - yes
693213 - yes
705273 - yes
772893 - yes
862733 - yes
863813 - yes
872963 - yes
799953 - yes
588473 - yes
702323 - yes
862193 - yes
798753 - yes
804383 - yes
848253 - yes
868943 - yes
878383 - yes
887293 - yes
628663 - yes
851603 - yes
875183 - yes
741123 - yes
778983 - yes
851003 - yes
862073 - yes
863733 - yes
878883 - yes
888343 - yes
561163 - yes
619423 - yes
716683 - yes
747083 - yes
778783 - yes
788533 - yes
846263 - yes
855263 - yes
886923 - yes
589083 - yes
619653 - yes
683863 - yes
716443 - yes
736803 - yes
764513 - yes
849333 - yes
887383 - yes
294033 - yes
476743 - yes
496783 - yes
792983 - yes
796993 - yes
801073 - yes
864123 - yes
590793 - yes
596903 - yes
617003 - yes
783783 - yes
798323 - yes
883173 - yes
593033 - yes
609353 - yes
641313 - yes
740993 - yes
851833 - yes
872643 - yes
875973 - yes
327293 - yes
570673 - yes
604343 - yes
630253 - yes
709083 - yes
758303 - yes
768863 - yes
848053 - yes
887403 - yes
691793 - yes
778463 - yes
848313 - yes
700144 - yes
870724 - yes
768284 - yes
871104 - yes
683254 - yes
789384 - yes
797264 - yes
740554 - yes
870874 - yes
845284 - yes
867504 - yes
876374 - yes
882654 - yes
613174 - yes
879364 - yes
880744 - yes
875224 - yes
653684 - yes
728504 - yes
644234 - yes
741554 - yes
871744 - yes
877594 - yes
857254 - yes
746634 - yes
695384 - yes
621944 - yes
858144 - yes
688404 - yes
421594 - yes
738674 - yes
806104 - yes
796754 - yes
872924 - yes
566844 - yes
780564 - yes
857954 - yes
846484 - yes
864044 - yes
869564 - yes
862804 - yes
800984 - yes
857444 - yes
621444 - yes
867814 - yes
869194 - yes
544034 - yes
799204 - yes
582464 - yes
879284 - yes
874204 - yes
874804 - yes
859564 - yes
866234 - yes
853524 - yes
705744 - yes
695594 - yes
855154 - yes
872554 - yes
855474 - yes
714954 - yes
880034 - yes
888304 - yes
305834 - yes
741594 - yes
445614 - yes
574144 - yes
332324 - yes
867934 - yes
538514 - yes
610984 - yes
668704 - yes
748494 - yes
770874 - yes
801564 - yes
879614 - yes
385744 - yes
535244 - yes
566964 - yes
612034 - yes
770384 - yes
863644 - yes
847224 - yes
867214 - yes
765944 - yes
876774 - yes
882604 - yes
737654 - yes
327744 - yes
864504 - yes
801204 - yes
805294 - yes
788944 - yes
878784 - yes
603584 - yes
806654 - yes
641934 - yes
761424 - yes
873254 - yes
620604 - yes
869754 - yes
737484 - yes
850774 - yes
862854 - yes
865524 - yes
436124 - yes
670924 - yes
866334 - yes
600144 - yes
851634 - yes
871604 - yes
884374 - yes
566484 - yes
583804 - yes
855274 - yes
884764 - yes
721144 - yes
862704 - yes
888724 - yes
777494 - yes
868234 - yes
774964 - yes
494374 - yes
777904 - yes
845944 - yes
880564 - yes
527734 - yes
729394 - yes
885804 - yes
886714 - yes
581734 - yes
803164 - yes
861834 - yes
793014 - yes
477004 - yes
867044 - yes
878534 - yes
845044 - yes
881314 - yes
770114 - yes
798934 - yes
665344 - yes
802264 - yes
875774 - yes
759014 - yes
864944 - yes
793964 - yes
318494 - yes
764494 - yes
881994 - yes
883694 - yes
559364 - yes
597954 - yes
724704 - yes
845824 - yes
853634 - yes
633584 - yes
674324 - yes
798294 - yes
868004 - yes
877934 - yes
603934 - yes
846034 - yes
860104 - yes
559034 - yes
768534 - yes
793694 - yes
803214 - yes
806784 - yes
859744 - yes
676774 - yes
725394 - yes
783034 - yes
297984 - yes
333774 - yes
648514 - yes
758514 - yes
848634 - yes
856234 - yes
443474 - yes
695284 - yes
699484 - yes
740924 - yes
794854 - yes
848554 - yes
854234 - yes
871774 - yes
704064 - yes
727204 - yes
863374 - yes
748604 - yes
863624 - yes
869014 - yes
698014 - yes
717774 - yes
774184 - yes
880234 - yes
760684 - yes
848134 - yes
871674 - yes
878764 - yes
591624 - yes
683884 - yes
719614 - yes
884084 - yes
880604 - yes
711584 - yes
734024 - yes
745424 - yes
562854 - yes
629714 - yes
639024 - yes
679864 - yes
719934 - yes
733534 - yes
765474 - yes
887674 - yes
888444 - yes
567754 - yes
660454 - yes
684474 - yes
782454 - yes
859174 - yes
875524 - yes
677374 - yes
717684 - yes
726814 - yes
774094 - yes
793724 - yes
795314 - yes
804904 - yes
877954 - yes
888554 - yes
504754 - yes
579364 - yes
630514 - yes
670464 - yes
683174 - yes
729214 - yes
787274 - yes
888344 - yes
328024 - yes
406904 - yes
647044 - yes
675944 - yes
716204 - yes
784634 - yes
800764 - yes
289184 - yes
531544 - yes
592224 - yes
711714 - yes
753634 - yes
866464 - yes
868504 - yes
879834 - yes
520224 - yes
577844 - yes
678474 - yes
765184 - yes
853364 - yes
475924 - yes
689294 - yes
743374 - yes
788334 - yes
696104 - yes
751364 - yes
870184 - yes
654845 - yes
765785 - yes
853515 - yes
693065 - yes
755945 - yes
859865 - yes
845105 - yes
805895 - yes
515985 - yes
745835 - yes
802355 - yes
726615 - yes
859565 - yes
880245 - yes
584755 - yes
869045 - yes
664605 - yes
874565 - yes
638025 - yes
865135 - yes
871805 - yes
861745 - yes
617365 - yes
743545 - yes
565835 - yes
795915 - yes
304555 - yes
874825 - yes
546475 - yes
859245 - yes
883185 - yes
881915 - yes
868775 - yes
596645 - yes
387965 - yes
879645 - yes
880745 - yes
875505 - yes
790415 - yes
875125 - yes
703065 - yes
716035 - yes
766695 - yes
858235 - yes
860915 - yes
768535 - yes
872005 - yes
878475 - yes
589475 - yes
672945 - yes
629575 - yes
638325 - yes
864165 - yes
490035 - yes
650495 - yes
875995 - yes
852295 - yes
772995 - yes
804405 - yes
702625 - yes
860065 - yes
532375 - yes
685025 - yes
800875 - yes
561395 - yes
716535 - yes
685635 - yes
786155 - yes
353095 - yes
387455 - yes
670005 - yes
798835 - yes
868195 - yes
759975 - yes
869215 - yes
858165 - yes
731165 - yes
725935 - yes
730835 - yes
776235 - yes
599105 - yes
872755 - yes
881105 - yes
682965 - yes
798375 - yes
879135 - yes
678705 - yes
859825 - yes
868705 - yes
719505 - yes
769145 - yes
848735 - yes
886385 - yes
723545 - yes
852735 - yes
475205 - yes
876115 - yes
316375 - yes
876535 - yes
691585 - yes
846055 - yes
863125 - yes
871085 - yes
769565 - yes
684365 - yes
690215 - yes
747775 - yes
871475 - yes
873215 - yes
877645 - yes
620495 - yes
634275 - yes
684245 - yes
779805 - yes
804435 - yes
722105 - yes
876515 - yes
559975 - yes
745685 - yes
867385 - yes
880285 - yes
564145 - yes
863095 - yes
554295 - yes
598125 - yes
860195 - yes
867035 - yes
707665 - yes
870875 - yes
739855 - yes
736025 - yes
788685 - yes
795515 - yes
798715 - yes
314925 - yes
669585 - yes
746485 - yes
848135 - yes
883805 - yes
786165 - yes
870525 - yes
726565 - yes
754125 - yes
863435 - yes
865895 - yes
877045 - yes
738955 - yes
869115 - yes
885065 - yes
569345 - yes
640945 - yes
854895 - yes
860165 - yes
865495 - yes
886435 - yes
405705 - yes
542085 - yes
600505 - yes
616295 - yes
635405 - yes
726855 - yes
752985 - yes
759965 - yes
792655 - yes
886965 - yes
614635 - yes
638155 - yes
801015 - yes
852785 - yes
870805 - yes
302815 - yes
778675 - yes
796905 - yes
858345 - yes
874685 - yes
886945 - yes
478445 - yes
547655 - yes
733855 - yes
746085 - yes
878355 - yes
542855 - yes
711875 - yes
762695 - yes
870355 - yes
886735 - yes
387235 - yes
472255 - yes
570755 - yes
651535 - yes
753745 - yes
767045 - yes
794565 - yes
620715 - yes
655885 - yes
847945 - yes
879265 - yes
883175 - yes
887015 - yes
718055 - yes
769365 - yes
799905 - yes
776355 - yes
800405 - yes
887965 - yes
619415 - yes
783715 - yes
797855 - yes
860505 - yes
870475 - yes
415355 - yes
571565 - yes
734915 - yes
790615 - yes
590835 - yes
734775 - yes
756385 - yes
765895 - yes
795265 - yes
737445 - yes
886115 - yes
546215 - yes
604765 - yes
705925 - yes
726075 - yes
768245 - yes
803115 - yes
859075 - yes
872455 - yes
887685 - yes
709585 - yes
794295 - yes
798875 - yes
872185 - yes
549815 - yes
644835 - yes
711495 - yes
804805 - yes
859385 - yes
344605 - yes
695295 - yes
792175 - yes
803025 - yes
851225 - yes
883875 - yes
612835 - yes
612935 - yes
666255 - yes
771485 - yes
771585 - yes
862655 - yes
885025 - yes
612805 - yes
737545 - yes
748965 - yes
859545 - yes
860295 - yes
554195 - yes
719395 - yes
729525 - yes
764245 - yes
847015 - yes
856455 - yes
860095 - yes
869495 - yes
478765 - yes
655485 - yes
697645 - yes
701695 - yes
845495 - yes
853965 - yes
855775 - yes
863835 - yes
885805 - yes
571095 - yes
574535 - yes
702895 - yes
746365 - yes
868935 - yes
878185 - yes
875846 - yes
712506 - yes
872516 - yes
867856 - yes
859136 - yes
860796 - yes
864566 - yes
565756 - yes
851936 - yes
777256 - yes
803276 - yes
868156 - yes
863446 - yes
867866 - yes
800896 - yes
865926 - yes
742116 - yes
506846 - yes
862746 - yes
520896 - yes
786596 - yes
858436 - yes
876486 - yes
659816 - yes
684956 - yes
862756 - yes
766896 - yes
784556 - yes
871646 - yes
569286 - yes
867366 - yes
777366 - yes
805716 - yes
868856 - yes
865476 - yes
855936 - yes
862056 - yes
312316 - yes
858176 - yes
723006 - yes
580446 - yes
795966 - yes
859116 - yes
754626 - yes
854186 - yes
879736 - yes
524476 - yes
856246 - yes
806766 - yes
864466 - yes
561746 - yes
695856 - yes
766206 - yes
854846 - yes
588716 - yes
883536 - yes
754086 - yes
606846 - yes
797116 - yes
570666 - yes
797946 - yes
646116 - yes
700996 - yes
660626 - yes
883496 - yes
869416 - yes
854036 - yes
858946 - yes
395436 - yes
753286 - yes
801116 - yes
868436 - yes
888316 - yes
660176 - yes
746216 - yes
885816 - yes
873066 - yes
882936 - yes
778716 - yes
850886 - yes
864446 - yes
867206 - yes
803706 - yes
864996 - yes
847256 - yes
862586 - yes
860216 - yes
426586 - yes
771116 - yes
769516 - yes
643726 - yes
732126 - yes
756696 - yes
863756 - yes
867956 - yes
887616 - yes
710906 - yes
723126 - yes
801256 - yes
645166 - yes
879226 - user is active now, no changes done
680826 - yes
855016 - yes
802886 - yes
868626 - yes
792316 - yes
881776 - yes
716946 - yes
868706 - yes
483796 - yes
777966 - yes
876086 - yes
870126 - yes
417936 - yes
709266 - yes
767136 - yes
794966 - yes
801356 - yes
886996 - yes
522936 - yes
694906 - yes
788946 - yes
794266 - yes
314626 - yes
797966 - yes
851346 - yes
869236 - yes
871316 - yes
860396 - yes
631316 - yes
673786 - yes
723576 - yes
789736 - yes
856036 - yes
870666 - yes
876056 - yes
650946 - yes
876596 - yes
529466 - yes
796756 - yes
495396 - yes
606826 - yes
771636 - yes
534116 - yes
542236 - yes
882586 - yes
883946 - yes
634196 - yes
696826 - yes
718386 - yes
719386 - yes
852236 - yes
862546 - yes
327706 - yes
636906 - yes
780276 - yes
794786 - yes
800426 - yes
522106 - yes
584256 - yes
732756 - yes
845826 - yes
846326 - yes
855746 - yes
534226 - yes
566346 - yes
675406 - yes
860836 - yes
620636 - yes
748646 - yes
528946 - yes
548146 - yes
607236 - yes
846546 - yes
860996 - yes
694776 - yes
769876 - yes
885656 - yes
293496 - yes
544296 - yes
780066 - yes
875216 - yes
874736 - yes
760416 - yes
772726 - yes
801346 - yes
863236 - yes
605126 - yes
792056 - yes
798156 - yes
858416 - yes
875386 - yes
883166 - yes
592186 - yes
700236 - yes
708696 - yes
852786 - yes
629836 - yes
753086 - yes
750236 - yes
804456 - yes
870796 - yes
885686 - yes
437096 - yes
561996 - yes
868426 - yes
877096 - yes
534736 - yes
619476 - yes
667266 - yes
696316 - yes
712166 - yes
761616 - yes
782356 - yes
886346 - yes
575586 - yes
617776 - yes
761126 - yes
788386 - yes
828266 - yes
580886 - yes
720696 - yes
721296 - yes
724186 - yes
802016 - yes
855586 - yes
871706 - yes
532576 - yes
545846 - yes
586496 - yes
616276 - yes
771876 - yes
888176 - yes
503446 - yes
730686 - yes
792136 - yes
798016 - yes
858666 - yes
861746 - yes
593946 - yes
708446 - yes
730326 - yes
780036 - yes
784406 - yes
846696 - yes
783506 - yes
859776 - yes
522986 - yes
540386 - yes
564076 - yes
565576 - yes
722726 - yes
738966 - yes
887276 - yes
604276 - yes
668936 - yes
675446 - yes
770926 - yes
858356 - yes
877886 - yes
885246 - yes
496877 - yes
883367 - yes
774777 - yes
848157 - yes
873537 - yes
693417 - yes
710607 - yes
873387 - yes
348527 - yes
601287 - yes
884957 - yes
531517 - yes
861097 - yes
732157 - yes
850457 - yes
883477 - yes
623277 - yes
788387 - yes
707507 - yes
724907 - yes
739457 - yes
490027 - yes
592657 - yes
801047 - yes
869877 - yes
854557 - yes
877277 - yes
682207 - yes
675917 - yes
877497 - yes
556107 - yes
572887 - yes
845717 - yes
861967 - yes
872087 - yes
769547 - yes
664257 - yes
535697 - yes
874767 - yes
875647 - yes
873997 - yes
875167 - yes
672627 - yes
884437 - yes
772397 - yes
882447 - yes
772207 - yes
860687 - yes
665187 - yes
747057 - yes
522247 - yes
806717 - yes
849047 - yes
862497 - yes
869247 - yes
550387 - yes
876187 - yes
712877 - yes
548397 - yes
706617 - yes
714527 - yes
863957 - yes
564297 - yes
865417 - yes
647737 - yes
625217 - yes
860697 - yes
878827 - yes
858117 - yes
863087 - yes
861037 - yes
747677 - yes
869437 - yes
493277 - yes
687627 - yes
800397 - yes
883747 - yes
778867 - yes
860557 - yes
862807 - yes
872867 - yes
789297 - yes
309337 - yes
512557 - yes
874497 - yes
548847 - yes
802937 - yes
856607 - yes
803077 - yes
650137 - yes
679387 - yes
884797 - yes
603007 - yes
787637 - yes
849447 - yes
610367 - yes
866547 - yes
848187 - yes
551387 - yes
792567 - yes
872147 - yes
763437 - yes
848357 - yes
557087 - yes
853277 - yes
880837 - yes
850797 - yes
859757 - yes
721877 - yes
289497 - yes
844747 - yes
858877 - yes
875517 - yes
739377 - yes
794937 - yes
871427 - yes
552367 - yes
784667 - yes
851257 - yes
853947 - yes
865337 - yes
864267 - yes
867467 - yes
307257 - yes
602527 - yes
612037 - yes
777007 - yes
870117 - yes
885087 - yes
726547 - yes
777877 - yes
870797 - yes
751517 - yes
587437 - yes
765577 - yes
716827 - yes
763687 - yes
856717 - yes
867987 - yes
751177 - yes
554537 - yes
864827 - yes
866117 - yes
866057 - yes
861347 - yes
883487 - yes
387297 - yes
744297 - yes
793207 - yes
870187 - yes
880547 - yes
685827 - yes
704047 - yes
870837 - yes
802657 - yes
874517 - yes
561747 - yes
744937 - yes
748917 - yes
850227 - yes
806127 - yes
851647 - yes
859737 - yes
407737 - yes
781387 - yes
875687 - yes
609587 - yes
794507 - yes
798787 - yes
863277 - yes
790787 - yes
800357 - yes
692037 - yes
758757 - yes
800057 - yes
861167 - yes
861447 - yes
863877 - yes
873987 - yes
874747 - yes
602777 - yes
690197 - yes
734077 - yes
743407 - yes
805647 - yes
857617 - yes
876117 - yes
613127 - yes
752047 - yes
885167 - yes
499727 - yes
511217 - yes
637707 - yes
718887 - yes
863057 - yes
876277 - yes
686987 - yes
713547 - yes
850247 - yes
851737 - yes
863907 - yes
863027 - yes
863237 - yes
628057 - yes
633307 - yes
740657 - yes
801667 - yes
368537 - yes
444577 - yes
743527 - yes
751317 - yes
294377 - yes
666197 - yes
720067 - yes
802557 - yes
848307 - yes
851237 - yes
856817 - yes
888187 - yes
491747 - yes
520007 - yes
548667 - yes
585607 - yes
603497 - yes
604687 - yes
803237 - yes
849827 - yes
887107 - yes
699717 - yes
723187 - yes
772687 - yes
848347 - yes
873707 - yes
440147 - yes
591017 - yes
659307 - yes
806017 - yes
859957 - yes
867927 - yes
882227 - yes
887197 - yes
532577 - yes
546807 - yes
564697 - yes
575507 - yes
582467 - yes
696407 - yes
799047 - yes
804777 - yes
858007 - yes
878087 - yes
500047 - yes
711347 - yes
717437 - yes
742587 - yes
766447 - yes
861987 - yes
867717 - yes
872037 - yes
878917 - yes
313717 - yes
580717 - yes
739727 - yes
755817 - yes
793187 - yes
833488 - yes
861628 - yes
570798 - yes
724588 - yes
879308 - yes
864208 - yes
884368 - yes
785908 - yes
570078 - yes
717348 - yes
745158 - yes
720808 - yes
852718 - yes
309878 - yes
850138 - yes
742188 - yes
858298 - yes
694578 - yes
862788 - yes
864688 - yes
886188 - yes
802918 - yes
862568 - yes
865318 - yes
682048 - yes
859168 - yes
388348 - yes
796558 - yes
655808 - yes
672358 - yes
864258 - yes
517518 - yes
550788 - yes
801828 - yes
677088 - yes
737778 - yes
804098 - yes
795658 - yes
801938 - yes
797598 - yes
878268 - yes
883768 - yes
500488 - yes
863588 - yes
727698 - yes
850398 - yes
865338 - yes
857968 - yes
881668 - yes
575098 - yes
635458 - yes
676418 - yes
750048 - yes
784288 - yes
865358 - yes
872628 - yes
722548 - yes
603368 - yes
806628 - yes
853558 - yes
789978 - yes
860458 - yes
860968 - yes
863428 - yes
848188 - yes
674538 - yes
360828 - yes
704918 - yes
804958 - yes
868888 - yes
877938 - yes
872738 - yes
804698 - yes
855838 - yes
881678 - yes
799678 - yes
857758 - yes
866218 - yes
868498 - yes
880058 - yes
802658 - yes
860498 - yes
768288 - yes
872148 - yes
878928 - yes
750768 - yes
852878 - yes
862098 - yes
674148 - yes
800238 - yes
789408 - yes
873748 - yes
663678 - yes
847788 - yes
789848 - yes
804548 - yes
854278 - yes
619328 - yes
780638 - yes
765638 - yes
793798 - yes
881608 - yes
801608 - yes
836038 - yes
780868 - yes
855448 - yes
704688 - yes
884698 - yes
774488 - yes
854218 - yes
867078 - yes
481358 - yes
579308 - yes
683678 - yes
708588 - yes
879938 - yes
772028 - yes
880738 - yes
485948 - yes
848998 - yes
645098 - yes
865408 - yes
861748 - yes
603798 - yes
737948 - yes
781968 - yes
863488 - yes
882038 - yes
737068 - yes
869018 - yes
875148 - yes
570328 - yes
628208 - yes
670658 - yes
878898 - yes
879968 - yes
650628 - yes
756358 - yes
851168 - yes
669838 - yes
730648 - yes
799648 - yes
802558 - yes
866358 - yes
870818 - yes
888618 - yes
580038 - yes
804498 - yes
857738 - yes
771078 - yes
805818 - yes
806838 - yes
862858 - yes
561028 - yes
696388 - yes
741388 - yes
767828 - yes
858828 - yes
868908 - yes
878518 - yes
629318 - yes
660688 - yes
672288 - yes
695588 - yes
870368 - yes
763888 - yes
797118 - yes
834588 - yes
857718 - yes
861288 - yes
617238 - yes
786028 - yes
800298 - yes
876278 - yes
775458 - yes
780488 - yes
794418 - yes
877778 - yes
514188 - yes
726478 - yes
851578 - yes
858118 - yes
859538 - yes
862598 - yes
873968 - yes
598488 - yes
622258 - yes
856448 - yes
878258 - yes
888258 - yes
324058 - yes
517778 - yes
556928 - yes
572158 - yes
783568 - yes
802688 - yes
882378 - yes
882748 - yes
684418 - yes
861958 - yes
862508 - yes
862618 - yes
880298 - yes
449178 - yes
500598 - yes
686988 - yes
773718 - yes
797418 - yes
290458 - yes
362858 - yes
574978 - yes
596858 - yes
713538 - yes
714968 - yes
745038 - yes
801888 - yes
864998 - yes
881488 - yes
887208 - yes
294278 - yes
694278 - yes
706378 - yes
729878 - yes
746118 - yes
777878 - yes
847758 - yes
848538 - yes
859648 - yes
874288 - yes
882898 - yes
328188 - yes
471818 - yes
549418 - yes
574318 - yes
712808 - yes
730608 - yes
773028 - yes
784278 - yes
879808 - yes
445808 - yes
623848 - yes
627788 - yes
696378 - yes
714738 - yes
758298 - yes
773358 - yes
802578 - yes
845408 - yes
865439 - yes
855959 - yes
849599 - yes
734829 - yes
683079 - yes
640189 - yes
864069 - yes
874319 - yes
858019 - yes
862469 - yes
759089 - yes
629789 - yes
868239 - yes
882059 - yes
884139 - yes
880549 - yes
863449 - yes
859389 - yes
761749 - yes
882339 - yes
851099 - yes
330369 - yes
680979 - yes
659479 - yes
806569 - yes
864699 - yes
799939 - yes
876659 - yes
859949 - yes
780949 - yes
701849 - yes
735159 - yes
852889 - yes
329439 - yes
871329 - yes
801809 - yes
853999 - yes
862139 - yes
492179 - yes
556829 - yes
870229 - yes
859729 - yes
772859 - yes
768249 - yes
862219 - yes
604559 - yes
877939 - yes
565019 - yes
658019 - yes
716629 - yes
748509 - yes
646059 - yes
581239 - yes
751599 - yes
796179 - yes
850449 - yes
853909 - yes
860189 - yes
765729 - yes
667669 - yes
739829 - yes
634869 - yes
871209 - yes
580799 - yes
439569 - yes
701059 - yes
731749 - yes
857009 - yes
538209 - yes
579199 - yes
872799 - yes
879709 - yes
854319 - yes
876389 - yes
802979 - yes
857159 - yes
872219 - yes
801719 - yes
864129 - yes
866949 - yes
674469 - yes
871339 - yes
518149 - yes
634689 - yes
668109 - yes
732319 - yes
860749 - yes
806959 - yes
868729 - yes
775439 - yes
867889 - yes
880229 - yes
799819 - yes
724499 - yes
772449 - yes
879309 - yes
879569 - yes
877829 - yes
802239 - yes
880849 - yes
878209 - yes
790669 - yes
771289 - yes
849859 - yes
884589 - yes
564449 - yes
865819 - yes
658099 - yes
836989 - yes
850539 - yes
733329 - yes
800499 - yes
886939 - yes
725159 - yes
883759 - yes
405899 - yes
682169 - yes
705369 - yes
725119 - yes
765939 - yes
869449 - yes
799579 - yes
739169 - yes
783589 - yes
853749 - yes
860669 - yes
790649 - yes
851369 - yes
873339 - yes
851199 - yes
861999 - yes
871689 - yes
863749 - yes
473419 - yes
653789 - yes
752829 - yes
860389 - yes
794679 - yes
864719 - yes
883459 - yes
567449 - yes
860139 - yes
710399 - yes
801779 - yes
695629 - yes
751479 - yes
747169 - yes
873689 - yes
594119 - yes
861119 - yes
618949 - yes
791499 - yes
802209 - yes
871529 - yes
679309 - yes
859179 - yes
860609 - yes
874449 - yes
783209 - yes
859239 - yes
861909 - yes
578549 - yes
718219 - yes
876619 - yes
877779 - yes
886389 - yes
594239 - yes
865289 - yes
881349 - yes
886819 - yes
763449 - yes
859769 - yes
863339 - yes
514369 - yes
790819 - yes
802369 - yes
447029 - yes
862889 - yes
874589 - yes
753279 - yes
796159 - yes
857949 - yes
863349 - yes
882999 - yes
585339 - yes
586329 - yes
785919 - yes
802849 - yes
803079 - yes
846749 - yes
862499 - yes
605379 - yes
742189 - yes
860719 - yes
868939 - yes
872089 - yes
883629 - yes
887309 - yes
806139 - yes
869099 - yes
884999 - yes
434559 - yes
860109 - yes
867919 - yes
877049 - yes
316039 - yes
418649 - yes
721099 - yes
734129 - yes
756719 - yes
759409 - yes
797129 - yes
857689 - yes
859659 - yes
534669 - yes
592669 - yes
596889 - yes
701029 - yes
764569 - yes
791729 - yes
881539 - yes
380989 - yes
566669 - yes
704889 - yes
777239 - yes
795409 - yes
856959 - yes
863459 - yes
516679 - yes
564809 - yes
622229 - yes
728189 - yes
331399 - yes
703699 - yes
719489 - yes
799069 - yes
859339 - yes
327399 - yes
503399 - yes
722059 - yes
736579 - yes
782089 - yes
782449 - yes
786999 - yes
795249 - yes
719239 - yes
752509 - yes
563319 - yes
646369 - yes
653039 - yes
714919 - yes
730739 - yes
735399 - yes
736889 - yes
738689 - yes
805109 - yes
861259 - yes
668589 - yes
768429 - yes
779569 - yes
858969 - yes

Updated 2695 out of 2697 users 


Saving to /home/gitlab-runner/misc-script-runner/ASE-1687_mrvegas/amounts_mrv_updated_list.csv
Please add the new file /home/gitlab-runner/misc-script-runner/ASE-1687_mrvegas/amounts_mrv_updated_list.csv from the script folder to the story. Thanks 

DONE ----- 

```
Script end time: '2025-04-30 11:49:36'
FYI: @mihailo.ilic - script output for `mrvegas`
Story 'ASE-1687': done
