Script start time: '2025-02-27 10:47:19'
```shell
Populating MrVegas DMAPI documents for swish when we have account and no document linked...
Fetching documents with offset 0 and limit 1000 ...
Fetching documents with offset 2000 and limit 1000 ...
Fetching documents with offset 4000 and limit 1000 ...
Fetching documents with offset 6000 and limit 1000 ...
Fetching documents with offset 8000 and limit 1000 ...
Fetching documents with offset 10000 and limit 1000 ...
Fetching documents with offset 12000 and limit 1000 ...
Fetching documents with offset 14000 and limit 1000 ...
Fetching documents with offset 16000 and limit 1000 ...
Fetching documents with offset 18000 and limit 1000 ...
Fetching documents with offset 20000 and limit 1000 ...
Fetching documents with offset 22000 and limit 1000 ...
Fetching documents with offset 24000 and limit 1000 ...
Fetching documents with offset 26000 and limit 1000 ...
Fetching documents with offset 28000 and limit 1000 ...
Fetching documents with offset 30000 and limit 1000 ...
Fetching documents with offset 32000 and limit 1000 ...
Fetching documents with offset 34000 and limit 1000 ...
Fetching documents with offset 36000 and limit 1000 ...
Fetching documents with offset 38000 and limit 1000 ...
Fetching documents with offset 40000 and limit 1000 ...
Fetching documents with offset 42000 and limit 1000 ...
Fetching documents with offset 44000 and limit 1000 ...
Fetching documents with offset 46000 and limit 1000 ...
Fetching documents with offset 48000 and limit 1000 ...
Fetching documents with offset 50000 and limit 1000 ...
Fetching documents with offset 52000 and limit 1000 ...
Fetching documents with offset 54000 and limit 1000 ...
Fetching documents with offset 56000 and limit 1000 ...
Fetching documents with offset 58000 and limit 1000 ...
Fetching documents with offset 60000 and limit 1000 ...
Fetching documents with offset 62000 and limit 1000 ...
Fetching documents with offset 64000 and limit 1000 ...
Fetching documents with offset 66000 and limit 1000 ...
Fetching documents with offset 68000 and limit 1000 ...
Fetching documents with offset 70000 and limit 1000 ...
Fetching documents with offset 72000 and limit 1000 ...
Fetching documents with offset 74000 and limit 1000 ...
Fetching documents with offset 76000 and limit 1000 ...
Fetching documents with offset 78000 and limit 1000 ...
Fetching documents with offset 80000 and limit 1000 ...
Fetching documents with offset 82000 and limit 1000 ...
Fetching documents with offset 84000 and limit 1000 ...
Fetching documents with offset 86000 and limit 1000 ...
Fetching documents with offset 88000 and limit 1000 ...
Fetching documents with offset 90000 and limit 1000 ...
Fetching documents with offset 92000 and limit 1000 ...
Fetching documents with offset 94000 and limit 1000 ...
Fetching documents with offset 96000 and limit 1000 ...
Fetching documents with offset 98000 and limit 1000 ...
Fetching documents with offset 100000 and limit 1000 ...
Fetching documents with offset 102000 and limit 1000 ...
Fetching documents with offset 104000 and limit 1000 ...
Fetching documents with offset 106000 and limit 1000 ...
Fetching documents with offset 108000 and limit 1000 ...
Fetching documents with offset 110000 and limit 1000 ...
Fetching documents with offset 112000 and limit 1000 ...
Fetching documents with offset 114000 and limit 1000 ...
Fetching documents with offset 116000 and limit 1000 ...
Fetching documents with offset 118000 and limit 1000 ...
Fetching documents with offset 120000 and limit 1000 ...
Fetching documents with offset 122000 and limit 1000 ...
Fetching documents with offset 124000 and limit 1000 ...
Fetching documents with offset 126000 and limit 1000 ...
Fetching documents with offset 128000 and limit 1000 ...
Fetching documents with offset 130000 and limit 1000 ...
Fetching documents with offset 132000 and limit 1000 ...
Fetching documents with offset 134000 and limit 1000 ...
Fetching documents with offset 136000 and limit 1000 ...
Fetching documents with offset 138000 and limit 1000 ...
Fetching documents with offset 140000 and limit 1000 ...
Fetching documents with offset 142000 and limit 1000 ...
Fetching documents with offset 144000 and limit 1000 ...
Fetching documents with offset 146000 and limit 1000 ...
Fetching documents with offset 148000 and limit 1000 ...
Fetching documents with offset 150000 and limit 1000 ...
Fetching documents with offset 152000 and limit 1000 ...
Fetching documents with offset 154000 and limit 1000 ...
Fetching documents with offset 156000 and limit 1000 ...
Fetching documents with offset 158000 and limit 1000 ...
Fetching documents with offset 160000 and limit 1000 ...
Fetching documents with offset 162000 and limit 1000 ...
Fetching documents with offset 164000 and limit 1000 ...
Fetching documents with offset 166000 and limit 1000 ...
Fetching documents with offset 168000 and limit 1000 ...
Fetching documents with offset 170000 and limit 1000 ...
Fetching documents with offset 172000 and limit 1000 ...
Fetching documents with offset 174000 and limit 1000 ...
Fetching documents with offset 176000 and limit 1000 ...
Fetching documents with offset 178000 and limit 1000 ...
Fetching documents with offset 180000 and limit 1000 ...
Fetching documents with offset 182000 and limit 1000 ...
Fetching documents with offset 184000 and limit 1000 ...
Fetching documents with offset 186000 and limit 1000 ...
Fetching documents with offset 188000 and limit 1000 ...
Fetching documents with offset 190000 and limit 1000 ...
Fetching documents with offset 192000 and limit 1000 ...
Fetching documents with offset 194000 and limit 1000 ...
Fetching documents with offset 196000 and limit 1000 ...
Fetching documents with offset 198000 and limit 1000 ...
Fetching documents with offset 200000 and limit 1000 ...
Fetching documents with offset 202000 and limit 1000 ...
Fetching documents with offset 204000 and limit 1000 ...
Fetching documents with offset 206000 and limit 1000 ...
Fetching documents with offset 208000 and limit 1000 ...
Fetching documents with offset 210000 and limit 1000 ...
Fetching documents with offset 212000 and limit 1000 ...
Fetching documents with offset 214000 and limit 1000 ...
Fetching documents with offset 216000 and limit 1000 ...
Fetching documents with offset 218000 and limit 1000 ...
Fetching documents with offset 220000 and limit 1000 ...
Fetching documents with offset 222000 and limit 1000 ...
Fetching documents with offset 224000 and limit 1000 ...
Fetching documents with offset 226000 and limit 1000 ...
Fetching documents with offset 228000 and limit 1000 ...
Fetching documents with offset 230000 and limit 1000 ...
Fetching documents with offset 232000 and limit 1000 ...
Fetching documents with offset 234000 and limit 1000 ...
Fetching documents with offset 236000 and limit 1000 ...
Fetching documents with offset 238000 and limit 1000 ...
Fetching documents with offset 240000 and limit 1000 ...
Fetching documents with offset 242000 and limit 1000 ...
Fetching documents with offset 244000 and limit 1000 ...
Fetching documents with offset 246000 and limit 1000 ...
Fetching documents with offset 248000 and limit 1000 ...
Fetching documents with offset 250000 and limit 1000 ...
Fetching documents with offset 252000 and limit 1000 ...
Fetching documents with offset 254000 and limit 1000 ...
Fetching documents with offset 256000 and limit 1000 ...
Fetching documents with offset 258000 and limit 1000 ...
Fetching documents with offset 260000 and limit 1000 ...
Fetching documents with offset 262000 and limit 1000 ...
Fetching documents with offset 264000 and limit 1000 ...
Fetching documents with offset 266000 and limit 1000 ...
Fetching documents with offset 268000 and limit 1000 ...
Fetching documents with offset 270000 and limit 1000 ...
Fetching documents with offset 272000 and limit 1000 ...
Fetching documents with offset 274000 and limit 1000 ...
Fetching documents with offset 276000 and limit 1000 ...
Fetching documents with offset 278000 and limit 1000 ...
Fetching documents with offset 280000 and limit 1000 ...
Fetching documents with offset 282000 and limit 1000 ...
Fetching documents with offset 284000 and limit 1000 ...
Fetching documents with offset 286000 and limit 1000 ...
Fetching documents with offset 288000 and limit 1000 ...
Fetching documents with offset 290000 and limit 1000 ...
Fetching documents with offset 292000 and limit 1000 ...
Fetching documents with offset 294000 and limit 1000 ...
Fetching documents with offset 296000 and limit 1000 ...
Fetching documents with offset 298000 and limit 1000 ...
Fetching documents with offset 300000 and limit 1000 ...
Fetching documents with offset 302000 and limit 1000 ...
Fetching documents with offset 304000 and limit 1000 ...
Fetching documents with offset 306000 and limit 1000 ...
Fetching documents with offset 308000 and limit 1000 ...
Fetching documents with offset 310000 and limit 1000 ...
Fetching documents with offset 312000 and limit 1000 ...
Fetching documents with offset 314000 and limit 1000 ...
Fetching documents with offset 316000 and limit 1000 ...
Fetching documents with offset 318000 and limit 1000 ...
Fetching documents with offset 320000 and limit 1000 ...
Fetching documents with offset 322000 and limit 1000 ...
Fetching documents with offset 324000 and limit 1000 ...
Fetching documents with offset 326000 and limit 1000 ...
Fetching documents with offset 328000 and limit 1000 ...
Fetching documents with offset 330000 and limit 1000 ...
Fetching documents with offset 332000 and limit 1000 ...
Fetching documents with offset 334000 and limit 1000 ...
Fetching documents with offset 336000 and limit 1000 ...
Fetching documents with offset 338000 and limit 1000 ...
Fetching documents with offset 340000 and limit 1000 ...
Fetching documents with offset 342000 and limit 1000 ...
Fetching documents with offset 344000 and limit 1000 ...
Fetching documents with offset 346000 and limit 1000 ...
Fetching documents with offset 348000 and limit 1000 ...
Fetching documents with offset 350000 and limit 1000 ...
Fetching documents with offset 352000 and limit 1000 ...
Fetching documents with offset 354000 and limit 1000 ...
Fetching documents with offset 356000 and limit 1000 ...
Fetching documents with offset 358000 and limit 1000 ...
Fetching documents with offset 360000 and limit 1000 ...
Fetching documents with offset 362000 and limit 1000 ...
Fetching documents with offset 364000 and limit 1000 ...
Fetching documents with offset 366000 and limit 1000 ...
Fetching documents with offset 368000 and limit 1000 ...
Fetching documents with offset 370000 and limit 1000 ...
Fetching documents with offset 372000 and limit 1000 ...
Fetching documents with offset 374000 and limit 1000 ...
Fetching documents with offset 376000 and limit 1000 ...
Fetching documents with offset 378000 and limit 1000 ...
Fetching documents with offset 380000 and limit 1000 ...
Fetching documents with offset 382000 and limit 1000 ...
Fetching documents with offset 384000 and limit 1000 ...
Fetching documents with offset 386000 and limit 1000 ...
Fetching documents with offset 388000 and limit 1000 ...
Fetching documents with offset 390000 and limit 1000 ...
Fetching documents with offset 392000 and limit 1000 ...
Fetching documents with offset 394000 and limit 1000 ...
Fetching documents with offset 396000 and limit 1000 ...
Fetching documents with offset 398000 and limit 1000 ...
Fetching documents with offset 400000 and limit 1000 ...
Fetching documents with offset 402000 and limit 1000 ...
Fetching documents with offset 404000 and limit 1000 ...
Fetching documents with offset 406000 and limit 1000 ...
Fetching documents with offset 408000 and limit 1000 ...
Fetching documents with offset 410000 and limit 1000 ...
Fetching documents with offset 412000 and limit 1000 ...
Fetching documents with offset 414000 and limit 1000 ...
Fetching documents with offset 416000 and limit 1000 ...
Fetching documents with offset 418000 and limit 1000 ...
Fetching documents with offset 420000 and limit 1000 ...
Fetching documents with offset 422000 and limit 1000 ...
Fetching documents with offset 424000 and limit 1000 ...
Fetching documents with offset 426000 and limit 1000 ...
Fetching documents with offset 428000 and limit 1000 ...
Fetching documents with offset 430000 and limit 1000 ...
Fetching documents with offset 432000 and limit 1000 ...
Fetching documents with offset 434000 and limit 1000 ...
Fetching documents with offset 436000 and limit 1000 ...
Fetching documents with offset 438000 and limit 1000 ...
Fetching documents with offset 440000 and limit 1000 ...
Fetching documents with offset 442000 and limit 1000 ...
Fetching documents with offset 444000 and limit 1000 ...
Fetching documents with offset 446000 and limit 1000 ...
Fetching documents with offset 448000 and limit 1000 ...
Fetching documents with offset 450000 and limit 1000 ...
Fetching documents with offset 452000 and limit 1000 ...
Fetching documents with offset 454000 and limit 1000 ...
Fetching documents with offset 456000 and limit 1000 ...
Fetching documents with offset 458000 and limit 1000 ...
Fetching documents with offset 460000 and limit 1000 ...
Fetching documents with offset 462000 and limit 1000 ...
Fetching documents with offset 464000 and limit 1000 ...
Fetching documents with offset 466000 and limit 1000 ...
Fetching documents with offset 468000 and limit 1000 ...
Fetching documents with offset 470000 and limit 1000 ...
Fetching documents with offset 472000 and limit 1000 ...
Fetching documents with offset 474000 and limit 1000 ...
Fetching documents with offset 476000 and limit 1000 ...
Fetching documents with offset 478000 and limit 1000 ...
Fetching documents with offset 480000 and limit 1000 ...
Fetching documents with offset 482000 and limit 1000 ...
Fetching documents with offset 484000 and limit 1000 ...
Fetching documents with offset 486000 and limit 1000 ...
Fetching documents with offset 488000 and limit 1000 ...
Fetching documents with offset 490000 and limit 1000 ...
Fetching documents with offset 492000 and limit 1000 ...
Fetching documents with offset 494000 and limit 1000 ...
Fetching documents with offset 496000 and limit 1000 ...
Fetching documents with offset 498000 and limit 1000 ...
Fetching documents with offset 500000 and limit 1000 ...
Fetching documents with offset 502000 and limit 1000 ...
Fetching documents with offset 504000 and limit 1000 ...
Fetching documents with offset 506000 and limit 1000 ...
Fetching documents with offset 508000 and limit 1000 ...
Fetching documents with offset 510000 and limit 1000 ...
Fetching documents with offset 512000 and limit 1000 ...
Fetching documents with offset 514000 and limit 1000 ...
Fetching documents with offset 516000 and limit 1000 ...
Fetching documents with offset 518000 and limit 1000 ...
Fetching documents with offset 520000 and limit 1000 ...
Fetching documents with offset 522000 and limit 1000 ...
Fetching documents with offset 524000 and limit 1000 ...
Fetching documents with offset 526000 and limit 1000 ...
Fetching documents with offset 528000 and limit 1000 ...
Fetching documents with offset 530000 and limit 1000 ...
Fetching documents with offset 532000 and limit 1000 ...
Fetching documents with offset 534000 and limit 1000 ...
Fetching documents with offset 536000 and limit 1000 ...
Fetching documents with offset 538000 and limit 1000 ...
Fetching documents with offset 540000 and limit 1000 ...
Fetching documents with offset 542000 and limit 1000 ...
Fetching documents with offset 544000 and limit 1000 ...
Fetching documents with offset 546000 and limit 1000 ...
Fetching documents with offset 548000 and limit 1000 ...
Fetching documents with offset 550000 and limit 1000 ...
Fetching documents with offset 552000 and limit 1000 ...
Fetching documents with offset 554000 and limit 1000 ...
Fetching documents with offset 556000 and limit 1000 ...
Fetching documents with offset 558000 and limit 1000 ...
Fetching documents with offset 560000 and limit 1000 ...
Fetching documents with offset 562000 and limit 1000 ...
Fetching documents with offset 564000 and limit 1000 ...
Fetching documents with offset 566000 and limit 1000 ...
Fetching documents with offset 568000 and limit 1000 ...
Fetching documents with offset 570000 and limit 1000 ...
Fetching documents with offset 572000 and limit 1000 ...
Fetching documents with offset 574000 and limit 1000 ...
Fetching documents with offset 576000 and limit 1000 ...
Fetching documents with offset 578000 and limit 1000 ...
Fetching documents with offset 580000 and limit 1000 ...
Fetching documents with offset 582000 and limit 1000 ...
Fetching documents with offset 584000 and limit 1000 ...
Fetching documents with offset 586000 and limit 1000 ...
Fetching documents with offset 588000 and limit 1000 ...
Fetching documents with offset 590000 and limit 1000 ...
Fetching documents with offset 592000 and limit 1000 ...
Fetching documents with offset 594000 and limit 1000 ...
Fetching documents with offset 596000 and limit 1000 ...
Fetching documents with offset 598000 and limit 1000 ...
Fetching documents with offset 600000 and limit 1000 ...
Fetching documents with offset 602000 and limit 1000 ...
Fetching documents with offset 604000 and limit 1000 ...
Fetching documents with offset 606000 and limit 1000 ...
Fetching documents with offset 608000 and limit 1000 ...
Fetching documents with offset 610000 and limit 1000 ...
Fetching documents with offset 612000 and limit 1000 ...
Fetching documents with offset 614000 and limit 1000 ...
Fetching documents with offset 616000 and limit 1000 ...
Fetching documents with offset 618000 and limit 1000 ...
Fetching documents with offset 620000 and limit 1000 ...
Fetching documents with offset 622000 and limit 1000 ...
Fetching documents with offset 624000 and limit 1000 ...
Fetching documents with offset 626000 and limit 1000 ...
Fetching documents with offset 628000 and limit 1000 ...
Fetching documents with offset 630000 and limit 1000 ...
Fetching documents with offset 632000 and limit 1000 ...
Fetching documents with offset 634000 and limit 1000 ...
Fetching documents with offset 636000 and limit 1000 ...
Fetching documents with offset 638000 and limit 1000 ...
Fetching documents with offset 640000 and limit 1000 ...
Fetching documents with offset 642000 and limit 1000 ...
Fetching documents with offset 644000 and limit 1000 ...
Fetching documents with offset 646000 and limit 1000 ...
Fetching documents with offset 648000 and limit 1000 ...
Fetching documents with offset 650000 and limit 1000 ...
Fetching documents with offset 652000 and limit 1000 ...
Fetching documents with offset 654000 and limit 1000 ...
Fetching documents with offset 656000 and limit 1000 ...
Fetching documents with offset 658000 and limit 1000 ...
Fetching documents with offset 660000 and limit 1000 ...
Fetching documents with offset 662000 and limit 1000 ...
Fetching documents with offset 664000 and limit 1000 ...
Fetching documents with offset 666000 and limit 1000 ...
Fetching documents with offset 668000 and limit 1000 ...
Fetching documents with offset 670000 and limit 1000 ...
Fetching documents with offset 672000 and limit 1000 ...
Fetching documents with offset 674000 and limit 1000 ...
Fetching documents with offset 676000 and limit 1000 ...
Fetching documents with offset 678000 and limit 1000 ...
Fetching documents with offset 680000 and limit 1000 ...
Fetching documents with offset 682000 and limit 1000 ...
Fetching documents with offset 684000 and limit 1000 ...
Fetching documents with offset 686000 and limit 1000 ...
Fetching documents with offset 688000 and limit 1000 ...
Fetching documents with offset 690000 and limit 1000 ...
Fetching documents with offset 692000 and limit 1000 ...
Fetching documents with offset 694000 and limit 1000 ...
Fetching documents with offset 696000 and limit 1000 ...
Fetching documents with offset 698000 and limit 1000 ...
Fetching documents with offset 700000 and limit 1000 ...
Fetching documents with offset 702000 and limit 1000 ...
Fetching documents with offset 704000 and limit 1000 ...
Fetching documents with offset 706000 and limit 1000 ...
Fetching documents with offset 708000 and limit 1000 ...
Fetching documents with offset 710000 and limit 1000 ...
Fetching documents with offset 712000 and limit 1000 ...
Fetching documents with offset 714000 and limit 1000 ...
Fetching documents with offset 716000 and limit 1000 ...
Fetching documents with offset 718000 and limit 1000 ...
Fetching documents with offset 720000 and limit 1000 ...
Fetching documents with offset 722000 and limit 1000 ...
Fetching documents with offset 724000 and limit 1000 ...
Fetching documents with offset 726000 and limit 1000 ...
Fetching documents with offset 728000 and limit 1000 ...
Fetching documents with offset 730000 and limit 1000 ...
Fetching documents with offset 732000 and limit 1000 ...
Fetching documents with offset 734000 and limit 1000 ...
Fetching documents with offset 736000 and limit 1000 ...
Fetching documents with offset 738000 and limit 1000 ...
Fetching documents with offset 740000 and limit 1000 ...
Fetching documents with offset 742000 and limit 1000 ...
Fetching documents with offset 744000 and limit 1000 ...
Fetching documents with offset 746000 and limit 1000 ...
Fetching documents with offset 748000 and limit 1000 ...
Fetching documents with offset 750000 and limit 1000 ...
Fetching documents with offset 752000 and limit 1000 ...
Fetching documents with offset 754000 and limit 1000 ...
Fetching documents with offset 756000 and limit 1000 ...
Fetching documents with offset 758000 and limit 1000 ...
Fetching documents with offset 760000 and limit 1000 ...
Fetching documents with offset 762000 and limit 1000 ...
Fetching documents with offset 764000 and limit 1000 ...
Fetching documents with offset 766000 and limit 1000 ...
Fetching documents with offset 768000 and limit 1000 ...
Fetching documents with offset 770000 and limit 1000 ...
Fetching documents with offset 772000 and limit 1000 ...
Fetching documents with offset 774000 and limit 1000 ...
Fetching documents with offset 776000 and limit 1000 ...
Fetching documents with offset 778000 and limit 1000 ...
Fetching documents with offset 780000 and limit 1000 ...
Fetching documents with offset 782000 and limit 1000 ...
Fetching documents with offset 784000 and limit 1000 ...
Fetching documents with offset 786000 and limit 1000 ...
Fetching documents with offset 788000 and limit 1000 ...
Fetching documents with offset 790000 and limit 1000 ...
Fetching documents with offset 792000 and limit 1000 ...
Fetching documents with offset 794000 and limit 1000 ...
Fetching documents with offset 796000 and limit 1000 ...
Fetching documents with offset 798000 and limit 1000 ...
Fetching documents with offset 800000 and limit 1000 ...
Fetching documents with offset 802000 and limit 1000 ...
Fetching documents with offset 804000 and limit 1000 ...
Fetching documents with offset 806000 and limit 1000 ...
Fetching documents with offset 808000 and limit 1000 ...
Fetching documents with offset 810000 and limit 1000 ...
Fetching documents with offset 812000 and limit 1000 ...
Fetching documents with offset 814000 and limit 1000 ...
Fetching documents with offset 816000 and limit 1000 ...
Fetching documents with offset 818000 and limit 1000 ...
Fetching documents with offset 820000 and limit 1000 ...
Fetching documents with offset 822000 and limit 1000 ...
Fetching documents with offset 824000 and limit 1000 ...
Fetching documents with offset 826000 and limit 1000 ...
Fetching documents with offset 828000 and limit 1000 ...
Fetching documents with offset 830000 and limit 1000 ...
Fetching documents with offset 832000 and limit 1000 ...
Fetching documents with offset 834000 and limit 1000 ...
Fetching documents with offset 836000 and limit 1000 ...
Fetching documents with offset 838000 and limit 1000 ...
Fetching documents with offset 840000 and limit 1000 ...
Fetching documents with offset 842000 and limit 1000 ...
Fetching documents with offset 844000 and limit 1000 ...
Fetching documents with offset 846000 and limit 1000 ...
Fetching documents with offset 848000 and limit 1000 ...
Fetching documents with offset 850000 and limit 1000 ...
Fetching documents with offset 852000 and limit 1000 ...
Fetching documents with offset 854000 and limit 1000 ...
Fetching documents with offset 856000 and limit 1000 ...
Fetching documents with offset 858000 and limit 1000 ...
Fetching documents with offset 860000 and limit 1000 ...
Fetching documents with offset 862000 and limit 1000 ...
Fetching documents with offset 864000 and limit 1000 ...
Fetching documents with offset 866000 and limit 1000 ...
Fetching documents with offset 868000 and limit 1000 ...
Fetching documents with offset 870000 and limit 1000 ...
Fetching documents with offset 872000 and limit 1000 ...
Fetching documents with offset 874000 and limit 1000 ...
Fetching documents with offset 876000 and limit 1000 ...
Fetching documents with offset 878000 and limit 1000 ...
Fetching documents with offset 880000 and limit 1000 ...
Fetching documents with offset 882000 and limit 1000 ...
Fetching documents with offset 884000 and limit 1000 ...
Fetching documents with offset 886000 and limit 1000 ...
Fetching documents with offset 888000 and limit 1000 ...
Fetching documents with offset 890000 and limit 1000 ...
Fetching documents with offset 892000 and limit 1000 ...
Fetching documents with offset 894000 and limit 1000 ...
Fetching documents with offset 896000 and limit 1000 ...
Fetching documents with offset 898000 and limit 1000 ...
Fetching documents with offset 900000 and limit 1000 ...
Fetching documents with offset 902000 and limit 1000 ...
Fetching documents with offset 904000 and limit 1000 ...
Fetching documents with offset 906000 and limit 1000 ...
Fetching documents with offset 908000 and limit 1000 ...
Fetching documents with offset 910000 and limit 1000 ...
Fetching documents with offset 912000 and limit 1000 ...
Fetching documents with offset 914000 and limit 1000 ...
Fetching documents with offset 916000 and limit 1000 ...
Fetching documents with offset 918000 and limit 1000 ...
Fetching documents with offset 920000 and limit 1000 ...
Fetching documents with offset 922000 and limit 1000 ...
Fetching documents with offset 924000 and limit 1000 ...
Fetching documents with offset 926000 and limit 1000 ...
Fetching documents with offset 928000 and limit 1000 ...
Fetching documents with offset 930000 and limit 1000 ...
Fetching documents with offset 932000 and limit 1000 ...
Fetching documents with offset 934000 and limit 1000 ...
Fetching documents with offset 936000 and limit 1000 ...
Fetching documents with offset 938000 and limit 1000 ...
Fetching documents with offset 940000 and limit 1000 ...
Fetching documents with offset 942000 and limit 1000 ...
Fetching documents with offset 944000 and limit 1000 ...
Fetching documents with offset 946000 and limit 1000 ...
Fetching documents with offset 948000 and limit 1000 ...
Fetching documents with offset 950000 and limit 1000 ...
Fetching documents with offset 952000 and limit 1000 ...
Fetching documents with offset 954000 and limit 1000 ...
Fetching documents with offset 956000 and limit 1000 ...
Fetching documents with offset 958000 and limit 1000 ...
Fetching documents with offset 960000 and limit 1000 ...
Fetching documents with offset 962000 and limit 1000 ...
Fetching documents with offset 964000 and limit 1000 ...
Fetching documents with offset 966000 and limit 1000 ...
Fetching documents with offset 968000 and limit 1000 ...
Fetching documents with offset 970000 and limit 1000 ...
Fetching documents with offset 972000 and limit 1000 ...
Fetching documents with offset 974000 and limit 1000 ...
Fetching documents with offset 976000 and limit 1000 ...
Fetching documents with offset 978000 and limit 1000 ...
Fetching documents with offset 980000 and limit 1000 ...
Fetching documents with offset 982000 and limit 1000 ...
Fetching documents with offset 984000 and limit 1000 ...
Fetching documents with offset 986000 and limit 1000 ...
Fetching documents with offset 988000 and limit 1000 ...
Fetching documents with offset 990000 and limit 1000 ...
Fetching documents with offset 992000 and limit 1000 ...
Fetching documents with offset 994000 and limit 1000 ...
Fetching documents with offset 996000 and limit 1000 ...
Fetching documents with offset 998000 and limit 1000 ...
Fetching documents with offset 1000000 and limit 1000 ...
Fetching documents with offset 1002000 and limit 1000 ...
Fetching documents with offset 1004000 and limit 1000 ...
Fetching documents with offset 1006000 and limit 1000 ...
Fetching documents with offset 1008000 and limit 1000 ...
Fetching documents with offset 1010000 and limit 1000 ...
Fetching documents with offset 1012000 and limit 1000 ...
Fetching documents with offset 1014000 and limit 1000 ...
Fetching documents with offset 1016000 and limit 1000 ...
Fetching documents with offset 1018000 and limit 1000 ...
Fetching documents with offset 1020000 and limit 1000 ...
Fetching documents with offset 1022000 and limit 1000 ...
Fetching documents with offset 1024000 and limit 1000 ...
Fetching documents with offset 1026000 and limit 1000 ...
Fetching documents with offset 1028000 and limit 1000 ...
Fetching documents with offset 1030000 and limit 1000 ...
Fetching documents with offset 1032000 and limit 1000 ...
Fetching documents with offset 1034000 and limit 1000 ...
Fetching documents with offset 1036000 and limit 1000 ...
Fetching documents with offset 1038000 and limit 1000 ...
Fetching documents with offset 1040000 and limit 1000 ...
Fetching documents with offset 1042000 and limit 1000 ...
Fetching documents with offset 1044000 and limit 1000 ...
Fetching documents with offset 1046000 and limit 1000 ...
Fetching documents with offset 1048000 and limit 1000 ...
Fetching documents with offset 1050000 and limit 1000 ...
Fetching documents with offset 1052000 and limit 1000 ...
Fetching documents with offset 1054000 and limit 1000 ...
Fetching documents with offset 1056000 and limit 1000 ...
Fetching documents with offset 1058000 and limit 1000 ...
Fetching documents with offset 1060000 and limit 1000 ...
Fetching documents with offset 1062000 and limit 1000 ...
Fetching documents with offset 1064000 and limit 1000 ...
Fetching documents with offset 1066000 and limit 1000 ...
Fetching documents with offset 1068000 and limit 1000 ...
Fetching documents with offset 1070000 and limit 1000 ...
Fetching documents with offset 1072000 and limit 1000 ...
Fetching documents with offset 1074000 and limit 1000 ...
Fetching documents with offset 1076000 and limit 1000 ...
Fetching documents with offset 1078000 and limit 1000 ...
Fetching documents with offset 1080000 and limit 1000 ...
Fetching documents with offset 1082000 and limit 1000 ...
Fetching documents with offset 1084000 and limit 1000 ...
Fetching documents with offset 1086000 and limit 1000 ...
Fetching documents with offset 1088000 and limit 1000 ...
Fetching documents with offset 1090000 and limit 1000 ...
Fetching documents with offset 1092000 and limit 1000 ...
Fetching documents with offset 1094000 and limit 1000 ...
Fetching documents with offset 1096000 and limit 1000 ...
Fetching documents with offset 1098000 and limit 1000 ...
Fetching documents with offset 1100000 and limit 1000 ...
Fetching documents with offset 1102000 and limit 1000 ...
Fetching documents with offset 1104000 and limit 1000 ...
Fetching documents with offset 1106000 and limit 1000 ...
Fetching documents with offset 1108000 and limit 1000 ...
Fetching documents with offset 1110000 and limit 1000 ...
Fetching documents with offset 1112000 and limit 1000 ...
Fetching documents with offset 1114000 and limit 1000 ...
Fetching documents with offset 1116000 and limit 1000 ...
Fetching documents with offset 1118000 and limit 1000 ...
Fetching documents with offset 1120000 and limit 1000 ...
Fetching documents with offset 1122000 and limit 1000 ...
Fetching documents with offset 1124000 and limit 1000 ...
Fetching documents with offset 1126000 and limit 1000 ...
Fetching documents with offset 1128000 and limit 1000 ...
Fetching documents with offset 1130000 and limit 1000 ...
Fetching documents with offset 1132000 and limit 1000 ...
Fetching documents with offset 1134000 and limit 1000 ...
Fetching documents with offset 1136000 and limit 1000 ...
Fetching documents with offset 1138000 and limit 1000 ...
Fetching documents with offset 1140000 and limit 1000 ...
Fetching documents with offset 1142000 and limit 1000 ...
Fetching documents with offset 1144000 and limit 1000 ...
Fetching documents with offset 1146000 and limit 1000 ...
Fetching documents with offset 1148000 and limit 1000 ...
Fetching documents with offset 1150000 and limit 1000 ...
Fetching documents with offset 1152000 and limit 1000 ...
Fetching documents with offset 1154000 and limit 1000 ...
Fetching documents with offset 1156000 and limit 1000 ...
Fetching documents with offset 1158000 and limit 1000 ...
Fetching documents with offset 1160000 and limit 1000 ...
Fetching documents with offset 1162000 and limit 1000 ...
Fetching documents with offset 1164000 and limit 1000 ...
Fetching documents with offset 1166000 and limit 1000 ...
Fetching documents with offset 1168000 and limit 1000 ...
Fetching documents with offset 1170000 and limit 1000 ...
Fetching documents with offset 1172000 and limit 1000 ...
Fetching documents with offset 1174000 and limit 1000 ...
Fetching documents with offset 1176000 and limit 1000 ...
Fetching documents with offset 1178000 and limit 1000 ...
Fetching documents with offset 1180000 and limit 1000 ...
Fetching documents with offset 1182000 and limit 1000 ...
Fetching documents with offset 1184000 and limit 1000 ...
Fetching documents with offset 1186000 and limit 1000 ...
Fetching documents with offset 1188000 and limit 1000 ...
Fetching documents with offset 1190000 and limit 1000 ...
Fetching documents with offset 1192000 and limit 1000 ...
Fetching documents with offset 1194000 and limit 1000 ...
Fetching documents with offset 1196000 and limit 1000 ...
Fetching documents with offset 1198000 and limit 1000 ...
Fetching documents with offset 1200000 and limit 1000 ...
Fetching documents with offset 1202000 and limit 1000 ...
Fetching documents with offset 1204000 and limit 1000 ...
Fetching documents with offset 1206000 and limit 1000 ...
Fetching documents with offset 1208000 and limit 1000 ...
Fetching documents with offset 1210000 and limit 1000 ...
Fetching documents with offset 1212000 and limit 1000 ...
Fetching documents with offset 1214000 and limit 1000 ...
Fetching documents with offset 1216000 and limit 1000 ...
Fetching documents with offset 1218000 and limit 1000 ...
Fetching documents with offset 1220000 and limit 1000 ...
Fetching documents with offset 1222000 and limit 1000 ...
Fetching documents with offset 1224000 and limit 1000 ...
Fetching documents with offset 1226000 and limit 1000 ...
Fetching documents with offset 1228000 and limit 1000 ...
Fetching documents with offset 1230000 and limit 1000 ...
Fetching documents with offset 1232000 and limit 1000 ...
Fetching documents with offset 1234000 and limit 1000 ...
Fetching documents with offset 1236000 and limit 1000 ...
Fetching documents with offset 1238000 and limit 1000 ...
Fetching documents with offset 1240000 and limit 1000 ...
Fetching documents with offset 1242000 and limit 1000 ...
Fetching documents with offset 1244000 and limit 1000 ...
Fetching documents with offset 1246000 and limit 1000 ...
Fetching documents with offset 1248000 and limit 1000 ...
Fetching documents with offset 1250000 and limit 1000 ...
Fetching documents with offset 1252000 and limit 1000 ...
Fetching documents with offset 1254000 and limit 1000 ...
Fetching documents with offset 1256000 and limit 1000 ...
Fetching documents with offset 1258000 and limit 1000 ...
Fetching documents with offset 1260000 and limit 1000 ...
Fetching documents with offset 1262000 and limit 1000 ...
Fetching documents with offset 1264000 and limit 1000 ...
Fetching documents with offset 1266000 and limit 1000 ...
Fetching documents with offset 1268000 and limit 1000 ...
Fetching documents with offset 1270000 and limit 1000 ...
Fetching documents with offset 1272000 and limit 1000 ...
Fetching documents with offset 1274000 and limit 1000 ...
Fetching documents with offset 1276000 and limit 1000 ...
Fetching documents with offset 1278000 and limit 1000 ...
Fetching documents with offset 1280000 and limit 1000 ...
Fetching documents with offset 1282000 and limit 1000 ...
Fetching documents with offset 1284000 and limit 1000 ...
Fetching documents with offset 1286000 and limit 1000 ...
Fetching documents with offset 1288000 and limit 1000 ...
Fetching documents with offset 1290000 and limit 1000 ...
Fetching documents with offset 1292000 and limit 1000 ...
Fetching documents with offset 1294000 and limit 1000 ...
Fetching documents with offset 1296000 and limit 1000 ...
Fetching documents with offset 1298000 and limit 1000 ...
Fetching documents with offset 1300000 and limit 1000 ...
Fetching documents with offset 1302000 and limit 1000 ...
Fetching documents with offset 1304000 and limit 1000 ...
Fetching documents with offset 1306000 and limit 1000 ...
Fetching documents with offset 1308000 and limit 1000 ...
Fetching documents with offset 1310000 and limit 1000 ...
Fetching documents with offset 1312000 and limit 1000 ...
Fetching documents with offset 1314000 and limit 1000 ...
Fetching documents with offset 1316000 and limit 1000 ...
Fetching documents with offset 1318000 and limit 1000 ...
Fetching documents with offset 1320000 and limit 1000 ...
Fetching documents with offset 1322000 and limit 1000 ...
Fetching documents with offset 1324000 and limit 1000 ...
Fetching documents with offset 1326000 and limit 1000 ...
Fetching documents with offset 1328000 and limit 1000 ...
Fetching documents with offset 1330000 and limit 1000 ...
Fetching documents with offset 1332000 and limit 1000 ...
Fetching documents with offset 1334000 and limit 1000 ...
Fetching documents with offset 1336000 and limit 1000 ...
Fetching documents with offset 1338000 and limit 1000 ...
Fetching documents with offset 1340000 and limit 1000 ...
Fetching documents with offset 1342000 and limit 1000 ...
Fetching documents with offset 1344000 and limit 1000 ...
Fetching documents with offset 1346000 and limit 1000 ...
Fetching documents with offset 1348000 and limit 1000 ...
Fetching documents with offset 1350000 and limit 1000 ...
Fetching documents with offset 1352000 and limit 1000 ...
Fetching documents with offset 1354000 and limit 1000 ...
Fetching documents with offset 1356000 and limit 1000 ...
Fetching documents with offset 1358000 and limit 1000 ...
Fetching documents with offset 1360000 and limit 1000 ...
Fetching documents with offset 1362000 and limit 1000 ...
Fetching documents with offset 1364000 and limit 1000 ...
Fetching documents with offset 1366000 and limit 1000 ...
Fetching documents with offset 1368000 and limit 1000 ...
Fetching documents with offset 1370000 and limit 1000 ...
Fetching documents with offset 1372000 and limit 1000 ...
Fetching documents with offset 1374000 and limit 1000 ...
Fetching documents with offset 1376000 and limit 1000 ...
Fetching documents with offset 1378000 and limit 1000 ...
Fetching documents with offset 1380000 and limit 1000 ...
Fetching documents with offset 1382000 and limit 1000 ...
Fetching documents with offset 1384000 and limit 1000 ...
Fetching documents with offset 1386000 and limit 1000 ...
Fetching documents with offset 1388000 and limit 1000 ...
Fetching documents with offset 1390000 and limit 1000 ...
Fetching documents with offset 1392000 and limit 1000 ...
Fetching documents with offset 1394000 and limit 1000 ...
Fetching documents with offset 1396000 and limit 1000 ...
Fetching documents with offset 1398000 and limit 1000 ...
Fetching documents with offset 1400000 and limit 1000 ...
Fetching documents with offset 1402000 and limit 1000 ...
Fetching documents with offset 1404000 and limit 1000 ...
Fetching documents with offset 1406000 and limit 1000 ...
Fetching documents with offset 1408000 and limit 1000 ...
Fetching documents with offset 1410000 and limit 1000 ...
Fetching documents with offset 1412000 and limit 1000 ...
Fetching documents with offset 1414000 and limit 1000 ...
Fetching documents with offset 1416000 and limit 1000 ...
Fetching documents with offset 1418000 and limit 1000 ...
Fetching documents with offset 1420000 and limit 1000 ...
Fetching documents with offset 1422000 and limit 1000 ...
Fetching documents with offset 1424000 and limit 1000 ...
Fetching documents with offset 1426000 and limit 1000 ...
Fetching documents with offset 1428000 and limit 1000 ...
Fetching documents with offset 1430000 and limit 1000 ...
Total of 50 documents have been added successfully.

```
Script end time: '2025-02-27 10:53:16'
FYI: @hamid.hossein - script output for `mrvegas`
Story 'BAN-12345': done
