Script start time: '2025-02-27 12:18:41'
```shell
Populating MrVegas DMAPI documents for swish when we have account and no document linked...
Fetching documents with offset 0 and limit 1000 ...
Fetching documents with offset 1000 and limit 1000 ...
Fetching documents with offset 2000 and limit 1000 ...
Fetching documents with offset 3000 and limit 1000 ...
Fetching documents with offset 4000 and limit 1000 ...
Fetching documents with offset 5000 and limit 1000 ...
Fetching documents with offset 6000 and limit 1000 ...
Fetching documents with offset 7000 and limit 1000 ...
Fetching documents with offset 8000 and limit 1000 ...
Fetching documents with offset 9000 and limit 1000 ...
Fetching documents with offset 10000 and limit 1000 ...
Fetching documents with offset 11000 and limit 1000 ...
Fetching documents with offset 12000 and limit 1000 ...
Fetching documents with offset 13000 and limit 1000 ...
Fetching documents with offset 14000 and limit 1000 ...
Fetching documents with offset 15000 and limit 1000 ...
Fetching documents with offset 16000 and limit 1000 ...
Fetching documents with offset 17000 and limit 1000 ...
Fetching documents with offset 18000 and limit 1000 ...
Fetching documents with offset 19000 and limit 1000 ...
Fetching documents with offset 20000 and limit 1000 ...
Fetching documents with offset 21000 and limit 1000 ...
Fetching documents with offset 22000 and limit 1000 ...
Fetching documents with offset 23000 and limit 1000 ...
Fetching documents with offset 24000 and limit 1000 ...
Fetching documents with offset 25000 and limit 1000 ...
Fetching documents with offset 26000 and limit 1000 ...
Fetching documents with offset 27000 and limit 1000 ...
Fetching documents with offset 28000 and limit 1000 ...
Fetching documents with offset 29000 and limit 1000 ...
Fetching documents with offset 30000 and limit 1000 ...
Fetching documents with offset 31000 and limit 1000 ...
Fetching documents with offset 32000 and limit 1000 ...
Fetching documents with offset 33000 and limit 1000 ...
Fetching documents with offset 34000 and limit 1000 ...
Fetching documents with offset 35000 and limit 1000 ...
Fetching documents with offset 36000 and limit 1000 ...
Fetching documents with offset 37000 and limit 1000 ...
Document not found for account 2441417 customer id 101 
Document not found for account 2441424 customer id 101 
Document not found for account 2441428 customer id 101 
Document not found for account 2441470 customer id 101 
Document not found for account 2441506 customer id 101 
Document not found for account 2441513 customer id 101 
Document not found for account 2441522 customer id 101 
Document not found for account 2441524 customer id 101 
Document not found for account 2441549 customer id 101 
Document not found for account 2441570 customer id 101 
Document not found for account 2441621 customer id 101 
Document not found for account 2441627 customer id 101 
Document not found for account 2441639 customer id 101 
Document not found for account 2441643 customer id 101 
Document not found for account 2441678 customer id 101 
Document not found for account 2441690 customer id 101 
Document not found for account 2441692 customer id 101 
Document not found for account 2441716 customer id 101 
Document not found for account 2441727 customer id 101 
Document not found for account 2441730 customer id 101 
Document not found for account 2441738 customer id 101 
Document not found for account 2441746 customer id 101 
Document not found for account 2441760 customer id 101 
Document not found for account 2441784 customer id 101 
Document not found for account 2441796 customer id 101 
Document not found for account 2441801 customer id 101 
Document not found for account 2441811 customer id 101 
Total of 27 documents have been added successfully.

```
Script end time: '2025-02-27 12:19:22'
FYI: @hamid.hossein - script output for `mrvegas`
Story 'BAN-12345': done
