Script start time: '2025-04-22 06:48:03'
```shell
Doing: Leaderboard for missing users 
Calculated for tournament id: 1266900 
 Leaderboard recalculated and prizes credited 
Doing: Leaderboard for missing users 
Calculated for tournament id: 1266874 
 Leaderboard recalculated and prizes credited 
Doing: Leaderboard for missing users 
Calculated for tournament id: 1266795 
 Leaderboard recalculated and prizes credited 
Doing: Leaderboard for missing users 
Calculated for tournament id: 1263225 
 Leaderboard recalculated and prizes credited 
Doing: Leaderboard for missing users 
Calculated for tournament id: 1263168 
 Leaderboard recalculated and prizes credited 
Doing: Leaderboard for missing users 
Calculated for tournament id: 1263146 
 Leaderboard recalculated and prizes credited 
Doing: Leaderboard for missing users 
Calculated for tournament id: 1263116 
 Leaderboard recalculated and prizes credited 
Doing: Leaderboard for missing users 
Calculated for tournament id: 1262798 
 Leaderboard recalculated and prizes credited 

```
Script end time: '2025-04-22 06:48:05'
FYI: @YuriVelkis - script output for `mrvegas`
Story 'ASE-1656': done
