Script start time: '2025-04-23 08:59:45'
```shell
User 589114: does not have withdrawal_block: [].
User 589114: Removed deposit_block: [].
User 589114: Removed play_block: [].
User 604352: does not have withdrawal_block: [].
User 604352: does not have deposit_block: [].
User 604352: Removed play_block: [].
User 614332: does not have withdrawal_block: [].
User 614332: does not have deposit_block: [].
User 614332: does not have play_block: [].
User 648665: does not have withdrawal_block: [].
User 648665: does not have deposit_block: [].
User 648665: Removed play_block: [].
User 675321: does not have withdrawal_block: [].
User 675321: does not have deposit_block: [].
User 675321: Removed play_block: [].
User 313233: does not have withdrawal_block: [].
User 313233: Removed deposit_block: [].
User 313233: Removed play_block: [].
User 345022: does not have withdrawal_block: [].
User 345022: Removed deposit_block: [].
User 345022: Removed play_block: [].
User 244870: does not have withdrawal_block: [].
User 244870: does not have deposit_block: [].
User 244870: Removed play_block: [].
User 247072: does not have withdrawal_block: [].
User 247072: Removed deposit_block: [].
User 247072: Removed play_block: [].
User 252563: does not have withdrawal_block: [].
User 252563: Removed deposit_block: [].
User 252563: Removed play_block: [].
User 252603: does not have withdrawal_block: [].
User 252603: Removed deposit_block: [].
User 252603: Removed play_block: [].
User 253558: does not have withdrawal_block: [].
User 253558: does not have deposit_block: [].
User 253558: does not have play_block: [].
User 257276: does not have withdrawal_block: [].
User 257276: Removed deposit_block: [].
User 257276: Removed play_block: [].
User 258229: does not have withdrawal_block: [].
User 258229: Removed deposit_block: [].
User 258229: Removed play_block: [].
User 259176: does not have withdrawal_block: [].
User 259176: Removed deposit_block: [].
User 259176: Removed play_block: [].
User 261157: does not have withdrawal_block: [].
User 261157: does not have deposit_block: [].
User 261157: does not have play_block: [].
User 263427: does not have withdrawal_block: [].
User 263427: does not have deposit_block: [].
User 263427: does not have play_block: [].
User 265044: does not have withdrawal_block: [].
User 265044: does not have deposit_block: [].
User 265044: does not have play_block: [].
User 265450: does not have withdrawal_block: [].
User 265450: Removed deposit_block: [].
User 265450: Removed play_block: [].
User 266818: does not have withdrawal_block: [].
User 266818: Removed deposit_block: [].
User 266818: Removed play_block: [].
User 272154: does not have withdrawal_block: [].
User 272154: Removed deposit_block: [].
User 272154: Removed play_block: [].
User 272621: does not have withdrawal_block: [].
User 272621: Removed deposit_block: [].
User 272621: Removed play_block: [].
User 273832: does not have withdrawal_block: [].
User 273832: Removed deposit_block: [].
User 273832: Removed play_block: [].
User 274363: does not have withdrawal_block: [].
User 274363: does not have deposit_block: [].
User 274363: does not have play_block: [].
User 277492: does not have withdrawal_block: [].
User 277492: does not have deposit_block: [].
User 277492: does not have play_block: [].
User 278723: does not have withdrawal_block: [].
User 278723: Removed deposit_block: [].
User 278723: Removed play_block: [].
User 278917: does not have withdrawal_block: [].
User 278917: Removed deposit_block: [].
User 278917: Removed play_block: [].
User 279671: does not have withdrawal_block: [].
User 279671: Removed deposit_block: [].
User 279671: Removed play_block: [].
User 282512: does not have withdrawal_block: [].
User 282512: Removed deposit_block: [].
User 282512: Removed play_block: [].
User 283788: does not have withdrawal_block: [].
User 283788: Removed deposit_block: [].
User 283788: Removed play_block: [].
User 284928: does not have withdrawal_block: [].
User 284928: Removed deposit_block: [].
User 284928: Removed play_block: [].
User 285912: does not have withdrawal_block: [].
User 285912: Removed deposit_block: [].
User 285912: Removed play_block: [].
User 287689: does not have withdrawal_block: [].
User 287689: Removed deposit_block: [].
User 287689: Removed play_block: [].
User 287703: does not have withdrawal_block: [].
User 287703: does not have deposit_block: [].
User 287703: Removed play_block: [].
User 288507: does not have withdrawal_block: [].
User 288507: Removed deposit_block: [].
User 288507: Removed play_block: [].
User 289087: does not have withdrawal_block: [].
User 289087: Removed deposit_block: [].
User 289087: Removed play_block: [].
User 289378: does not have withdrawal_block: [].
User 289378: Removed deposit_block: [].
User 289378: Removed play_block: [].
User 289523: does not have withdrawal_block: [].
User 289523: Removed deposit_block: [].
User 289523: Removed play_block: [].
User 290258: does not have withdrawal_block: [].
User 290258: Removed deposit_block: [].
User 290258: Removed play_block: [].
User 291420: does not have withdrawal_block: [].
User 291420: Removed deposit_block: [].
User 291420: Removed play_block: [].
User 293547: does not have withdrawal_block: [].
User 293547: Removed deposit_block: [].
User 293547: Removed play_block: [].
User 294507: does not have withdrawal_block: [].
User 294507: Removed deposit_block: [].
User 294507: Removed play_block: [].
User 294629: does not have withdrawal_block: [].
User 294629: does not have deposit_block: [].
User 294629: Removed play_block: [].
User 296953: does not have withdrawal_block: [].
User 296953: Removed deposit_block: [].
User 296953: Removed play_block: [].
User 297073: does not have withdrawal_block: [].
User 297073: Removed deposit_block: [].
User 297073: Removed play_block: [].
User 297257: does not have withdrawal_block: [].
User 297257: Removed deposit_block: [].
User 297257: Removed play_block: [].
User 297666: does not have withdrawal_block: [].
User 297666: does not have deposit_block: [].
User 297666: does not have play_block: [].
User 297969: does not have withdrawal_block: [].
User 297969: does not have deposit_block: [].
User 297969: does not have play_block: [].
User 298009: does not have withdrawal_block: [].
User 298009: does not have deposit_block: [].
User 298009: Removed play_block: [].
User 299710: does not have withdrawal_block: [].
User 299710: does not have deposit_block: [].
User 299710: Removed play_block: [].
User 300075: does not have withdrawal_block: [].
User 300075: Removed deposit_block: [].
User 300075: Removed play_block: [].
User 300164: does not have withdrawal_block: [].
User 300164: Removed deposit_block: [].
User 300164: does not have play_block: [].
User 300421: does not have withdrawal_block: [].
User 300421: Removed deposit_block: [].
User 300421: Removed play_block: [].
User 300587: does not have withdrawal_block: [].
User 300587: Removed deposit_block: [].
User 300587: Removed play_block: [].
User 301690: does not have withdrawal_block: [].
User 301690: does not have deposit_block: [].
User 301690: does not have play_block: [].
User 301908: does not have withdrawal_block: [].
User 301908: does not have deposit_block: [].
User 301908: Removed play_block: [].
User 302018: does not have withdrawal_block: [].
User 302018: does not have deposit_block: [].
User 302018: does not have play_block: [].
User 302447: does not have withdrawal_block: [].
User 302447: Removed deposit_block: [].
User 302447: Removed play_block: [].
User 303013: does not have withdrawal_block: [].
User 303013: Removed deposit_block: [].
User 303013: Removed play_block: [].
User 304258: does not have withdrawal_block: [].
User 304258: Removed deposit_block: [].
User 304258: Removed play_block: [].
User 304337: does not have withdrawal_block: [].
User 304337: Removed deposit_block: [].
User 304337: Removed play_block: [].
User 304727: does not have withdrawal_block: [].
User 304727: Removed deposit_block: [].
User 304727: Removed play_block: [].
User 304888: does not have withdrawal_block: [].
User 304888: Removed deposit_block: [].
User 304888: does not have play_block: [].
User 305204: does not have withdrawal_block: [].
User 305204: Removed deposit_block: [].
User 305204: Removed play_block: [].
User 305378: does not have withdrawal_block: [].
User 305378: Removed deposit_block: [].
User 305378: Removed play_block: [].
User 305809: does not have withdrawal_block: [].
User 305809: does not have deposit_block: [].
User 305809: does not have play_block: [].
User 306319: does not have withdrawal_block: [].
User 306319: Removed deposit_block: [].
User 306319: Removed play_block: [].
User 309937: does not have withdrawal_block: [].
User 309937: does not have deposit_block: [].
User 309937: Removed play_block: [].
User 310758: does not have withdrawal_block: [].
User 310758: Removed deposit_block: [].
User 310758: does not have play_block: [].
User 310853: does not have withdrawal_block: [].
User 310853: Removed deposit_block: [].
User 310853: Removed play_block: [].
User 311892: does not have withdrawal_block: [].
User 311892: Removed deposit_block: [].
User 311892: does not have play_block: [].
User 312275: does not have withdrawal_block: [].
User 312275: Removed deposit_block: [].
User 312275: Removed play_block: [].
User 312387: does not have withdrawal_block: [].
User 312387: Removed deposit_block: [].
User 312387: Removed play_block: [].
User 312456: does not have withdrawal_block: [].
User 312456: Removed deposit_block: [].
User 312456: Removed play_block: [].
User 313239: does not have withdrawal_block: [].
User 313239: Removed deposit_block: [].
User 313239: Removed play_block: [].
User 313552: does not have withdrawal_block: [].
User 313552: Removed deposit_block: [].
User 313552: does not have play_block: [].
User 313618: does not have withdrawal_block: [].
User 313618: does not have deposit_block: [].
User 313618: Removed play_block: [].
User 313889: does not have withdrawal_block: [].
User 313889: does not have deposit_block: [].
User 313889: does not have play_block: [].
User 316727: does not have withdrawal_block: [].
User 316727: Removed deposit_block: [].
User 316727: Removed play_block: [].
User 316844: does not have withdrawal_block: [].
User 316844: Removed deposit_block: [].
User 316844: Removed play_block: [].
User 317049: does not have withdrawal_block: [].
User 317049: does not have deposit_block: [].
User 317049: does not have play_block: [].
User 319557: does not have withdrawal_block: [].
User 319557: Removed deposit_block: [].
User 319557: Removed play_block: [].
User 321106: does not have withdrawal_block: [].
User 321106: Removed deposit_block: [].
User 321106: Removed play_block: [].
User 321833: does not have withdrawal_block: [].
User 321833: Removed deposit_block: [].
User 321833: Removed play_block: [].
User 322972: does not have withdrawal_block: [].
User 322972: Removed deposit_block: [].
User 322972: Removed play_block: [].
User 325016: does not have withdrawal_block: [].
User 325016: Removed deposit_block: [].
User 325016: Removed play_block: [].
User 325798: does not have withdrawal_block: [].
User 325798: Removed deposit_block: [].
User 325798: Removed play_block: [].
User 325816: does not have withdrawal_block: [].
User 325816: Removed deposit_block: [].
User 325816: Removed play_block: [].
User 326580: does not have withdrawal_block: [].
User 326580: does not have deposit_block: [].
User 326580: Removed play_block: [].
User 327767: does not have withdrawal_block: [].
User 327767: does not have deposit_block: [].
User 327767: does not have play_block: [].
User 328150: does not have withdrawal_block: [].
User 328150: Removed deposit_block: [].
User 328150: Removed play_block: [].
User 328787: does not have withdrawal_block: [].
User 328787: Removed deposit_block: [].
User 328787: Removed play_block: [].
User 329182: does not have withdrawal_block: [].
User 329182: Removed deposit_block: [].
User 329182: Removed play_block: [].
User 330848: does not have withdrawal_block: [].
User 330848: does not have deposit_block: [].
User 330848: does not have play_block: [].
User 332020: does not have withdrawal_block: [].
User 332020: Removed deposit_block: [].
User 332020: Removed play_block: [].
User 332102: does not have withdrawal_block: [].
User 332102: does not have deposit_block: [].
User 332102: Removed play_block: [].
User 332975: does not have withdrawal_block: [].
User 332975: does not have deposit_block: [].
User 332975: Removed play_block: [].
User 333233: does not have withdrawal_block: [].
User 333233: Removed deposit_block: [].
User 333233: does not have play_block: [].
User 337597: does not have withdrawal_block: [].
User 337597: Removed deposit_block: [].
User 337597: Removed play_block: [].
User 337659: does not have withdrawal_block: [].
User 337659: Removed deposit_block: [].
User 337659: Removed play_block: [].
User 338820: does not have withdrawal_block: [].
User 338820: Removed deposit_block: [].
User 338820: Removed play_block: [].
User 341909: does not have withdrawal_block: [].
User 341909: Removed deposit_block: [].
User 341909: Removed play_block: [].
User 342086: does not have withdrawal_block: [].
User 342086: Removed deposit_block: [].
User 342086: Removed play_block: [].
User 342275: does not have withdrawal_block: [].
User 342275: Removed deposit_block: [].
User 342275: Removed play_block: [].
User 342655: does not have withdrawal_block: [].
User 342655: Removed deposit_block: [].
User 342655: Removed play_block: [].
User 342823: does not have withdrawal_block: [].
User 342823: Removed deposit_block: [].
User 342823: Removed play_block: [].
User 343345: does not have withdrawal_block: [].
User 343345: Removed deposit_block: [].
User 343345: Removed play_block: [].
User 343685: does not have withdrawal_block: [].
User 343685: Removed deposit_block: [].
User 343685: does not have play_block: [].
User 344346: does not have withdrawal_block: [].
User 344346: Removed deposit_block: [].
User 344346: Removed play_block: [].
User 344502: does not have withdrawal_block: [].
User 344502: does not have deposit_block: [].
User 344502: Removed play_block: [].
User 345070: does not have withdrawal_block: [].
User 345070: Removed deposit_block: [].
User 345070: Removed play_block: [].
User 345259: does not have withdrawal_block: [].
User 345259: Removed deposit_block: [].
User 345259: Removed play_block: [].
User 345465: does not have withdrawal_block: [].
User 345465: Removed deposit_block: [].
User 345465: Removed play_block: [].
User 345517: does not have withdrawal_block: [].
User 345517: Removed deposit_block: [].
User 345517: Removed play_block: [].
User 346041: does not have withdrawal_block: [].
User 346041: Removed deposit_block: [].
User 346041: Removed play_block: [].
User 346083: does not have withdrawal_block: [].
User 346083: Removed deposit_block: [].
User 346083: does not have play_block: [].
User 346912: does not have withdrawal_block: [].
User 346912: Removed deposit_block: [].
User 346912: Removed play_block: [].
User 350319: does not have withdrawal_block: [].
User 350319: Removed deposit_block: [].
User 350319: Removed play_block: [].
User 351064: does not have withdrawal_block: [].
User 351064: Removed deposit_block: [].
User 351064: Removed play_block: [].
User 352256: does not have withdrawal_block: [].
User 352256: does not have deposit_block: [].
User 352256: does not have play_block: [].
User 354288: does not have withdrawal_block: [].
User 354288: Removed deposit_block: [].
User 354288: Removed play_block: [].
User 355086: does not have withdrawal_block: [].
User 355086: Removed deposit_block: [].
User 355086: Removed play_block: [].
User 355486: does not have withdrawal_block: [].
User 355486: Removed deposit_block: [].
User 355486: Removed play_block: [].
User 356344: does not have withdrawal_block: [].
User 356344: does not have deposit_block: [].
User 356344: Removed play_block: [].
User 357214: does not have withdrawal_block: [].
User 357214: Removed deposit_block: [].
User 357214: Removed play_block: [].
User 357560: does not have withdrawal_block: [].
User 357560: Removed deposit_block: [].
User 357560: Removed play_block: [].
User 359456: does not have withdrawal_block: [].
User 359456: Removed deposit_block: [].
User 359456: Removed play_block: [].
User 360244: does not have withdrawal_block: [].
User 360244: Removed deposit_block: [].
User 360244: Removed play_block: [].
User 360560: does not have withdrawal_block: [].
User 360560: does not have deposit_block: [].
User 360560: does not have play_block: [].
User 361631: does not have withdrawal_block: [].
User 361631: Removed deposit_block: [].
User 361631: Removed play_block: [].
User 361897: does not have withdrawal_block: [].
User 361897: does not have deposit_block: [].
User 361897: Removed play_block: [].
User 362664: does not have withdrawal_block: [].
User 362664: does not have deposit_block: [].
User 362664: Removed play_block: [].
User 363094: does not have withdrawal_block: [].
User 363094: does not have deposit_block: [].
User 363094: Removed play_block: [].
User 363362: does not have withdrawal_block: [].
User 363362: Removed deposit_block: [].
User 363362: does not have play_block: [].
User 364489: does not have withdrawal_block: [].
User 364489: Removed deposit_block: [].
User 364489: Removed play_block: [].
User 364818: does not have withdrawal_block: [].
User 364818: Removed deposit_block: [].
User 364818: Removed play_block: [].
User 366598: does not have withdrawal_block: [].
User 366598: Removed deposit_block: [].
User 366598: Removed play_block: [].
User 367322: does not have withdrawal_block: [].
User 367322: Removed deposit_block: [].
User 367322: Removed play_block: [].
User 368886: does not have withdrawal_block: [].
User 368886: Removed deposit_block: [].
User 368886: Removed play_block: [].
User 370663: does not have withdrawal_block: [].
User 370663: Removed deposit_block: [].
User 370663: Removed play_block: [].
User 371001: does not have withdrawal_block: [].
User 371001: does not have deposit_block: [].
User 371001: does not have play_block: [].
User 371245: does not have withdrawal_block: [].
User 371245: Removed deposit_block: [].
User 371245: Removed play_block: [].
User 371361: does not have withdrawal_block: [].
User 371361: Removed deposit_block: [].
User 371361: Removed play_block: [].
User 371595: does not have withdrawal_block: [].
User 371595: Removed deposit_block: [].
User 371595: does not have play_block: [].
User 373706: does not have withdrawal_block: [].
User 373706: Removed deposit_block: [].
User 373706: Removed play_block: [].
User 374027: does not have withdrawal_block: [].
User 374027: Removed deposit_block: [].
User 374027: Removed play_block: [].
User 374352: does not have withdrawal_block: [].
User 374352: does not have deposit_block: [].
User 374352: does not have play_block: [].
User 375185: does not have withdrawal_block: [].
User 375185: Removed deposit_block: [].
User 375185: Removed play_block: [].
User 377162: does not have withdrawal_block: [].
User 377162: Removed deposit_block: [].
User 377162: Removed play_block: [].
User 379775: does not have withdrawal_block: [].
User 379775: Removed deposit_block: [].
User 379775: Removed play_block: [].
User 381273: does not have withdrawal_block: [].
User 381273: does not have deposit_block: [].
User 381273: Removed play_block: [].
User 381731: does not have withdrawal_block: [].
User 381731: does not have deposit_block: [].
User 381731: does not have play_block: [].
User 381982: does not have withdrawal_block: [].
User 381982: Removed deposit_block: [].
User 381982: Removed play_block: [].
User 383229: does not have withdrawal_block: [].
User 383229: Removed deposit_block: [].
User 383229: Removed play_block: [].
User 383681: does not have withdrawal_block: [].
User 383681: does not have deposit_block: [].
User 383681: Removed play_block: [].
User 384881: does not have withdrawal_block: [].
User 384881: Removed deposit_block: [].
User 384881: Removed play_block: [].
User 385541: does not have withdrawal_block: [].
User 385541: Removed deposit_block: [].
User 385541: Removed play_block: [].
User 386059: does not have withdrawal_block: [].
User 386059: Removed deposit_block: [].
User 386059: does not have play_block: [].
User 390110: does not have withdrawal_block: [].
User 390110: Removed deposit_block: [].
User 390110: Removed play_block: [].
User 390711: does not have withdrawal_block: [].
User 390711: Removed deposit_block: [].
User 390711: Removed play_block: [].
User 390871: does not have withdrawal_block: [].
User 390871: Removed deposit_block: [].
User 390871: Removed play_block: [].
User 391026: does not have withdrawal_block: [].
User 391026: does not have deposit_block: [].
User 391026: Removed play_block: [].
User 391124: does not have withdrawal_block: [].
User 391124: Removed deposit_block: [].
User 391124: Removed play_block: [].
User 392028: does not have withdrawal_block: [].
User 392028: Removed deposit_block: [].
User 392028: Removed play_block: [].
User 392971: does not have withdrawal_block: [].
User 392971: Removed deposit_block: [].
User 392971: Removed play_block: [].
User 393017: does not have withdrawal_block: [].
User 393017: Removed deposit_block: [].
User 393017: Removed play_block: [].
User 393081: does not have withdrawal_block: [].
User 393081: Removed deposit_block: [].
User 393081: Removed play_block: [].
User 394353: does not have withdrawal_block: [].
User 394353: Removed deposit_block: [].
User 394353: Removed play_block: [].
User 395171: does not have withdrawal_block: [].
User 395171: does not have deposit_block: [].
User 395171: Removed play_block: [].
User 395254: does not have withdrawal_block: [].
User 395254: does not have deposit_block: [].
User 395254: Removed play_block: [].
User 395655: does not have withdrawal_block: [].
User 395655: Removed deposit_block: [].
User 395655: does not have play_block: [].
User 396483: does not have withdrawal_block: [].
User 396483: does not have deposit_block: [].
User 396483: does not have play_block: [].
User 396502: does not have withdrawal_block: [].
User 396502: Removed deposit_block: [].
User 396502: does not have play_block: [].
User 397329: does not have withdrawal_block: [].
User 397329: Removed deposit_block: [].
User 397329: Removed play_block: [].
User 398971: does not have withdrawal_block: [].
User 398971: Removed deposit_block: [].
User 398971: Removed play_block: [].
User 401480: does not have withdrawal_block: [].
User 401480: Removed deposit_block: [].
User 401480: Removed play_block: [].
User 402221: does not have withdrawal_block: [].
User 402221: does not have deposit_block: [].
User 402221: does not have play_block: [].
User 403086: does not have withdrawal_block: [].
User 403086: Removed deposit_block: [].
User 403086: Removed play_block: [].
User 403846: does not have withdrawal_block: [].
User 403846: Removed deposit_block: [].
User 403846: Removed play_block: [].
User 403852: does not have withdrawal_block: [].
User 403852: does not have deposit_block: [].
User 403852: does not have play_block: [].
User 403871: does not have withdrawal_block: [].
User 403871: Removed deposit_block: [].
User 403871: Removed play_block: [].
User 404043: does not have withdrawal_block: [].
User 404043: does not have deposit_block: [].
User 404043: Removed play_block: [].
User 404452: does not have withdrawal_block: [].
User 404452: Removed deposit_block: [].
User 404452: does not have play_block: [].
User 405260: does not have withdrawal_block: [].
User 405260: Removed deposit_block: [].
User 405260: Removed play_block: [].
User 405547: does not have withdrawal_block: [].
User 405547: Removed deposit_block: [].
User 405547: Removed play_block: [].
User 405839: does not have withdrawal_block: [].
User 405839: Removed deposit_block: [].
User 405839: Removed play_block: [].
User 406294: does not have withdrawal_block: [].
User 406294: Removed deposit_block: [].
User 406294: Removed play_block: [].
User 407439: does not have withdrawal_block: [].
User 407439: Removed deposit_block: [].
User 407439: Removed play_block: [].
User 408786: does not have withdrawal_block: [].
User 408786: Removed deposit_block: [].
User 408786: Removed play_block: [].
User 409047: does not have withdrawal_block: [].
User 409047: does not have deposit_block: [].
User 409047: Removed play_block: [].
User 410853: does not have withdrawal_block: [].
User 410853: Removed deposit_block: [].
User 410853: Removed play_block: [].
User 411512: does not have withdrawal_block: [].
User 411512: Removed deposit_block: [].
User 411512: Removed play_block: [].
User 412765: does not have withdrawal_block: [].
User 412765: Removed deposit_block: [].
User 412765: Removed play_block: [].
User 412804: does not have withdrawal_block: [].
User 412804: does not have deposit_block: [].
User 412804: Removed play_block: [].
User 414574: does not have withdrawal_block: [].
User 414574: Removed deposit_block: [].
User 414574: Removed play_block: [].
User 415031: does not have withdrawal_block: [].
User 415031: Removed deposit_block: [].
User 415031: Removed play_block: [].
User 415528: does not have withdrawal_block: [].
User 415528: Removed deposit_block: [].
User 415528: Removed play_block: [].
User 416001: does not have withdrawal_block: [].
User 416001: does not have deposit_block: [].
User 416001: does not have play_block: [].
User 416483: does not have withdrawal_block: [].
User 416483: Removed deposit_block: [].
User 416483: Removed play_block: [].
User 418341: does not have withdrawal_block: [].
User 418341: Removed deposit_block: [].
User 418341: Removed play_block: [].
User 418455: does not have withdrawal_block: [].
User 418455: Removed deposit_block: [].
User 418455: Removed play_block: [].
User 418605: does not have withdrawal_block: [].
User 418605: does not have deposit_block: [].
User 418605: Removed play_block: [].
User 418953: does not have withdrawal_block: [].
User 418953: Removed deposit_block: [].
User 418953: Removed play_block: [].
User 419861: does not have withdrawal_block: [].
User 419861: Removed deposit_block: [].
User 419861: Removed play_block: [].
User 421540: does not have withdrawal_block: [].
User 421540: Removed deposit_block: [].
User 421540: Removed play_block: [].
User 422293: does not have withdrawal_block: [].
User 422293: does not have deposit_block: [].
User 422293: Removed play_block: [].
User 423371: does not have withdrawal_block: [].
User 423371: does not have deposit_block: [].
User 423371: Removed play_block: [].
User 424051: does not have withdrawal_block: [].
User 424051: does not have deposit_block: [].
User 424051: Removed play_block: [].
User 424694: does not have withdrawal_block: [].
User 424694: does not have deposit_block: [].
User 424694: Removed play_block: [].
User 428248: does not have withdrawal_block: [].
User 428248: Removed deposit_block: [].
User 428248: Removed play_block: [].
User 430114: does not have withdrawal_block: [].
User 430114: does not have deposit_block: [].
User 430114: Removed play_block: [].
User 430386: does not have withdrawal_block: [].
User 430386: does not have deposit_block: [].
User 430386: does not have play_block: [].
User 430723: does not have withdrawal_block: [].
User 430723: does not have deposit_block: [].
User 430723: Removed play_block: [].
User 430905: does not have withdrawal_block: [].
User 430905: Removed deposit_block: [].
User 430905: Removed play_block: [].
User 432920: does not have withdrawal_block: [].
User 432920: Removed deposit_block: [].
User 432920: Removed play_block: [].
User 432978: does not have withdrawal_block: [].
User 432978: Removed deposit_block: [].
User 432978: Removed play_block: [].
User 433548: does not have withdrawal_block: [].
User 433548: Removed deposit_block: [].
User 433548: Removed play_block: [].
User 435298: does not have withdrawal_block: [].
User 435298: does not have deposit_block: [].
User 435298: Removed play_block: [].
User 435487: does not have withdrawal_block: [].
User 435487: Removed deposit_block: [].
User 435487: Removed play_block: [].
User 437636: does not have withdrawal_block: [].
User 437636: Removed deposit_block: [].
User 437636: Removed play_block: [].
User 438190: does not have withdrawal_block: [].
User 438190: does not have deposit_block: [].
User 438190: Removed play_block: [].
User 439735: does not have withdrawal_block: [].
User 439735: Removed deposit_block: [].
User 439735: Removed play_block: [].
User 441520: does not have withdrawal_block: [].
User 441520: Removed deposit_block: [].
User 441520: Removed play_block: [].
User 442372: does not have withdrawal_block: [].
User 442372: Removed deposit_block: [].
User 442372: does not have play_block: [].
User 443320: does not have withdrawal_block: [].
User 443320: Removed deposit_block: [].
User 443320: Removed play_block: [].
User 444445: does not have withdrawal_block: [].
User 444445: Removed deposit_block: [].
User 444445: Removed play_block: [].
User 445799: does not have withdrawal_block: [].
User 445799: Removed deposit_block: [].
User 445799: Removed play_block: [].
User 445815: does not have withdrawal_block: [].
User 445815: Removed deposit_block: [].
User 445815: does not have play_block: [].
User 447957: does not have withdrawal_block: [].
User 447957: Removed deposit_block: [].
User 447957: does not have play_block: [].
User 447962: does not have withdrawal_block: [].
User 447962: Removed deposit_block: [].
User 447962: Removed play_block: [].
User 449547: does not have withdrawal_block: [].
User 449547: Removed deposit_block: [].
User 449547: Removed play_block: [].
User 449737: does not have withdrawal_block: [].
User 449737: Removed deposit_block: [].
User 449737: Removed play_block: [].
User 449934: does not have withdrawal_block: [].
User 449934: does not have deposit_block: [].
User 449934: Removed play_block: [].
User 450730: does not have withdrawal_block: [].
User 450730: Removed deposit_block: [].
User 450730: Removed play_block: [].
User 451062: does not have withdrawal_block: [].
User 451062: does not have deposit_block: [].
User 451062: does not have play_block: [].
User 451098: does not have withdrawal_block: [].
User 451098: Removed deposit_block: [].
User 451098: Removed play_block: [].
User 451764: does not have withdrawal_block: [].
User 451764: does not have deposit_block: [].
User 451764: does not have play_block: [].
User 454600: does not have withdrawal_block: [].
User 454600: does not have deposit_block: [].
User 454600: Removed play_block: [].
User 455088: does not have withdrawal_block: [].
User 455088: Removed deposit_block: [].
User 455088: Removed play_block: [].
User 455540: does not have withdrawal_block: [].
User 455540: Removed deposit_block: [].
User 455540: Removed play_block: [].
User 456451: does not have withdrawal_block: [].
User 456451: does not have deposit_block: [].
User 456451: Removed play_block: [].
User 458798: does not have withdrawal_block: [].
User 458798: Removed deposit_block: [].
User 458798: Removed play_block: [].
User 459112: does not have withdrawal_block: [].
User 459112: Removed deposit_block: [].
User 459112: Removed play_block: [].
User 459296: does not have withdrawal_block: [].
User 459296: does not have deposit_block: [].
User 459296: Removed play_block: [].
User 459861: does not have withdrawal_block: [].
User 459861: does not have deposit_block: [].
User 459861: does not have play_block: [].
User 460160: does not have withdrawal_block: [].
User 460160: does not have deposit_block: [].
User 460160: Removed play_block: [].
User 460313: does not have withdrawal_block: [].
User 460313: Removed deposit_block: [].
User 460313: does not have play_block: [].
User 463936: does not have withdrawal_block: [].
User 463936: Removed deposit_block: [].
User 463936: does not have play_block: [].
User 465004: does not have withdrawal_block: [].
User 465004: Removed deposit_block: [].
User 465004: Removed play_block: [].
User 465585: does not have withdrawal_block: [].
User 465585: Removed deposit_block: [].
User 465585: Removed play_block: [].
User 465953: does not have withdrawal_block: [].
User 465953: Removed deposit_block: [].
User 465953: Removed play_block: [].
User 466142: does not have withdrawal_block: [].
User 466142: Removed deposit_block: [].
User 466142: Removed play_block: [].
User 466190: does not have withdrawal_block: [].
User 466190: Removed deposit_block: [].
User 466190: Removed play_block: [].
User 466733: does not have withdrawal_block: [].
User 466733: Removed deposit_block: [].
User 466733: Removed play_block: [].
User 466918: does not have withdrawal_block: [].
User 466918: Removed deposit_block: [].
User 466918: Removed play_block: [].
User 467708: does not have withdrawal_block: [].
User 467708: Removed deposit_block: [].
User 467708: Removed play_block: [].
User 468466: does not have withdrawal_block: [].
User 468466: Removed deposit_block: [].
User 468466: Removed play_block: [].
User 469021: does not have withdrawal_block: [].
User 469021: Removed deposit_block: [].
User 469021: Removed play_block: [].
User 470344: does not have withdrawal_block: [].
User 470344: Removed deposit_block: [].
User 470344: does not have play_block: [].
User 470359: does not have withdrawal_block: [].
User 470359: does not have deposit_block: [].
User 470359: Removed play_block: [].
User 470894: does not have withdrawal_block: [].
User 470894: Removed deposit_block: [].
User 470894: does not have play_block: [].
User 471324: does not have withdrawal_block: [].
User 471324: Removed deposit_block: [].
User 471324: Removed play_block: [].
User 472097: does not have withdrawal_block: [].
User 472097: Removed deposit_block: [].
User 472097: Removed play_block: [].
User 472416: does not have withdrawal_block: [].
User 472416: Removed deposit_block: [].
User 472416: Removed play_block: [].
User 472699: does not have withdrawal_block: [].
User 472699: Removed deposit_block: [].
User 472699: Removed play_block: [].
User 474992: does not have withdrawal_block: [].
User 474992: does not have deposit_block: [].
User 474992: Removed play_block: [].
User 476216: does not have withdrawal_block: [].
User 476216: does not have deposit_block: [].
User 476216: does not have play_block: [].
User 476283: does not have withdrawal_block: [].
User 476283: Removed deposit_block: [].
User 476283: Removed play_block: [].
User 476374: does not have withdrawal_block: [].
User 476374: Removed deposit_block: [].
User 476374: does not have play_block: [].
User 476432: does not have withdrawal_block: [].
User 476432: Removed deposit_block: [].
User 476432: Removed play_block: [].
User 476675: does not have withdrawal_block: [].
User 476675: Removed deposit_block: [].
User 476675: Removed play_block: [].
User 477319: does not have withdrawal_block: [].
User 477319: does not have deposit_block: [].
User 477319: does not have play_block: [].
User 477813: does not have withdrawal_block: [].
User 477813: does not have deposit_block: [].
User 477813: Removed play_block: [].
User 477941: does not have withdrawal_block: [].
User 477941: Removed deposit_block: [].
User 477941: Removed play_block: [].
User 478437: does not have withdrawal_block: [].
User 478437: Removed deposit_block: [].
User 478437: Removed play_block: [].
User 478982: does not have withdrawal_block: [].
User 478982: does not have deposit_block: [].
User 478982: does not have play_block: [].
User 479596: does not have withdrawal_block: [].
User 479596: Removed deposit_block: [].
User 479596: Removed play_block: [].
User 480634: does not have withdrawal_block: [].
User 480634: Removed deposit_block: [].
User 480634: Removed play_block: [].
User 480947: does not have withdrawal_block: [].
User 480947: Removed deposit_block: [].
User 480947: Removed play_block: [].
User 481112: does not have withdrawal_block: [].
User 481112: does not have deposit_block: [].
User 481112: does not have play_block: [].
User 482236: does not have withdrawal_block: [].
User 482236: Removed deposit_block: [].
User 482236: Removed play_block: [].
User 482923: does not have withdrawal_block: [].
User 482923: Removed deposit_block: [].
User 482923: Removed play_block: [].
User 483722: does not have withdrawal_block: [].
User 483722: does not have deposit_block: [].
User 483722: does not have play_block: [].
User 484131: does not have withdrawal_block: [].
User 484131: Removed deposit_block: [].
User 484131: Removed play_block: [].
User 484216: does not have withdrawal_block: [].
User 484216: does not have deposit_block: [].
User 484216: does not have play_block: [].
User 484589: does not have withdrawal_block: [].
User 484589: does not have deposit_block: [].
User 484589: Removed play_block: [].
User 485302: does not have withdrawal_block: [].
User 485302: Removed deposit_block: [].
User 485302: Removed play_block: [].
User 485317: does not have withdrawal_block: [].
User 485317: Removed deposit_block: [].
User 485317: Removed play_block: [].
User 485553: does not have withdrawal_block: [].
User 485553: Removed deposit_block: [].
User 485553: Removed play_block: [].
User 486893: does not have withdrawal_block: [].
User 486893: Removed deposit_block: [].
User 486893: Removed play_block: [].
User 487264: does not have withdrawal_block: [].
User 487264: Removed deposit_block: [].
User 487264: Removed play_block: [].
User 487313: does not have withdrawal_block: [].
User 487313: Removed deposit_block: [].
User 487313: does not have play_block: [].
User 487958: does not have withdrawal_block: [].
User 487958: Removed deposit_block: [].
User 487958: does not have play_block: [].
User 488820: does not have withdrawal_block: [].
User 488820: Removed deposit_block: [].
User 488820: Removed play_block: [].
User 489760: does not have withdrawal_block: [].
User 489760: does not have deposit_block: [].
User 489760: Removed play_block: [].
User 489861: does not have withdrawal_block: [].
User 489861: does not have deposit_block: [].
User 489861: does not have play_block: [].
User 491845: does not have withdrawal_block: [].
User 491845: Removed deposit_block: [].
User 491845: Removed play_block: [].
User 492351: does not have withdrawal_block: [].
User 492351: Removed deposit_block: [].
User 492351: Removed play_block: [].
User 492535: does not have withdrawal_block: [].
User 492535: Removed deposit_block: [].
User 492535: Removed play_block: [].
User 493761: does not have withdrawal_block: [].
User 493761: Removed deposit_block: [].
User 493761: Removed play_block: [].
User 494013: does not have withdrawal_block: [].
User 494013: Removed deposit_block: [].
User 494013: does not have play_block: [].
User 495688: does not have withdrawal_block: [].
User 495688: Removed deposit_block: [].
User 495688: Removed play_block: [].
User 495711: does not have withdrawal_block: [].
User 495711: Removed deposit_block: [].
User 495711: Removed play_block: [].
User 496794: does not have withdrawal_block: [].
User 496794: does not have deposit_block: [].
User 496794: Removed play_block: [].
User 497291: does not have withdrawal_block: [].
User 497291: Removed deposit_block: [].
User 497291: Removed play_block: [].
User 498827: does not have withdrawal_block: [].
User 498827: does not have deposit_block: [].
User 498827: does not have play_block: [].
User 498932: does not have withdrawal_block: [].
User 498932: Removed deposit_block: [].
User 498932: Removed play_block: [].
User 499081: does not have withdrawal_block: [].
User 499081: does not have deposit_block: [].
User 499081: does not have play_block: [].
User 499608: does not have withdrawal_block: [].
User 499608: does not have deposit_block: [].
User 499608: Removed play_block: [].
User 501680: does not have withdrawal_block: [].
User 501680: does not have deposit_block: [].
User 501680: Removed play_block: [].
User 502088: does not have withdrawal_block: [].
User 502088: Removed deposit_block: [].
User 502088: Removed play_block: [].
User 503008: does not have withdrawal_block: [].
User 503008: does not have deposit_block: [].
User 503008: does not have play_block: [].
User 504037: does not have withdrawal_block: [].
User 504037: Removed deposit_block: [].
User 504037: Removed play_block: [].
User 504624: does not have withdrawal_block: [].
User 504624: Removed deposit_block: [].
User 504624: Removed play_block: [].
User 504873: does not have withdrawal_block: [].
User 504873: Removed deposit_block: [].
User 504873: Removed play_block: [].
User 506674: does not have withdrawal_block: [].
User 506674: Removed deposit_block: [].
User 506674: Removed play_block: [].
User 508060: does not have withdrawal_block: [].
User 508060: Removed deposit_block: [].
User 508060: does not have play_block: [].
User 508791: does not have withdrawal_block: [].
User 508791: Removed deposit_block: [].
User 508791: Removed play_block: [].
User 510642: does not have withdrawal_block: [].
User 510642: does not have deposit_block: [].
User 510642: does not have play_block: [].
User 511547: does not have withdrawal_block: [].
User 511547: Removed deposit_block: [].
User 511547: Removed play_block: [].
User 512437: does not have withdrawal_block: [].
User 512437: does not have deposit_block: [].
User 512437: does not have play_block: [].
User 513004: does not have withdrawal_block: [].
User 513004: Removed deposit_block: [].
User 513004: Removed play_block: [].
User 513038: does not have withdrawal_block: [].
User 513038: Removed deposit_block: [].
User 513038: Removed play_block: [].
User 513252: does not have withdrawal_block: [].
User 513252: does not have deposit_block: [].
User 513252: Removed play_block: [].
User 513887: does not have withdrawal_block: [].
User 513887: does not have deposit_block: [].
User 513887: Removed play_block: [].
User 514663: does not have withdrawal_block: [].
User 514663: does not have deposit_block: [].
User 514663: Removed play_block: [].
User 516181: does not have withdrawal_block: [].
User 516181: Removed deposit_block: [].
User 516181: Removed play_block: [].
User 516312: does not have withdrawal_block: [].
User 516312: Removed deposit_block: [].
User 516312: does not have play_block: [].
User 516513: does not have withdrawal_block: [].
User 516513: does not have deposit_block: [].
User 516513: Removed play_block: [].
User 516541: does not have withdrawal_block: [].
User 516541: Removed deposit_block: [].
User 516541: does not have play_block: [].
User 517455: does not have withdrawal_block: [].
User 517455: Removed deposit_block: [].
User 517455: Removed play_block: [].
User 517505: does not have withdrawal_block: [].
User 517505: Removed deposit_block: [].
User 517505: Removed play_block: [].
User 517821: does not have withdrawal_block: [].
User 517821: Removed deposit_block: [].
User 517821: Removed play_block: [].
User 518035: does not have withdrawal_block: [].
User 518035: Removed deposit_block: [].
User 518035: Removed play_block: [].
User 518527: does not have withdrawal_block: [].
User 518527: Removed deposit_block: [].
User 518527: does not have play_block: [].
User 518567: does not have withdrawal_block: [].
User 518567: Removed deposit_block: [].
User 518567: Removed play_block: [].
User 519072: does not have withdrawal_block: [].
User 519072: Removed deposit_block: [].
User 519072: Removed play_block: [].
User 519763: does not have withdrawal_block: [].
User 519763: Removed deposit_block: [].
User 519763: Removed play_block: [].
User 519965: does not have withdrawal_block: [].
User 519965: Removed deposit_block: [].
User 519965: does not have play_block: [].
User 520668: does not have withdrawal_block: [].
User 520668: does not have deposit_block: [].
User 520668: does not have play_block: [].
User 521074: does not have withdrawal_block: [].
User 521074: does not have deposit_block: [].
User 521074: Removed play_block: [].
User 521280: does not have withdrawal_block: [].
User 521280: does not have deposit_block: [].
User 521280: Removed play_block: [].
User 522003: does not have withdrawal_block: [].
User 522003: Removed deposit_block: [].
User 522003: Removed play_block: [].
User 522699: does not have withdrawal_block: [].
User 522699: Removed deposit_block: [].
User 522699: Removed play_block: [].
User 523427: does not have withdrawal_block: [].
User 523427: Removed deposit_block: [].
User 523427: Removed play_block: [].
User 524177: does not have withdrawal_block: [].
User 524177: Removed deposit_block: [].
User 524177: Removed play_block: [].
User 524436: does not have withdrawal_block: [].
User 524436: Removed deposit_block: [].
User 524436: Removed play_block: [].
User 525206: does not have withdrawal_block: [].
User 525206: Removed deposit_block: [].
User 525206: Removed play_block: [].
User 525211: does not have withdrawal_block: [].
User 525211: Removed deposit_block: [].
User 525211: Removed play_block: [].
User 525794: does not have withdrawal_block: [].
User 525794: does not have deposit_block: [].
User 525794: does not have play_block: [].
User 525947: does not have withdrawal_block: [].
User 525947: Removed deposit_block: [].
User 525947: Removed play_block: [].
User 526618: does not have withdrawal_block: [].
User 526618: Removed deposit_block: [].
User 526618: does not have play_block: [].
User 527423: does not have withdrawal_block: [].
User 527423: Removed deposit_block: [].
User 527423: Removed play_block: [].
User 527546: does not have withdrawal_block: [].
User 527546: does not have deposit_block: [].
User 527546: does not have play_block: [].
User 527838: does not have withdrawal_block: [].
User 527838: does not have deposit_block: [].
User 527838: Removed play_block: [].
User 528011: does not have withdrawal_block: [].
User 528011: Removed deposit_block: [].
User 528011: Removed play_block: [].
User 528063: does not have withdrawal_block: [].
User 528063: Removed deposit_block: [].
User 528063: Removed play_block: [].
User 528230: does not have withdrawal_block: [].
User 528230: Removed deposit_block: [].
User 528230: Removed play_block: [].
User 528768: does not have withdrawal_block: [].
User 528768: Removed deposit_block: [].
User 528768: Removed play_block: [].
User 529046: does not have withdrawal_block: [].
User 529046: Removed deposit_block: [].
User 529046: Removed play_block: [].
User 529148: does not have withdrawal_block: [].
User 529148: does not have deposit_block: [].
User 529148: Removed play_block: [].
User 529367: does not have withdrawal_block: [].
User 529367: Removed deposit_block: [].
User 529367: Removed play_block: [].
User 529569: does not have withdrawal_block: [].
User 529569: Removed deposit_block: [].
User 529569: Removed play_block: [].
User 530137: does not have withdrawal_block: [].
User 530137: Removed deposit_block: [].
User 530137: Removed play_block: [].
User 530150: does not have withdrawal_block: [].
User 530150: Removed deposit_block: [].
User 530150: Removed play_block: [].
User 530679: does not have withdrawal_block: [].
User 530679: Removed deposit_block: [].
User 530679: Removed play_block: [].
User 532180: does not have withdrawal_block: [].
User 532180: Removed deposit_block: [].
User 532180: Removed play_block: [].
User 532447: Removed withdrawal_block: [].
User 532447: Removed deposit_block: [].
User 532447: Removed play_block: [].
User 532887: does not have withdrawal_block: [].
User 532887: Removed deposit_block: [].
User 532887: does not have play_block: [].
User 532926: does not have withdrawal_block: [].
User 532926: Removed deposit_block: [].
User 532926: Removed play_block: [].
User 532957: does not have withdrawal_block: [].
User 532957: Removed deposit_block: [].
User 532957: Removed play_block: [].
User 533582: does not have withdrawal_block: [].
User 533582: does not have deposit_block: [].
User 533582: Removed play_block: [].
User 533707: does not have withdrawal_block: [].
User 533707: does not have deposit_block: [].
User 533707: Removed play_block: [].
User 533909: does not have withdrawal_block: [].
User 533909: does not have deposit_block: [].
User 533909: Removed play_block: [].
User 534260: does not have withdrawal_block: [].
User 534260: Removed deposit_block: [].
User 534260: Removed play_block: [].
User 535073: does not have withdrawal_block: [].
User 535073: Removed deposit_block: [].
User 535073: Removed play_block: [].
User 535336: does not have withdrawal_block: [].
User 535336: Removed deposit_block: [].
User 535336: Removed play_block: [].
User 535578: does not have withdrawal_block: [].
User 535578: Removed deposit_block: [].
User 535578: Removed play_block: [].
User 535682: does not have withdrawal_block: [].
User 535682: Removed deposit_block: [].
User 535682: Removed play_block: [].
User 536674: does not have withdrawal_block: [].
User 536674: Removed deposit_block: [].
User 536674: Removed play_block: [].
User 537080: does not have withdrawal_block: [].
User 537080: does not have deposit_block: [].
User 537080: Removed play_block: [].
User 537875: does not have withdrawal_block: [].
User 537875: Removed deposit_block: [].
User 537875: Removed play_block: [].
User 538013: does not have withdrawal_block: [].
User 538013: Removed deposit_block: [].
User 538013: Removed play_block: [].
User 538702: does not have withdrawal_block: [].
User 538702: Removed deposit_block: [].
User 538702: Removed play_block: [].
User 538790: does not have withdrawal_block: [].
User 538790: does not have deposit_block: [].
User 538790: Removed play_block: [].
User 539311: does not have withdrawal_block: [].
User 539311: Removed deposit_block: [].
User 539311: Removed play_block: [].
User 539419: does not have withdrawal_block: [].
User 539419: Removed deposit_block: [].
User 539419: Removed play_block: [].
User 539430: does not have withdrawal_block: [].
User 539430: Removed deposit_block: [].
User 539430: does not have play_block: [].
User 540061: Removed withdrawal_block: [].
User 540061: Removed deposit_block: [].
User 540061: Removed play_block: [].
User 540129: does not have withdrawal_block: [].
User 540129: Removed deposit_block: [].
User 540129: Removed play_block: [].
User 540316: does not have withdrawal_block: [].
User 540316: Removed deposit_block: [].
User 540316: Removed play_block: [].
User 540677: does not have withdrawal_block: [].
User 540677: does not have deposit_block: [].
User 540677: Removed play_block: [].
User 540916: does not have withdrawal_block: [].
User 540916: Removed deposit_block: [].
User 540916: Removed play_block: [].
User 541044: does not have withdrawal_block: [].
User 541044: Removed deposit_block: [].
User 541044: Removed play_block: [].
User 541478: does not have withdrawal_block: [].
User 541478: does not have deposit_block: [].
User 541478: Removed play_block: [].
User 542003: does not have withdrawal_block: [].
User 542003: Removed deposit_block: [].
User 542003: Removed play_block: [].
User 542135: does not have withdrawal_block: [].
User 542135: Removed deposit_block: [].
User 542135: does not have play_block: [].
User 542155: does not have withdrawal_block: [].
User 542155: Removed deposit_block: [].
User 542155: Removed play_block: [].
User 543237: does not have withdrawal_block: [].
User 543237: Removed deposit_block: [].
User 543237: Removed play_block: [].
User 543241: does not have withdrawal_block: [].
User 543241: Removed deposit_block: [].
User 543241: Removed play_block: [].
User 543716: does not have withdrawal_block: [].
User 543716: does not have deposit_block: [].
User 543716: Removed play_block: [].
User 543724: does not have withdrawal_block: [].
User 543724: Removed deposit_block: [].
User 543724: Removed play_block: [].
User 543974: does not have withdrawal_block: [].
User 543974: Removed deposit_block: [].
User 543974: Removed play_block: [].
User 544421: does not have withdrawal_block: [].
User 544421: Removed deposit_block: [].
User 544421: Removed play_block: [].
User 544622: does not have withdrawal_block: [].
User 544622: Removed deposit_block: [].
User 544622: Removed play_block: [].
User 545235: does not have withdrawal_block: [].
User 545235: does not have deposit_block: [].
User 545235: does not have play_block: [].
User 545420: does not have withdrawal_block: [].
User 545420: Removed deposit_block: [].
User 545420: Removed play_block: [].
User 546008: does not have withdrawal_block: [].
User 546008: Removed deposit_block: [].
User 546008: does not have play_block: [].
User 546245: does not have withdrawal_block: [].
User 546245: Removed deposit_block: [].
User 546245: Removed play_block: [].
User 547110: does not have withdrawal_block: [].
User 547110: does not have deposit_block: [].
User 547110: Removed play_block: [].
User 547684: does not have withdrawal_block: [].
User 547684: does not have deposit_block: [].
User 547684: does not have play_block: [].
User 547695: does not have withdrawal_block: [].
User 547695: Removed deposit_block: [].
User 547695: does not have play_block: [].
User 547772: does not have withdrawal_block: [].
User 547772: does not have deposit_block: [].
User 547772: Removed play_block: [].
User 548153: does not have withdrawal_block: [].
User 548153: Removed deposit_block: [].
User 548153: Removed play_block: [].
User 548644: does not have withdrawal_block: [].
User 548644: does not have deposit_block: [].
User 548644: Removed play_block: [].
User 548676: does not have withdrawal_block: [].
User 548676: Removed deposit_block: [].
User 548676: Removed play_block: [].
User 549533: does not have withdrawal_block: [].
User 549533: does not have deposit_block: [].
User 549533: Removed play_block: [].
User 549586: does not have withdrawal_block: [].
User 549586: Removed deposit_block: [].
User 549586: Removed play_block: [].
User 550548: does not have withdrawal_block: [].
User 550548: Removed deposit_block: [].
User 550548: Removed play_block: [].
User 550577: does not have withdrawal_block: [].
User 550577: does not have deposit_block: [].
User 550577: does not have play_block: [].
User 550615: does not have withdrawal_block: [].
User 550615: Removed deposit_block: [].
User 550615: Removed play_block: [].
User 551115: does not have withdrawal_block: [].
User 551115: Removed deposit_block: [].
User 551115: Removed play_block: [].
User 551235: does not have withdrawal_block: [].
User 551235: Removed deposit_block: [].
User 551235: Removed play_block: [].
User 551557: does not have withdrawal_block: [].
User 551557: Removed deposit_block: [].
User 551557: Removed play_block: [].
User 551644: does not have withdrawal_block: [].
User 551644: Removed deposit_block: [].
User 551644: Removed play_block: [].
User 551700: does not have withdrawal_block: [].
User 551700: does not have deposit_block: [].
User 551700: Removed play_block: [].
User 551999: does not have withdrawal_block: [].
User 551999: Removed deposit_block: [].
User 551999: Removed play_block: [].
User 552029: does not have withdrawal_block: [].
User 552029: Removed deposit_block: [].
User 552029: Removed play_block: [].
User 552389: does not have withdrawal_block: [].
User 552389: Removed deposit_block: [].
User 552389: Removed play_block: [].
User 552647: does not have withdrawal_block: [].
User 552647: Removed deposit_block: [].
User 552647: Removed play_block: [].
User 552698: does not have withdrawal_block: [].
User 552698: Removed deposit_block: [].
User 552698: Removed play_block: [].
User 552846: does not have withdrawal_block: [].
User 552846: does not have deposit_block: [].
User 552846: Removed play_block: [].
User 553162: does not have withdrawal_block: [].
User 553162: Removed deposit_block: [].
User 553162: does not have play_block: [].
User 554230: does not have withdrawal_block: [].
User 554230: does not have deposit_block: [].
User 554230: Removed play_block: [].
User 554546: does not have withdrawal_block: [].
User 554546: Removed deposit_block: [].
User 554546: Removed play_block: [].
User 554780: does not have withdrawal_block: [].
User 554780: does not have deposit_block: [].
User 554780: does not have play_block: [].
User 554808: does not have withdrawal_block: [].
User 554808: does not have deposit_block: [].
User 554808: does not have play_block: [].
User 554947: does not have withdrawal_block: [].
User 554947: Removed deposit_block: [].
User 554947: Removed play_block: [].
User 555058: does not have withdrawal_block: [].
User 555058: Removed deposit_block: [].
User 555058: Removed play_block: [].
User 555211: does not have withdrawal_block: [].
User 555211: Removed deposit_block: [].
User 555211: does not have play_block: [].
User 555499: does not have withdrawal_block: [].
User 555499: does not have deposit_block: [].
User 555499: Removed play_block: [].
User 555598: does not have withdrawal_block: [].
User 555598: Removed deposit_block: [].
User 555598: does not have play_block: [].
User 555670: does not have withdrawal_block: [].
User 555670: does not have deposit_block: [].
User 555670: Removed play_block: [].
User 555901: does not have withdrawal_block: [].
User 555901: Removed deposit_block: [].
User 555901: Removed play_block: [].
User 555933: does not have withdrawal_block: [].
User 555933: Removed deposit_block: [].
User 555933: does not have play_block: [].
User 556151: does not have withdrawal_block: [].
User 556151: does not have deposit_block: [].
User 556151: Removed play_block: [].
User 557102: does not have withdrawal_block: [].
User 557102: does not have deposit_block: [].
User 557102: Removed play_block: [].
User 557123: does not have withdrawal_block: [].
User 557123: Removed deposit_block: [].
User 557123: Removed play_block: [].
User 557800: does not have withdrawal_block: [].
User 557800: Removed deposit_block: [].
User 557800: Removed play_block: [].
User 557959: does not have withdrawal_block: [].
User 557959: does not have deposit_block: [].
User 557959: does not have play_block: [].
User 558164: does not have withdrawal_block: [].
User 558164: does not have deposit_block: [].
User 558164: Removed play_block: [].
User 558205: does not have withdrawal_block: [].
User 558205: Removed deposit_block: [].
User 558205: Removed play_block: [].
User 558393: does not have withdrawal_block: [].
User 558393: does not have deposit_block: [].
User 558393: Removed play_block: [].
User 558998: does not have withdrawal_block: [].
User 558998: Removed deposit_block: [].
User 558998: Removed play_block: [].
User 559136: does not have withdrawal_block: [].
User 559136: Removed deposit_block: [].
User 559136: does not have play_block: [].
User 559259: does not have withdrawal_block: [].
User 559259: does not have deposit_block: [].
User 559259: Removed play_block: [].
User 559610: does not have withdrawal_block: [].
User 559610: does not have deposit_block: [].
User 559610: Removed play_block: [].
User 560448: does not have withdrawal_block: [].
User 560448: does not have deposit_block: [].
User 560448: Removed play_block: [].
User 560559: does not have withdrawal_block: [].
User 560559: does not have deposit_block: [].
User 560559: Removed play_block: [].
User 560715: does not have withdrawal_block: [].
User 560715: does not have deposit_block: [].
User 560715: Removed play_block: [].
User 560983: does not have withdrawal_block: [].
User 560983: Removed deposit_block: [].
User 560983: Removed play_block: [].
User 561491: does not have withdrawal_block: [].
User 561491: Removed deposit_block: [].
User 561491: does not have play_block: [].
User 561971: does not have withdrawal_block: [].
User 561971: Removed deposit_block: [].
User 561971: Removed play_block: [].
User 562464: does not have withdrawal_block: [].
User 562464: does not have deposit_block: [].
User 562464: Removed play_block: [].
User 562650: does not have withdrawal_block: [].
User 562650: does not have deposit_block: [].
User 562650: does not have play_block: [].
User 562794: does not have withdrawal_block: [].
User 562794: Removed deposit_block: [].
User 562794: Removed play_block: [].
User 562797: does not have withdrawal_block: [].
User 562797: does not have deposit_block: [].
User 562797: does not have play_block: [].
User 562844: does not have withdrawal_block: [].
User 562844: Removed deposit_block: [].
User 562844: does not have play_block: [].
User 563229: does not have withdrawal_block: [].
User 563229: Removed deposit_block: [].
User 563229: Removed play_block: [].
User 563324: does not have withdrawal_block: [].
User 563324: does not have deposit_block: [].
User 563324: does not have play_block: [].
User 563408: does not have withdrawal_block: [].
User 563408: Removed deposit_block: [].
User 563408: Removed play_block: [].
User 564729: does not have withdrawal_block: [].
User 564729: Removed deposit_block: [].
User 564729: Removed play_block: [].
User 564793: does not have withdrawal_block: [].
User 564793: Removed deposit_block: [].
User 564793: Removed play_block: [].
User 564883: does not have withdrawal_block: [].
User 564883: does not have deposit_block: [].
User 564883: Removed play_block: [].
User 565137: does not have withdrawal_block: [].
User 565137: Removed deposit_block: [].
User 565137: Removed play_block: [].
User 565327: does not have withdrawal_block: [].
User 565327: does not have deposit_block: [].
User 565327: does not have play_block: [].
User 565643: does not have withdrawal_block: [].
User 565643: Removed deposit_block: [].
User 565643: Removed play_block: [].
User 565718: does not have withdrawal_block: [].
User 565718: does not have deposit_block: [].
User 565718: Removed play_block: [].
User 565925: does not have withdrawal_block: [].
User 565925: Removed deposit_block: [].
User 565925: Removed play_block: [].
User 566093: does not have withdrawal_block: [].
User 566093: does not have deposit_block: [].
User 566093: does not have play_block: [].
User 566331: does not have withdrawal_block: [].
User 566331: Removed deposit_block: [].
User 566331: Removed play_block: [].
User 566939: does not have withdrawal_block: [].
User 566939: Removed deposit_block: [].
User 566939: Removed play_block: [].
User 567348: does not have withdrawal_block: [].
User 567348: does not have deposit_block: [].
User 567348: Removed play_block: [].
User 567794: does not have withdrawal_block: [].
User 567794: Removed deposit_block: [].
User 567794: Removed play_block: [].
User 567940: does not have withdrawal_block: [].
User 567940: does not have deposit_block: [].
User 567940: does not have play_block: [].
User 567987: does not have withdrawal_block: [].
User 567987: Removed deposit_block: [].
User 567987: Removed play_block: [].
User 568000: does not have withdrawal_block: [].
User 568000: Removed deposit_block: [].
User 568000: Removed play_block: [].
User 568279: does not have withdrawal_block: [].
User 568279: Removed deposit_block: [].
User 568279: Removed play_block: [].
User 568502: does not have withdrawal_block: [].
User 568502: does not have deposit_block: [].
User 568502: does not have play_block: [].
User 568526: does not have withdrawal_block: [].
User 568526: Removed deposit_block: [].
User 568526: Removed play_block: [].
User 569465: does not have withdrawal_block: [].
User 569465: Removed deposit_block: [].
User 569465: Removed play_block: [].
User 569488: does not have withdrawal_block: [].
User 569488: Removed deposit_block: [].
User 569488: Removed play_block: [].
User 569715: does not have withdrawal_block: [].
User 569715: Removed deposit_block: [].
User 569715: Removed play_block: [].
User 569723: does not have withdrawal_block: [].
User 569723: Removed deposit_block: [].
User 569723: Removed play_block: [].
User 570486: does not have withdrawal_block: [].
User 570486: Removed deposit_block: [].
User 570486: Removed play_block: [].
User 571000: does not have withdrawal_block: [].
User 571000: Removed deposit_block: [].
User 571000: Removed play_block: [].
User 571162: does not have withdrawal_block: [].
User 571162: Removed deposit_block: [].
User 571162: Removed play_block: [].
User 571431: does not have withdrawal_block: [].
User 571431: Removed deposit_block: [].
User 571431: Removed play_block: [].
User 571456: does not have withdrawal_block: [].
User 571456: Removed deposit_block: [].
User 571456: Removed play_block: [].
User 572347: does not have withdrawal_block: [].
User 572347: Removed deposit_block: [].
User 572347: Removed play_block: [].
User 573061: does not have withdrawal_block: [].
User 573061: Removed deposit_block: [].
User 573061: Removed play_block: [].
User 573124: does not have withdrawal_block: [].
User 573124: Removed deposit_block: [].
User 573124: Removed play_block: [].
User 573466: does not have withdrawal_block: [].
User 573466: Removed deposit_block: [].
User 573466: does not have play_block: [].
User 574061: does not have withdrawal_block: [].
User 574061: Removed deposit_block: [].
User 574061: does not have play_block: [].
User 575800: does not have withdrawal_block: [].
User 575800: does not have deposit_block: [].
User 575800: Removed play_block: [].
User 575999: does not have withdrawal_block: [].
User 575999: does not have deposit_block: [].
User 575999: does not have play_block: [].
User 576620: does not have withdrawal_block: [].
User 576620: Removed deposit_block: [].
User 576620: Removed play_block: [].
User 576820: does not have withdrawal_block: [].
User 576820: Removed deposit_block: [].
User 576820: Removed play_block: [].
User 577281: does not have withdrawal_block: [].
User 577281: Removed deposit_block: [].
User 577281: Removed play_block: [].
User 577511: does not have withdrawal_block: [].
User 577511: does not have deposit_block: [].
User 577511: Removed play_block: [].
User 577578: does not have withdrawal_block: [].
User 577578: does not have deposit_block: [].
User 577578: does not have play_block: [].
User 577698: does not have withdrawal_block: [].
User 577698: does not have deposit_block: [].
User 577698: Removed play_block: [].
User 578817: does not have withdrawal_block: [].
User 578817: does not have deposit_block: [].
User 578817: does not have play_block: [].
User 579137: does not have withdrawal_block: [].
User 579137: does not have deposit_block: [].
User 579137: Removed play_block: [].
User 579197: does not have withdrawal_block: [].
User 579197: Removed deposit_block: [].
User 579197: does not have play_block: [].
User 579370: does not have withdrawal_block: [].
User 579370: Removed deposit_block: [].
User 579370: Removed play_block: [].
User 580378: does not have withdrawal_block: [].
User 580378: Removed deposit_block: [].
User 580378: Removed play_block: [].
User 580779: does not have withdrawal_block: [].
User 580779: does not have deposit_block: [].
User 580779: Removed play_block: [].
User 581343: does not have withdrawal_block: [].
User 581343: Removed deposit_block: [].
User 581343: Removed play_block: [].
User 581521: does not have withdrawal_block: [].
User 581521: Removed deposit_block: [].
User 581521: Removed play_block: [].
User 581581: does not have withdrawal_block: [].
User 581581: Removed deposit_block: [].
User 581581: Removed play_block: [].
User 581660: does not have withdrawal_block: [].
User 581660: does not have deposit_block: [].
User 581660: does not have play_block: [].
User 582310: does not have withdrawal_block: [].
User 582310: Removed deposit_block: [].
User 582310: Removed play_block: [].
User 582724: does not have withdrawal_block: [].
User 582724: does not have deposit_block: [].
User 582724: does not have play_block: [].
User 583616: does not have withdrawal_block: [].
User 583616: does not have deposit_block: [].
User 583616: Removed play_block: [].
User 583659: does not have withdrawal_block: [].
User 583659: Removed deposit_block: [].
User 583659: Removed play_block: [].
User 583696: does not have withdrawal_block: [].
User 583696: Removed deposit_block: [].
User 583696: Removed play_block: [].
User 583902: does not have withdrawal_block: [].
User 583902: Removed deposit_block: [].
User 583902: Removed play_block: [].
User 584132: does not have withdrawal_block: [].
User 584132: does not have deposit_block: [].
User 584132: Removed play_block: [].
User 584154: does not have withdrawal_block: [].
User 584154: Removed deposit_block: [].
User 584154: Removed play_block: [].
User 584317: does not have withdrawal_block: [].
User 584317: Removed deposit_block: [].
User 584317: Removed play_block: [].
User 585107: does not have withdrawal_block: [].
User 585107: Removed deposit_block: [].
User 585107: Removed play_block: [].
User 585572: does not have withdrawal_block: [].
User 585572: Removed deposit_block: [].
User 585572: Removed play_block: [].
User 586495: does not have withdrawal_block: [].
User 586495: Removed deposit_block: [].
User 586495: Removed play_block: [].
User 586641: does not have withdrawal_block: [].
User 586641: does not have deposit_block: [].
User 586641: Removed play_block: [].
User 587088: does not have withdrawal_block: [].
User 587088: Removed deposit_block: [].
User 587088: Removed play_block: [].
User 587485: does not have withdrawal_block: [].
User 587485: Removed deposit_block: [].
User 587485: Removed play_block: [].
User 587722: does not have withdrawal_block: [].
User 587722: Removed deposit_block: [].
User 587722: Removed play_block: [].
User 587927: does not have withdrawal_block: [].
User 587927: does not have deposit_block: [].
User 587927: does not have play_block: [].
User 588096: does not have withdrawal_block: [].
User 588096: Removed deposit_block: [].
User 588096: Removed play_block: [].
User 589134: does not have withdrawal_block: [].
User 589134: does not have deposit_block: [].
User 589134: does not have play_block: [].
User 589359: does not have withdrawal_block: [].
User 589359: Removed deposit_block: [].
User 589359: Removed play_block: [].
User 590359: does not have withdrawal_block: [].
User 590359: Removed deposit_block: [].
User 590359: does not have play_block: [].
User 590430: does not have withdrawal_block: [].
User 590430: Removed deposit_block: [].
User 590430: Removed play_block: [].
User 591801: does not have withdrawal_block: [].
User 591801: Removed deposit_block: [].
User 591801: does not have play_block: [].
User 592373: does not have withdrawal_block: [].
User 592373: does not have deposit_block: [].
User 592373: does not have play_block: [].
User 593240: does not have withdrawal_block: [].
User 593240: Removed deposit_block: [].
User 593240: Removed play_block: [].
User 593832: does not have withdrawal_block: [].
User 593832: Removed deposit_block: [].
User 593832: Removed play_block: [].
User 593979: does not have withdrawal_block: [].
User 593979: Removed deposit_block: [].
User 593979: Removed play_block: [].
User 594269: does not have withdrawal_block: [].
User 594269: Removed deposit_block: [].
User 594269: Removed play_block: [].
User 594792: does not have withdrawal_block: [].
User 594792: Removed deposit_block: [].
User 594792: Removed play_block: [].
User 595175: does not have withdrawal_block: [].
User 595175: Removed deposit_block: [].
User 595175: Removed play_block: [].
User 595899: does not have withdrawal_block: [].
User 595899: Removed deposit_block: [].
User 595899: Removed play_block: [].
User 596091: does not have withdrawal_block: [].
User 596091: Removed deposit_block: [].
User 596091: Removed play_block: [].
User 597622: does not have withdrawal_block: [].
User 597622: does not have deposit_block: [].
User 597622: does not have play_block: [].
User 597797: does not have withdrawal_block: [].
User 597797: does not have deposit_block: [].
User 597797: Removed play_block: [].
User 597803: does not have withdrawal_block: [].
User 597803: Removed deposit_block: [].
User 597803: Removed play_block: [].
User 597960: does not have withdrawal_block: [].
User 597960: does not have deposit_block: [].
User 597960: Removed play_block: [].
User 598098: does not have withdrawal_block: [].
User 598098: Removed deposit_block: [].
User 598098: Removed play_block: [].
User 598223: does not have withdrawal_block: [].
User 598223: Removed deposit_block: [].
User 598223: Removed play_block: [].
User 598398: does not have withdrawal_block: [].
User 598398: Removed deposit_block: [].
User 598398: Removed play_block: [].
User 598798: does not have withdrawal_block: [].
User 598798: Removed deposit_block: [].
User 598798: Removed play_block: [].
User 599108: does not have withdrawal_block: [].
User 599108: Removed deposit_block: [].
User 599108: Removed play_block: [].
User 599373: does not have withdrawal_block: [].
User 599373: Removed deposit_block: [].
User 599373: does not have play_block: [].
User 601257: does not have withdrawal_block: [].
User 601257: Removed deposit_block: [].
User 601257: Removed play_block: [].
User 601344: does not have withdrawal_block: [].
User 601344: Removed deposit_block: [].
User 601344: Removed play_block: [].
User 602501: does not have withdrawal_block: [].
User 602501: does not have deposit_block: [].
User 602501: does not have play_block: [].
User 602878: does not have withdrawal_block: [].
User 602878: does not have deposit_block: [].
User 602878: does not have play_block: [].
User 602984: does not have withdrawal_block: [].
User 602984: Removed deposit_block: [].
User 602984: Removed play_block: [].
User 602993: does not have withdrawal_block: [].
User 602993: does not have deposit_block: [].
User 602993: does not have play_block: [].
User 603501: does not have withdrawal_block: [].
User 603501: does not have deposit_block: [].
User 603501: Removed play_block: [].
User 604076: does not have withdrawal_block: [].
User 604076: Removed deposit_block: [].
User 604076: Removed play_block: [].
User 605274: does not have withdrawal_block: [].
User 605274: does not have deposit_block: [].
User 605274: does not have play_block: [].
User 605847: does not have withdrawal_block: [].
User 605847: Removed deposit_block: [].
User 605847: Removed play_block: [].
User 606563: does not have withdrawal_block: [].
User 606563: Removed deposit_block: [].
User 606563: Removed play_block: [].
User 606618: does not have withdrawal_block: [].
User 606618: Removed deposit_block: [].
User 606618: Removed play_block: [].
User 606782: does not have withdrawal_block: [].
User 606782: Removed deposit_block: [].
User 606782: Removed play_block: [].
User 606867: does not have withdrawal_block: [].
User 606867: does not have deposit_block: [].
User 606867: Removed play_block: [].
User 606914: does not have withdrawal_block: [].
User 606914: Removed deposit_block: [].
User 606914: Removed play_block: [].
User 607129: does not have withdrawal_block: [].
User 607129: Removed deposit_block: [].
User 607129: Removed play_block: [].
User 607177: does not have withdrawal_block: [].
User 607177: Removed deposit_block: [].
User 607177: does not have play_block: [].
User 607403: does not have withdrawal_block: [].
User 607403: Removed deposit_block: [].
User 607403: Removed play_block: [].
User 607477: does not have withdrawal_block: [].
User 607477: does not have deposit_block: [].
User 607477: Removed play_block: [].
User 608376: does not have withdrawal_block: [].
User 608376: Removed deposit_block: [].
User 608376: Removed play_block: [].
User 608601: does not have withdrawal_block: [].
User 608601: does not have deposit_block: [].
User 608601: Removed play_block: [].
User 608848: does not have withdrawal_block: [].
User 608848: Removed deposit_block: [].
User 608848: Removed play_block: [].
User 609476: does not have withdrawal_block: [].
User 609476: Removed deposit_block: [].
User 609476: Removed play_block: [].
User 609763: does not have withdrawal_block: [].
User 609763: Removed deposit_block: [].
User 609763: Removed play_block: [].
User 610042: does not have withdrawal_block: [].
User 610042: Removed deposit_block: [].
User 610042: Removed play_block: [].
User 610161: does not have withdrawal_block: [].
User 610161: Removed deposit_block: [].
User 610161: Removed play_block: [].
User 610202: does not have withdrawal_block: [].
User 610202: does not have deposit_block: [].
User 610202: Removed play_block: [].
User 610954: does not have withdrawal_block: [].
User 610954: does not have deposit_block: [].
User 610954: Removed play_block: [].
User 611136: does not have withdrawal_block: [].
User 611136: does not have deposit_block: [].
User 611136: Removed play_block: [].
User 612120: does not have withdrawal_block: [].
User 612120: Removed deposit_block: [].
User 612120: Removed play_block: [].
User 612185: does not have withdrawal_block: [].
User 612185: Removed deposit_block: [].
User 612185: Removed play_block: [].
User 612343: does not have withdrawal_block: [].
User 612343: Removed deposit_block: [].
User 612343: Removed play_block: [].
User 612713: does not have withdrawal_block: [].
User 612713: does not have deposit_block: [].
User 612713: does not have play_block: [].
User 612948: does not have withdrawal_block: [].
User 612948: Removed deposit_block: [].
User 612948: Removed play_block: [].
User 612958: does not have withdrawal_block: [].
User 612958: Removed deposit_block: [].
User 612958: Removed play_block: [].
User 613424: does not have withdrawal_block: [].
User 613424: Removed deposit_block: [].
User 613424: Removed play_block: [].
User 614492: does not have withdrawal_block: [].
User 614492: Removed deposit_block: [].
User 614492: Removed play_block: [].
User 614677: does not have withdrawal_block: [].
User 614677: Removed deposit_block: [].
User 614677: Removed play_block: [].
User 614937: does not have withdrawal_block: [].
User 614937: Removed deposit_block: [].
User 614937: Removed play_block: [].
User 615193: does not have withdrawal_block: [].
User 615193: Removed deposit_block: [].
User 615193: Removed play_block: [].
User 615214: does not have withdrawal_block: [].
User 615214: Removed deposit_block: [].
User 615214: Removed play_block: [].
User 615414: does not have withdrawal_block: [].
User 615414: Removed deposit_block: [].
User 615414: Removed play_block: [].
User 615674: does not have withdrawal_block: [].
User 615674: Removed deposit_block: [].
User 615674: Removed play_block: [].
User 615899: does not have withdrawal_block: [].
User 615899: does not have deposit_block: [].
User 615899: does not have play_block: [].
User 616130: does not have withdrawal_block: [].
User 616130: Removed deposit_block: [].
User 616130: Removed play_block: [].
User 616362: does not have withdrawal_block: [].
User 616362: Removed deposit_block: [].
User 616362: Removed play_block: [].
User 617257: does not have withdrawal_block: [].
User 617257: Removed deposit_block: [].
User 617257: Removed play_block: [].
User 617926: does not have withdrawal_block: [].
User 617926: Removed deposit_block: [].
User 617926: Removed play_block: [].
User 618473: does not have withdrawal_block: [].
User 618473: Removed deposit_block: [].
User 618473: does not have play_block: [].
User 619858: does not have withdrawal_block: [].
User 619858: does not have deposit_block: [].
User 619858: does not have play_block: [].
User 620504: does not have withdrawal_block: [].
User 620504: does not have deposit_block: [].
User 620504: does not have play_block: [].
User 621438: Removed withdrawal_block: [].
User 621438: Removed deposit_block: [].
User 621438: Removed play_block: [].
User 621610: does not have withdrawal_block: [].
User 621610: does not have deposit_block: [].
User 621610: Removed play_block: [].
User 622185: does not have withdrawal_block: [].
User 622185: does not have deposit_block: [].
User 622185: Removed play_block: [].
User 622594: does not have withdrawal_block: [].
User 622594: Removed deposit_block: [].
User 622594: Removed play_block: [].
User 624586: does not have withdrawal_block: [].
User 624586: Removed deposit_block: [].
User 624586: Removed play_block: [].
User 624656: does not have withdrawal_block: [].
User 624656: Removed deposit_block: [].
User 624656: Removed play_block: [].
User 624874: does not have withdrawal_block: [].
User 624874: does not have deposit_block: [].
User 624874: Removed play_block: [].
User 625897: does not have withdrawal_block: [].
User 625897: Removed deposit_block: [].
User 625897: Removed play_block: [].
User 626233: does not have withdrawal_block: [].
User 626233: does not have deposit_block: [].
User 626233: Removed play_block: [].
User 626752: does not have withdrawal_block: [].
User 626752: does not have deposit_block: [].
User 626752: does not have play_block: [].
User 626888: does not have withdrawal_block: [].
User 626888: Removed deposit_block: [].
User 626888: Removed play_block: [].
User 627367: does not have withdrawal_block: [].
User 627367: does not have deposit_block: [].
User 627367: Removed play_block: [].
User 627376: does not have withdrawal_block: [].
User 627376: Removed deposit_block: [].
User 627376: Removed play_block: [].
User 628020: does not have withdrawal_block: [].
User 628020: does not have deposit_block: [].
User 628020: does not have play_block: [].
User 628445: does not have withdrawal_block: [].
User 628445: does not have deposit_block: [].
User 628445: does not have play_block: [].
User 628537: does not have withdrawal_block: [].
User 628537: does not have deposit_block: [].
User 628537: Removed play_block: [].
User 629428: does not have withdrawal_block: [].
User 629428: does not have deposit_block: [].
User 629428: Removed play_block: [].
User 629729: does not have withdrawal_block: [].
User 629729: Removed deposit_block: [].
User 629729: Removed play_block: [].
User 630032: does not have withdrawal_block: [].
User 630032: Removed deposit_block: [].
User 630032: Removed play_block: [].
User 630091: does not have withdrawal_block: [].
User 630091: does not have deposit_block: [].
User 630091: Removed play_block: [].
User 631084: does not have withdrawal_block: [].
User 631084: does not have deposit_block: [].
User 631084: does not have play_block: [].
User 631120: does not have withdrawal_block: [].
User 631120: does not have deposit_block: [].
User 631120: does not have play_block: [].
User 631481: does not have withdrawal_block: [].
User 631481: Removed deposit_block: [].
User 631481: Removed play_block: [].
User 631494: does not have withdrawal_block: [].
User 631494: Removed deposit_block: [].
User 631494: Removed play_block: [].
User 632342: does not have withdrawal_block: [].
User 632342: Removed deposit_block: [].
User 632342: Removed play_block: [].
User 632361: does not have withdrawal_block: [].
User 632361: does not have deposit_block: [].
User 632361: does not have play_block: [].
User 633155: does not have withdrawal_block: [].
User 633155: Removed deposit_block: [].
User 633155: Removed play_block: [].
User 633570: does not have withdrawal_block: [].
User 633570: does not have deposit_block: [].
User 633570: Removed play_block: [].
User 633874: does not have withdrawal_block: [].
User 633874: does not have deposit_block: [].
User 633874: Removed play_block: [].
User 634092: does not have withdrawal_block: [].
User 634092: does not have deposit_block: [].
User 634092: Removed play_block: [].
User 634366: does not have withdrawal_block: [].
User 634366: Removed deposit_block: [].
User 634366: Removed play_block: [].
User 634563: does not have withdrawal_block: [].
User 634563: does not have deposit_block: [].
User 634563: Removed play_block: [].
User 634745: does not have withdrawal_block: [].
User 634745: Removed deposit_block: [].
User 634745: Removed play_block: [].
User 636151: does not have withdrawal_block: [].
User 636151: does not have deposit_block: [].
User 636151: Removed play_block: [].
User 636186: does not have withdrawal_block: [].
User 636186: does not have deposit_block: [].
User 636186: Removed play_block: [].
User 636520: does not have withdrawal_block: [].
User 636520: does not have deposit_block: [].
User 636520: does not have play_block: [].
User 636810: does not have withdrawal_block: [].
User 636810: does not have deposit_block: [].
User 636810: Removed play_block: [].
User 637809: does not have withdrawal_block: [].
User 637809: does not have deposit_block: [].
User 637809: Removed play_block: [].
User 639725: does not have withdrawal_block: [].
User 639725: does not have deposit_block: [].
User 639725: does not have play_block: [].
User 640111: does not have withdrawal_block: [].
User 640111: does not have deposit_block: [].
User 640111: does not have play_block: [].
User 640456: does not have withdrawal_block: [].
User 640456: does not have deposit_block: [].
User 640456: does not have play_block: [].
User 640685: does not have withdrawal_block: [].
User 640685: Removed deposit_block: [].
User 640685: does not have play_block: [].
User 641433: does not have withdrawal_block: [].
User 641433: Removed deposit_block: [].
User 641433: Removed play_block: [].
User 643012: does not have withdrawal_block: [].
User 643012: Removed deposit_block: [].
User 643012: Removed play_block: [].
User 643048: does not have withdrawal_block: [].
User 643048: does not have deposit_block: [].
User 643048: does not have play_block: [].
User 643499: does not have withdrawal_block: [].
User 643499: Removed deposit_block: [].
User 643499: Removed play_block: [].
User 643711: does not have withdrawal_block: [].
User 643711: Removed deposit_block: [].
User 643711: Removed play_block: [].
User 645536: does not have withdrawal_block: [].
User 645536: Removed deposit_block: [].
User 645536: Removed play_block: [].
User 645581: does not have withdrawal_block: [].
User 645581: Removed deposit_block: [].
User 645581: Removed play_block: [].
User 645920: does not have withdrawal_block: [].
User 645920: does not have deposit_block: [].
User 645920: Removed play_block: [].
User 646261: does not have withdrawal_block: [].
User 646261: Removed deposit_block: [].
User 646261: Removed play_block: [].
User 646584: does not have withdrawal_block: [].
User 646584: Removed deposit_block: [].
User 646584: Removed play_block: [].
User 646754: does not have withdrawal_block: [].
User 646754: Removed deposit_block: [].
User 646754: Removed play_block: [].
User 647724: does not have withdrawal_block: [].
User 647724: does not have deposit_block: [].
User 647724: Removed play_block: [].
User 648471: does not have withdrawal_block: [].
User 648471: does not have deposit_block: [].
User 648471: does not have play_block: [].
User 648657: does not have withdrawal_block: [].
User 648657: Removed deposit_block: [].
User 648657: Removed play_block: [].
User 649243: does not have withdrawal_block: [].
User 649243: Removed deposit_block: [].
User 649243: Removed play_block: [].
User 649687: does not have withdrawal_block: [].
User 649687: does not have deposit_block: [].
User 649687: does not have play_block: [].
User 650715: does not have withdrawal_block: [].
User 650715: Removed deposit_block: [].
User 650715: Removed play_block: [].
User 651085: does not have withdrawal_block: [].
User 651085: does not have deposit_block: [].
User 651085: does not have play_block: [].
User 651240: does not have withdrawal_block: [].
User 651240: Removed deposit_block: [].
User 651240: Removed play_block: [].
User 651421: does not have withdrawal_block: [].
User 651421: does not have deposit_block: [].
User 651421: Removed play_block: [].
User 651720: does not have withdrawal_block: [].
User 651720: does not have deposit_block: [].
User 651720: Removed play_block: [].
User 651986: does not have withdrawal_block: [].
User 651986: does not have deposit_block: [].
User 651986: does not have play_block: [].
User 652077: does not have withdrawal_block: [].
User 652077: Removed deposit_block: [].
User 652077: Removed play_block: [].
User 653650: does not have withdrawal_block: [].
User 653650: does not have deposit_block: [].
User 653650: Removed play_block: [].
User 654554: does not have withdrawal_block: [].
User 654554: Removed deposit_block: [].
User 654554: Removed play_block: [].
User 656115: does not have withdrawal_block: [].
User 656115: does not have deposit_block: [].
User 656115: Removed play_block: [].
User 656351: does not have withdrawal_block: [].
User 656351: Removed deposit_block: [].
User 656351: Removed play_block: [].
User 656671: does not have withdrawal_block: [].
User 656671: does not have deposit_block: [].
User 656671: does not have play_block: [].
User 656804: does not have withdrawal_block: [].
User 656804: Removed deposit_block: [].
User 656804: Removed play_block: [].
User 657022: does not have withdrawal_block: [].
User 657022: does not have deposit_block: [].
User 657022: Removed play_block: [].
User 657172: does not have withdrawal_block: [].
User 657172: Removed deposit_block: [].
User 657172: Removed play_block: [].
User 657660: does not have withdrawal_block: [].
User 657660: Removed deposit_block: [].
User 657660: does not have play_block: [].
User 657746: does not have withdrawal_block: [].
User 657746: Removed deposit_block: [].
User 657746: Removed play_block: [].
User 659393: does not have withdrawal_block: [].
User 659393: does not have deposit_block: [].
User 659393: does not have play_block: [].
User 660291: does not have withdrawal_block: [].
User 660291: Removed deposit_block: [].
User 660291: Removed play_block: [].
User 661341: does not have withdrawal_block: [].
User 661341: Removed deposit_block: [].
User 661341: Removed play_block: [].
User 665135: does not have withdrawal_block: [].
User 665135: Removed deposit_block: [].
User 665135: Removed play_block: [].
User 666173: does not have withdrawal_block: [].
User 666173: Removed deposit_block: [].
User 666173: Removed play_block: [].
User 667066: does not have withdrawal_block: [].
User 667066: does not have deposit_block: [].
User 667066: does not have play_block: [].
User 669206: does not have withdrawal_block: [].
User 669206: Removed deposit_block: [].
User 669206: Removed play_block: [].
User 669208: does not have withdrawal_block: [].
User 669208: Removed deposit_block: [].
User 669208: Removed play_block: [].
User 669284: does not have withdrawal_block: [].
User 669284: Removed deposit_block: [].
User 669284: Removed play_block: [].
User 670410: does not have withdrawal_block: [].
User 670410: Removed deposit_block: [].
User 670410: Removed play_block: [].
User 671288: does not have withdrawal_block: [].
User 671288: does not have deposit_block: [].
User 671288: does not have play_block: [].
User 671568: does not have withdrawal_block: [].
User 671568: Removed deposit_block: [].
User 671568: Removed play_block: [].
User 673214: does not have withdrawal_block: [].
User 673214: Removed deposit_block: [].
User 673214: Removed play_block: [].
User 674434: does not have withdrawal_block: [].
User 674434: Removed deposit_block: [].
User 674434: Removed play_block: [].
User 674798: does not have withdrawal_block: [].
User 674798: Removed deposit_block: [].
User 674798: Removed play_block: [].
User 677428: does not have withdrawal_block: [].
User 677428: Removed deposit_block: [].
User 677428: Removed play_block: [].
User 677429: does not have withdrawal_block: [].
User 677429: Removed deposit_block: [].
User 677429: Removed play_block: [].
User 679189: does not have withdrawal_block: [].
User 679189: Removed deposit_block: [].
User 679189: Removed play_block: [].
User 681852: does not have withdrawal_block: [].
User 681852: Removed deposit_block: [].
User 681852: Removed play_block: [].

```
Script end time: '2025-04-23 08:59:53'
FYI: @YuriVelkis - script output for `mrvegas`
Story 'ASE-1662': done
