Script start time: '2025-04-22 10:37:54'
```shell
581184 - Could not be unblocked, the user is: ExternalSelfExcluded.
589114 - Is already active.
604352 - Is already active.
614332 - Is already active.
648665 - Is already active.
675321 - Is already active.
313233 - Has been activated.
345022 - Has been activated.
243296 - Could not be unblocked, the user is: SelfExcluded.
244870 - Has been activated.
247072 - Has been activated.
252563 - Has been activated.
252603 - Has been activated.
252772 - Could not be unblocked, the user is: SelfExcluded.
253558 - Is already active.
257276 - Has been activated.
258229 - Is already active.
259176 - Is already active.
261157 - Is already active.
263427 - Is already active.
265044 - Is already active.
265450 - Has been activated.
266818 - Has been activated.
271127 - Could not be unblocked, the user is: ExternalSelfExcluded.
272154 - Is already active.
272621 - Has been activated.
273832 - Has been activated.
274363 - Is already active.
277492 - Is already active.
278723 - Has been activated.
278917 - Has been activated.
279671 - Has been activated.
281114 - Could not be unblocked, the user is: ExternalSelfExcluded.
282512 - Has been activated.
283788 - Has been activated.
284928 - Has been activated.
285912 - Has been activated.
286803 - Could not be unblocked, the user is: SelfExcluded.
287689 - Has been activated.
287703 - Is already active.
288507 - Has been activated.
289081 - Could not be unblocked, the user is: SelfExcluded.
289087 - Is already active.
289378 - Has been activated.
289523 - Has been activated.
290258 - Has been activated.
291420 - Is already active.
291450 - Could not be unblocked, the user is: SuperBlocked.
291981 - Could not be unblocked, the user is: SuperBlocked.
293547 - Has been activated.
294507 - Has been activated.
294629 - Is already active.
296500 - Could not be unblocked, the user is: ExternalSelfExcluded.
296741 - Could not be unblocked, the user is: SuperBlocked.
296953 - Is already active.
297033 - Could not be unblocked, the user is: SelfExcluded.
297073 - Has been activated.
297257 - Has been activated.
297666 - Is already active.
297969 - Is already active.
298009 - Is already active.
298321 - Could not be unblocked, the user is: SelfExcluded.
299710 - Is already active.
300075 - Has been activated.
300164 - Has been activated.
300421 - Has been activated.
300587 - Has been activated.
301690 - Is already active.
301908 - Is already active.
302018 - Is already active.
302447 - Has been activated.
302479 - Could not be unblocked, the user is: SelfExcluded.
302509 - Could not be unblocked, the user is: ExternalSelfExcluded.
303013 - Is already active.
304258 - Has been activated.
304337 - Is already active.
304727 - Has been activated.
304888 - Is already active.
305204 - Has been activated.
305378 - Has been activated.
305809 - Is already active.
306319 - Has been activated.
306630 - Could not be unblocked, the user is: SelfExcluded.
309937 - Is already active.
310341 - Could not be unblocked, the user is: SelfExcluded.
310391 - Could not be unblocked, the user is: ExternalSelfExcluded.
310758 - Is already active.
310853 - Has been activated.
311892 - Has been activated.
312275 - Has been activated.
312387 - Has been activated.
312456 - Has been activated.
313239 - Is already active.
313552 - Has been activated.
313618 - Is already active.
313889 - Is already active.
314243 - Could not be unblocked, the user is: SelfExcluded.
314270 - Could not be unblocked, the user is: SelfExcluded.
316434 - Could not be unblocked, the user is: ExternalSelfExcluded.
316727 - Has been activated.
316844 - Has been activated.
316949 - Could not be unblocked, the user is: ExternalSelfExcluded.
317049 - Is already active.
317123 - Could not be unblocked, the user is: SelfExcluded.
317134 - Could not be unblocked, the user is: SelfExcluded.
319557 - Has been activated.
321106 - Has been activated.
321833 - Has been activated.
321917 - Could not be unblocked, the user is: ExternalSelfExcluded.
322053 - Could not be unblocked, the user is: SelfExcluded.
322972 - Has been activated.
324287 - Could not be unblocked, the user is: ExternalSelfExcluded.
325016 - Has been activated.
325798 - Has been activated.
325816 - Is already active.
326580 - Is already active.
327767 - Is already active.
328150 - Has been activated.
328787 - Has been activated.
329182 - Is already active.
330369 - Could not be unblocked, the user is: ExternalSelfExcluded.
330848 - Is already active.
331833 - Could not be unblocked, the user is: SelfExcluded.
332020 - Has been activated.
332102 - Is already active.
332975 - Is already active.
333233 - Has been activated.
334983 - Could not be unblocked, the user is: ExternalSelfExcluded.
335905 - Could not be unblocked, the user is: SelfExcluded.
336574 - Could not be unblocked, the user is: SelfExcluded.
337078 - Could not be unblocked, the user is: SelfExcluded.
337597 - Has been activated.
337659 - Has been activated.
337855 - Could not be unblocked, the user is: SelfExcluded.
337908 - Could not be unblocked, the user is: SelfExcluded.
338820 - Has been activated.
338992 - Could not be unblocked, the user is: SelfExcluded.
341909 - Has been activated.
342086 - Has been activated.
342275 - Has been activated.
342655 - Has been activated.
342823 - Has been activated.
343345 - Is already active.
343685 - Has been activated.
344346 - Is already active.
344502 - Is already active.
345070 - Has been activated.
345259 - Has been activated.
345465 - Has been activated.
345517 - Has been activated.
345850 - Could not be unblocked, the user is: SelfExcluded.
346041 - Has been activated.
346083 - Is already active.
346912 - Has been activated.
350319 - Has been activated.
351064 - Has been activated.
352256 - Is already active.
354288 - Has been activated.
355086 - Is already active.
355486 - Has been activated.
356344 - Is already active.
357214 - Is already active.
357560 - Is already active.
359456 - Has been activated.
360244 - Is already active.
360560 - Is already active.
361631 - Has been activated.
361897 - Is already active.
362664 - Is already active.
363094 - Is already active.
363362 - Has been activated.
364489 - Has been activated.
364818 - Has been activated.
366598 - Has been activated.
367322 - Is already active.
368886 - Has been activated.
370663 - Is already active.
371001 - Has been activated.
371245 - Has been activated.
371361 - Has been activated.
371595 - Has been activated.
371611 - Could not be unblocked, the user is: SelfExcluded.
373706 - Has been activated.
374027 - Has been activated.
374352 - Is already active.
375185 - Has been activated.
377162 - Has been activated.
379775 - Is already active.
381273 - Has been activated.
381731 - Is already active.
381982 - Has been activated.
383229 - Has been activated.
383681 - Is already active.
384881 - Is already active.
385541 - Has been activated.
386059 - Is already active.
390110 - Has been activated.
390711 - Is already active.
390871 - Has been activated.
391026 - Is already active.
391124 - Has been activated.
391483 - Could not be unblocked, the user is: SelfExcluded.
392028 - Has been activated.
392971 - Is already active.
393017 - Is already active.
393081 - Has been activated.
394353 - Has been activated.
395171 - Is already active.
395254 - Is already active.
395655 - Has been activated.
396483 - Is already active.
396502 - Has been activated.
397329 - Has been activated.
398971 - Has been activated.
401480 - Has been activated.
402221 - Is already active.
403086 - Is already active.
403846 - Has been activated.
403852 - Is already active.
403871 - Has been activated.
404043 - Is already active.
404452 - Has been activated.
405223 - Could not be unblocked, the user is: SelfExcluded.
405260 - Is already active.
405547 - Has been activated.
405839 - Has been activated.
406294 - Has been activated.
407439 - Has been activated.
408786 - Has been activated.
409047 - Is already active.
410853 - Has been activated.
411512 - Has been activated.
412765 - Has been activated.
412804 - Has been activated.
414574 - Has been activated.
415031 - Has been activated.
415325 - Could not be unblocked, the user is: ExternalSelfExcluded.
415528 - Has been activated.
416001 - Is already active.
416483 - Is already active.
418341 - Has been activated.
418455 - Is already active.
418605 - Has been activated.
418953 - Has been activated.
419861 - Has been activated.
421540 - Is already active.
422293 - Is already active.
423371 - Is already active.
424051 - Has been activated.
424694 - Is already active.
426654 - Could not be unblocked, the user is: SelfExcluded.
428248 - Has been activated.
430114 - Is already active.
430386 - Is already active.
430723 - Is already active.
430905 - Has been activated.
432920 - Is already active.
432978 - Has been activated.
433548 - Has been activated.
435298 - Has been activated.
435487 - Has been activated.
437636 - Is already active.
438190 - Is already active.
439735 - Has been activated.
441520 - Is already active.
442372 - Has been activated.
443320 - Has been activated.
444445 - Is already active.
445799 - Has been activated.
445815 - Has been activated.
447674 - Could not be unblocked, the user is: SelfExcluded.
447957 - Is already active.
447962 - Has been activated.
449547 - Has been activated.
449737 - Has been activated.
449934 - Has been activated.
450730 - Is already active.
451062 - Is already active.
451098 - Has been activated.
451764 - Is already active.
454600 - Is already active.
455088 - Has been activated.
455540 - Is already active.
456451 - Is already active.
458798 - Is already active.
459112 - Is already active.
459296 - Is already active.
459861 - Is already active.
460160 - Has been activated.
460313 - Has been activated.
463936 - Has been activated.
465004 - Has been activated.
465585 - Has been activated.
465953 - Is already active.
466142 - Has been activated.
466190 - Is already active.
466733 - Has been activated.
466918 - Has been activated.
467708 - Is already active.
468466 - Is already active.
469021 - Is already active.
470344 - Has been activated.
470359 - Is already active.
470894 - Is already active.
471324 - Has been activated.
472097 - Has been activated.
472416 - Has been activated.
472699 - Has been activated.
474992 - Is already active.
475613 - Could not be unblocked, the user is: ExternalSelfExcluded.
476216 - Is already active.
476283 - Has been activated.
476374 - Is already active.
476432 - Is already active.
476675 - Has been activated.
477319 - Is already active.
477813 - Is already active.
477941 - Has been activated.
478437 - Has been activated.
478982 - Is already active.
479596 - Is already active.
480634 - Has been activated.
480947 - Has been activated.
481112 - Is already active.
482236 - Has been activated.
482923 - Has been activated.
483722 - Is already active.
484131 - Has been activated.
484216 - Is already active.
484589 - Is already active.
485302 - Has been activated.
485317 - Has been activated.
485553 - Is already active.
486893 - Is already active.
487264 - Has been activated.
487313 - Has been activated.
487958 - Has been activated.
488820 - Has been activated.
489760 - Is already active.
489861 - Is already active.
491845 - Is already active.
491876 - Could not be unblocked, the user is: SelfExcluded.
492351 - Is already active.
492535 - Is already active.
493761 - Has been activated.
494013 - Has been activated.
495046 - Could not be unblocked, the user is: ExternalSelfExcluded.
495688 - Has been activated.
495711 - Has been activated.
496794 - Has been activated.
497291 - Is already active.
498827 - Has been activated.
498932 - Has been activated.
499081 - Is already active.
499608 - Is already active.
499956 - Could not be unblocked, the user is: SelfExcluded.
501236 - Could not be unblocked, the user is: ExternalSelfExcluded.
501680 - Is already active.
502088 - Is already active.
503008 - Is already active.
504037 - Has been activated.
504624 - Has been activated.
504873 - Has been activated.
506674 - Has been activated.
508060 - Is already active.
508791 - Has been activated.
510642 - Is already active.
511547 - Has been activated.
512437 - Is already active.
513004 - Has been activated.
513038 - Is already active.
513252 - Is already active.
513887 - Has been activated.
514663 - Is already active.
515986 - Could not be unblocked, the user is: ExternalSelfExcluded.
516181 - Is already active.
516312 - Is already active.
516513 - Is already active.
516541 - Has been activated.
517455 - Has been activated.
517505 - Has been activated.
517821 - Is already active.
518035 - Is already active.
518527 - Has been activated.
518567 - Has been activated.
519072 - Is already active.
519763 - Has been activated.
519965 - Has been activated.
520668 - Is already active.
521074 - Is already active.
521280 - Is already active.
522003 - Is already active.
522699 - Has been activated.
523427 - Has been activated.
524177 - Has been activated.
524436 - Has been activated.
525206 - Is already active.
525211 - Is already active.
525794 - Is already active.
525947 - Is already active.
526618 - Has been activated.
527423 - Has been activated.
527546 - Is already active.
527838 - Is already active.
528011 - Is already active.
528063 - Is already active.
528230 - Is already active.
528768 - Is already active.
529046 - Is already active.
529148 - Is already active.
529367 - Has been activated.
529569 - Has been activated.
530137 - Has been activated.
530150 - Is already active.
530679 - Has been activated.
532180 - Has been activated.
532447 - Is already active.
532887 - Has been activated.
532926 - Has been activated.
532957 - Has been activated.
533582 - Is already active.
533707 - Is already active.
533909 - Is already active.
534260 - Has been activated.
535073 - Has been activated.
535336 - Has been activated.
535578 - Is already active.
535682 - Has been activated.
536674 - Is already active.
537080 - Is already active.
537875 - Is already active.
538013 - Is already active.
538371 - Could not be unblocked, the user is: ExternalSelfExcluded.
538702 - Is already active.
538790 - Is already active.
539311 - Is already active.
539419 - Has been activated.
539430 - Has been activated.
540061 - Has been activated.
540129 - Is already active.
540316 - Has been activated.
540677 - Is already active.
540916 - Is already active.
541044 - Has been activated.
541478 - Is already active.
542003 - Has been activated.
542135 - Has been activated.
542155 - Has been activated.
543237 - Is already active.
543241 - Has been activated.
543716 - Is already active.
543724 - Has been activated.
543974 - Is already active.
544421 - Is already active.
544622 - Is already active.
544794 - Could not be unblocked, the user is: SuperBlocked.
545235 - Is already active.
545420 - Has been activated.
546008 - Is already active.
546245 - Has been activated.
547110 - Is already active.
547684 - Is already active.
547695 - Is already active.
547772 - Is already active.
548153 - Has been activated.
548441 - Could not be unblocked, the user is: SelfExcluded.
548644 - Is already active.
548676 - Has been activated.
549533 - Has been activated.
549586 - Has been activated.
550548 - Has been activated.
550577 - Is already active.
550615 - Has been activated.
551115 - Has been activated.
551235 - Is already active.
551557 - Is already active.
551644 - Has been activated.
551700 - Is already active.
551999 - Has been activated.
552029 - Has been activated.
552389 - Has been activated.
552647 - Has been activated.
552698 - Has been activated.
552846 - Is already active.
553162 - Has been activated.
554230 - Is already active.
554546 - Has been activated.
554780 - Is already active.
554808 - Is already active.
554947 - Has been activated.
555058 - Has been activated.
555211 - Is already active.
555499 - Is already active.
555598 - Has been activated.
555670 - Is already active.
555901 - Has been activated.
555933 - Has been activated.
556151 - Is already active.
557102 - Is already active.
557123 - Is already active.
557800 - Is already active.
557959 - Is already active.
558164 - Is already active.
558205 - Has been activated.
558393 - Is already active.
558998 - Is already active.
559136 - Has been activated.
559259 - Is already active.
559610 - Is already active.
560448 - Is already active.
560559 - Is already active.
560715 - Is already active.
560983 - Is already active.
561491 - Is already active.
561971 - Is already active.
562464 - Is already active.
562650 - Is already active.
562794 - Has been activated.
562797 - Is already active.
562844 - Has been activated.
563229 - Is already active.
563324 - Is already active.
563408 - Has been activated.
564729 - Has been activated.
564793 - Is already active.
564883 - Is already active.
565137 - Is already active.
565327 - Is already active.
565643 - Has been activated.
565718 - Is already active.
565925 - Has been activated.
566093 - Is already active.
566331 - Has been activated.
566939 - Has been activated.
567348 - Is already active.
567794 - Is already active.
567940 - Is already active.
567987 - Has been activated.
568000 - Is already active.
568279 - Has been activated.
568502 - Is already active.
568526 - Is already active.
569465 - Is already active.
569488 - Has been activated.
569715 - Is already active.
569723 - Has been activated.
570486 - Is already active.
571000 - Has been activated.
571162 - Has been activated.
571431 - Is already active.
571456 - Is already active.
572347 - Is already active.
573061 - Is already active.
573124 - Has been activated.
573466 - Has been activated.
573477 - Could not be unblocked, the user is: SelfExcluded.
574061 - Is already active.
575800 - Is already active.
575999 - Is already active.
576620 - Has been activated.
576820 - Has been activated.
577281 - Has been activated.
577511 - Has been activated.
577578 - Is already active.
577698 - Is already active.
578817 - Is already active.
579137 - Is already active.
579197 - Has been activated.
579370 - Has been activated.
580378 - Is already active.
580779 - Is already active.
581343 - Has been activated.
581521 - Is already active.
581581 - Is already active.
581660 - Is already active.
582310 - Has been activated.
582724 - Is already active.
583616 - Is already active.
583659 - Is already active.
583696 - Has been activated.
583902 - Has been activated.
584132 - Is already active.
584154 - Is already active.
584317 - Has been activated.
585107 - Has been activated.
585572 - Has been activated.
586495 - Has been activated.
586641 - Is already active.
587088 - Is already active.
587485 - Is already active.
587722 - Is already active.
587927 - Is already active.
588096 - Has been activated.
589134 - Is already active.
589359 - Has been activated.
590359 - Is already active.
590430 - Has been activated.
591801 - Has been activated.
592233 - Could not be unblocked, the user is: ExternalSelfExcluded.
592373 - Is already active.
593240 - Has been activated.
593832 - Is already active.
593979 - Has been activated.
594269 - Is already active.
594792 - Is already active.
595175 - Is already active.
595899 - Is already active.
596091 - Has been activated.
597622 - Is already active.
597797 - Is already active.
597803 - Is already active.
597960 - Has been activated.
598098 - Is already active.
598223 - Has been activated.
598398 - Is already active.
598798 - Is already active.
599108 - Has been activated.
599373 - Is already active.
601257 - Is already active.
601344 - Is already active.
602501 - Is already active.
602878 - Is already active.
602984 - Is already active.
602993 - Is already active.
603501 - Is already active.
604076 - Is already active.
605274 - Is already active.
605545 - Could not be unblocked, the user is: ExternalSelfExcluded.
605847 - Has been activated.
606563 - Is already active.
606618 - Has been activated.
606782 - Has been activated.
606867 - Is already active.
606914 - Is already active.
607129 - Has been activated.
607177 - Is already active.
607403 - Has been activated.
607477 - Is already active.
608376 - Is already active.
608601 - Is already active.
608848 - Is already active.
609476 - Is already active.
609763 - Is already active.
610042 - Is already active.
610161 - Is already active.
610202 - Is already active.
610954 - Is already active.
611136 - Is already active.
612120 - Is already active.
612185 - Is already active.
612343 - Is already active.
612713 - Is already active.
612948 - Is already active.
612958 - Is already active.
613424 - Has been activated.
614492 - Is already active.
614677 - Is already active.
614937 - Is already active.
615193 - Has been activated.
615214 - Is already active.
615414 - Is already active.
615674 - Is already active.
615899 - Is already active.
616130 - Is already active.
616362 - Is already active.
617257 - Is already active.
617926 - Is already active.
618473 - Is already active.
619858 - Is already active.
620504 - Is already active.
621438 - Is already active.
621610 - Is already active.
622185 - Is already active.
622594 - Is already active.
624586 - Is already active.
624656 - Is already active.
624874 - Is already active.
625897 - Has been activated.
626233 - Has been activated.
626752 - Is already active.
626888 - Has been activated.
627367 - Has been activated.
627376 - Has been activated.
627569 - Could not be unblocked, the user is: SelfExcluded.
628020 - Is already active.
628445 - Is already active.
628537 - Has been activated.
629302 - Could not be unblocked, the user is: SelfExcluded.
629428 - Is already active.
629729 - Is already active.
630032 - Is already active.
630091 - Is already active.
630279 - Could not be unblocked, the user is: ExternalSelfExcluded.
631070 - Could not be unblocked, the user is: SelfExcluded.
631084 - Is already active.
631120 - Is already active.
631481 - Is already active.
631494 - Is already active.
632342 - Is already active.
632361 - Is already active.
633155 - Is already active.
633570 - Is already active.
633874 - Has been activated.
634059 - Could not be unblocked, the user is: SelfExcluded.
634092 - Is already active.
634366 - Is already active.
634563 - Is already active.
634745 - Is already active.
636151 - Is already active.
636186 - Is already active.
636520 - Is already active.
636810 - Is already active.
637809 - Is already active.
638363 - Could not be unblocked, the user is: SelfExcluded.
639725 - Is already active.
640111 - Is already active.
640456 - Is already active.
640685 - Has been activated.
641433 - Is already active.
643012 - Has been activated.
643048 - Is already active.
643499 - Is already active.
643711 - Is already active.
645536 - Has been activated.
645581 - Is already active.
645920 - Is already active.
646261 - Is already active.
646584 - Is already active.
646754 - Is already active.
647724 - Is already active.
648471 - Is already active.
648657 - Has been activated.
649243 - Is already active.
649687 - Is already active.
650715 - Is already active.
651085 - Is already active.
651240 - Is already active.
651421 - Is already active.
651720 - Is already active.
651986 - Is already active.
652077 - Is already active.
653650 - Is already active.
654554 - Is already active.
656115 - Is already active.
656351 - Is already active.
656671 - Is already active.
656804 - Has been activated.
657022 - Is already active.
657172 - Is already active.
657660 - Is already active.
657746 - Is already active.
659393 - Has been activated.
660291 - Is already active.
661341 - Is already active.
663611 - Could not be unblocked, the user is: ExternalSelfExcluded.
665135 - Is already active.
666173 - Is already active.
667066 - Is already active.
669206 - Has been activated.
669208 - Is already active.
669284 - Is already active.
670410 - Is already active.
671288 - Is already active.
671568 - Is already active.
673214 - Has been activated.
674434 - Is already active.
674798 - Is already active.
677428 - Is already active.
677429 - Is already active.
679189 - Is already active.
680559 - Could not be unblocked, the user is: ExternalSelfExcluded.
681852 - Has been activated.

```
Script end time: '2025-04-22 10:37:57'
FYI: @YuriVelkis - script output for `mrvegas`
Story 'ASE-1660': done
