Script start time: '2025-04-30 11:05:15'
```shell
CRM Email Schedule 
 Processing config id 178 to [] - value updated from [14,17] to [] 
 Processing config id 179 to [] - value already set to  
 Processing config id 180 to [] - value already set to  
 Processing config id 181 to [] - value already set to  
 Processing config id 182 to [] - value already set to  
 Processing config id 183 to [] - value already set to  
 Processing config id 188 to [] - value already set to  
 Processing config id 208 to [25] - value updated from [27] to [25] 
 Processing config id 256 to [] - value already set to  
 Processing config id 259 to [] - value already set to  
 Processing config id 262 to [] - value already set to  
 Processing config id 265 to [] - value already set to  
 Processing config id 268 to [] - value already set to  
 Processing config id 272 to [] - value already set to  
 Processing config id 366 to [] - value already set to  
 Processing config id 367 to [] - value already set to  
 Processing config id 411 to [9] - value updated from [25] to [9] 
 Processing config id 412 to [2] - value updated from [7] to [2] 
 Processing config id 413 to [28] - value updated from [2,21] to [28] 
 Processing config id 414 to [21] - value updated from [9,28] to [21] 
 Processing config id 415 to [14] - value updated from [16] to [14] 
 Processing config id 416 to [7,16] - value updated from [23] to [7,16] 
 Processing config id 417 to [26] - value updated from [14,30] to [26] 
 Processing config id 418 to [] - value already set to  
 Processing config id 419 to [] - value already set to  
 Processing config id 420 to [19] - value updated from [4] to [19] 
 Processing config id 421 to [] - value already set to  
 Processing config id 422 to [] - value already set to  
 Processing config id 423 to [12,23] - value updated from [11] to [12,23] 
 Processing config id 424 to [5,30] - value updated from [18] to [5,30] 
 Processing config id 425 to [] - value already set to  
 Processing config id 890 to [] - value already set to  
 Processing config id 891 to [] - value updated from [24] to [] 
 Processing config id 892 to [8] - value updated from [] to [8] 
 Processing config id 893 to [29] - value updated from [] to [29] 
 Processing config id 894 to [] - value already set to  
 Processing config id 895 to [] - value updated from [3] to [] 
 Processing config id 896 to [15] - value updated from [10] to [15] 
 Processing config id 897 to [] - value already set to  
 Processing config id 898 to [] - value already set to  
 Processing config id 899 to [] - value updated from [17] to [] 
 Processing config id 917 to [] - value already set to  
 Processing config id 918 to [] - value already set to  
 Processing config id 919 to [22] - value updated from [] to [22] 
 Processing config id 920 to [1] - value updated from [] to [1] 
 Processing config id 921 to [] - value already set to  
 Processing config id 920 to [] - value updated from [1] to [] 
 Processing config id 1235 to [] - value updated from [30] to [] 
 Processing config id 1236 to [] - value already set to  
 Processing config id 1237 to [] - value already set to  
 Processing config id 1238 to [] - value already set to  
 Processing config id 1239 to [] - value already set to  
 Processing config id 1240 to [] - value already set to  
 Processing config id 1241 to [] - value already set to  
 Processing config id 1242 to [28] - value updated from [] to [28] 
 Processing config id 1243 to [] - value already set to  
 Processing config id 1244 to [] - value already set to  
 Processing config id 1245 to [] - value already set to  
 Processing config id 1246 to [14] - value updated from [] to [14] 
 Processing config id 1247 to [] - value updated from [2] to [] 
 Processing config id 1248 to [] - value already set to  
 Processing config id 1249 to [] - value already set to  
DONE 25 rows updated ----- 

```
Script end time: '2025-04-30 11:05:16'
FYI: @andresmunoz - script output for `megariches`
Story 'ASE-1685': done
