Script start time: '2025-04-30 11:48:31'
```shell
Zero balances of self-excluded GB players from csv, generating a report of data updated
-------------
4000023570 - yes
4000034990 - yes
4000023150 - yes
4000034040 - yes
4000004310 - yes
4000003800 - yes
4000033410 - yes
4000025710 - yes
4000004010 - yes
4000035480 - yes
4000029260 - yes
4000004030 - yes
4000019750 - yes
4000035580 - yes
4000019430 - yes
4000027140 - yes
4000025510 - yes
4000011160 - yes
4000006860 - yes
4000007880 - yes
4000022520 - yes
4000035670 - yes
4000026490 - yes
4000024400 - yes
4000024990 - yes
4000000720 - yes
4000014820 - yes
4000029170 - yes
4000032330 - yes
4000032380 - yes
4000036170 - yes
4000038870 - yes
4000011040 - yes
4000008540 - yes
4000025120 - yes
4000016590 - yes
4000020400 - yes
4000018380 - yes
4000034560 - yes
4000039460 - yes
4000033290 - yes
4000011650 - yes
4000032640 - yes
4000019600 - yes
4000037210 - yes
4000006800 - yes
4000015620 - yes
4000028870 - yes
4000037010 - yes
4000013100 - yes
4000019300 - yes
4000024110 - yes
4000025420 - yes
4000028810 - yes
4000017660 - yes
4000021560 - yes
4000021840 - yes
4000037930 - yes
4000039380 - yes
4000018550 - yes
4000020250 - yes
4000020920 - yes
4000023930 - yes
4000033220 - yes
4000034710 - yes
4000036430 - yes
4000001500 - yes
4000006730 - yes
4000011740 - yes
4000031330 - yes
4000021820 - yes
4000022170 - yes
4000000810 - yes
4000004041 - yes
4000026801 - yes
4000028971 - yes
4000023211 - yes
4000034821 - yes
4000001441 - yes
4000013761 - yes
4000004261 - yes
4000026531 - yes
4000023631 - yes
4000027591 - yes
4000005251 - yes
4000026641 - yes
4000021311 - yes
4000024411 - yes
4000037611 - yes
4000027101 - yes
4000024371 - yes
4000022301 - yes
4000023801 - yes
4000015011 - yes
4000011861 - yes
4000028751 - yes
4000025021 - yes
4000023291 - yes
4000010421 - yes
4000021621 - yes
4000022611 - yes
4000025071 - yes
4000024941 - yes
4000015461 - yes
4000040451 - yes
4000021441 - yes
4000008901 - yes
4000024151 - yes
4000029871 - yes
4000027961 - yes
4000035641 - yes
4000026741 - yes
4000030451 - yes
4000018501 - yes
4000030121 - yes
4000027511 - yes
4000014241 - yes
4000028511 - yes
4000001101 - yes
4000034211 - yes
4000006161 - yes
4000006451 - yes
4000011361 - yes
4000031351 - yes
4000010001 - yes
4000014871 - yes
4000019271 - yes
4000024121 - yes
4000017851 - yes
4000027411 - yes
4000036531 - yes
4000025861 - yes
4000028071 - yes
4000011431 - yes
4000011491 - yes
4000020651 - yes
4000025081 - yes
4000037751 - yes
4000011231 - yes
4000014041 - yes
4000025721 - yes
4000027391 - yes
4000035781 - yes
4000006911 - yes
4000008191 - yes
4000026551 - yes
4000029331 - yes
4000038111 - yes
4000019992 - yes
4000032132 - yes
4000027872 - yes
4000027262 - yes
4000016892 - yes
4000003982 - yes
4000022242 - yes
4000022632 - yes
4000020932 - yes
4000016562 - yes
4000032152 - yes
4000021532 - yes
4000037482 - yes
4000024922 - yes
4000031352 - yes
4000038052 - yes
4000017092 - yes
4000023952 - yes
4000018042 - yes
4000034872 - yes
4000028892 - yes
4000037622 - yes
4000010932 - yes
4000011492 - yes
4000034812 - yes
4000025442 - yes
4000010282 - yes
4000029532 - yes
4000036032 - yes
4000022212 - yes
4000010462 - yes
4000021252 - yes
4000018372 - yes
4000003842 - yes
4000030892 - yes
4000036352 - yes
4000039892 - yes
4000030142 - yes
4000012532 - yes
4000038862 - yes
4000003142 - yes
4000003182 - yes
4000025172 - yes
4000019362 - yes
4000032872 - yes
4000002532 - yes
4000019942 - yes
4000021162 - yes
4000025412 - yes
4000025592 - yes
4000033912 - yes
4000003872 - yes
4000034832 - yes
4000004052 - yes
4000009152 - yes
4000026852 - yes
4000028822 - yes
4000039122 - yes
4000039462 - yes
4000024982 - yes
4000008962 - yes
4000009992 - yes
4000024432 - yes
4000039952 - yes
4000032223 - yes
4000032553 - yes
4000030293 - yes
4000016013 - yes
4000033393 - yes
4000017383 - yes
4000001723 - yes
4000023613 - yes
4000024823 - yes
4000033283 - yes
4000031073 - yes
4000034223 - yes
4000004273 - yes
4000037703 - yes
4000037933 - yes
4000007553 - yes
4000008963 - yes
4000024193 - yes
4000018153 - yes
4000020433 - yes
4000033113 - yes
4000023073 - yes
4000028543 - yes
4000032313 - yes
4000035213 - yes
4000028193 - yes
4000034943 - yes
4000025813 - yes
4000030753 - yes
4000029273 - yes
4000006163 - yes
4000039493 - yes
4000008993 - yes
4000032283 - yes
4000030143 - yes
4000004853 - yes
4000034703 - yes
4000017573 - yes
4000039503 - yes
4000018443 - yes
4000012483 - yes
4000026953 - yes
4000022133 - yes
4000029773 - yes
4000025703 - yes
4000015633 - yes
4000024933 - yes
4000006133 - yes
4000007163 - yes
4000037793 - yes
4000000993 - yes
4000019513 - yes
4000021783 - yes
4000024203 - yes
4000025713 - yes
4000013413 - yes
4000022393 - yes
4000026303 - yes
4000027113 - yes
4000034183 - yes
4000039693 - yes
4000028183 - yes
4000029923 - yes
4000031493 - yes
4000023553 - yes
4000038293 - yes
4000040213 - yes
4000001023 - yes
4000001183 - yes
4000008553 - yes
4000011703 - yes
4000012653 - yes
4000017613 - yes
4000020213 - yes
4000027203 - yes
4000000263 - yes
4000005923 - yes
4000030803 - yes
4000020224 - yes
4000013954 - yes
4000002774 - yes
4000021984 - yes
4000012164 - yes
4000036294 - yes
4000010634 - yes
4000032334 - yes
4000036934 - yes
4000024464 - yes
4000023544 - yes
4000032274 - yes
4000011064 - yes
4000025684 - yes
4000001814 - yes
4000024284 - yes
4000024794 - yes
4000023594 - yes
4000013164 - yes
4000025354 - yes
4000030304 - yes
4000030264 - yes
4000005544 - yes
4000023094 - yes
4000013944 - yes
4000007844 - yes
4000023464 - yes
4000038444 - yes
4000026464 - yes
4000023184 - yes
4000030704 - yes
4000015314 - yes
4000025004 - yes
4000032764 - yes
4000023614 - yes
4000013504 - yes
4000017134 - yes
4000032834 - yes
4000029964 - yes
4000021664 - yes
4000034754 - yes
4000039094 - yes
4000040394 - yes
4000011824 - yes
4000001884 - yes
4000007344 - yes
4000023844 - yes
4000024324 - yes
4000021414 - yes
4000013914 - yes
4000022924 - yes
4000012934 - yes
4000024474 - yes
4000016774 - yes
4000017454 - yes
4000023134 - yes
4000017644 - yes
4000030604 - yes
4000032714 - yes
4000040364 - yes
4000000774 - yes
4000010474 - yes
4000014674 - yes
4000027574 - yes
4000001964 - yes
4000003324 - yes
4000009624 - yes
4000022714 - yes
4000039634 - yes
4000006674 - yes
4000024034 - yes
4000007244 - yes
4000011564 - yes
4000020484 - yes
4000026804 - yes
4000040224 - yes
4000032454 - yes
4000039964 - yes
4000025884 - yes
4000030904 - yes
4000039984 - yes
4000021255 - yes
4000029135 - yes
4000009895 - yes
4000024095 - yes
4000002735 - yes
4000034865 - yes
4000024715 - yes
4000021605 - yes
4000017545 - yes
4000037955 - yes
4000024265 - yes
4000007865 - yes
4000036565 - yes
4000031085 - yes
4000034155 - yes
4000017985 - yes
4000026085 - yes
4000035375 - yes
4000006425 - yes
4000024975 - yes
4000032025 - yes
4000023975 - yes
4000029325 - yes
4000026015 - yes
4000031755 - yes
4000039945 - yes
4000039015 - yes
4000022695 - yes
4000012575 - yes
4000006615 - yes
4000024245 - yes
4000025785 - yes
4000019425 - yes
4000025005 - yes
4000012815 - yes
4000010425 - yes
4000034835 - yes
4000000785 - yes
4000004255 - yes
4000028965 - yes
4000040295 - yes
4000026435 - yes
4000013355 - yes
4000033125 - yes
4000038385 - yes
4000040015 - yes
4000036095 - yes
4000039615 - yes
4000008905 - yes
4000031265 - yes
4000006585 - yes
4000007645 - yes
4000020245 - yes
4000025955 - yes
4000003945 - yes
4000016265 - yes
4000018745 - yes
4000029155 - yes
4000039825 - yes
4000017285 - yes
4000006285 - yes
4000016985 - yes
4000021975 - yes
4000022435 - yes
4000029725 - yes
4000033265 - yes
4000033725 - yes
4000034175 - yes
4000014075 - yes
4000015905 - yes
4000021635 - yes
4000026146 - yes
4000038606 - yes
4000016526 - yes
4000032666 - yes
4000021226 - yes
4000015366 - yes
4000038556 - yes
4000024596 - yes
4000033606 - yes
4000035856 - yes
4000025426 - yes
4000010866 - yes
4000023806 - yes
4000032436 - yes
4000029456 - yes
4000025346 - yes
4000033176 - yes
4000031916 - yes
4000026606 - yes
4000009996 - yes
4000025236 - yes
4000029186 - yes
4000018016 - yes
4000027936 - yes
4000018066 - yes
4000023136 - yes
4000032146 - yes
4000034226 - yes
4000009806 - yes
4000030006 - yes
4000024046 - yes
4000012286 - yes
4000010036 - yes
4000026126 - yes
4000017716 - yes
4000028136 - yes
4000039646 - yes
4000014496 - yes
4000033436 - yes
4000011176 - yes
4000036646 - yes
4000011446 - yes
4000021836 - yes
4000026166 - yes
4000032596 - yes
4000013006 - yes
4000029536 - yes
4000031156 - yes
4000018726 - yes
4000033376 - yes
4000035326 - yes
4000009236 - yes
4000022096 - yes
4000001086 - yes
4000001956 - yes
4000013876 - yes
4000023536 - yes
4000023706 - yes
4000024356 - yes
4000029446 - yes
4000031286 - yes
4000024646 - yes
4000018706 - yes
4000023956 - yes
4000032716 - yes
4000024096 - yes
4000026186 - yes
4000030406 - yes
4000024336 - yes
4000027636 - yes
4000039336 - user is active now, no changes done
4000019436 - yes
4000021416 - yes
4000032656 - yes
4000016077 - yes
4000028427 - yes
4000009487 - yes
4000019237 - yes
4000023177 - yes
4000032907 - yes
4000016707 - yes
4000013967 - yes
4000018617 - yes
4000019367 - yes
4000037057 - yes
4000024427 - yes
4000030717 - yes
4000012837 - yes
4000030067 - yes
4000029637 - yes
4000020457 - yes
4000005857 - yes
4000026777 - yes
4000005987 - yes
4000036417 - yes
4000035137 - yes
4000034527 - yes
4000003397 - yes
4000031167 - yes
4000026287 - yes
4000026557 - yes
4000033847 - yes
4000038577 - yes
4000027687 - yes
4000007577 - yes
4000031467 - yes
4000029497 - yes
4000024307 - yes
4000031997 - yes
4000034187 - yes
4000001007 - yes
4000033417 - yes
4000027037 - yes
4000022037 - yes
4000018227 - yes
4000022687 - yes
4000033787 - yes
4000009647 - yes
4000026317 - yes
4000039647 - yes
4000006627 - yes
4000035327 - yes
4000005417 - yes
4000022237 - yes
4000002497 - yes
4000028457 - yes
4000003557 - yes
4000008127 - yes
4000013757 - yes
4000029337 - yes
4000031697 - yes
4000010617 - yes
4000019907 - yes
4000027847 - yes
4000038597 - yes
4000039597 - yes
4000004237 - yes
4000010907 - yes
4000027377 - yes
4000037267 - yes
4000004467 - yes
4000011847 - yes
4000027537 - yes
4000012737 - yes
4000014567 - yes
4000021347 - yes
4000024297 - yes
4000038127 - yes
4000014157 - yes
4000016407 - yes
4000019637 - yes
4000010517 - yes
4000011477 - yes
4000013787 - yes
4000017327 - yes
4000026167 - yes
4000030117 - yes
4000032557 - yes
4000033237 - yes
4000006017 - yes
4000015527 - yes
4000028887 - yes
4000030698 - yes
4000025338 - yes
4000020868 - yes
4000030898 - yes
4000038048 - yes
4000013318 - yes
4000028528 - yes
4000003308 - yes
4000024068 - yes
4000028898 - yes
4000033838 - yes
4000030388 - yes
4000037588 - yes
4000024908 - yes
4000024558 - yes
4000026298 - yes
4000026048 - yes
4000026368 - yes
4000014928 - yes
4000035748 - yes
4000034148 - yes
4000016858 - yes
4000025098 - yes
4000035428 - yes
4000037598 - yes
4000024788 - yes
4000034128 - yes
4000019128 - yes
4000014548 - yes
4000022688 - yes
4000030368 - yes
4000027698 - yes
4000018378 - yes
4000031988 - yes
4000015898 - yes
4000038588 - yes
4000013268 - yes
4000010168 - yes
4000033138 - yes
4000003368 - yes
4000014458 - yes
4000019398 - yes
4000032708 - yes
4000036318 - yes
4000001178 - yes
4000030458 - yes
4000030848 - yes
4000038538 - yes
4000009258 - yes
4000015988 - yes
4000013828 - yes
4000019208 - yes
4000014868 - yes
4000006878 - yes
4000022118 - yes
4000030208 - yes
4000035758 - yes
4000004358 - yes
4000019058 - yes
4000026718 - yes
4000030358 - yes
4000011278 - yes
4000013068 - yes
4000017328 - yes
4000018288 - yes
4000018488 - yes
4000033108 - yes
4000039768 - yes
4000023598 - yes
4000040158 - yes
4000023989 - yes
4000035459 - yes
4000035269 - yes
4000031199 - yes
4000032829 - yes
4000031429 - yes
4000021859 - yes
4000026639 - yes
4000034219 - yes
4000023189 - yes
4000025069 - yes
4000033799 - yes
4000007059 - yes
4000013049 - yes
4000038539 - yes
4000020199 - yes
4000018369 - yes
4000023169 - yes
4000000569 - yes
4000025379 - yes
4000005129 - yes
4000021049 - yes
4000032899 - yes
4000024929 - yes
4000032709 - yes
4000004369 - yes
4000001249 - yes
4000006139 - yes
4000033939 - yes
4000037139 - yes
4000037899 - yes
4000023969 - yes
4000031499 - yes
4000011829 - yes
4000022599 - yes
4000024769 - yes
4000006149 - yes
4000027049 - yes
4000029109 - yes
4000015359 - yes
4000015709 - yes
4000025179 - yes
4000017949 - yes
4000010619 - yes
4000015159 - yes
4000022939 - yes
4000029089 - yes
4000037299 - yes
4000035129 - yes
4000000949 - yes
4000022079 - yes
4000024519 - yes
4000025899 - yes
4000032769 - yes
4000000119 - yes
4000017879 - yes
4000035819 - yes
4000039279 - yes
4000004789 - yes
4000010229 - yes
4000032029 - yes
4000024209 - yes
4000019199 - yes
4000032329 - yes

Updated 737 out of 738 users 


Saving to /home/gitlab-runner/misc-script-runner/ASE-1687_megariches/amounts_mgr_updated_list.csv
Please add the new file /home/gitlab-runner/misc-script-runner/ASE-1687_megariches/amounts_mgr_updated_list.csv from the script folder to the story. Thanks 

DONE ----- 

```
Script end time: '2025-04-30 11:48:39'
FYI: @mihailo.ilic - script output for `megariches`
Story 'ASE-1687': done
