Script start time: '2025-04-22 10:36:18'
```shell
Bonus ID 21760 - New frb_denomination value : 20
Bonus ID 21761 - New frb_denomination value : 20
Bonus ID 21762 - New frb_denomination value : 20
Bonus ID 21763 - New frb_denomination value : 20
Bonus ID 21764 - New frb_denomination value : 20
Bonus ID 21765 - New frb_denomination value : 20
Bonus ID 21766 - New frb_denomination value : 20
Bonus ID 21767 - New frb_denomination value : 20
Bonus ID 21768 - New frb_denomination value : 20
Bonus ID 21769 - New frb_denomination value : 20
Bonus ID 21770 - New frb_denomination value : 20
Bonus ID 21771 - New frb_denomination value : 20
Bonus ID 21772 - New frb_denomination value : 20
Bonus ID 48408 - New frb_denomination value : 20
Bonus ID 48409 - New frb_denomination value : 20
Bonus ID 48410 - New frb_denomination value : 20
Bonus ID 48411 - New frb_denomination value : 20
Bonus ID 48412 - New frb_denomination value : 20
Bonus ID 48413 - New frb_denomination value : 20
Bonus ID 48414 - New frb_denomination value : 20
Bonus ID 48415 - New frb_denomination value : 20
Bonus ID 48416 - New frb_denomination value : 20
Bonus ID 48417 - New frb_denomination value : 20
Bonus ID 48418 - New frb_denomination value : 20
Bonus ID 48419 - New frb_denomination value : 20
Bonus ID 48420 - New frb_denomination value : 20
Bonus ID 48421 - New frb_denomination value : 20
Bonus ID 29985 - New frb_denomination value : 20
Bonus ID 29986 - New frb_denomination value : 20
Bonus ID 29987 - New frb_denomination value : 20
Bonus ID 41790 - New frb_denomination value : 20
Bonus ID 29988 - New frb_denomination value : 20
Bonus ID 41791 - New frb_denomination value : 20
Bonus ID 29989 - New frb_denomination value : 20
Bonus ID 29990 - New frb_denomination value : 20
Bonus ID 29991 - New frb_denomination value : 20
Bonus ID 29992 - New frb_denomination value : 20
Bonus ID 29993 - New frb_denomination value : 20
Bonus ID 29994 - New frb_denomination value : 20
Bonus ID 29995 - New frb_denomination value : 20
Bonus ID 29996 - New frb_denomination value : 20
Bonus ID 29997 - New frb_denomination value : 20
Bonus ID 29998 - New frb_denomination value : 20
Bonus ID 44834 - New frb_denomination value : 20
Bonus ID 44835 - New frb_denomination value : 20
Bonus ID 44836 - New frb_denomination value : 20
Bonus ID 44837 - New frb_denomination value : 20
Bonus ID 44838 - New frb_denomination value : 20
Bonus ID 44839 - New frb_denomination value : 20
Bonus ID 44840 - New frb_denomination value : 20
Bonus ID 44841 - New frb_denomination value : 20
Bonus ID 44842 - New frb_denomination value : 20
Bonus ID 44843 - New frb_denomination value : 20
Bonus ID 44844 - New frb_denomination value : 20
Bonus ID 44845 - New frb_denomination value : 20
Bonus ID 44846 - New frb_denomination value : 20
Bonus ID 44847 - New frb_denomination value : 20
Bonus ID 24111 - New frb_denomination value : 20
Bonus ID 24112 - New frb_denomination value : 20
Bonus ID 24113 - New frb_denomination value : 20
Bonus ID 24114 - New frb_denomination value : 20
Bonus ID 24115 - New frb_denomination value : 20
Bonus ID 24116 - New frb_denomination value : 20
Bonus ID 24117 - New frb_denomination value : 20
Bonus ID 24118 - New frb_denomination value : 20
Bonus ID 24119 - New frb_denomination value : 20
Bonus ID 24120 - New frb_denomination value : 20
Bonus ID 24121 - New frb_denomination value : 20
Bonus ID 24122 - New frb_denomination value : 20
Bonus ID 24123 - New frb_denomination value : 20
Bonus ID 24124 - New frb_denomination value : 20
Bonus ID 48950 - New frb_denomination value : 20
Bonus ID 48951 - New frb_denomination value : 20
Bonus ID 48952 - New frb_denomination value : 20
Bonus ID 48953 - New frb_denomination value : 20
Bonus ID 48954 - New frb_denomination value : 20
Bonus ID 48955 - New frb_denomination value : 20
Bonus ID 48956 - New frb_denomination value : 20
Bonus ID 48957 - New frb_denomination value : 20
Bonus ID 48958 - New frb_denomination value : 20
Bonus ID 48959 - New frb_denomination value : 20
Bonus ID 48960 - New frb_denomination value : 20
Bonus ID 48961 - New frb_denomination value : 20
Bonus ID 48962 - New frb_denomination value : 20
Bonus ID 48963 - New frb_denomination value : 20
Bonus ID 25917 - New frb_denomination value : 20
Bonus ID 25918 - New frb_denomination value : 20
Bonus ID 25919 - New frb_denomination value : 20
Bonus ID 25920 - New frb_denomination value : 20
Bonus ID 25921 - New frb_denomination value : 20
Bonus ID 25922 - New frb_denomination value : 20
Bonus ID 25923 - New frb_denomination value : 20
Bonus ID 25924 - New frb_denomination value : 20
Bonus ID 25925 - New frb_denomination value : 20
Bonus ID 25926 - New frb_denomination value : 20
Bonus ID 25927 - New frb_denomination value : 20
Bonus ID 25928 - New frb_denomination value : 20
Bonus ID 25929 - New frb_denomination value : 20
Bonus ID 25930 - New frb_denomination value : 20
Bonus ID 29254 - New frb_denomination value : 20
Bonus ID 29255 - New frb_denomination value : 20
Bonus ID 29256 - New frb_denomination value : 20
Bonus ID 29257 - New frb_denomination value : 20
Bonus ID 29258 - New frb_denomination value : 20
Bonus ID 29259 - New frb_denomination value : 20
Bonus ID 29260 - New frb_denomination value : 20
Bonus ID 29261 - New frb_denomination value : 20
Bonus ID 29262 - New frb_denomination value : 20
Bonus ID 29263 - New frb_denomination value : 20
Bonus ID 29264 - New frb_denomination value : 20
Bonus ID 29265 - New frb_denomination value : 20
Bonus ID 29266 - New frb_denomination value : 20
Bonus ID 29267 - New frb_denomination value : 20
Bonus ID 48198 - New frb_denomination value : 20
Bonus ID 48199 - New frb_denomination value : 20
Bonus ID 48200 - New frb_denomination value : 20
Bonus ID 48201 - New frb_denomination value : 20
Bonus ID 48202 - New frb_denomination value : 20
Bonus ID 48203 - New frb_denomination value : 20
Bonus ID 48204 - New frb_denomination value : 20
Bonus ID 48205 - New frb_denomination value : 20
Bonus ID 48206 - New frb_denomination value : 20
Bonus ID 48207 - New frb_denomination value : 20
Bonus ID 48208 - New frb_denomination value : 20
Bonus ID 48209 - New frb_denomination value : 20
Bonus ID 48210 - New frb_denomination value : 20
Bonus ID 48211 - New frb_denomination value : 20
Bonus ID 16233 - New frb_denomination value : 20
Bonus ID 8552 - New frb_denomination value : 20
Bonus ID 16234 - New frb_denomination value : 20
Bonus ID 8553 - New frb_denomination value : 20
Bonus ID 8554 - New frb_denomination value : 20
Bonus ID 8555 - New frb_denomination value : 20
Bonus ID 8556 - New frb_denomination value : 20
Bonus ID 8557 - New frb_denomination value : 20
Bonus ID 8558 - New frb_denomination value : 20
Bonus ID 8559 - New frb_denomination value : 20
Bonus ID 8560 - New frb_denomination value : 20
Bonus ID 8561 - New frb_denomination value : 20
Bonus ID 21665 - New frb_denomination value : 20
Bonus ID 8562 - New frb_denomination value : 20
Bonus ID 8563 - New frb_denomination value : 20
Bonus ID 8564 - New frb_denomination value : 20
Bonus ID 8565 - New frb_denomination value : 20
Bonus ID 33664 - New frb_denomination value : 20
Bonus ID 33665 - New frb_denomination value : 20
Bonus ID 33666 - New frb_denomination value : 20
Bonus ID 33667 - New frb_denomination value : 20
Bonus ID 33668 - New frb_denomination value : 20
Bonus ID 33669 - New frb_denomination value : 20
Bonus ID 33670 - New frb_denomination value : 20
Bonus ID 33671 - New frb_denomination value : 20
Bonus ID 33672 - New frb_denomination value : 20
Bonus ID 33673 - New frb_denomination value : 20
Bonus ID 33674 - New frb_denomination value : 20
Bonus ID 33675 - New frb_denomination value : 20
Bonus ID 33676 - New frb_denomination value : 20
Bonus ID 33677 - New frb_denomination value : 20
Bonus ID 24963 - New frb_denomination value : 20
Bonus ID 24964 - New frb_denomination value : 20
Bonus ID 24965 - New frb_denomination value : 20
Bonus ID 24966 - New frb_denomination value : 20
Bonus ID 24967 - New frb_denomination value : 20
Bonus ID 24968 - New frb_denomination value : 20
Bonus ID 24969 - New frb_denomination value : 20
Bonus ID 24970 - New frb_denomination value : 20
Bonus ID 24971 - New frb_denomination value : 20
Bonus ID 24972 - New frb_denomination value : 20
Bonus ID 24973 - New frb_denomination value : 20
Bonus ID 24974 - New frb_denomination value : 20
Bonus ID 24975 - New frb_denomination value : 20
Bonus ID 24976 - New frb_denomination value : 20
Bonus ID 18564 - New frb_denomination value : 20
Bonus ID 18565 - New frb_denomination value : 20
Bonus ID 18566 - New frb_denomination value : 20
Bonus ID 18567 - New frb_denomination value : 20
Bonus ID 18568 - New frb_denomination value : 20
Bonus ID 18569 - New frb_denomination value : 20
Bonus ID 18570 - New frb_denomination value : 20
Bonus ID 18571 - New frb_denomination value : 20
Bonus ID 18572 - New frb_denomination value : 20
Bonus ID 18573 - New frb_denomination value : 20
Bonus ID 18574 - New frb_denomination value : 20
Bonus ID 18575 - New frb_denomination value : 20
Bonus ID 18576 - New frb_denomination value : 20
Bonus ID 20128 - New frb_denomination value : 20
Bonus ID 20117 - New frb_denomination value : 20
Bonus ID 20129 - New frb_denomination value : 20
Bonus ID 20118 - New frb_denomination value : 20
Bonus ID 20119 - New frb_denomination value : 20
Bonus ID 20120 - New frb_denomination value : 20
Bonus ID 20121 - New frb_denomination value : 20
Bonus ID 20122 - New frb_denomination value : 20
Bonus ID 20123 - New frb_denomination value : 20
Bonus ID 20124 - New frb_denomination value : 20
Bonus ID 20125 - New frb_denomination value : 20
Bonus ID 20126 - New frb_denomination value : 20
Bonus ID 20127 - New frb_denomination value : 20
Bonus ID 49061 - New frb_denomination value : 20
Bonus ID 49062 - New frb_denomination value : 20
Bonus ID 49063 - New frb_denomination value : 20
Bonus ID 49064 - New frb_denomination value : 20
Bonus ID 49065 - New frb_denomination value : 20
Bonus ID 49066 - New frb_denomination value : 20
Bonus ID 49067 - New frb_denomination value : 20
Bonus ID 49068 - New frb_denomination value : 20
Bonus ID 49069 - New frb_denomination value : 20
Bonus ID 49070 - New frb_denomination value : 20
Bonus ID 49071 - New frb_denomination value : 20
Bonus ID 49072 - New frb_denomination value : 20
Bonus ID 49073 - New frb_denomination value : 20
Bonus ID 49074 - New frb_denomination value : 20
Bonus ID 30889 - New frb_denomination value : 20
Bonus ID 30890 - New frb_denomination value : 20
Bonus ID 30891 - New frb_denomination value : 20
Bonus ID 30892 - New frb_denomination value : 20
Bonus ID 30893 - New frb_denomination value : 20
Bonus ID 30894 - New frb_denomination value : 20
Bonus ID 30895 - New frb_denomination value : 20
Bonus ID 30896 - New frb_denomination value : 20
Bonus ID 30897 - New frb_denomination value : 20
Bonus ID 30898 - New frb_denomination value : 20
Bonus ID 30899 - New frb_denomination value : 20
Bonus ID 30900 - New frb_denomination value : 20
Bonus ID 30901 - New frb_denomination value : 20
Bonus ID 30902 - New frb_denomination value : 20
Bonus ID 31933 - New frb_denomination value : 20
Bonus ID 31934 - New frb_denomination value : 20
Bonus ID 31935 - New frb_denomination value : 20
Bonus ID 31936 - New frb_denomination value : 20
Bonus ID 31937 - New frb_denomination value : 20
Bonus ID 31938 - New frb_denomination value : 20
Bonus ID 31939 - New frb_denomination value : 20
Bonus ID 31940 - New frb_denomination value : 20
Bonus ID 31941 - New frb_denomination value : 20
Bonus ID 31942 - New frb_denomination value : 20
Bonus ID 31943 - New frb_denomination value : 20
Bonus ID 31944 - New frb_denomination value : 20
Bonus ID 31945 - New frb_denomination value : 20
Bonus ID 31946 - New frb_denomination value : 20
Bonus ID 22463 - New frb_denomination value : 20
Bonus ID 49352 - New frb_denomination value : 20
Bonus ID 49353 - New frb_denomination value : 20
Bonus ID 49354 - New frb_denomination value : 20
Bonus ID 49355 - New frb_denomination value : 20
Bonus ID 49356 - New frb_denomination value : 20
Bonus ID 49357 - New frb_denomination value : 20
Bonus ID 49358 - New frb_denomination value : 20
Bonus ID 49359 - New frb_denomination value : 20
Bonus ID 49360 - New frb_denomination value : 20
Bonus ID 49361 - New frb_denomination value : 20
Bonus ID 49362 - New frb_denomination value : 20
Bonus ID 49363 - New frb_denomination value : 20
Bonus ID 49364 - New frb_denomination value : 20
Bonus ID 49365 - New frb_denomination value : 20
Bonus ID 28365 - New frb_denomination value : 20
Bonus ID 28366 - New frb_denomination value : 20
Bonus ID 28367 - New frb_denomination value : 20
Bonus ID 28368 - New frb_denomination value : 20
Bonus ID 28369 - New frb_denomination value : 20
Bonus ID 28370 - New frb_denomination value : 20
Bonus ID 28371 - New frb_denomination value : 20
Bonus ID 28372 - New frb_denomination value : 20
Bonus ID 28373 - New frb_denomination value : 20
Bonus ID 28374 - New frb_denomination value : 20
Bonus ID 28375 - New frb_denomination value : 20
Bonus ID 28376 - New frb_denomination value : 20
Bonus ID 28377 - New frb_denomination value : 20
Bonus ID 28378 - New frb_denomination value : 20
Bonus ID 18654 - New frb_denomination value : 20
Bonus ID 18643 - New frb_denomination value : 20
Bonus ID 18655 - New frb_denomination value : 20
Bonus ID 18644 - New frb_denomination value : 20
Bonus ID 18645 - New frb_denomination value : 20
Bonus ID 18646 - New frb_denomination value : 20
Bonus ID 18647 - New frb_denomination value : 20
Bonus ID 18648 - New frb_denomination value : 20
Bonus ID 18649 - New frb_denomination value : 20
Bonus ID 18650 - New frb_denomination value : 20
Bonus ID 18651 - New frb_denomination value : 20
Bonus ID 18652 - New frb_denomination value : 20
Bonus ID 18653 - New frb_denomination value : 20
Bonus ID 22819 - New frb_denomination value : 20
Bonus ID 20705 - New frb_denomination value : 20
Bonus ID 20694 - New frb_denomination value : 20
Bonus ID 20706 - New frb_denomination value : 20
Bonus ID 20695 - New frb_denomination value : 20
Bonus ID 20696 - New frb_denomination value : 20
Bonus ID 20697 - New frb_denomination value : 20
Bonus ID 20698 - New frb_denomination value : 20
Bonus ID 20699 - New frb_denomination value : 20
Bonus ID 20700 - New frb_denomination value : 20
Bonus ID 20701 - New frb_denomination value : 20
Bonus ID 20702 - New frb_denomination value : 20
Bonus ID 20703 - New frb_denomination value : 20
Bonus ID 20704 - New frb_denomination value : 20

```
Script end time: '2025-04-22 10:36:25'
FYI: @YuriVelkis - script output for `videoslots`
Story 'ASE-1659': done
