Script start time: '2025-04-28 14:54:12'
```shell
Doing: Leaderboard for missing users 
Calculated for tournament id: 1275070 
 Leaderboard recalculated and prizes credited 
Doing: Leaderboard for missing users 
Calculated for tournament id: 1275084 
 Leaderboard recalculated and prizes credited 
Doing: Leaderboard for missing users 
Calculated for tournament id: 1273006 
 Leaderboard recalculated and prizes credited 
Doing: Leaderboard for missing users 
Calculating leaderboard for tournament 1275134 
Leaderboard recalculated and prizes credited 
Doing: Leaderboard for missing users 
Calculating leaderboard for tournament 1273636 
Leaderboard recalculated and prizes credited 
Doing: Leaderboard for missing users 
Calculating leaderboard for tournament 1274815 
Leaderboard recalculated and prizes credited 

```
Script end time: '2025-04-28 14:54:14'
FYI: @YuriVelkis - script output for `mrvegas`
Story 'ASE-1678': done
