Script start time: '2025-04-30 12:48:01'
```shell
Starting migration from users_settings to users_privacy_settings...
Found 10 shards. Processing each shard...
Processing shard #0...
Fetching settings that need to be migrated...
Processed 1000 records, Migrated: 126, Skipped: 874...
Processed 2000 records, Migrated: 302, Skipped: 1698...
Processed 3000 records, Migrated: 513, Skipped: 2487...
Processed 4000 records, Migrated: 702, Skipped: 3298...
Processed 5000 records, Migrated: 876, Skipped: 4124...
Processed 6000 records, Migrated: 1089, Skipped: 4911...
Processed 7000 records, Migrated: 1287, Skipped: 5713...
Processed 8000 records, Migrated: 1485, Skipped: 6515...
Processed 9000 records, Migrated: 1685, Skipped: 7315...
Processed 10000 records, Migrated: 1892, Skipped: 8108...
Processed 11000 records, Migrated: 2108, Skipped: 8892...
Processed 12000 records, Migrated: 2315, Skipped: 9685...
Processed 13000 records, Migrated: 2549, Skipped: 10451...
Processed 14000 records, Migrated: 2726, Skipped: 11274...
Processed 15000 records, Migrated: 2975, Skipped: 12025...
Processed 16000 records, Migrated: 3201, Skipped: 12799...
Processed 17000 records, Migrated: 3455, Skipped: 13545...
Processed 18000 records, Migrated: 3707, Skipped: 14293...
Processed 19000 records, Migrated: 3947, Skipped: 15053...
Processed 20000 records, Migrated: 4178, Skipped: 15822...
Processed 21000 records, Migrated: 4418, Skipped: 16582...
Processed 22000 records, Migrated: 4673, Skipped: 17327...
Processed 23000 records, Migrated: 4893, Skipped: 18107...
Processed 24000 records, Migrated: 5093, Skipped: 18907...
Processed 25000 records, Migrated: 5273, Skipped: 19727...
Processed 26000 records, Migrated: 5525, Skipped: 20475...
Processed 27000 records, Migrated: 5813, Skipped: 21187...
Processed 28000 records, Migrated: 6017, Skipped: 21983...
Processed 29000 records, Migrated: 6207, Skipped: 22793...
Processed 30000 records, Migrated: 6435, Skipped: 23565...
Processed 31000 records, Migrated: 6676, Skipped: 24324...
Processed 32000 records, Migrated: 6859, Skipped: 25141...
Processed 33000 records, Migrated: 7039, Skipped: 25961...
Processed 34000 records, Migrated: 7231, Skipped: 26769...
Processed 35000 records, Migrated: 7423, Skipped: 27577...
Processed 36000 records, Migrated: 7615, Skipped: 28385...
Processed 37000 records, Migrated: 7807, Skipped: 29193...
Processed 38000 records, Migrated: 8059, Skipped: 29941...
Processed 39000 records, Migrated: 8239, Skipped: 30761...
Processed 40000 records, Migrated: 8455, Skipped: 31545...
Processed 41000 records, Migrated: 8635, Skipped: 32365...
Processed 42000 records, Migrated: 8839, Skipped: 33161...
Processed 43000 records, Migrated: 9103, Skipped: 33897...
Processed 44000 records, Migrated: 9331, Skipped: 34669...
Processed 45000 records, Migrated: 9556, Skipped: 35444...
Processed 46000 records, Migrated: 9823, Skipped: 36177...
Processed 47000 records, Migrated: 10027, Skipped: 36973...
Processed 48000 records, Migrated: 10267, Skipped: 37733...
Processed 49000 records, Migrated: 10483, Skipped: 38517...
Processed 50000 records, Migrated: 10675, Skipped: 39325...
Processed 51000 records, Migrated: 10923, Skipped: 40077...
Processed 52000 records, Migrated: 11119, Skipped: 40881...
Processed 53000 records, Migrated: 11371, Skipped: 41629...
Processed 54000 records, Migrated: 11575, Skipped: 42425...
Processed 55000 records, Migrated: 11827, Skipped: 43173...
Processed 56000 records, Migrated: 12019, Skipped: 43981...
Processed 57000 records, Migrated: 12247, Skipped: 44753...
Processed 58000 records, Migrated: 12427, Skipped: 45573...
Processed 59000 records, Migrated: 12643, Skipped: 46357...
Processed 60000 records, Migrated: 12796, Skipped: 47204...
Processed 61000 records, Migrated: 13027, Skipped: 47973...
Processed 62000 records, Migrated: 13272, Skipped: 48728...
Processed 63000 records, Migrated: 13529, Skipped: 49471...
Processed 64000 records, Migrated: 13711, Skipped: 50289...
Processed 65000 records, Migrated: 13936, Skipped: 51064...
Processed 66000 records, Migrated: 14129, Skipped: 51871...
Processed 67000 records, Migrated: 14311, Skipped: 52689...
Processed 68000 records, Migrated: 14506, Skipped: 53494...
Processed 69000 records, Migrated: 14679, Skipped: 54321...
Processed 70000 records, Migrated: 14878, Skipped: 55122...
Processed 71000 records, Migrated: 15142, Skipped: 55858...
Processed 72000 records, Migrated: 15358, Skipped: 56642...
Processed 73000 records, Migrated: 15622, Skipped: 57378...
Processed 74000 records, Migrated: 15860, Skipped: 58140...
Processed 75000 records, Migrated: 16078, Skipped: 58922...
Processed 76000 records, Migrated: 16318, Skipped: 59682...
Processed 77000 records, Migrated: 16546, Skipped: 60454...
Processed 78000 records, Migrated: 16745, Skipped: 61255...
Processed 79000 records, Migrated: 16993, Skipped: 62007...
Processed 80000 records, Migrated: 17209, Skipped: 62791...
Processed 81000 records, Migrated: 17418, Skipped: 63582...
Processed 82000 records, Migrated: 17605, Skipped: 64395...
Processed 83000 records, Migrated: 17821, Skipped: 65179...
Processed 84000 records, Migrated: 18025, Skipped: 65975...
Processed 85000 records, Migrated: 18217, Skipped: 66783...
Processed 86000 records, Migrated: 18373, Skipped: 67627...
Processed 87000 records, Migrated: 18601, Skipped: 68399...
Processed 88000 records, Migrated: 18829, Skipped: 69171...
Processed 89000 records, Migrated: 19045, Skipped: 69955...
Processed 90000 records, Migrated: 19225, Skipped: 70775...
Processed 91000 records, Migrated: 19429, Skipped: 71571...
Processed 92000 records, Migrated: 19646, Skipped: 72354...
Processed 93000 records, Migrated: 19861, Skipped: 73139...
Processed 94000 records, Migrated: 20063, Skipped: 73937...
Processed 95000 records, Migrated: 20269, Skipped: 74731...
Processed 96000 records, Migrated: 20317, Skipped: 75683...
Processed 97000 records, Migrated: 20317, Skipped: 76683...
Processed 98000 records, Migrated: 20317, Skipped: 77683...
Processed 99000 records, Migrated: 20377, Skipped: 78623...
Processed 100000 records, Migrated: 20602, Skipped: 79398...
Processed 101000 records, Migrated: 20773, Skipped: 80227...
Processed 102000 records, Migrated: 20953, Skipped: 81047...
Processed 103000 records, Migrated: 21157, Skipped: 81843...
Processed 104000 records, Migrated: 21343, Skipped: 82657...
Processed 105000 records, Migrated: 21529, Skipped: 83471...
Processed 106000 records, Migrated: 21757, Skipped: 84243...
Processed 107000 records, Migrated: 21969, Skipped: 85031...
Processed 108000 records, Migrated: 22177, Skipped: 85823...
Processed 109000 records, Migrated: 22393, Skipped: 86607...
Processed 110000 records, Migrated: 22609, Skipped: 87391...
Processed 111000 records, Migrated: 22777, Skipped: 88223...
Processed 112000 records, Migrated: 23017, Skipped: 88983...
Processed 113000 records, Migrated: 23173, Skipped: 89827...
Processed 114000 records, Migrated: 23329, Skipped: 90671...
Processed 115000 records, Migrated: 23521, Skipped: 91479...
Processed 116000 records, Migrated: 23677, Skipped: 92323...
Processed 117000 records, Migrated: 23809, Skipped: 93191...
Processed 118000 records, Migrated: 24013, Skipped: 93987...
Processed 119000 records, Migrated: 24229, Skipped: 94771...
Processed 120000 records, Migrated: 24409, Skipped: 95591...
Processed 121000 records, Migrated: 24565, Skipped: 96435...
Processed 122000 records, Migrated: 24709, Skipped: 97291...
Processed 123000 records, Migrated: 24865, Skipped: 98135...
Processed 124000 records, Migrated: 25045, Skipped: 98955...
Processed 124295 records, Migrated: 25069, Skipped: 99226...
Completed processing shard. Total: 124295, Migrated: 25069, Skipped: 99226
Processing shard #1...
Fetching settings that need to be migrated...
Processed 1000 records, Migrated: 153, Skipped: 847...
Processed 2000 records, Migrated: 333, Skipped: 1667...
Processed 3000 records, Migrated: 522, Skipped: 2478...
Processed 4000 records, Migrated: 711, Skipped: 3289...
Processed 5000 records, Migrated: 900, Skipped: 4100...
Processed 6000 records, Migrated: 1080, Skipped: 4920...
Processed 7000 records, Migrated: 1296, Skipped: 5704...
Processed 8000 records, Migrated: 1494, Skipped: 6506...
Processed 9000 records, Migrated: 1665, Skipped: 7335...
Processed 10000 records, Migrated: 1863, Skipped: 8137...
Processed 11000 records, Migrated: 2097, Skipped: 8903...
Processed 12000 records, Migrated: 2300, Skipped: 9700...
Processed 13000 records, Migrated: 2489, Skipped: 10511...
Processed 14000 records, Migrated: 2664, Skipped: 11336...
Processed 15000 records, Migrated: 2933, Skipped: 12067...
Processed 16000 records, Migrated: 3197, Skipped: 12803...
Processed 17000 records, Migrated: 3422, Skipped: 13578...
Processed 18000 records, Migrated: 3665, Skipped: 14335...
Processed 19000 records, Migrated: 3900, Skipped: 15100...
Processed 20000 records, Migrated: 4164, Skipped: 15836...
Processed 21000 records, Migrated: 4380, Skipped: 16620...
Processed 22000 records, Migrated: 4612, Skipped: 17388...
Processed 23000 records, Migrated: 4840, Skipped: 18160...
Processed 24000 records, Migrated: 5044, Skipped: 18956...
Processed 25000 records, Migrated: 5287, Skipped: 19713...
Processed 26000 records, Migrated: 5492, Skipped: 20508...
Processed 27000 records, Migrated: 5648, Skipped: 21352...
Processed 28000 records, Migrated: 5852, Skipped: 22148...
Processed 29000 records, Migrated: 6126, Skipped: 22874...
Processed 30000 records, Migrated: 6388, Skipped: 23612...
Processed 31000 records, Migrated: 6548, Skipped: 24452...
Processed 32000 records, Migrated: 6791, Skipped: 25209...
Processed 33000 records, Migrated: 6887, Skipped: 26113...
Processed 34000 records, Migrated: 7079, Skipped: 26921...
Processed 35000 records, Migrated: 7271, Skipped: 27729...
Processed 36000 records, Migrated: 7475, Skipped: 28525...
Processed 37000 records, Migrated: 7669, Skipped: 29331...
Processed 38000 records, Migrated: 7871, Skipped: 30129...
Processed 39000 records, Migrated: 8063, Skipped: 30937...
Processed 40000 records, Migrated: 8231, Skipped: 31769...
Processed 41000 records, Migrated: 8435, Skipped: 32565...
Processed 42000 records, Migrated: 8659, Skipped: 33341...
Processed 43000 records, Migrated: 8903, Skipped: 34097...
Processed 44000 records, Migrated: 9083, Skipped: 34917...
Processed 45000 records, Migrated: 9347, Skipped: 35653...
Processed 46000 records, Migrated: 9575, Skipped: 36425...
Processed 47000 records, Migrated: 9819, Skipped: 37181...
Processed 48000 records, Migrated: 9995, Skipped: 38005...
Processed 49000 records, Migrated: 10236, Skipped: 38764...
Processed 50000 records, Migrated: 10476, Skipped: 39524...
Processed 51000 records, Migrated: 10704, Skipped: 40296...
Processed 52000 records, Migrated: 10920, Skipped: 41080...
Processed 53000 records, Migrated: 11124, Skipped: 41876...
Processed 54000 records, Migrated: 11325, Skipped: 42675...
Processed 55000 records, Migrated: 11580, Skipped: 43420...
Processed 56000 records, Migrated: 11808, Skipped: 44192...
Processed 57000 records, Migrated: 12000, Skipped: 45000...
Processed 58000 records, Migrated: 12192, Skipped: 45808...
Processed 59000 records, Migrated: 12372, Skipped: 46628...
Processed 60000 records, Migrated: 12600, Skipped: 47400...
Processed 61000 records, Migrated: 12852, Skipped: 48148...
Processed 62000 records, Migrated: 13056, Skipped: 48944...
Processed 63000 records, Migrated: 13260, Skipped: 49740...
Processed 64000 records, Migrated: 13464, Skipped: 50536...
Processed 65000 records, Migrated: 13630, Skipped: 51370...
Processed 66000 records, Migrated: 13848, Skipped: 52152...
Processed 67000 records, Migrated: 14075, Skipped: 52925...
Processed 68000 records, Migrated: 14280, Skipped: 53720...
Processed 69000 records, Migrated: 14496, Skipped: 54504...
Processed 70000 records, Migrated: 14700, Skipped: 55300...
Processed 71000 records, Migrated: 14928, Skipped: 56072...
Processed 72000 records, Migrated: 15120, Skipped: 56880...
Processed 73000 records, Migrated: 15312, Skipped: 57688...
Processed 74000 records, Migrated: 15528, Skipped: 58472...
Processed 75000 records, Migrated: 15768, Skipped: 59232...
Processed 76000 records, Migrated: 15984, Skipped: 60016...
Processed 77000 records, Migrated: 16236, Skipped: 60764...
Processed 78000 records, Migrated: 16476, Skipped: 61524...
Processed 79000 records, Migrated: 16720, Skipped: 62280...
Processed 80000 records, Migrated: 16898, Skipped: 63102...
Processed 81000 records, Migrated: 17112, Skipped: 63888...
Processed 82000 records, Migrated: 17364, Skipped: 64636...
Processed 83000 records, Migrated: 17556, Skipped: 65444...
Processed 84000 records, Migrated: 17712, Skipped: 66288...
Processed 85000 records, Migrated: 17928, Skipped: 67072...
Processed 86000 records, Migrated: 18096, Skipped: 67904...
Processed 87000 records, Migrated: 18276, Skipped: 68724...
Processed 88000 records, Migrated: 18444, Skipped: 69556...
Processed 89000 records, Migrated: 18696, Skipped: 70304...
Processed 90000 records, Migrated: 18888, Skipped: 71112...
Processed 91000 records, Migrated: 19140, Skipped: 71860...
Processed 92000 records, Migrated: 19332, Skipped: 72668...
Processed 93000 records, Migrated: 19536, Skipped: 73464...
Processed 94000 records, Migrated: 19752, Skipped: 74248...
Processed 95000 records, Migrated: 19776, Skipped: 75224...
Processed 96000 records, Migrated: 19776, Skipped: 76224...
Processed 97000 records, Migrated: 19776, Skipped: 77224...
Processed 98000 records, Migrated: 19877, Skipped: 78123...
Processed 99000 records, Migrated: 20074, Skipped: 78926...
Processed 100000 records, Migrated: 20261, Skipped: 79739...
Processed 101000 records, Migrated: 20448, Skipped: 80552...
Processed 102000 records, Migrated: 20604, Skipped: 81396...
Processed 103000 records, Migrated: 20808, Skipped: 82192...
Processed 104000 records, Migrated: 20966, Skipped: 83034...
Processed 105000 records, Migrated: 21156, Skipped: 83844...
Processed 106000 records, Migrated: 21343, Skipped: 84657...
Processed 107000 records, Migrated: 21524, Skipped: 85476...
Processed 108000 records, Migrated: 21684, Skipped: 86316...
Processed 109000 records, Migrated: 21816, Skipped: 87184...
Processed 110000 records, Migrated: 21984, Skipped: 88016...
Processed 111000 records, Migrated: 22104, Skipped: 88896...
Processed 112000 records, Migrated: 22284, Skipped: 89716...
Processed 113000 records, Migrated: 22440, Skipped: 90560...
Processed 114000 records, Migrated: 22624, Skipped: 91376...
Processed 115000 records, Migrated: 22764, Skipped: 92236...
Processed 116000 records, Migrated: 22932, Skipped: 93068...
Processed 117000 records, Migrated: 23076, Skipped: 93924...
Processed 118000 records, Migrated: 23232, Skipped: 94768...
Processed 119000 records, Migrated: 23360, Skipped: 95640...
Processed 120000 records, Migrated: 23571, Skipped: 96429...
Processed 121000 records, Migrated: 23793, Skipped: 97207...
Processed 122000 records, Migrated: 23943, Skipped: 98057...
Processed 122765 records, Migrated: 24051, Skipped: 98714...
Completed processing shard. Total: 122765, Migrated: 24051, Skipped: 98714
Processing shard #2...
Fetching settings that need to be migrated...
Processed 1000 records, Migrated: 162, Skipped: 838...
Processed 2000 records, Migrated: 315, Skipped: 1685...
Processed 3000 records, Migrated: 486, Skipped: 2514...
Processed 4000 records, Migrated: 706, Skipped: 3294...
Processed 5000 records, Migrated: 898, Skipped: 4102...
Processed 6000 records, Migrated: 1105, Skipped: 4895...
Processed 7000 records, Migrated: 1308, Skipped: 5692...
Processed 8000 records, Migrated: 1528, Skipped: 6472...
Processed 9000 records, Migrated: 1708, Skipped: 7292...
Processed 10000 records, Migrated: 1929, Skipped: 8071...
Processed 11000 records, Migrated: 2122, Skipped: 8878...
Processed 12000 records, Migrated: 2365, Skipped: 9635...
Processed 13000 records, Migrated: 2584, Skipped: 10416...
Processed 14000 records, Migrated: 2798, Skipped: 11202...
Processed 15000 records, Migrated: 3075, Skipped: 11925...
Processed 16000 records, Migrated: 3312, Skipped: 12688...
Processed 17000 records, Migrated: 3558, Skipped: 13442...
Processed 18000 records, Migrated: 3810, Skipped: 14190...
Processed 19000 records, Migrated: 4062, Skipped: 14938...
Processed 20000 records, Migrated: 4314, Skipped: 15686...
Processed 21000 records, Migrated: 4540, Skipped: 16460...
Processed 22000 records, Migrated: 4794, Skipped: 17206...
Processed 23000 records, Migrated: 4998, Skipped: 18002...
Processed 24000 records, Migrated: 5202, Skipped: 18798...
Processed 25000 records, Migrated: 5442, Skipped: 19558...
Processed 26000 records, Migrated: 5648, Skipped: 20352...
Processed 27000 records, Migrated: 5822, Skipped: 21178...
Processed 28000 records, Migrated: 6077, Skipped: 21923...
Processed 29000 records, Migrated: 6341, Skipped: 22659...
Processed 30000 records, Migrated: 6545, Skipped: 23455...
Processed 31000 records, Migrated: 6748, Skipped: 24252...
Processed 32000 records, Migrated: 6915, Skipped: 25085...
Processed 33000 records, Migrated: 7118, Skipped: 25882...
Processed 34000 records, Migrated: 7286, Skipped: 26714...
Processed 35000 records, Migrated: 7478, Skipped: 27522...
Processed 36000 records, Migrated: 7694, Skipped: 28306...
Processed 37000 records, Migrated: 7898, Skipped: 29102...
Processed 38000 records, Migrated: 8102, Skipped: 29898...
Processed 39000 records, Migrated: 8302, Skipped: 30698...
Processed 40000 records, Migrated: 8534, Skipped: 31466...
Processed 41000 records, Migrated: 8774, Skipped: 32226...
Processed 42000 records, Migrated: 8990, Skipped: 33010...
Processed 43000 records, Migrated: 9161, Skipped: 33839...
Processed 44000 records, Migrated: 9413, Skipped: 34587...
Processed 45000 records, Migrated: 9653, Skipped: 35347...
Processed 46000 records, Migrated: 9857, Skipped: 36143...
Processed 47000 records, Migrated: 10018, Skipped: 36982...
Processed 48000 records, Migrated: 10253, Skipped: 37747...
Processed 49000 records, Migrated: 10445, Skipped: 38555...
Processed 50000 records, Migrated: 10637, Skipped: 39363...
Processed 51000 records, Migrated: 10901, Skipped: 40099...
Processed 52000 records, Migrated: 11091, Skipped: 40909...
Processed 53000 records, Migrated: 11333, Skipped: 41667...
Processed 54000 records, Migrated: 11541, Skipped: 42459...
Processed 55000 records, Migrated: 11705, Skipped: 43295...
Processed 56000 records, Migrated: 11897, Skipped: 44103...
Processed 57000 records, Migrated: 12053, Skipped: 44947...
Processed 58000 records, Migrated: 12269, Skipped: 45731...
Processed 59000 records, Migrated: 12497, Skipped: 46503...
Processed 60000 records, Migrated: 12713, Skipped: 47287...
Processed 61000 records, Migrated: 12977, Skipped: 48023...
Processed 62000 records, Migrated: 13180, Skipped: 48820...
Processed 63000 records, Migrated: 13420, Skipped: 49580...
Processed 64000 records, Migrated: 13660, Skipped: 50340...
Processed 65000 records, Migrated: 13816, Skipped: 51184...
Processed 66000 records, Migrated: 14011, Skipped: 51989...
Processed 67000 records, Migrated: 14176, Skipped: 52824...
Processed 68000 records, Migrated: 14392, Skipped: 53608...
Processed 69000 records, Migrated: 14642, Skipped: 54358...
Processed 70000 records, Migrated: 14863, Skipped: 55137...
Processed 71000 records, Migrated: 15079, Skipped: 55921...
Processed 72000 records, Migrated: 15331, Skipped: 56669...
Processed 73000 records, Migrated: 15511, Skipped: 57489...
Processed 74000 records, Migrated: 15715, Skipped: 58285...
Processed 75000 records, Migrated: 15883, Skipped: 59117...
Processed 76000 records, Migrated: 16099, Skipped: 59901...
Processed 77000 records, Migrated: 16329, Skipped: 60671...
Processed 78000 records, Migrated: 16543, Skipped: 61457...
Processed 79000 records, Migrated: 16711, Skipped: 62289...
Processed 80000 records, Migrated: 16893, Skipped: 63107...
Processed 81000 records, Migrated: 17155, Skipped: 63845...
Processed 82000 records, Migrated: 17407, Skipped: 64593...
Processed 83000 records, Migrated: 17652, Skipped: 65348...
Processed 84000 records, Migrated: 17851, Skipped: 66149...
Processed 85000 records, Migrated: 18067, Skipped: 66933...
Processed 86000 records, Migrated: 18211, Skipped: 67789...
Processed 87000 records, Migrated: 18379, Skipped: 68621...
Processed 88000 records, Migrated: 18583, Skipped: 69417...
Processed 89000 records, Migrated: 18791, Skipped: 70209...
Processed 90000 records, Migrated: 18979, Skipped: 71021...
Processed 91000 records, Migrated: 19195, Skipped: 71805...
Processed 92000 records, Migrated: 19399, Skipped: 72601...
Processed 93000 records, Migrated: 19615, Skipped: 73385...
Processed 94000 records, Migrated: 19783, Skipped: 74217...
Processed 95000 records, Migrated: 19927, Skipped: 75073...
Processed 96000 records, Migrated: 19927, Skipped: 76073...
Processed 97000 records, Migrated: 19927, Skipped: 77073...
Processed 98000 records, Migrated: 19927, Skipped: 78073...
Processed 99000 records, Migrated: 20083, Skipped: 78917...
Processed 100000 records, Migrated: 20263, Skipped: 79737...
Processed 101000 records, Migrated: 20476, Skipped: 80524...
Processed 102000 records, Migrated: 20683, Skipped: 81317...
Processed 103000 records, Migrated: 20875, Skipped: 82125...
Processed 104000 records, Migrated: 21067, Skipped: 82933...
Processed 105000 records, Migrated: 21274, Skipped: 83726...
Processed 106000 records, Migrated: 21499, Skipped: 84501...
Processed 107000 records, Migrated: 21703, Skipped: 85297...
Processed 108000 records, Migrated: 21926, Skipped: 86074...
Processed 109000 records, Migrated: 22123, Skipped: 86877...
Processed 110000 records, Migrated: 22303, Skipped: 87697...
Processed 111000 records, Migrated: 22483, Skipped: 88517...
Processed 112000 records, Migrated: 22711, Skipped: 89289...
Processed 113000 records, Migrated: 22915, Skipped: 90085...
Processed 114000 records, Migrated: 23071, Skipped: 90929...
Processed 115000 records, Migrated: 23206, Skipped: 91794...
Processed 116000 records, Migrated: 23371, Skipped: 92629...
Processed 117000 records, Migrated: 23547, Skipped: 93453...
Processed 118000 records, Migrated: 23695, Skipped: 94305...
Processed 119000 records, Migrated: 23827, Skipped: 95173...
Processed 120000 records, Migrated: 24019, Skipped: 95981...
Processed 121000 records, Migrated: 24164, Skipped: 96836...
Processed 122000 records, Migrated: 24322, Skipped: 97678...
Processed 123000 records, Migrated: 24524, Skipped: 98476...
Processed 124000 records, Migrated: 24710, Skipped: 99290...
Processed 124414 records, Migrated: 24763, Skipped: 99651...
Completed processing shard. Total: 124414, Migrated: 24763, Skipped: 99651
Processing shard #3...
Fetching settings that need to be migrated...
Processed 1000 records, Migrated: 162, Skipped: 838...
Processed 2000 records, Migrated: 326, Skipped: 1674...
Processed 3000 records, Migrated: 533, Skipped: 2467...
Processed 4000 records, Migrated: 713, Skipped: 3287...
Processed 5000 records, Migrated: 920, Skipped: 4080...
Processed 6000 records, Migrated: 1108, Skipped: 4892...
Processed 7000 records, Migrated: 1261, Skipped: 5739...
Processed 8000 records, Migrated: 1434, Skipped: 6566...
Processed 9000 records, Migrated: 1614, Skipped: 7386...
Processed 10000 records, Migrated: 1790, Skipped: 8210...
Processed 11000 records, Migrated: 1983, Skipped: 9017...
Processed 12000 records, Migrated: 2190, Skipped: 9810...
Processed 13000 records, Migrated: 2416, Skipped: 10584...
Processed 14000 records, Migrated: 2626, Skipped: 11374...
Processed 15000 records, Migrated: 2857, Skipped: 12143...
Processed 16000 records, Migrated: 3123, Skipped: 12877...
Processed 17000 records, Migrated: 3361, Skipped: 13639...
Processed 18000 records, Migrated: 3601, Skipped: 14399...
Processed 19000 records, Migrated: 3856, Skipped: 15144...
Processed 20000 records, Migrated: 4108, Skipped: 15892...
Processed 21000 records, Migrated: 4348, Skipped: 16652...
Processed 22000 records, Migrated: 4528, Skipped: 17472...
Processed 23000 records, Migrated: 4768, Skipped: 18232...
Processed 24000 records, Migrated: 4984, Skipped: 19016...
Processed 25000 records, Migrated: 5159, Skipped: 19841...
Processed 26000 records, Migrated: 5380, Skipped: 20620...
Processed 27000 records, Migrated: 5577, Skipped: 21423...
Processed 28000 records, Migrated: 5812, Skipped: 22188...
Processed 29000 records, Migrated: 6028, Skipped: 22972...
Processed 30000 records, Migrated: 6244, Skipped: 23756...
Processed 31000 records, Migrated: 6472, Skipped: 24528...
Processed 32000 records, Migrated: 6700, Skipped: 25300...
Processed 33000 records, Migrated: 6832, Skipped: 26168...
Processed 34000 records, Migrated: 7050, Skipped: 26950...
Processed 35000 records, Migrated: 7288, Skipped: 27712...
Processed 36000 records, Migrated: 7480, Skipped: 28520...
Processed 37000 records, Migrated: 7712, Skipped: 29288...
Processed 38000 records, Migrated: 7912, Skipped: 30088...
Processed 39000 records, Migrated: 8101, Skipped: 30899...
Processed 40000 records, Migrated: 8338, Skipped: 31662...
Processed 41000 records, Migrated: 8548, Skipped: 32452...
Processed 42000 records, Migrated: 8728, Skipped: 33272...
Processed 43000 records, Migrated: 8920, Skipped: 34080...
Processed 44000 records, Migrated: 9148, Skipped: 34852...
Processed 45000 records, Migrated: 9352, Skipped: 35648...
Processed 46000 records, Migrated: 9592, Skipped: 36408...
Processed 47000 records, Migrated: 9844, Skipped: 37156...
Processed 48000 records, Migrated: 10072, Skipped: 37928...
Processed 49000 records, Migrated: 10216, Skipped: 38784...
Processed 50000 records, Migrated: 10432, Skipped: 39568...
Processed 51000 records, Migrated: 10675, Skipped: 40325...
Processed 52000 records, Migrated: 10903, Skipped: 41097...
Processed 53000 records, Migrated: 11131, Skipped: 41869...
Processed 54000 records, Migrated: 11347, Skipped: 42653...
Processed 55000 records, Migrated: 11575, Skipped: 43425...
Processed 56000 records, Migrated: 11755, Skipped: 44245...
Processed 57000 records, Migrated: 11971, Skipped: 45029...
Processed 58000 records, Migrated: 12235, Skipped: 45765...
Processed 59000 records, Migrated: 12403, Skipped: 46597...
Processed 60000 records, Migrated: 12559, Skipped: 47441...
Processed 61000 records, Migrated: 12799, Skipped: 48201...
Processed 62000 records, Migrated: 13039, Skipped: 48961...
Processed 63000 records, Migrated: 13231, Skipped: 49769...
Processed 64000 records, Migrated: 13423, Skipped: 50577...
Processed 65000 records, Migrated: 13567, Skipped: 51433...
Processed 66000 records, Migrated: 13795, Skipped: 52205...
Processed 67000 records, Migrated: 14005, Skipped: 52995...
Processed 68000 records, Migrated: 14232, Skipped: 53768...
Processed 69000 records, Migrated: 14407, Skipped: 54593...
Processed 70000 records, Migrated: 14647, Skipped: 55353...
Processed 71000 records, Migrated: 14899, Skipped: 56101...
Processed 72000 records, Migrated: 15127, Skipped: 56873...
Processed 73000 records, Migrated: 15403, Skipped: 57597...
Processed 74000 records, Migrated: 15595, Skipped: 58405...
Processed 75000 records, Migrated: 15790, Skipped: 59210...
Processed 76000 records, Migrated: 16022, Skipped: 59978...
Processed 77000 records, Migrated: 16255, Skipped: 60745...
Processed 78000 records, Migrated: 16483, Skipped: 61517...
Processed 79000 records, Migrated: 16699, Skipped: 62301...
Processed 80000 records, Migrated: 16915, Skipped: 63085...
Processed 81000 records, Migrated: 17179, Skipped: 63821...
Processed 82000 records, Migrated: 17395, Skipped: 64605...
Processed 83000 records, Migrated: 17563, Skipped: 65437...
Processed 84000 records, Migrated: 17788, Skipped: 66212...
Processed 85000 records, Migrated: 17995, Skipped: 67005...
Processed 86000 records, Migrated: 18235, Skipped: 67765...
Processed 87000 records, Migrated: 18427, Skipped: 68573...
Processed 88000 records, Migrated: 18643, Skipped: 69357...
Processed 89000 records, Migrated: 18811, Skipped: 70189...
Processed 90000 records, Migrated: 19003, Skipped: 70997...
Processed 91000 records, Migrated: 19195, Skipped: 71805...
Processed 92000 records, Migrated: 19375, Skipped: 72625...
Processed 93000 records, Migrated: 19531, Skipped: 73469...
Processed 94000 records, Migrated: 19735, Skipped: 74265...
Processed 95000 records, Migrated: 19735, Skipped: 75265...
Processed 96000 records, Migrated: 19735, Skipped: 76265...
Processed 97000 records, Migrated: 19735, Skipped: 77265...
Processed 98000 records, Migrated: 19891, Skipped: 78109...
Processed 99000 records, Migrated: 20100, Skipped: 78900...
Processed 100000 records, Migrated: 20311, Skipped: 79689...
Processed 101000 records, Migrated: 20496, Skipped: 80504...
Processed 102000 records, Migrated: 20723, Skipped: 81277...
Processed 103000 records, Migrated: 20903, Skipped: 82097...
Processed 104000 records, Migrated: 21119, Skipped: 82881...
Processed 105000 records, Migrated: 21337, Skipped: 83663...
Processed 106000 records, Migrated: 21515, Skipped: 84485...
Processed 107000 records, Migrated: 21671, Skipped: 85329...
Processed 108000 records, Migrated: 21899, Skipped: 86101...
Processed 109000 records, Migrated: 22103, Skipped: 86897...
Processed 110000 records, Migrated: 22271, Skipped: 87729...
Processed 111000 records, Migrated: 22379, Skipped: 88621...
Processed 112000 records, Migrated: 22547, Skipped: 89453...
Processed 113000 records, Migrated: 22727, Skipped: 90273...
Processed 114000 records, Migrated: 22907, Skipped: 91093...
Processed 115000 records, Migrated: 23063, Skipped: 91937...
Processed 116000 records, Migrated: 23267, Skipped: 92733...
Processed 117000 records, Migrated: 23447, Skipped: 93553...
Processed 118000 records, Migrated: 23567, Skipped: 94433...
Processed 119000 records, Migrated: 23714, Skipped: 95286...
Processed 120000 records, Migrated: 23855, Skipped: 96145...
Processed 121000 records, Migrated: 24011, Skipped: 96989...
Processed 122000 records, Migrated: 24167, Skipped: 97833...
Processed 122885 records, Migrated: 24359, Skipped: 98526...
Completed processing shard. Total: 122885, Migrated: 24359, Skipped: 98526
Processing shard #4...
Fetching settings that need to be migrated...
Processed 1000 records, Migrated: 153, Skipped: 847...
Processed 2000 records, Migrated: 297, Skipped: 1703...
Processed 3000 records, Migrated: 465, Skipped: 2535...
Processed 4000 records, Migrated: 690, Skipped: 3310...
Processed 5000 records, Migrated: 906, Skipped: 4094...
Processed 6000 records, Migrated: 1104, Skipped: 4896...
Processed 7000 records, Migrated: 1293, Skipped: 5707...
Processed 8000 records, Migrated: 1509, Skipped: 6491...
Processed 9000 records, Migrated: 1705, Skipped: 7295...
Processed 10000 records, Migrated: 1930, Skipped: 8070...
Processed 11000 records, Migrated: 2119, Skipped: 8881...
Processed 12000 records, Migrated: 2315, Skipped: 9685...
Processed 13000 records, Migrated: 2504, Skipped: 10496...
Processed 14000 records, Migrated: 2726, Skipped: 11274...
Processed 15000 records, Migrated: 2984, Skipped: 12016...
Processed 16000 records, Migrated: 3261, Skipped: 12739...
Processed 17000 records, Migrated: 3513, Skipped: 13487...
Processed 18000 records, Migrated: 3747, Skipped: 14253...
Processed 19000 records, Migrated: 3978, Skipped: 15022...
Processed 20000 records, Migrated: 4212, Skipped: 15788...
Processed 21000 records, Migrated: 4440, Skipped: 16560...
Processed 22000 records, Migrated: 4668, Skipped: 17332...
Processed 23000 records, Migrated: 4880, Skipped: 18120...
Processed 24000 records, Migrated: 5034, Skipped: 18966...
Processed 25000 records, Migrated: 5242, Skipped: 19758...
Processed 26000 records, Migrated: 5472, Skipped: 20528...
Processed 27000 records, Migrated: 5663, Skipped: 21337...
Processed 28000 records, Migrated: 5939, Skipped: 22061...
Processed 29000 records, Migrated: 6155, Skipped: 22845...
Processed 30000 records, Migrated: 6407, Skipped: 23593...
Processed 31000 records, Migrated: 6635, Skipped: 24365...
Processed 32000 records, Migrated: 6887, Skipped: 25113...
Processed 33000 records, Migrated: 7007, Skipped: 25993...
Processed 34000 records, Migrated: 7205, Skipped: 26795...
Processed 35000 records, Migrated: 7417, Skipped: 27583...
Processed 36000 records, Migrated: 7652, Skipped: 28348...
Processed 37000 records, Migrated: 7844, Skipped: 29156...
Processed 38000 records, Migrated: 8060, Skipped: 29940...
Processed 39000 records, Migrated: 8192, Skipped: 30808...
Processed 40000 records, Migrated: 8396, Skipped: 31604...
Processed 41000 records, Migrated: 8621, Skipped: 32379...
Processed 42000 records, Migrated: 8897, Skipped: 33103...
Processed 43000 records, Migrated: 9096, Skipped: 33904...
Processed 44000 records, Migrated: 9329, Skipped: 34671...
Processed 45000 records, Migrated: 9533, Skipped: 35467...
Processed 46000 records, Migrated: 9785, Skipped: 36215...
Processed 47000 records, Migrated: 10025, Skipped: 36975...
Processed 48000 records, Migrated: 10217, Skipped: 37783...
Processed 49000 records, Migrated: 10397, Skipped: 38603...
Processed 50000 records, Migrated: 10613, Skipped: 39387...
Processed 51000 records, Migrated: 10817, Skipped: 40183...
Processed 52000 records, Migrated: 11024, Skipped: 40976...
Processed 53000 records, Migrated: 11264, Skipped: 41736...
Processed 54000 records, Migrated: 11432, Skipped: 42568...
Processed 55000 records, Migrated: 11660, Skipped: 43340...
Processed 56000 records, Migrated: 11852, Skipped: 44148...
Processed 57000 records, Migrated: 12044, Skipped: 44956...
Processed 58000 records, Migrated: 12296, Skipped: 45704...
Processed 59000 records, Migrated: 12488, Skipped: 46512...
Processed 60000 records, Migrated: 12709, Skipped: 47291...
Processed 61000 records, Migrated: 12932, Skipped: 48068...
Processed 62000 records, Migrated: 13148, Skipped: 48852...
Processed 63000 records, Migrated: 13352, Skipped: 49648...
Processed 64000 records, Migrated: 13580, Skipped: 50420...
Processed 65000 records, Migrated: 13760, Skipped: 51240...
Processed 66000 records, Migrated: 13952, Skipped: 52048...
Processed 67000 records, Migrated: 14169, Skipped: 52831...
Processed 68000 records, Migrated: 14399, Skipped: 53601...
Processed 69000 records, Migrated: 14612, Skipped: 54388...
Processed 70000 records, Migrated: 14860, Skipped: 55140...
Processed 71000 records, Migrated: 15134, Skipped: 55866...
Processed 72000 records, Migrated: 15356, Skipped: 56644...
Processed 73000 records, Migrated: 15526, Skipped: 57474...
Processed 74000 records, Migrated: 15731, Skipped: 58269...
Processed 75000 records, Migrated: 15923, Skipped: 59077...
Processed 76000 records, Migrated: 16091, Skipped: 59909...
Processed 77000 records, Migrated: 16319, Skipped: 60681...
Processed 78000 records, Migrated: 16547, Skipped: 61453...
Processed 79000 records, Migrated: 16763, Skipped: 62237...
Processed 80000 records, Migrated: 16955, Skipped: 63045...
Processed 81000 records, Migrated: 17123, Skipped: 63877...
Processed 82000 records, Migrated: 17363, Skipped: 64637...
Processed 83000 records, Migrated: 17567, Skipped: 65433...
Processed 84000 records, Migrated: 17747, Skipped: 66253...
Processed 85000 records, Migrated: 17951, Skipped: 67049...
Processed 86000 records, Migrated: 18095, Skipped: 67905...
Processed 87000 records, Migrated: 18323, Skipped: 68677...
Processed 88000 records, Migrated: 18515, Skipped: 69485...
Processed 89000 records, Migrated: 18698, Skipped: 70302...
Processed 90000 records, Migrated: 18914, Skipped: 71086...
Processed 91000 records, Migrated: 19094, Skipped: 71906...
Processed 92000 records, Migrated: 19298, Skipped: 72702...
Processed 93000 records, Migrated: 19514, Skipped: 73486...
Processed 94000 records, Migrated: 19694, Skipped: 74306...
Processed 95000 records, Migrated: 19694, Skipped: 75306...
Processed 96000 records, Migrated: 19694, Skipped: 76306...
Processed 97000 records, Migrated: 19694, Skipped: 77306...
Processed 98000 records, Migrated: 19838, Skipped: 78162...
Processed 99000 records, Migrated: 20006, Skipped: 78994...
Processed 100000 records, Migrated: 20198, Skipped: 79802...
Processed 101000 records, Migrated: 20426, Skipped: 80574...
Processed 102000 records, Migrated: 20642, Skipped: 81358...
Processed 103000 records, Migrated: 20834, Skipped: 82166...
Processed 104000 records, Migrated: 21050, Skipped: 82950...
Processed 105000 records, Migrated: 21278, Skipped: 83722...
Processed 106000 records, Migrated: 21520, Skipped: 84480...
Processed 107000 records, Migrated: 21746, Skipped: 85254...
Processed 108000 records, Migrated: 21950, Skipped: 86050...
Processed 109000 records, Migrated: 22154, Skipped: 86846...
Processed 110000 records, Migrated: 22358, Skipped: 87642...
Processed 111000 records, Migrated: 22562, Skipped: 88438...
Processed 112000 records, Migrated: 22746, Skipped: 89254...
Processed 113000 records, Migrated: 22898, Skipped: 90102...
Processed 114000 records, Migrated: 23060, Skipped: 90940...
Processed 115000 records, Migrated: 23246, Skipped: 91754...
Processed 116000 records, Migrated: 23402, Skipped: 92598...
Processed 117000 records, Migrated: 23582, Skipped: 93418...
Processed 118000 records, Migrated: 23714, Skipped: 94286...
Processed 119000 records, Migrated: 23846, Skipped: 95154...
Processed 120000 records, Migrated: 24038, Skipped: 95962...
Processed 121000 records, Migrated: 24266, Skipped: 96734...
Processed 122000 records, Migrated: 24482, Skipped: 97518...
Processed 123000 records, Migrated: 24650, Skipped: 98350...
Processed 123558 records, Migrated: 24746, Skipped: 98812...
Completed processing shard. Total: 123558, Migrated: 24746, Skipped: 98812
Processing shard #5...
Fetching settings that need to be migrated...
Processed 1000 records, Migrated: 168, Skipped: 832...
Processed 2000 records, Migrated: 364, Skipped: 1636...
Processed 3000 records, Migrated: 548, Skipped: 2452...
Processed 4000 records, Migrated: 753, Skipped: 3247...
Processed 5000 records, Migrated: 942, Skipped: 4058...
Processed 6000 records, Migrated: 1149, Skipped: 4851...
Processed 7000 records, Migrated: 1365, Skipped: 5635...
Processed 8000 records, Migrated: 1571, Skipped: 6429...
Processed 9000 records, Migrated: 1760, Skipped: 7240...
Processed 10000 records, Migrated: 1904, Skipped: 8096...
Processed 11000 records, Migrated: 2129, Skipped: 8871...
Processed 12000 records, Migrated: 2312, Skipped: 9688...
Processed 13000 records, Migrated: 2498, Skipped: 10502...
Processed 14000 records, Migrated: 2690, Skipped: 11310...
Processed 15000 records, Migrated: 2990, Skipped: 12010...
Processed 16000 records, Migrated: 3213, Skipped: 12787...
Processed 17000 records, Migrated: 3444, Skipped: 13556...
Processed 18000 records, Migrated: 3660, Skipped: 14340...
Processed 19000 records, Migrated: 3917, Skipped: 15083...
Processed 20000 records, Migrated: 4152, Skipped: 15848...
Processed 21000 records, Migrated: 4404, Skipped: 16596...
Processed 22000 records, Migrated: 4665, Skipped: 17335...
Processed 23000 records, Migrated: 4884, Skipped: 18116...
Processed 24000 records, Migrated: 5112, Skipped: 18888...
Processed 25000 records, Migrated: 5352, Skipped: 19648...
Processed 26000 records, Migrated: 5599, Skipped: 20401...
Processed 27000 records, Migrated: 5825, Skipped: 21175...
Processed 28000 records, Migrated: 6048, Skipped: 21952...
Processed 29000 records, Migrated: 6225, Skipped: 22775...
Processed 30000 records, Migrated: 6405, Skipped: 23595...
Processed 31000 records, Migrated: 6633, Skipped: 24367...
Processed 32000 records, Migrated: 6837, Skipped: 25163...
Processed 33000 records, Migrated: 6981, Skipped: 26019...
Processed 34000 records, Migrated: 7209, Skipped: 26791...
Processed 35000 records, Migrated: 7425, Skipped: 27575...
Processed 36000 records, Migrated: 7593, Skipped: 28407...
Processed 37000 records, Migrated: 7833, Skipped: 29167...
Processed 38000 records, Migrated: 8025, Skipped: 29975...
Processed 39000 records, Migrated: 8220, Skipped: 30780...
Processed 40000 records, Migrated: 8448, Skipped: 31552...
Processed 41000 records, Migrated: 8678, Skipped: 32322...
Processed 42000 records, Migrated: 8856, Skipped: 33144...
Processed 43000 records, Migrated: 9084, Skipped: 33916...
Processed 44000 records, Migrated: 9288, Skipped: 34712...
Processed 45000 records, Migrated: 9483, Skipped: 35517...
Processed 46000 records, Migrated: 9732, Skipped: 36268...
Processed 47000 records, Migrated: 9987, Skipped: 37013...
Processed 48000 records, Migrated: 10258, Skipped: 37742...
Processed 49000 records, Migrated: 10486, Skipped: 38514...
Processed 50000 records, Migrated: 10728, Skipped: 39272...
Processed 51000 records, Migrated: 10944, Skipped: 40056...
Processed 52000 records, Migrated: 11172, Skipped: 40828...
Processed 53000 records, Migrated: 11412, Skipped: 41588...
Processed 54000 records, Migrated: 11629, Skipped: 42371...
Processed 55000 records, Migrated: 11856, Skipped: 43144...
Processed 56000 records, Migrated: 12072, Skipped: 43928...
Processed 57000 records, Migrated: 12316, Skipped: 44684...
Processed 58000 records, Migrated: 12516, Skipped: 45484...
Processed 59000 records, Migrated: 12708, Skipped: 46292...
Processed 60000 records, Migrated: 12876, Skipped: 47124...
Processed 61000 records, Migrated: 13116, Skipped: 47884...
Processed 62000 records, Migrated: 13308, Skipped: 48692...
Processed 63000 records, Migrated: 13512, Skipped: 49488...
Processed 64000 records, Migrated: 13716, Skipped: 50284...
Processed 65000 records, Migrated: 13920, Skipped: 51080...
Processed 66000 records, Migrated: 14160, Skipped: 51840...
Processed 67000 records, Migrated: 14376, Skipped: 52624...
Processed 68000 records, Migrated: 14556, Skipped: 53444...
Processed 69000 records, Migrated: 14740, Skipped: 54260...
Processed 70000 records, Migrated: 14946, Skipped: 55054...
Processed 71000 records, Migrated: 15156, Skipped: 55844...
Processed 72000 records, Migrated: 15348, Skipped: 56652...
Processed 73000 records, Migrated: 15564, Skipped: 57436...
Processed 74000 records, Migrated: 15756, Skipped: 58244...
Processed 75000 records, Migrated: 15912, Skipped: 59088...
Processed 76000 records, Migrated: 16116, Skipped: 59884...
Processed 77000 records, Migrated: 16308, Skipped: 60692...
Processed 78000 records, Migrated: 16536, Skipped: 61464...
Processed 79000 records, Migrated: 16764, Skipped: 62236...
Processed 80000 records, Migrated: 17043, Skipped: 62957...
Processed 81000 records, Migrated: 17280, Skipped: 63720...
Processed 82000 records, Migrated: 17508, Skipped: 64492...
Processed 83000 records, Migrated: 17736, Skipped: 65264...
Processed 84000 records, Migrated: 17964, Skipped: 66036...
Processed 85000 records, Migrated: 18135, Skipped: 66865...
Processed 86000 records, Migrated: 18336, Skipped: 67664...
Processed 87000 records, Migrated: 18576, Skipped: 68424...
Processed 88000 records, Migrated: 18756, Skipped: 69244...
Processed 89000 records, Migrated: 18948, Skipped: 70052...
Processed 90000 records, Migrated: 19157, Skipped: 70843...
Processed 91000 records, Migrated: 19356, Skipped: 71644...
Processed 92000 records, Migrated: 19548, Skipped: 72452...
Processed 93000 records, Migrated: 19764, Skipped: 73236...
Processed 94000 records, Migrated: 19971, Skipped: 74029...
Processed 95000 records, Migrated: 20124, Skipped: 74876...
Processed 96000 records, Migrated: 20124, Skipped: 75876...
Processed 97000 records, Migrated: 20124, Skipped: 76876...
Processed 98000 records, Migrated: 20124, Skipped: 77876...
Processed 99000 records, Migrated: 20232, Skipped: 78768...
Processed 100000 records, Migrated: 20400, Skipped: 79600...
Processed 101000 records, Migrated: 20580, Skipped: 80420...
Processed 102000 records, Migrated: 20807, Skipped: 81193...
Processed 103000 records, Migrated: 20976, Skipped: 82024...
Processed 104000 records, Migrated: 21160, Skipped: 82840...
Processed 105000 records, Migrated: 21324, Skipped: 83676...
Processed 106000 records, Migrated: 21504, Skipped: 84496...
Processed 107000 records, Migrated: 21660, Skipped: 85340...
Processed 108000 records, Migrated: 21860, Skipped: 86140...
Processed 109000 records, Migrated: 22056, Skipped: 86944...
Processed 110000 records, Migrated: 22260, Skipped: 87740...
Processed 111000 records, Migrated: 22452, Skipped: 88548...
Processed 112000 records, Migrated: 22664, Skipped: 89336...
Processed 113000 records, Migrated: 22896, Skipped: 90104...
Processed 114000 records, Migrated: 23064, Skipped: 90936...
Processed 115000 records, Migrated: 23244, Skipped: 91756...
Processed 116000 records, Migrated: 23472, Skipped: 92528...
Processed 117000 records, Migrated: 23652, Skipped: 93348...
Processed 118000 records, Migrated: 23844, Skipped: 94156...
Processed 119000 records, Migrated: 24012, Skipped: 94988...
Processed 120000 records, Migrated: 24180, Skipped: 95820...
Processed 121000 records, Migrated: 24360, Skipped: 96640...
Processed 122000 records, Migrated: 24528, Skipped: 97472...
Processed 123000 records, Migrated: 24708, Skipped: 98292...
Processed 124000 records, Migrated: 24864, Skipped: 99136...
Processed 124596 records, Migrated: 25005, Skipped: 99591...
Completed processing shard. Total: 124596, Migrated: 25005, Skipped: 99591
Processing shard #6...
Fetching settings that need to be migrated...
Processed 1000 records, Migrated: 153, Skipped: 847...
Processed 2000 records, Migrated: 306, Skipped: 1694...
Processed 3000 records, Migrated: 495, Skipped: 2505...
Processed 4000 records, Migrated: 702, Skipped: 3298...
Processed 5000 records, Migrated: 891, Skipped: 4109...
Processed 6000 records, Migrated: 1071, Skipped: 4929...
Processed 7000 records, Migrated: 1254, Skipped: 5746...
Processed 8000 records, Migrated: 1452, Skipped: 6548...
Processed 9000 records, Migrated: 1686, Skipped: 7314...
Processed 10000 records, Migrated: 1881, Skipped: 8119...
Processed 11000 records, Migrated: 2052, Skipped: 8948...
Processed 12000 records, Migrated: 2225, Skipped: 9775...
Processed 13000 records, Migrated: 2443, Skipped: 10557...
Processed 14000 records, Migrated: 2663, Skipped: 11337...
Processed 15000 records, Migrated: 2904, Skipped: 12096...
Processed 16000 records, Migrated: 3154, Skipped: 12846...
Processed 17000 records, Migrated: 3406, Skipped: 13594...
Processed 18000 records, Migrated: 3672, Skipped: 14328...
Processed 19000 records, Migrated: 3954, Skipped: 15046...
Processed 20000 records, Migrated: 4191, Skipped: 15809...
Processed 21000 records, Migrated: 4449, Skipped: 16551...
Processed 22000 records, Migrated: 4665, Skipped: 17335...
Processed 23000 records, Migrated: 4881, Skipped: 18119...
Processed 24000 records, Migrated: 5101, Skipped: 18899...
Processed 25000 records, Migrated: 5323, Skipped: 19677...
Processed 26000 records, Migrated: 5515, Skipped: 20485...
Processed 27000 records, Migrated: 5773, Skipped: 21227...
Processed 28000 records, Migrated: 5989, Skipped: 22011...
Processed 29000 records, Migrated: 6186, Skipped: 22814...
Processed 30000 records, Migrated: 6412, Skipped: 23588...
Processed 31000 records, Migrated: 6601, Skipped: 24399...
Processed 32000 records, Migrated: 6798, Skipped: 25202...
Processed 33000 records, Migrated: 6949, Skipped: 26051...
Processed 34000 records, Migrated: 7135, Skipped: 26865...
Processed 35000 records, Migrated: 7328, Skipped: 27672...
Processed 36000 records, Migrated: 7577, Skipped: 28423...
Processed 37000 records, Migrated: 7783, Skipped: 29217...
Processed 38000 records, Migrated: 8011, Skipped: 29989...
Processed 39000 records, Migrated: 8251, Skipped: 30749...
Processed 40000 records, Migrated: 8431, Skipped: 31569...
Processed 41000 records, Migrated: 8659, Skipped: 32341...
Processed 42000 records, Migrated: 8887, Skipped: 33113...
Processed 43000 records, Migrated: 9127, Skipped: 33873...
Processed 44000 records, Migrated: 9355, Skipped: 34645...
Processed 45000 records, Migrated: 9635, Skipped: 35365...
Processed 46000 records, Migrated: 9907, Skipped: 36093...
Processed 47000 records, Migrated: 10183, Skipped: 36817...
Processed 48000 records, Migrated: 10342, Skipped: 37658...
Processed 49000 records, Migrated: 10582, Skipped: 38418...
Processed 50000 records, Migrated: 10798, Skipped: 39202...
Processed 51000 records, Migrated: 11026, Skipped: 39974...
Processed 52000 records, Migrated: 11194, Skipped: 40806...
Processed 53000 records, Migrated: 11374, Skipped: 41626...
Processed 54000 records, Migrated: 11602, Skipped: 42398...
Processed 55000 records, Migrated: 11794, Skipped: 43206...
Processed 56000 records, Migrated: 11974, Skipped: 44026...
Processed 57000 records, Migrated: 12128, Skipped: 44872...
Processed 58000 records, Migrated: 12358, Skipped: 45642...
Processed 59000 records, Migrated: 12574, Skipped: 46426...
Processed 60000 records, Migrated: 12754, Skipped: 47246...
Processed 61000 records, Migrated: 12994, Skipped: 48006...
Processed 62000 records, Migrated: 13162, Skipped: 48838...
Processed 63000 records, Migrated: 13399, Skipped: 49601...
Processed 64000 records, Migrated: 13618, Skipped: 50382...
Processed 65000 records, Migrated: 13810, Skipped: 51190...
Processed 66000 records, Migrated: 14026, Skipped: 51974...
Processed 67000 records, Migrated: 14240, Skipped: 52760...
Processed 68000 records, Migrated: 14410, Skipped: 53590...
Processed 69000 records, Migrated: 14614, Skipped: 54386...
Processed 70000 records, Migrated: 14842, Skipped: 55158...
Processed 71000 records, Migrated: 15076, Skipped: 55924...
Processed 72000 records, Migrated: 15322, Skipped: 56678...
Processed 73000 records, Migrated: 15574, Skipped: 57426...
Processed 74000 records, Migrated: 15794, Skipped: 58206...
Processed 75000 records, Migrated: 15958, Skipped: 59042...
Processed 76000 records, Migrated: 16143, Skipped: 59857...
Processed 77000 records, Migrated: 16366, Skipped: 60634...
Processed 78000 records, Migrated: 16606, Skipped: 61394...
Processed 79000 records, Migrated: 16838, Skipped: 62162...
Processed 80000 records, Migrated: 17074, Skipped: 62926...
Processed 81000 records, Migrated: 17338, Skipped: 63662...
Processed 82000 records, Migrated: 17560, Skipped: 64440...
Processed 83000 records, Migrated: 17782, Skipped: 65218...
Processed 84000 records, Migrated: 17962, Skipped: 66038...
Processed 85000 records, Migrated: 18130, Skipped: 66870...
Processed 86000 records, Migrated: 18393, Skipped: 67607...
Processed 87000 records, Migrated: 18634, Skipped: 68366...
Processed 88000 records, Migrated: 18838, Skipped: 69162...
Processed 89000 records, Migrated: 18997, Skipped: 70003...
Processed 90000 records, Migrated: 19213, Skipped: 70787...
Processed 91000 records, Migrated: 19441, Skipped: 71559...
Processed 92000 records, Migrated: 19597, Skipped: 72403...
Processed 93000 records, Migrated: 19801, Skipped: 73199...
Processed 94000 records, Migrated: 19981, Skipped: 74019...
Processed 95000 records, Migrated: 20041, Skipped: 74959...
Processed 96000 records, Migrated: 20041, Skipped: 75959...
Processed 97000 records, Migrated: 20041, Skipped: 76959...
Processed 98000 records, Migrated: 20089, Skipped: 77911...
Processed 99000 records, Migrated: 20281, Skipped: 78719...
Processed 100000 records, Migrated: 20497, Skipped: 79503...
Processed 101000 records, Migrated: 20689, Skipped: 80311...
Processed 102000 records, Migrated: 20869, Skipped: 81131...
Processed 103000 records, Migrated: 21061, Skipped: 81939...
Processed 104000 records, Migrated: 21241, Skipped: 82759...
Processed 105000 records, Migrated: 21499, Skipped: 83501...
Processed 106000 records, Migrated: 21697, Skipped: 84303...
Processed 107000 records, Migrated: 21865, Skipped: 85135...
Processed 108000 records, Migrated: 22087, Skipped: 85913...
Processed 109000 records, Migrated: 22297, Skipped: 86703...
Processed 110000 records, Migrated: 22477, Skipped: 87523...
Processed 111000 records, Migrated: 22621, Skipped: 88379...
Processed 112000 records, Migrated: 22801, Skipped: 89199...
Processed 113000 records, Migrated: 22993, Skipped: 90007...
Processed 114000 records, Migrated: 23173, Skipped: 90827...
Processed 115000 records, Migrated: 23305, Skipped: 91695...
Processed 116000 records, Migrated: 23473, Skipped: 92527...
Processed 117000 records, Migrated: 23713, Skipped: 93287...
Processed 118000 records, Migrated: 23871, Skipped: 94129...
Processed 119000 records, Migrated: 24061, Skipped: 94939...
Processed 120000 records, Migrated: 24254, Skipped: 95746...
Processed 121000 records, Migrated: 24409, Skipped: 96591...
Processed 122000 records, Migrated: 24530, Skipped: 97470...
Processed 123000 records, Migrated: 24726, Skipped: 98274...
Processed 123755 records, Migrated: 24840, Skipped: 98915...
Completed processing shard. Total: 123755, Migrated: 24840, Skipped: 98915
Processing shard #7...
Fetching settings that need to be migrated...
Processed 1000 records, Migrated: 130, Skipped: 870...
Processed 2000 records, Migrated: 292, Skipped: 1708...
Processed 3000 records, Migrated: 517, Skipped: 2483...
Processed 4000 records, Migrated: 706, Skipped: 3294...
Processed 5000 records, Migrated: 886, Skipped: 4114...
Processed 6000 records, Migrated: 1073, Skipped: 4927...
Processed 7000 records, Migrated: 1241, Skipped: 5759...
Processed 8000 records, Migrated: 1466, Skipped: 6534...
Processed 9000 records, Migrated: 1619, Skipped: 7381...
Processed 10000 records, Migrated: 1835, Skipped: 8165...
Processed 11000 records, Migrated: 2024, Skipped: 8976...
Processed 12000 records, Migrated: 2227, Skipped: 9773...
Processed 13000 records, Migrated: 2465, Skipped: 10535...
Processed 14000 records, Migrated: 2697, Skipped: 11303...
Processed 15000 records, Migrated: 2922, Skipped: 12078...
Processed 16000 records, Migrated: 3173, Skipped: 12827...
Processed 17000 records, Migrated: 3412, Skipped: 13588...
Processed 18000 records, Migrated: 3677, Skipped: 14323...
Processed 19000 records, Migrated: 3950, Skipped: 15050...
Processed 20000 records, Migrated: 4166, Skipped: 15834...
Processed 21000 records, Migrated: 4469, Skipped: 16531...
Processed 22000 records, Migrated: 4733, Skipped: 17267...
Processed 23000 records, Migrated: 4961, Skipped: 18039...
Processed 24000 records, Migrated: 5215, Skipped: 18785...
Processed 25000 records, Migrated: 5453, Skipped: 19547...
Processed 26000 records, Migrated: 5717, Skipped: 20283...
Processed 27000 records, Migrated: 5955, Skipped: 21045...
Processed 28000 records, Migrated: 6159, Skipped: 21841...
Processed 29000 records, Migrated: 6387, Skipped: 22613...
Processed 30000 records, Migrated: 6598, Skipped: 23402...
Processed 31000 records, Migrated: 6807, Skipped: 24193...
Processed 32000 records, Migrated: 7011, Skipped: 24989...
Processed 33000 records, Migrated: 7169, Skipped: 25831...
Processed 34000 records, Migrated: 7347, Skipped: 26653...
Processed 35000 records, Migrated: 7575, Skipped: 27425...
Processed 36000 records, Migrated: 7815, Skipped: 28185...
Processed 37000 records, Migrated: 8007, Skipped: 28993...
Processed 38000 records, Migrated: 8259, Skipped: 29741...
Processed 39000 records, Migrated: 8500, Skipped: 30500...
Processed 40000 records, Migrated: 8751, Skipped: 31249...
Processed 41000 records, Migrated: 8967, Skipped: 32033...
Processed 42000 records, Migrated: 9207, Skipped: 32793...
Processed 43000 records, Migrated: 9387, Skipped: 33613...
Processed 44000 records, Migrated: 9606, Skipped: 34394...
Processed 45000 records, Migrated: 9834, Skipped: 35166...
Processed 46000 records, Migrated: 10086, Skipped: 35914...
Processed 47000 records, Migrated: 10302, Skipped: 36698...
Processed 48000 records, Migrated: 10542, Skipped: 37458...
Processed 49000 records, Migrated: 10722, Skipped: 38278...
Processed 50000 records, Migrated: 10945, Skipped: 39055...
Processed 51000 records, Migrated: 11178, Skipped: 39822...
Processed 52000 records, Migrated: 11382, Skipped: 40618...
Processed 53000 records, Migrated: 11622, Skipped: 41378...
Processed 54000 records, Migrated: 11876, Skipped: 42124...
Processed 55000 records, Migrated: 12126, Skipped: 42874...
Processed 56000 records, Migrated: 12300, Skipped: 43700...
Processed 57000 records, Migrated: 12486, Skipped: 44514...
Processed 58000 records, Migrated: 12690, Skipped: 45310...
Processed 59000 records, Migrated: 12877, Skipped: 46123...
Processed 60000 records, Migrated: 13101, Skipped: 46899...
Processed 61000 records, Migrated: 13293, Skipped: 47707...
Processed 62000 records, Migrated: 13509, Skipped: 48491...
Processed 63000 records, Migrated: 13689, Skipped: 49311...
Processed 64000 records, Migrated: 13881, Skipped: 50119...
Processed 65000 records, Migrated: 14049, Skipped: 50951...
Processed 66000 records, Migrated: 14229, Skipped: 51771...
Processed 67000 records, Migrated: 14460, Skipped: 52540...
Processed 68000 records, Migrated: 14673, Skipped: 53327...
Processed 69000 records, Migrated: 14872, Skipped: 54128...
Processed 70000 records, Migrated: 15091, Skipped: 54909...
Processed 71000 records, Migrated: 15293, Skipped: 55707...
Processed 72000 records, Migrated: 15537, Skipped: 56463...
Processed 73000 records, Migrated: 15729, Skipped: 57271...
Processed 74000 records, Migrated: 15921, Skipped: 58079...
Processed 75000 records, Migrated: 16137, Skipped: 58863...
Processed 76000 records, Migrated: 16390, Skipped: 59610...
Processed 77000 records, Migrated: 16569, Skipped: 60431...
Processed 78000 records, Migrated: 16837, Skipped: 61163...
Processed 79000 records, Migrated: 17088, Skipped: 61912...
Processed 80000 records, Migrated: 17292, Skipped: 62708...
Processed 81000 records, Migrated: 17534, Skipped: 63466...
Processed 82000 records, Migrated: 17772, Skipped: 64228...
Processed 83000 records, Migrated: 17988, Skipped: 65012...
Processed 84000 records, Migrated: 18132, Skipped: 65868...
Processed 85000 records, Migrated: 18276, Skipped: 66724...
Processed 86000 records, Migrated: 18423, Skipped: 67577...
Processed 87000 records, Migrated: 18651, Skipped: 68349...
Processed 88000 records, Migrated: 18903, Skipped: 69097...
Processed 89000 records, Migrated: 19107, Skipped: 69893...
Processed 90000 records, Migrated: 19335, Skipped: 70665...
Processed 91000 records, Migrated: 19563, Skipped: 71437...
Processed 92000 records, Migrated: 19743, Skipped: 72257...
Processed 93000 records, Migrated: 19935, Skipped: 73065...
Processed 94000 records, Migrated: 20127, Skipped: 73873...
Processed 95000 records, Migrated: 20283, Skipped: 74717...
Processed 96000 records, Migrated: 20283, Skipped: 75717...
Processed 97000 records, Migrated: 20283, Skipped: 76717...
Processed 98000 records, Migrated: 20283, Skipped: 77717...
Processed 99000 records, Migrated: 20427, Skipped: 78573...
Processed 100000 records, Migrated: 20619, Skipped: 79381...
Processed 101000 records, Migrated: 20835, Skipped: 80165...
Processed 102000 records, Migrated: 21015, Skipped: 80985...
Processed 103000 records, Migrated: 21195, Skipped: 81805...
Processed 104000 records, Migrated: 21363, Skipped: 82637...
Processed 105000 records, Migrated: 21591, Skipped: 83409...
Processed 106000 records, Migrated: 21783, Skipped: 84217...
Processed 107000 records, Migrated: 21927, Skipped: 85073...
Processed 108000 records, Migrated: 22097, Skipped: 85903...
Processed 109000 records, Migrated: 22347, Skipped: 86653...
Processed 110000 records, Migrated: 22575, Skipped: 87425...
Processed 111000 records, Migrated: 22719, Skipped: 88281...
Processed 112000 records, Migrated: 22899, Skipped: 89101...
Processed 113000 records, Migrated: 23079, Skipped: 89921...
Processed 114000 records, Migrated: 23223, Skipped: 90777...
Processed 115000 records, Migrated: 23403, Skipped: 91597...
Processed 116000 records, Migrated: 23595, Skipped: 92405...
Processed 117000 records, Migrated: 23703, Skipped: 93297...
Processed 118000 records, Migrated: 23907, Skipped: 94093...
Processed 119000 records, Migrated: 24099, Skipped: 94901...
Processed 120000 records, Migrated: 24278, Skipped: 95722...
Processed 121000 records, Migrated: 24447, Skipped: 96553...
Processed 122000 records, Migrated: 24591, Skipped: 97409...
Processed 123000 records, Migrated: 24771, Skipped: 98229...
Processed 124000 records, Migrated: 24975, Skipped: 99025...
Processed 124060 records, Migrated: 24983, Skipped: 99077...
Completed processing shard. Total: 124060, Migrated: 24983, Skipped: 99077
Processing shard #8...
Fetching settings that need to be migrated...
Processed 1000 records, Migrated: 126, Skipped: 874...
Processed 2000 records, Migrated: 304, Skipped: 1696...
Processed 3000 records, Migrated: 487, Skipped: 2513...
Processed 4000 records, Migrated: 649, Skipped: 3351...
Processed 5000 records, Migrated: 874, Skipped: 4126...
Processed 6000 records, Migrated: 1054, Skipped: 4946...
Processed 7000 records, Migrated: 1225, Skipped: 5775...
Processed 8000 records, Migrated: 1423, Skipped: 6577...
Processed 9000 records, Migrated: 1621, Skipped: 7379...
Processed 10000 records, Migrated: 1837, Skipped: 8163...
Processed 11000 records, Migrated: 2029, Skipped: 8971...
Processed 12000 records, Migrated: 2218, Skipped: 9782...
Processed 13000 records, Migrated: 2434, Skipped: 10566...
Processed 14000 records, Migrated: 2605, Skipped: 11395...
Processed 15000 records, Migrated: 2871, Skipped: 12129...
Processed 16000 records, Migrated: 3111, Skipped: 12889...
Processed 17000 records, Migrated: 3365, Skipped: 13635...
Processed 18000 records, Migrated: 3591, Skipped: 14409...
Processed 19000 records, Migrated: 3855, Skipped: 15145...
Processed 20000 records, Migrated: 4119, Skipped: 15881...
Processed 21000 records, Migrated: 4323, Skipped: 16677...
Processed 22000 records, Migrated: 4599, Skipped: 17401...
Processed 23000 records, Migrated: 4791, Skipped: 18209...
Processed 24000 records, Migrated: 5043, Skipped: 18957...
Processed 25000 records, Migrated: 5236, Skipped: 19764...
Processed 26000 records, Migrated: 5412, Skipped: 20588...
Processed 27000 records, Migrated: 5610, Skipped: 21390...
Processed 28000 records, Migrated: 5794, Skipped: 22206...
Processed 29000 records, Migrated: 6010, Skipped: 22990...
Processed 30000 records, Migrated: 6258, Skipped: 23742...
Processed 31000 records, Migrated: 6401, Skipped: 24599...
Processed 32000 records, Migrated: 6633, Skipped: 25367...
Processed 33000 records, Migrated: 6780, Skipped: 26220...
Processed 34000 records, Migrated: 6993, Skipped: 27007...
Processed 35000 records, Migrated: 7161, Skipped: 27839...
Processed 36000 records, Migrated: 7353, Skipped: 28647...
Processed 37000 records, Migrated: 7593, Skipped: 29407...
Processed 38000 records, Migrated: 7825, Skipped: 30175...
Processed 39000 records, Migrated: 8073, Skipped: 30927...
Processed 40000 records, Migrated: 8325, Skipped: 31675...
Processed 41000 records, Migrated: 8517, Skipped: 32483...
Processed 42000 records, Migrated: 8733, Skipped: 33267...
Processed 43000 records, Migrated: 8949, Skipped: 34051...
Processed 44000 records, Migrated: 9153, Skipped: 34847...
Processed 45000 records, Migrated: 9381, Skipped: 35619...
Processed 46000 records, Migrated: 9633, Skipped: 36367...
Processed 47000 records, Migrated: 9840, Skipped: 37160...
Processed 48000 records, Migrated: 10128, Skipped: 37872...
Processed 49000 records, Migrated: 10332, Skipped: 38668...
Processed 50000 records, Migrated: 10524, Skipped: 39476...
Processed 51000 records, Migrated: 10740, Skipped: 40260...
Processed 52000 records, Migrated: 10940, Skipped: 41060...
Processed 53000 records, Migrated: 11160, Skipped: 41840...
Processed 54000 records, Migrated: 11316, Skipped: 42684...
Processed 55000 records, Migrated: 11496, Skipped: 43504...
Processed 56000 records, Migrated: 11688, Skipped: 44312...
Processed 57000 records, Migrated: 11870, Skipped: 45130...
Processed 58000 records, Migrated: 12096, Skipped: 45904...
Processed 59000 records, Migrated: 12276, Skipped: 46724...
Processed 60000 records, Migrated: 12468, Skipped: 47532...
Processed 61000 records, Migrated: 12684, Skipped: 48316...
Processed 62000 records, Migrated: 12924, Skipped: 49076...
Processed 63000 records, Migrated: 13164, Skipped: 49836...
Processed 64000 records, Migrated: 13380, Skipped: 50620...
Processed 65000 records, Migrated: 13608, Skipped: 51392...
Processed 66000 records, Migrated: 13812, Skipped: 52188...
Processed 67000 records, Migrated: 13956, Skipped: 53044...
Processed 68000 records, Migrated: 14160, Skipped: 53840...
Processed 69000 records, Migrated: 14388, Skipped: 54612...
Processed 70000 records, Migrated: 14568, Skipped: 55432...
Processed 71000 records, Migrated: 14772, Skipped: 56228...
Processed 72000 records, Migrated: 14950, Skipped: 57050...
Processed 73000 records, Migrated: 15142, Skipped: 57858...
Processed 74000 records, Migrated: 15298, Skipped: 58702...
Processed 75000 records, Migrated: 15477, Skipped: 59523...
Processed 76000 records, Migrated: 15682, Skipped: 60318...
Processed 77000 records, Migrated: 15874, Skipped: 61126...
Processed 78000 records, Migrated: 16150, Skipped: 61850...
Processed 79000 records, Migrated: 16378, Skipped: 62622...
Processed 80000 records, Migrated: 16594, Skipped: 63406...
Processed 81000 records, Migrated: 16858, Skipped: 64142...
Processed 82000 records, Migrated: 17134, Skipped: 64866...
Processed 83000 records, Migrated: 17338, Skipped: 65662...
Processed 84000 records, Migrated: 17554, Skipped: 66446...
Processed 85000 records, Migrated: 17710, Skipped: 67290...
Processed 86000 records, Migrated: 17890, Skipped: 68110...
Processed 87000 records, Migrated: 18118, Skipped: 68882...
Processed 88000 records, Migrated: 18331, Skipped: 69669...
Processed 89000 records, Migrated: 18538, Skipped: 70462...
Processed 90000 records, Migrated: 18699, Skipped: 71301...
Processed 91000 records, Migrated: 18898, Skipped: 72102...
Processed 92000 records, Migrated: 19108, Skipped: 72892...
Processed 93000 records, Migrated: 19330, Skipped: 73670...
Processed 94000 records, Migrated: 19570, Skipped: 74430...
Processed 95000 records, Migrated: 19618, Skipped: 75382...
Processed 96000 records, Migrated: 19618, Skipped: 76382...
Processed 97000 records, Migrated: 19618, Skipped: 77382...
Processed 98000 records, Migrated: 19690, Skipped: 78310...
Processed 99000 records, Migrated: 19810, Skipped: 79190...
Processed 100000 records, Migrated: 20035, Skipped: 79965...
Processed 101000 records, Migrated: 20206, Skipped: 80794...
Processed 102000 records, Migrated: 20398, Skipped: 81602...
Processed 103000 records, Migrated: 20566, Skipped: 82434...
Processed 104000 records, Migrated: 20758, Skipped: 83242...
Processed 105000 records, Migrated: 20962, Skipped: 84038...
Processed 106000 records, Migrated: 21106, Skipped: 84894...
Processed 107000 records, Migrated: 21310, Skipped: 85690...
Processed 108000 records, Migrated: 21478, Skipped: 86522...
Processed 109000 records, Migrated: 21646, Skipped: 87354...
Processed 110000 records, Migrated: 21830, Skipped: 88170...
Processed 111000 records, Migrated: 21980, Skipped: 89020...
Processed 112000 records, Migrated: 22186, Skipped: 89814...
Processed 113000 records, Migrated: 22390, Skipped: 90610...
Processed 114000 records, Migrated: 22534, Skipped: 91466...
Processed 115000 records, Migrated: 22690, Skipped: 92310...
Processed 116000 records, Migrated: 22834, Skipped: 93166...
Processed 117000 records, Migrated: 22954, Skipped: 94046...
Processed 118000 records, Migrated: 23110, Skipped: 94890...
Processed 119000 records, Migrated: 23269, Skipped: 95731...
Processed 120000 records, Migrated: 23437, Skipped: 96563...
Processed 121000 records, Migrated: 23593, Skipped: 97407...
Processed 122000 records, Migrated: 23701, Skipped: 98299...
Processed 123000 records, Migrated: 23905, Skipped: 99095...
Processed 123098 records, Migrated: 23929, Skipped: 99169...
Completed processing shard. Total: 123098, Migrated: 23929, Skipped: 99169
Processing shard #9...
Fetching settings that need to be migrated...
Processed 1000 records, Migrated: 116, Skipped: 884...
Processed 2000 records, Migrated: 290, Skipped: 1710...
Processed 3000 records, Migrated: 506, Skipped: 2494...
Processed 4000 records, Migrated: 704, Skipped: 3296...
Processed 5000 records, Migrated: 888, Skipped: 4112...
Processed 6000 records, Migrated: 1050, Skipped: 4950...
Processed 7000 records, Migrated: 1239, Skipped: 5761...
Processed 8000 records, Migrated: 1473, Skipped: 6527...
Processed 9000 records, Migrated: 1680, Skipped: 7320...
Processed 10000 records, Migrated: 1833, Skipped: 8167...
Processed 11000 records, Migrated: 2039, Skipped: 8961...
Processed 12000 records, Migrated: 2257, Skipped: 9743...
Processed 13000 records, Migrated: 2458, Skipped: 10542...
Processed 14000 records, Migrated: 2709, Skipped: 11291...
Processed 15000 records, Migrated: 2947, Skipped: 12053...
Processed 16000 records, Migrated: 3151, Skipped: 12849...
Processed 17000 records, Migrated: 3378, Skipped: 13622...
Processed 18000 records, Migrated: 3631, Skipped: 14369...
Processed 19000 records, Migrated: 3883, Skipped: 15117...
Processed 20000 records, Migrated: 4135, Skipped: 15865...
Processed 21000 records, Migrated: 4375, Skipped: 16625...
Processed 22000 records, Migrated: 4639, Skipped: 17361...
Processed 23000 records, Migrated: 4795, Skipped: 18205...
Processed 24000 records, Migrated: 5014, Skipped: 18986...
Processed 25000 records, Migrated: 5263, Skipped: 19737...
Processed 26000 records, Migrated: 5527, Skipped: 20473...
Processed 27000 records, Migrated: 5827, Skipped: 21173...
Processed 28000 records, Migrated: 6043, Skipped: 21957...
Processed 29000 records, Migrated: 6187, Skipped: 22813...
Processed 30000 records, Migrated: 6425, Skipped: 23575...
Processed 31000 records, Migrated: 6664, Skipped: 24336...
Processed 32000 records, Migrated: 6820, Skipped: 25180...
Processed 33000 records, Migrated: 6952, Skipped: 26048...
Processed 34000 records, Migrated: 7156, Skipped: 26844...
Processed 35000 records, Migrated: 7348, Skipped: 27652...
Processed 36000 records, Migrated: 7599, Skipped: 28401...
Processed 37000 records, Migrated: 7860, Skipped: 29140...
Processed 38000 records, Migrated: 8056, Skipped: 29944...
Processed 39000 records, Migrated: 8248, Skipped: 30752...
Processed 40000 records, Migrated: 8407, Skipped: 31593...
Processed 41000 records, Migrated: 8675, Skipped: 32325...
Processed 42000 records, Migrated: 8947, Skipped: 33053...
Processed 43000 records, Migrated: 9117, Skipped: 33883...
Processed 44000 records, Migrated: 9319, Skipped: 34681...
Processed 45000 records, Migrated: 9563, Skipped: 35437...
Processed 46000 records, Migrated: 9758, Skipped: 36242...
Processed 47000 records, Migrated: 10027, Skipped: 36973...
Processed 48000 records, Migrated: 10243, Skipped: 37757...
Processed 49000 records, Migrated: 10483, Skipped: 38517...
Processed 50000 records, Migrated: 10675, Skipped: 39325...
Processed 51000 records, Migrated: 10903, Skipped: 40097...
Processed 52000 records, Migrated: 11091, Skipped: 40909...
Processed 53000 records, Migrated: 11323, Skipped: 41677...
Processed 54000 records, Migrated: 11539, Skipped: 42461...
Processed 55000 records, Migrated: 11731, Skipped: 43269...
Processed 56000 records, Migrated: 11956, Skipped: 44044...
Processed 57000 records, Migrated: 12151, Skipped: 44849...
Processed 58000 records, Migrated: 12331, Skipped: 45669...
Processed 59000 records, Migrated: 12523, Skipped: 46477...
Processed 60000 records, Migrated: 12721, Skipped: 47279...
Processed 61000 records, Migrated: 12919, Skipped: 48081...
Processed 62000 records, Migrated: 13123, Skipped: 48877...
Processed 63000 records, Migrated: 13277, Skipped: 49723...
Processed 64000 records, Migrated: 13482, Skipped: 50518...
Processed 65000 records, Migrated: 13654, Skipped: 51346...
Processed 66000 records, Migrated: 13858, Skipped: 52142...
Processed 67000 records, Migrated: 14086, Skipped: 52914...
Processed 68000 records, Migrated: 14350, Skipped: 53650...
Processed 69000 records, Migrated: 14566, Skipped: 54434...
Processed 70000 records, Migrated: 14806, Skipped: 55194...
Processed 71000 records, Migrated: 15050, Skipped: 55950...
Processed 72000 records, Migrated: 15298, Skipped: 56702...
Processed 73000 records, Migrated: 15502, Skipped: 57498...
Processed 74000 records, Migrated: 15718, Skipped: 58282...
Processed 75000 records, Migrated: 15951, Skipped: 59049...
Processed 76000 records, Migrated: 16237, Skipped: 59763...
Processed 77000 records, Migrated: 16453, Skipped: 60547...
Processed 78000 records, Migrated: 16657, Skipped: 61343...
Processed 79000 records, Migrated: 16877, Skipped: 62123...
Processed 80000 records, Migrated: 17125, Skipped: 62875...
Processed 81000 records, Migrated: 17312, Skipped: 63688...
Processed 82000 records, Migrated: 17497, Skipped: 64503...
Processed 83000 records, Migrated: 17667, Skipped: 65333...
Processed 84000 records, Migrated: 17893, Skipped: 66107...
Processed 85000 records, Migrated: 18097, Skipped: 66903...
Processed 86000 records, Migrated: 18313, Skipped: 67687...
Processed 87000 records, Migrated: 18542, Skipped: 68458...
Processed 88000 records, Migrated: 18757, Skipped: 69243...
Processed 89000 records, Migrated: 18925, Skipped: 70075...
Processed 90000 records, Migrated: 19153, Skipped: 70847...
Processed 91000 records, Migrated: 19333, Skipped: 71667...
Processed 92000 records, Migrated: 19537, Skipped: 72463...
Processed 93000 records, Migrated: 19705, Skipped: 73295...
Processed 94000 records, Migrated: 19837, Skipped: 74163...
Processed 95000 records, Migrated: 19837, Skipped: 75163...
Processed 96000 records, Migrated: 19837, Skipped: 76163...
Processed 97000 records, Migrated: 19837, Skipped: 77163...
Processed 98000 records, Migrated: 20005, Skipped: 77995...
Processed 99000 records, Migrated: 20185, Skipped: 78815...
Processed 100000 records, Migrated: 20389, Skipped: 79611...
Processed 101000 records, Migrated: 20617, Skipped: 80383...
Processed 102000 records, Migrated: 20821, Skipped: 81179...
Processed 103000 records, Migrated: 21013, Skipped: 81987...
Processed 104000 records, Migrated: 21193, Skipped: 82807...
Processed 105000 records, Migrated: 21409, Skipped: 83591...
Processed 106000 records, Migrated: 21600, Skipped: 84400...
Processed 107000 records, Migrated: 21757, Skipped: 85243...
Processed 108000 records, Migrated: 21889, Skipped: 86111...
Processed 109000 records, Migrated: 22057, Skipped: 86943...
Processed 110000 records, Migrated: 22297, Skipped: 87703...
Processed 111000 records, Migrated: 22511, Skipped: 88489...
Processed 112000 records, Migrated: 22669, Skipped: 89331...
Processed 113000 records, Migrated: 22861, Skipped: 90139...
Processed 114000 records, Migrated: 22996, Skipped: 91004...
Processed 115000 records, Migrated: 23221, Skipped: 91779...
Processed 116000 records, Migrated: 23425, Skipped: 92575...
Processed 117000 records, Migrated: 23546, Skipped: 93454...
Processed 118000 records, Migrated: 23701, Skipped: 94299...
Processed 119000 records, Migrated: 23929, Skipped: 95071...
Processed 120000 records, Migrated: 24109, Skipped: 95891...
Processed 121000 records, Migrated: 24301, Skipped: 96699...
Processed 122000 records, Migrated: 24497, Skipped: 97503...
Processed 123000 records, Migrated: 24673, Skipped: 98327...
Processed 123084 records, Migrated: 24673, Skipped: 98411...
Completed processing shard. Total: 123084, Migrated: 24673, Skipped: 98411
Migration completed successfully!
Total unmapped settings found: 1154
Check /home/gitlab-runner/misc-script-runner/RHEA-4709_kungaslottet/unmapped_settings.log for details.

```
Script end time: '2025-04-30 12:51:58'
FYI: @ndubuisi.onyemenam - script output for `kungaslottet`
Story 'RHEA-4709': done
