-- Unmapped settings log --
2025-04-30 12:48:02 - Setting: 'email_code_verified' was not found in mapping table
2025-04-30 12:48:02 - Setting: 'tc-version' was not found in mapping table
2025-04-30 12:48:02 - Setting: 'pp-version' was not found in mapping table
2025-04-30 12:48:02 - Setting: 'email_code' was not found in mapping table
2025-04-30 12:48:02 - Setting: 'sms_code' was not found in mapping table
2025-04-30 12:48:02 - Setting: 'sms_code_verified' was not found in mapping table
2025-04-30 12:48:02 - Setting: 'uagent' was not found in mapping table
2025-04-30 12:48:02 - Setting: 'has_privacy_settings' was not found in mapping table
2025-04-30 12:48:02 - Setting: 'show_ps_after_first_dep' was not found in mapping table
2025-04-30 12:48:02 - Setting: 'last_pwd_update' was not found in mapping table
2025-04-30 12:48:02 - Setting: 'no-deposit-mail-times' was not found in mapping table
2025-04-30 12:48:02 - Setting: 'no-deposit-mail-times-2' was not found in mapping table
2025-04-30 12:48:02 - Setting: 'acuris-monitor' was not found in mapping table
2025-04-30 12:48:02 - Setting: 'acuris_full_res' was not found in mapping table
2025-04-30 12:48:02 - Setting: 'acuris_pep_res' was not found in mapping table
2025-04-30 12:48:02 - Setting: 'test_account' was not found in mapping table
2025-04-30 12:48:02 - Setting: 'c100_id' was not found in mapping table
2025-04-30 12:48:02 - Setting: 'captcha-login-allowed-IN' was not found in mapping table
2025-04-30 12:48:02 - Setting: 'registration_end_date' was not found in mapping table
2025-04-30 12:48:02 - Setting: 'bos_mobile_search_filter_selection' was not found in mapping table
2025-04-30 12:48:02 - Setting: 'mp-hiw-types-understood' was not found in mapping table
2025-04-30 12:48:02 - Setting: 'viewed-resp-gaming' was not found in mapping table
2025-04-30 12:48:02 - Setting: 'occupation' was not found in mapping table
2025-04-30 12:48:02 - Setting: 'spending_amount' was not found in mapping table
2025-04-30 12:48:02 - Setting: 'bonus-to-single-account-monthly' was not found in mapping table
2025-04-30 12:48:02 - Setting: 'tc-version-sports' was not found in mapping table
2025-04-30 12:48:02 - Setting: 'hashed_uuid' was not found in mapping table
2025-04-30 12:48:02 - Setting: 'pwd_changed' was not found in mapping table
2025-04-30 12:48:02 - Setting: 'super-blocked' was not found in mapping table
2025-04-30 12:48:02 - Setting: 'acuris_error_monitor' was not found in mapping table
2025-04-30 12:48:02 - Setting: 'nationality' was not found in mapping table
2025-04-30 12:48:02 - Setting: 'place_of_birth' was not found in mapping table
2025-04-30 12:48:02 - Setting: 'should_do_intended_gambling' was not found in mapping table
2025-04-30 12:48:02 - Setting: 'intended_gambling' was not found in mapping table
2025-04-30 12:48:02 - Setting: 'failed_logins' was not found in mapping table
2025-04-30 12:48:02 - Setting: 'registration_in_progress' was not found in mapping table
2025-04-30 12:48:02 - Setting: 'similar_fraud' was not found in mapping table
2025-04-30 12:48:02 - Setting: 'booster_vault' was not found in mapping table
2025-04-30 12:48:02 - Setting: 'minfraud-risk-score' was not found in mapping table
2025-04-30 12:48:02 - Setting: 'minfraud-result' was not found in mapping table
2025-04-30 12:48:02 - Setting: 'id3global_pep_res' was not found in mapping table
2025-04-30 12:48:02 - Setting: 'freeroll-tester' was not found in mapping table
2025-04-30 12:48:02 - Setting: 'verified' was not found in mapping table
2025-04-30 12:48:02 - Setting: 'closed_loop_cleared' was not found in mapping table
2025-04-30 12:48:02 - Setting: 'verified-nid' was not found in mapping table
2025-04-30 12:48:02 - Setting: 'brand_check_in_progress' was not found in mapping table
2025-04-30 12:48:02 - Setting: 'deposit-freeroll-num' was not found in mapping table
2025-04-30 12:48:02 - Setting: 'last-spelpaus-check' was not found in mapping table
2025-04-30 12:48:02 - Setting: 'cur-spelpaus' was not found in mapping table
2025-04-30 12:48:02 - Setting: 'realtime_updates' was not found in mapping table
2025-04-30 12:48:02 - Setting: 'calls' was not found in mapping table
2025-04-30 12:48:02 - Setting: 'show_in_events' was not found in mapping table
2025-04-30 12:48:02 - Setting: 'show_notifications' was not found in mapping table
2025-04-30 12:48:02 - Setting: 'xp-points' was not found in mapping table
2025-04-30 12:48:02 - Setting: 'has_' was not found in mapping table
2025-04-30 12:48:02 - Setting: 'nid_extra' was not found in mapping table
2025-04-30 12:48:02 - Setting: 'xp-level' was not found in mapping table
2025-04-30 12:48:02 - Setting: 'excluded-date' was not found in mapping table
2025-04-30 12:48:02 - Setting: 'unexclude-date' was not found in mapping table
2025-04-30 12:48:02 - Setting: 'external-excluded' was not found in mapping table
2025-04-30 12:48:02 - Setting: 'c101_id' was not found in mapping table
2025-04-30 12:48:02 - Setting: 'RG35-popup-shown' was not found in mapping table
2025-04-30 12:48:02 - Setting: 'RG8-popup-shown' was not found in mapping table
2025-04-30 12:48:02 - Setting: 'withdraw_last_24_hours_limit-fraud-flag' was not found in mapping table
2025-04-30 12:48:03 - Setting: 'privacy-pinfo-hidealias' was not found in mapping table
2025-04-30 12:48:03 - Setting: 'privacy-pinfo-hidename' was not found in mapping table
2025-04-30 12:48:03 - Setting: 'pre-spelpaus' was not found in mapping table
2025-04-30 12:48:04 - Setting: 'manual-fraud-flag' was not found in mapping table
2025-04-30 12:48:04 - Setting: 'play_block' was not found in mapping table
2025-04-30 12:48:04 - Setting: 'rg-risk-group' was not found in mapping table
2025-04-30 12:48:04 - Setting: 'external-unexcluded-date' was not found in mapping table
2025-04-30 12:48:05 - Setting: 'generic_communications' was not found in mapping table
2025-04-30 12:48:06 - Setting: 'experian_block' was not found in mapping table
2025-04-30 12:48:07 - Setting: 'aml-risk-group' was not found in mapping table
2025-04-30 12:48:07 - Setting: 'restrict' was not found in mapping table
2025-04-30 12:48:07 - Setting: 'lock-hours' was not found in mapping table
2025-04-30 12:48:07 - Setting: 'lock-date' was not found in mapping table
2025-04-30 12:48:07 - Setting: 'unlock-date' was not found in mapping table
2025-04-30 12:48:08 - Setting: 'experian_res' was not found in mapping table
2025-04-30 12:48:08 - Setting: 'id3global_full_res' was not found in mapping table
2025-04-30 12:48:08 - Setting: 'id3global_res' was not found in mapping table
2025-04-30 12:48:08 - Setting: 'dont_verify_on_login' was not found in mapping table
2025-04-30 12:48:08 - Setting: 'viewed-account-policy' was not found in mapping table
2025-04-30 12:48:08 - Setting: 'reg-dep-lim-prompt' was not found in mapping table
2025-04-30 12:48:08 - Setting: 'deposit_block' was not found in mapping table
2025-04-30 12:48:09 - Setting: 'total-withdrawal-amount-limit-reached-fraud-flag' was not found in mapping table
2025-04-30 12:48:09 - Setting: 'suspicious-email-fraud-flag' was not found in mapping table
2025-04-30 12:48:09 - Setting: 'last_recurrent_personal_check' was not found in mapping table
2025-04-30 12:48:10 - Setting: 'unexcluded-date' was not found in mapping table
2025-04-30 12:48:11 - Setting: 'net-deposit-monthly-reset-email-sent' was not found in mapping table
2025-04-30 12:48:11 - Setting: 'has_trustly' was not found in mapping table
2025-04-30 12:48:11 - Setting: 'gtm_deposit_3000019980_trustly_50' was not found in mapping table
2025-04-30 12:48:11 - Setting: 'gtm_deposit_3000019980_trustly_1' was not found in mapping table
2025-04-30 12:48:11 - Setting: 'pwd-change-on-next-login' was not found in mapping table
2025-04-30 12:48:11 - Setting: 'force_self_assessment_test' was not found in mapping table
2025-04-30 12:48:12 - Setting: 'swish_mobile' was not found in mapping table
2025-04-30 12:48:15 - Setting: 'withdrawal_block' was not found in mapping table
2025-04-30 12:48:15 - Setting: 'aml52-payout-details-requested' was not found in mapping table
2025-04-30 12:48:16 - Setting: 'tac_block_sports' was not found in mapping table
2025-04-30 12:48:16 - Setting: 'manual_adjustment-fraud-flag' was not found in mapping table
2025-04-30 12:48:17 - Setting: 'liability-fraud-flag' was not found in mapping table
2025-04-30 12:48:18 - Setting: 'updated-occupation-data' was not found in mapping table
2025-04-30 12:48:18 - Setting: 'industry' was not found in mapping table
2025-04-30 12:48:19 - Setting: 'nationality_required' was not found in mapping table
2025-04-30 12:48:19 - Setting: 'jurisdiction' was not found in mapping table
2025-04-30 12:48:19 - Setting: 'calling_code' was not found in mapping table
2025-04-30 12:48:20 - Setting: 'not_matching_receiver_name_cnt' was not found in mapping table
2025-04-30 12:48:21 - Setting: 'original_net_deposit_limit' was not found in mapping table
2025-04-30 12:48:22 - Setting: 'closed_loop_start_stamp' was not found in mapping table
2025-04-30 12:48:23 - Setting: 'change-cinfo-unlock-date' was not found in mapping table
2025-04-30 12:48:25 - Setting: 'email_code_verified' was not found in mapping table
2025-04-30 12:48:25 - Setting: 'tc-version' was not found in mapping table
2025-04-30 12:48:25 - Setting: 'pp-version' was not found in mapping table
2025-04-30 12:48:25 - Setting: 'email_code' was not found in mapping table
2025-04-30 12:48:25 - Setting: 'sms_code' was not found in mapping table
2025-04-30 12:48:25 - Setting: 'sms_code_verified' was not found in mapping table
2025-04-30 12:48:25 - Setting: 'verified' was not found in mapping table
2025-04-30 12:48:25 - Setting: 'test_account' was not found in mapping table
2025-04-30 12:48:25 - Setting: 'uagent' was not found in mapping table
2025-04-30 12:48:25 - Setting: 'has_privacy_settings' was not found in mapping table
2025-04-30 12:48:25 - Setting: 'last_pwd_update' was not found in mapping table
2025-04-30 12:48:25 - Setting: 'show_ps_after_first_dep' was not found in mapping table
2025-04-30 12:48:25 - Setting: 'no-deposit-mail-times-2' was not found in mapping table
2025-04-30 12:48:25 - Setting: 'no-deposit-mail-times' was not found in mapping table
2025-04-30 12:48:25 - Setting: 'acuris_full_res' was not found in mapping table
2025-04-30 12:48:25 - Setting: 'acuris_pep_res' was not found in mapping table
2025-04-30 12:48:25 - Setting: 'c100_id' was not found in mapping table
2025-04-30 12:48:25 - Setting: 'acuris-monitor' was not found in mapping table
2025-04-30 12:48:25 - Setting: 'registration_end_date' was not found in mapping table
2025-04-30 12:48:25 - Setting: 'bonus-to-single-account-monthly' was not found in mapping table
2025-04-30 12:48:25 - Setting: 'failed_logins' was not found in mapping table
2025-04-30 12:48:25 - Setting: 'hashed_uuid' was not found in mapping table
2025-04-30 12:48:25 - Setting: 'viewed-resp-gaming' was not found in mapping table
2025-04-30 12:48:25 - Setting: 'occupation' was not found in mapping table
2025-04-30 12:48:25 - Setting: 'spending_amount' was not found in mapping table
2025-04-30 12:48:25 - Setting: 'tc-version-sports' was not found in mapping table
2025-04-30 12:48:25 - Setting: 'acuris_error_monitor' was not found in mapping table
2025-04-30 12:48:25 - Setting: 'nationality' was not found in mapping table
2025-04-30 12:48:25 - Setting: 'birth_country' was not found in mapping table
2025-04-30 12:48:25 - Setting: 'should_do_intended_gambling' was not found in mapping table
2025-04-30 12:48:25 - Setting: 'intended_gambling' was not found in mapping table
2025-04-30 12:48:25 - Setting: 'mp-hiw-types-understood' was not found in mapping table
2025-04-30 12:48:25 - Setting: 'pwd_changed' was not found in mapping table
2025-04-30 12:48:25 - Setting: 'deposit_block' was not found in mapping table
2025-04-30 12:48:25 - Setting: 'place_of_birth' was not found in mapping table
2025-04-30 12:48:25 - Setting: 'super-blocked' was not found in mapping table
2025-04-30 12:48:25 - Setting: 'booster_vault' was not found in mapping table
2025-04-30 12:48:25 - Setting: 'id3global_pep_res' was not found in mapping table
2025-04-30 12:48:25 - Setting: 'minfraud-risk-score' was not found in mapping table
2025-04-30 12:48:25 - Setting: 'minfraud-result' was not found in mapping table
2025-04-30 12:48:25 - Setting: 'registration_in_progress' was not found in mapping table
2025-04-30 12:48:25 - Setting: 'similar_fraud' was not found in mapping table
2025-04-30 12:48:25 - Setting: 'freeroll-tester' was not found in mapping table
2025-04-30 12:48:25 - Setting: 'last-spelpaus-check' was not found in mapping table
2025-04-30 12:48:25 - Setting: 'cur-spelpaus' was not found in mapping table
2025-04-30 12:48:25 - Setting: 'brand_check_in_progress' was not found in mapping table
2025-04-30 12:48:25 - Setting: 'deposit-freeroll-num' was not found in mapping table
2025-04-30 12:48:25 - Setting: 'verified-nid' was not found in mapping table
2025-04-30 12:48:25 - Setting: 'xp-points' was not found in mapping table
2025-04-30 12:48:25 - Setting: 'has_' was not found in mapping table
2025-04-30 12:48:25 - Setting: 'nid_extra' was not found in mapping table
2025-04-30 12:48:25 - Setting: 'xp-level' was not found in mapping table
2025-04-30 12:48:25 - Setting: 'excluded-date' was not found in mapping table
2025-04-30 12:48:25 - Setting: 'unexclude-date' was not found in mapping table
2025-04-30 12:48:25 - Setting: 'closed_loop_cleared' was not found in mapping table
2025-04-30 12:48:25 - Setting: 'lock-hours' was not found in mapping table
2025-04-30 12:48:25 - Setting: 'lock-date' was not found in mapping table
2025-04-30 12:48:25 - Setting: 'unlock-date' was not found in mapping table
2025-04-30 12:48:25 - Setting: 'external-excluded' was not found in mapping table
2025-04-30 12:48:25 - Setting: 'privacy-pinfo-hidealias' was not found in mapping table
2025-04-30 12:48:25 - Setting: 'RG35-popup-shown' was not found in mapping table
2025-04-30 12:48:25 - Setting: 'RG21-popup-shown' was not found in mapping table
2025-04-30 12:48:26 - Setting: 'pre-spelpaus' was not found in mapping table
2025-04-30 12:48:26 - Setting: 'RG8-popup-shown' was not found in mapping table
2025-04-30 12:48:27 - Setting: 'c101_id' was not found in mapping table
2025-04-30 12:48:27 - Setting: 'realtime_updates' was not found in mapping table
2025-04-30 12:48:27 - Setting: 'calls' was not found in mapping table
2025-04-30 12:48:27 - Setting: 'show_in_events' was not found in mapping table
2025-04-30 12:48:27 - Setting: 'show_notifications' was not found in mapping table
2025-04-30 12:48:27 - Setting: 'privacy-pinfo-hidename' was not found in mapping table
2025-04-30 12:48:28 - Setting: 'external-unexcluded-date' was not found in mapping table
2025-04-30 12:48:28 - Setting: 'experian_block' was not found in mapping table
2025-04-30 12:48:28 - Setting: 'aml-risk-group' was not found in mapping table
2025-04-30 12:48:28 - Setting: 'generic_communications' was not found in mapping table
2025-04-30 12:48:28 - Setting: 'withdraw_last_24_hours_limit-fraud-flag' was not found in mapping table
2025-04-30 12:48:28 - Setting: 'withdraw_limit-fraud-flag' was not found in mapping table
2025-04-30 12:48:29 - Setting: 'rg-risk-group' was not found in mapping table
2025-04-30 12:48:29 - Setting: 'net-deposit-monthly-reset-email-sent' was not found in mapping table
2025-04-30 12:48:29 - Setting: 'force_self_assessment_test' was not found in mapping table
2025-04-30 12:48:30 - Setting: 'restrict' was not found in mapping table
2025-04-30 12:48:30 - Setting: 'manual-fraud-flag' was not found in mapping table
2025-04-30 12:48:30 - Setting: 'aml-weekly-follow-up' was not found in mapping table
2025-04-30 12:48:30 - Setting: 'play_block' was not found in mapping table
2025-04-30 12:48:32 - Setting: 'unexcluded-date' was not found in mapping table
2025-04-30 12:48:32 - Setting: 'suspicious-email-fraud-flag' was not found in mapping table
2025-04-30 12:48:32 - Setting: 'total-withdrawal-amount-limit-reached-fraud-flag' was not found in mapping table
2025-04-30 12:48:33 - Setting: 'last_recurrent_personal_check' was not found in mapping table
2025-04-30 12:48:34 - Setting: 'has_trustly' was not found in mapping table
2025-04-30 12:48:35 - Setting: 'swish_mobile' was not found in mapping table
2025-04-30 12:48:36 - Setting: 'manual_adjustment-fraud-flag' was not found in mapping table
2025-04-30 12:48:39 - Setting: 'tac_block_sports' was not found in mapping table
2025-04-30 12:48:40 - Setting: 'liability-fraud-flag' was not found in mapping table
2025-04-30 12:48:40 - Setting: 'aml-grs-high-risk-profile-fraud-flag_created_at' was not found in mapping table
2025-04-30 12:48:41 - Setting: 'updated-occupation-data' was not found in mapping table
2025-04-30 12:48:41 - Setting: 'industry' was not found in mapping table
2025-04-30 12:48:41 - Setting: 'nationality_required' was not found in mapping table
2025-04-30 12:48:42 - Setting: 'jurisdiction' was not found in mapping table
2025-04-30 12:48:42 - Setting: 'calling_code' was not found in mapping table
2025-04-30 12:48:43 - Setting: 'not_matching_receiver_name_cnt' was not found in mapping table
2025-04-30 12:48:44 - Setting: 'closed_loop_start_stamp' was not found in mapping table
2025-04-30 12:48:46 - Setting: 'change-cinfo-unlock-date' was not found in mapping table
2025-04-30 12:48:47 - Setting: 'original_net_deposit_limit' was not found in mapping table
2025-04-30 12:48:47 - Setting: 'rg_grs_frozen_till' was not found in mapping table
2025-04-30 12:48:47 - Setting: 'criminal_record' was not found in mapping table
2025-04-30 12:48:47 - Setting: 'uagent' was not found in mapping table
2025-04-30 12:48:47 - Setting: 'last_pwd_update' was not found in mapping table
2025-04-30 12:48:47 - Setting: 'captcha-login-allowed-GB' was not found in mapping table
2025-04-30 12:48:47 - Setting: 'email_code_verified' was not found in mapping table
2025-04-30 12:48:47 - Setting: 'tc-version' was not found in mapping table
2025-04-30 12:48:47 - Setting: 'pp-version' was not found in mapping table
2025-04-30 12:48:47 - Setting: 'email_code' was not found in mapping table
2025-04-30 12:48:47 - Setting: 'sms_code' was not found in mapping table
2025-04-30 12:48:47 - Setting: 'sms_code_verified' was not found in mapping table
2025-04-30 12:48:47 - Setting: 'has_privacy_settings' was not found in mapping table
2025-04-30 12:48:47 - Setting: 'acuris-monitor' was not found in mapping table
2025-04-30 12:48:47 - Setting: 'acuris_full_res' was not found in mapping table
2025-04-30 12:48:47 - Setting: 'acuris_pep_res' was not found in mapping table
2025-04-30 12:48:47 - Setting: 'test_account' was not found in mapping table
2025-04-30 12:48:47 - Setting: 'c100_id' was not found in mapping table
2025-04-30 12:48:47 - Setting: 'registration_end_date' was not found in mapping table
2025-04-30 12:48:47 - Setting: 'bos_mobile_search_filter_selection' was not found in mapping table
2025-04-30 12:48:47 - Setting: 'mp-hiw-types-understood' was not found in mapping table
2025-04-30 12:48:47 - Setting: 'hashed_uuid' was not found in mapping table
2025-04-30 12:48:47 - Setting: 'show_ps_after_first_dep' was not found in mapping table
2025-04-30 12:48:47 - Setting: 'viewed-resp-gaming' was not found in mapping table
2025-04-30 12:48:47 - Setting: 'occupation' was not found in mapping table
2025-04-30 12:48:47 - Setting: 'spending_amount' was not found in mapping table
2025-04-30 12:48:47 - Setting: 'freeroll-tester' was not found in mapping table
2025-04-30 12:48:47 - Setting: 'verified' was not found in mapping table
2025-04-30 12:48:47 - Setting: 'captcha-login-allowed-IE' was not found in mapping table
2025-04-30 12:48:47 - Setting: 'captcha-login-allowed-DE' was not found in mapping table
2025-04-30 12:48:47 - Setting: 'tc-version-sports' was not found in mapping table
2025-04-30 12:48:47 - Setting: 'manual_adjustment-fraud-flag' was not found in mapping table
2025-04-30 12:48:47 - Setting: 'failed_logins' was not found in mapping table
2025-04-30 12:48:47 - Setting: 'realtime_updates' was not found in mapping table
2025-04-30 12:48:47 - Setting: 'sms_on_login' was not found in mapping table
2025-04-30 12:48:47 - Setting: 'calls' was not found in mapping table
2025-04-30 12:48:47 - Setting: 'show_in_events' was not found in mapping table
2025-04-30 12:48:47 - Setting: 'show_notifications' was not found in mapping table
2025-04-30 12:48:47 - Setting: 'should_do_intended_gambling' was not found in mapping table
2025-04-30 12:48:47 - Setting: 'acuris_error_monitor' was not found in mapping table
2025-04-30 12:48:47 - Setting: 'intended_gambling' was not found in mapping table
2025-04-30 12:48:47 - Setting: 'nationality' was not found in mapping table
2025-04-30 12:48:47 - Setting: 'birth_country' was not found in mapping table
2025-04-30 12:48:47 - Setting: 'pending_AcurisV1_monitoring' was not found in mapping table
2025-04-30 12:48:47 - Setting: 'acuris_monitor_processed' was not found in mapping table
2025-04-30 12:48:47 - Setting: 'registration_in_progress' was not found in mapping table
2025-04-30 12:48:47 - Setting: 'captcha-login-allowed-MT' was not found in mapping table
2025-04-30 12:48:47 - Setting: 'super-blocked' was not found in mapping table
2025-04-30 12:48:47 - Setting: 'booster_vault' was not found in mapping table
2025-04-30 12:48:47 - Setting: 'minfraud-risk-score' was not found in mapping table
2025-04-30 12:48:47 - Setting: 'minfraud-result' was not found in mapping table
2025-04-30 12:48:47 - Setting: 'id3global_pep_res' was not found in mapping table
2025-04-30 12:48:47 - Setting: 'similar_fraud' was not found in mapping table
2025-04-30 12:48:47 - Setting: 'tac_block' was not found in mapping table
2025-04-30 12:48:47 - Setting: 'place_of_birth' was not found in mapping table
2025-04-30 12:48:47 - Setting: 'last-spelpaus-check' was not found in mapping table
2025-04-30 12:48:47 - Setting: 'cur-spelpaus' was not found in mapping table
2025-04-30 12:48:47 - Setting: 'brand_check_in_progress' was not found in mapping table
2025-04-30 12:48:47 - Setting: 'closed_loop_cleared' was not found in mapping table
2025-04-30 12:48:47 - Setting: 'deposit-freeroll-num' was not found in mapping table
2025-04-30 12:48:47 - Setting: 'verified-nid' was not found in mapping table
2025-04-30 12:48:47 - Setting: 'xp-points' was not found in mapping table
2025-04-30 12:48:47 - Setting: 'has_' was not found in mapping table
2025-04-30 12:48:47 - Setting: 'nid_extra' was not found in mapping table
2025-04-30 12:48:47 - Setting: 'xp-level' was not found in mapping table
2025-04-30 12:48:47 - Setting: 'excluded-date' was not found in mapping table
2025-04-30 12:48:47 - Setting: 'unexclude-date' was not found in mapping table
2025-04-30 12:48:47 - Setting: 'pre-spelpaus' was not found in mapping table
2025-04-30 12:48:47 - Setting: 'external-unexcluded-date' was not found in mapping table
2025-04-30 12:48:48 - Setting: 'privacy-pinfo-hidealias' was not found in mapping table
2025-04-30 12:48:48 - Setting: 'external-excluded' was not found in mapping table
2025-04-30 12:48:48 - Setting: 'RG21-popup-shown' was not found in mapping table
2025-04-30 12:48:48 - Setting: 'RG8-popup-shown' was not found in mapping table
2025-04-30 12:48:48 - Setting: 'RG30-popup-shown' was not found in mapping table
2025-04-30 12:48:48 - Setting: 'RG29-popup-shown' was not found in mapping table
2025-04-30 12:48:48 - Setting: 'RG35-popup-shown' was not found in mapping table
2025-04-30 12:48:49 - Setting: 'c101_id' was not found in mapping table
2025-04-30 12:48:52 - Setting: 'liability-fraud-flag' was not found in mapping table
2025-04-30 12:48:52 - Setting: 'lock-hours' was not found in mapping table
2025-04-30 12:48:52 - Setting: 'lock-date' was not found in mapping table
2025-04-30 12:48:52 - Setting: 'unlock-date' was not found in mapping table
2025-04-30 12:48:52 - Setting: 'rg-risk-group' was not found in mapping table
2025-04-30 12:48:52 - Setting: 'generic_communications' was not found in mapping table
2025-04-30 12:48:52 - Setting: 'gtm_deposit_3000009522_trustly_25' was not found in mapping table
2025-04-30 12:48:52 - Setting: 'gtm_deposit_3000009522_trustly_5' was not found in mapping table
2025-04-30 12:48:52 - Setting: 'gtm_deposit_3000009522_trustly_15000' was not found in mapping table
2025-04-30 12:48:53 - Setting: 'aml-risk-group' was not found in mapping table
2025-04-30 12:48:53 - Setting: 'privacy-pinfo-hidename' was not found in mapping table
2025-04-30 12:48:54 - Setting: 'restrict' was not found in mapping table
2025-04-30 12:48:54 - Setting: 'withdraw_last_24_hours_limit-fraud-flag' was not found in mapping table
2025-04-30 12:48:55 - Setting: 'suspicious-email-fraud-flag' was not found in mapping table
2025-04-30 12:48:55 - Setting: 'total-withdrawal-amount-limit-reached-fraud-flag' was not found in mapping table
2025-04-30 12:48:56 - Setting: 'last_recurrent_personal_check' was not found in mapping table
2025-04-30 12:48:56 - Setting: 'unexcluded-date' was not found in mapping table
2025-04-30 12:48:56 - Setting: 'has_trustly' was not found in mapping table
2025-04-30 12:48:57 - Setting: 'play_block' was not found in mapping table
2025-04-30 12:48:57 - Setting: 'deposit_block' was not found in mapping table
2025-04-30 12:48:58 - Setting: 'swish_mobile' was not found in mapping table
2025-04-30 12:48:58 - Setting: 'aml-weekly-follow-up' was not found in mapping table
2025-04-30 12:48:58 - Setting: 'gtm_deposit_3000009522_trustly_11000' was not found in mapping table
2025-04-30 12:48:58 - Setting: 'gtm_deposit_3000009522_trustly_10000' was not found in mapping table
2025-04-30 12:48:58 - Setting: 'gtm_deposit_3000009522_trustly_9' was not found in mapping table
2025-04-30 12:49:00 - Setting: 'aml-grs-high-risk-profile-fraud-flag_created_at' was not found in mapping table
2025-04-30 12:49:03 - Setting: 'tac_block_sports' was not found in mapping table
2025-04-30 12:49:05 - Setting: 'updated-occupation-data' was not found in mapping table
2025-04-30 12:49:05 - Setting: 'industry' was not found in mapping table
2025-04-30 12:49:06 - Setting: 'nationality_required' was not found in mapping table
2025-04-30 12:49:07 - Setting: 'jurisdiction' was not found in mapping table
2025-04-30 12:49:07 - Setting: 'calling_code' was not found in mapping table
2025-04-30 12:49:08 - Setting: 'not_matching_receiver_name_cnt' was not found in mapping table
2025-04-30 12:49:09 - Setting: 'pwd-change-on-next-login' was not found in mapping table
2025-04-30 12:49:09 - Setting: 'closed_loop_start_stamp' was not found in mapping table
2025-04-30 12:49:10 - Setting: 'sar-flag' was not found in mapping table
2025-04-30 12:49:10 - Setting: 'original_net_deposit_limit' was not found in mapping table
2025-04-30 12:49:11 - Setting: 'net-deposit-monthly-reset-email-sent' was not found in mapping table
2025-04-30 12:49:11 - Setting: 'change-cinfo-unlock-date' was not found in mapping table
2025-04-30 12:49:11 - Setting: 'manual-fraud-flag' was not found in mapping table
2025-04-30 12:49:12 - Setting: 'force_self_assessment_test' was not found in mapping table
2025-04-30 12:49:13 - Setting: 'rg_grs_frozen_till' was not found in mapping table
2025-04-30 12:49:13 - Setting: 'popup-shown-RG58' was not found in mapping table
2025-04-30 12:49:13 - Setting: 'email_code_verified' was not found in mapping table
2025-04-30 12:49:13 - Setting: 'pp-version' was not found in mapping table
2025-04-30 12:49:13 - Setting: 'email_code' was not found in mapping table
2025-04-30 12:49:13 - Setting: 'sms_code' was not found in mapping table
2025-04-30 12:49:13 - Setting: 'sms_code_verified' was not found in mapping table
2025-04-30 12:49:13 - Setting: 'last_pwd_update' was not found in mapping table
2025-04-30 12:49:13 - Setting: 'uagent' was not found in mapping table
2025-04-30 12:49:13 - Setting: 'captcha-login-allowed-MT' was not found in mapping table
2025-04-30 12:49:13 - Setting: 'tc-version' was not found in mapping table
2025-04-30 12:49:13 - Setting: 'has_privacy_settings' was not found in mapping table
2025-04-30 12:49:13 - Setting: 'no-deposit-mail-times-2' was not found in mapping table
2025-04-30 12:49:13 - Setting: 'captcha-login-allowed-SI' was not found in mapping table
2025-04-30 12:49:13 - Setting: 'no-deposit-mail-times' was not found in mapping table
2025-04-30 12:49:13 - Setting: 'captcha-login-allowed-CR' was not found in mapping table
2025-04-30 12:49:13 - Setting: 'show_ps_after_first_dep' was not found in mapping table
2025-04-30 12:49:13 - Setting: 'acuris_full_res' was not found in mapping table
2025-04-30 12:49:13 - Setting: 'captcha-login-allowed-GR' was not found in mapping table
2025-04-30 12:49:13 - Setting: 'captcha-login-allowed-SE' was not found in mapping table
2025-04-30 12:49:13 - Setting: 'captcha-login-allowed-DK' was not found in mapping table
2025-04-30 12:49:13 - Setting: 'captcha-login-allowed-CL' was not found in mapping table
2025-04-30 12:49:13 - Setting: 'captcha-login-allowed-AL' was not found in mapping table
2025-04-30 12:49:13 - Setting: 'realtime_updates' was not found in mapping table
2025-04-30 12:49:13 - Setting: 'sms_on_login' was not found in mapping table
2025-04-30 12:49:13 - Setting: 'calls' was not found in mapping table
2025-04-30 12:49:13 - Setting: 'show_in_events' was not found in mapping table
2025-04-30 12:49:13 - Setting: 'show_notifications' was not found in mapping table
2025-04-30 12:49:13 - Setting: 'captcha-login-allowed-PL' was not found in mapping table
2025-04-30 12:49:13 - Setting: 'captcha-login-allowed-PH' was not found in mapping table
2025-04-30 12:49:13 - Setting: 'captcha-login-allowed-FI' was not found in mapping table
2025-04-30 12:49:13 - Setting: 'captcha-login-allowed-GB' was not found in mapping table
2025-04-30 12:49:13 - Setting: 'captcha-login-allowed-IT' was not found in mapping table
2025-04-30 12:49:13 - Setting: 'login-allowed-GB' was not found in mapping table
2025-04-30 12:49:13 - Setting: 'captcha-login-allowed-AT' was not found in mapping table
2025-04-30 12:49:13 - Setting: 'captcha-login-allowed-GE' was not found in mapping table
2025-04-30 12:49:13 - Setting: 'acuris_pep_res' was not found in mapping table
2025-04-30 12:49:13 - Setting: 'captcha-login-allowed-HR' was not found in mapping table
2025-04-30 12:49:13 - Setting: 'captcha-login-allowed-NL' was not found in mapping table
2025-04-30 12:49:13 - Setting: 'captcha-login-allowed-IE' was not found in mapping table
2025-04-30 12:49:13 - Setting: 'acuris-monitor' was not found in mapping table
2025-04-30 12:49:13 - Setting: 'test_account' was not found in mapping table
2025-04-30 12:49:13 - Setting: 'captcha-login-allowed-LV' was not found in mapping table
2025-04-30 12:49:13 - Setting: 'captcha-login-allowed-BG' was not found in mapping table
2025-04-30 12:49:13 - Setting: 'captcha-login-allowed-DE' was not found in mapping table
2025-04-30 12:49:13 - Setting: 'captcha-login-allowed-EE' was not found in mapping table
2025-04-30 12:49:13 - Setting: 'captcha-login-allowed-UA' was not found in mapping table
2025-04-30 12:49:13 - Setting: 'captcha-login-allowed-IN' was not found in mapping table
2025-04-30 12:49:13 - Setting: 'captcha-login-allowed-NO' was not found in mapping table
2025-04-30 12:49:13 - Setting: 'captcha-login-allowed-CA' was not found in mapping table
2025-04-30 12:49:13 - Setting: 'c100_id' was not found in mapping table
2025-04-30 12:49:13 - Setting: 'muchbetter_mobile' was not found in mapping table
2025-04-30 12:49:13 - Setting: 'captcha-login-allowed-CG' was not found in mapping table
2025-04-30 12:49:13 - Setting: 'mifinity_mobile' was not found in mapping table
2025-04-30 12:49:13 - Setting: 'has_mifinity' was not found in mapping table
2025-04-30 12:49:13 - Setting: 'minfraud-risk-score' was not found in mapping table
2025-04-30 12:49:13 - Setting: 'minfraud-result' was not found in mapping table
2025-04-30 12:49:13 - Setting: 'xp-points' was not found in mapping table
2025-04-30 12:49:13 - Setting: 'mifinity_account' was not found in mapping table
2025-04-30 12:49:13 - Setting: 'bos_mobile_search_filter_selection' was not found in mapping table
2025-04-30 12:49:13 - Setting: 'deposit-freeroll-num' was not found in mapping table
2025-04-30 12:49:13 - Setting: 'mp-hiw-types-understood' was not found in mapping table
2025-04-30 12:49:13 - Setting: 'registration_end_date' was not found in mapping table
2025-04-30 12:49:13 - Setting: 'freeroll-tester' was not found in mapping table
2025-04-30 12:49:13 - Setting: 'manual_adjustment-fraud-flag' was not found in mapping table
2025-04-30 12:49:13 - Setting: 'hashed_uuid' was not found in mapping table
2025-04-30 12:49:13 - Setting: 'viewed-resp-gaming' was not found in mapping table
2025-04-30 12:49:13 - Setting: 'occupation' was not found in mapping table
2025-04-30 12:49:13 - Setting: 'spending_amount' was not found in mapping table
2025-04-30 12:49:13 - Setting: 'generic_communications' was not found in mapping table
2025-04-30 12:49:13 - Setting: 'bonus-to-single-account-monthly' was not found in mapping table
2025-04-30 12:49:13 - Setting: 'tc-version-sports' was not found in mapping table
2025-04-30 12:49:13 - Setting: 'mp-hiw-general-understood' was not found in mapping table
2025-04-30 12:49:13 - Setting: 'captcha-login-allowed-US' was not found in mapping table
2025-04-30 12:49:13 - Setting: 'captcha-login-allowed-GI' was not found in mapping table
2025-04-30 12:49:13 - Setting: 'acuris_error_monitor' was not found in mapping table
2025-04-30 12:49:13 - Setting: 'source_of_funds_status' was not found in mapping table
2025-04-30 12:49:13 - Setting: 'nationality' was not found in mapping table
2025-04-30 12:49:13 - Setting: 'birth_country' was not found in mapping table
2025-04-30 12:49:13 - Setting: 'should_do_intended_gambling' was not found in mapping table
2025-04-30 12:49:13 - Setting: 'pending_AcurisV1_monitoring' was not found in mapping table
2025-04-30 12:49:13 - Setting: 'acuris_monitor_processed' was not found in mapping table
2025-04-30 12:49:13 - Setting: 'intended_gambling' was not found in mapping table
2025-04-30 12:49:13 - Setting: 'id3global_pep_res' was not found in mapping table
2025-04-30 12:49:13 - Setting: 'place_of_birth' was not found in mapping table
2025-04-30 12:49:13 - Setting: 'super-blocked' was not found in mapping table
2025-04-30 12:49:13 - Setting: 'play_block' was not found in mapping table
2025-04-30 12:49:13 - Setting: 'deposit_block' was not found in mapping table
2025-04-30 12:49:13 - Setting: 'booster_vault' was not found in mapping table
2025-04-30 12:49:13 - Setting: 'registration_in_progress' was not found in mapping table
2025-04-30 12:49:13 - Setting: 'similar_fraud' was not found in mapping table
2025-04-30 12:49:13 - Setting: 'rg-risk-group' was not found in mapping table
2025-04-30 12:49:13 - Setting: 'force_self_assessment_test' was not found in mapping table
2025-04-30 12:49:13 - Setting: 'force_deposit_limit' was not found in mapping table
2025-04-30 12:49:13 - Setting: 'failed_logins' was not found in mapping table
2025-04-30 12:49:13 - Setting: 'verified' was not found in mapping table
2025-04-30 12:49:13 - Setting: 'last-spelpaus-check' was not found in mapping table
2025-04-30 12:49:13 - Setting: 'cur-spelpaus' was not found in mapping table
2025-04-30 12:49:13 - Setting: 'brand_check_in_progress' was not found in mapping table
2025-04-30 12:49:13 - Setting: 'closed_loop_cleared' was not found in mapping table
2025-04-30 12:49:13 - Setting: 'verified-nid' was not found in mapping table
2025-04-30 12:49:13 - Setting: 'has_' was not found in mapping table
2025-04-30 12:49:13 - Setting: 'nid_extra' was not found in mapping table
2025-04-30 12:49:13 - Setting: 'xp-level' was not found in mapping table
2025-04-30 12:49:13 - Setting: 'excluded-date' was not found in mapping table
2025-04-30 12:49:13 - Setting: 'unexclude-date' was not found in mapping table
2025-04-30 12:49:13 - Setting: 'pwd-change-on-next-login' was not found in mapping table
2025-04-30 12:49:13 - Setting: 'privacy-pinfo-hidealias' was not found in mapping table
2025-04-30 12:49:13 - Setting: 'privacy-pinfo-hidename' was not found in mapping table
2025-04-30 12:49:13 - Setting: 'RG21-popup-shown' was not found in mapping table
2025-04-30 12:49:14 - Setting: 'external-excluded' was not found in mapping table
2025-04-30 12:49:14 - Setting: 'RG35-popup-shown' was not found in mapping table
2025-04-30 12:49:15 - Setting: 'pre-spelpaus' was not found in mapping table
2025-04-30 12:49:15 - Setting: 'external-unexcluded-date' was not found in mapping table
2025-04-30 12:49:15 - Setting: 'c101_id' was not found in mapping table
2025-04-30 12:49:16 - Setting: 'lock-hours' was not found in mapping table
2025-04-30 12:49:16 - Setting: 'lock-date' was not found in mapping table
2025-04-30 12:49:16 - Setting: 'unlock-date' was not found in mapping table
2025-04-30 12:49:17 - Setting: 'pwd_changed' was not found in mapping table
2025-04-30 12:49:19 - Setting: 'aml-risk-group' was not found in mapping table
2025-04-30 12:49:19 - Setting: 'restrict' was not found in mapping table
2025-04-30 12:49:22 - Setting: 'suspicious-email-fraud-flag' was not found in mapping table
2025-04-30 12:49:22 - Setting: 'total-withdrawal-amount-limit-reached-fraud-flag' was not found in mapping table
2025-04-30 12:49:22 - Setting: 'last_recurrent_personal_check' was not found in mapping table
2025-04-30 12:49:23 - Setting: 'unexcluded-date' was not found in mapping table
2025-04-30 12:49:23 - Setting: 'aml-weekly-follow-up' was not found in mapping table
2025-04-30 12:49:23 - Setting: 'manual-fraud-flag' was not found in mapping table
2025-04-30 12:49:23 - Setting: 'restriction_reason' was not found in mapping table
2025-04-30 12:49:24 - Setting: 'has_trustly' was not found in mapping table
2025-04-30 12:49:25 - Setting: 'swish_mobile' was not found in mapping table
2025-04-30 12:49:30 - Setting: 'tac_block_sports' was not found in mapping table
2025-04-30 12:49:32 - Setting: 'liability-fraud-flag' was not found in mapping table
2025-04-30 12:49:33 - Setting: 'net-deposit-monthly-reset-email-sent' was not found in mapping table
2025-04-30 12:49:33 - Setting: 'nationality_required' was not found in mapping table
2025-04-30 12:49:33 - Setting: 'jurisdiction' was not found in mapping table
2025-04-30 12:49:33 - Setting: 'calling_code' was not found in mapping table
2025-04-30 12:49:35 - Setting: 'not_matching_receiver_name_cnt' was not found in mapping table
2025-04-30 12:49:35 - Setting: 'original_net_deposit_limit' was not found in mapping table
2025-04-30 12:49:35 - Setting: 'updated-occupation-data' was not found in mapping table
2025-04-30 12:49:35 - Setting: 'industry' was not found in mapping table
2025-04-30 12:49:36 - Setting: 'aml-grs-high-risk-profile-fraud-flag_created_at' was not found in mapping table
2025-04-30 12:49:36 - Setting: 'closed_loop_start_stamp' was not found in mapping table
2025-04-30 12:49:38 - Setting: 'change-cinfo-unlock-date' was not found in mapping table
2025-04-30 12:49:39 - Setting: 'rg_grs_frozen_till' was not found in mapping table
2025-04-30 12:49:39 - Setting: 'popup-shown-RG72' was not found in mapping table
2025-04-30 12:49:39 - Setting: 'email_code_verified' was not found in mapping table
2025-04-30 12:49:39 - Setting: 'tc-version' was not found in mapping table
2025-04-30 12:49:39 - Setting: 'pp-version' was not found in mapping table
2025-04-30 12:49:39 - Setting: 'email_code' was not found in mapping table
2025-04-30 12:49:39 - Setting: 'sms_code' was not found in mapping table
2025-04-30 12:49:39 - Setting: 'sms_code_verified' was not found in mapping table
2025-04-30 12:49:39 - Setting: 'uagent' was not found in mapping table
2025-04-30 12:49:39 - Setting: 'test_account' was not found in mapping table
2025-04-30 12:49:39 - Setting: 'has_privacy_settings' was not found in mapping table
2025-04-30 12:49:39 - Setting: 'last_pwd_update' was not found in mapping table
2025-04-30 12:49:39 - Setting: 'show_ps_after_first_dep' was not found in mapping table
2025-04-30 12:49:39 - Setting: 'acuris_full_res' was not found in mapping table
2025-04-30 12:49:39 - Setting: 'acuris_pep_res' was not found in mapping table
2025-04-30 12:49:39 - Setting: 'registration_in_progress' was not found in mapping table
2025-04-30 12:49:39 - Setting: 'acuris-monitor' was not found in mapping table
2025-04-30 12:49:39 - Setting: 'c100_id' was not found in mapping table
2025-04-30 12:49:39 - Setting: 'id3global_pep_res' was not found in mapping table
2025-04-30 12:49:39 - Setting: 'n-quick-deposits' was not found in mapping table
2025-04-30 12:49:39 - Setting: 'has_visa' was not found in mapping table
2025-04-30 12:49:39 - Setting: 'minfraud-risk-score' was not found in mapping table
2025-04-30 12:49:39 - Setting: 'minfraud-result' was not found in mapping table
2025-04-30 12:49:39 - Setting: 'loww-fraud-flag' was not found in mapping table
2025-04-30 12:49:39 - Setting: 'captcha-login-allowed-MT' was not found in mapping table
2025-04-30 12:49:39 - Setting: 'xp-points' was not found in mapping table
2025-04-30 12:49:39 - Setting: 'acuris-qrcode' was not found in mapping table
2025-04-30 12:49:39 - Setting: 'manual-fraud-flag' was not found in mapping table
2025-04-30 12:49:39 - Setting: 'acuris-alert' was not found in mapping table
2025-04-30 12:49:39 - Setting: 'registration_end_date' was not found in mapping table
2025-04-30 12:49:39 - Setting: 'mp-hiw-types-understood' was not found in mapping table
2025-04-30 12:49:39 - Setting: 'deposit-freeroll-num' was not found in mapping table
2025-04-30 12:49:39 - Setting: 'xp-level' was not found in mapping table
2025-04-30 12:49:39 - Setting: 'bos_mobile_search_filter_selection' was not found in mapping table
2025-04-30 12:49:39 - Setting: 'hashed_uuid' was not found in mapping table
2025-04-30 12:49:39 - Setting: 'viewed-resp-gaming' was not found in mapping table
2025-04-30 12:49:39 - Setting: 'occupation' was not found in mapping table
2025-04-30 12:49:39 - Setting: 'spending_amount' was not found in mapping table
2025-04-30 12:49:39 - Setting: 'has_mc' was not found in mapping table
2025-04-30 12:49:39 - Setting: 'captcha-login-allowed-HU' was not found in mapping table
2025-04-30 12:49:39 - Setting: 'otp_code' was not found in mapping table
2025-04-30 12:49:39 - Setting: 'tc-version-sports' was not found in mapping table
2025-04-30 12:49:39 - Setting: 'acuris_error_monitor' was not found in mapping table
2025-04-30 12:49:39 - Setting: 'acuris-resourceId' was not found in mapping table
2025-04-30 12:49:39 - Setting: 'should_do_intended_gambling' was not found in mapping table
2025-04-30 12:49:39 - Setting: 'intended_gambling' was not found in mapping table
2025-04-30 12:49:39 - Setting: 'nationality' was not found in mapping table
2025-04-30 12:49:39 - Setting: 'birth_country' was not found in mapping table
2025-04-30 12:49:39 - Setting: 'pending_AcurisV1_monitoring' was not found in mapping table
2025-04-30 12:49:39 - Setting: 'acuris_monitor_processed' was not found in mapping table
2025-04-30 12:49:39 - Setting: 'super-blocked' was not found in mapping table
2025-04-30 12:49:39 - Setting: 'place_of_birth' was not found in mapping table
2025-04-30 12:49:39 - Setting: 'pwd_changed' was not found in mapping table
2025-04-30 12:49:39 - Setting: 'booster_vault' was not found in mapping table
2025-04-30 12:49:39 - Setting: 'failed_logins' was not found in mapping table
2025-04-30 12:49:39 - Setting: 'bonus-to-single-account-monthly' was not found in mapping table
2025-04-30 12:49:39 - Setting: 'freeroll-tester' was not found in mapping table
2025-04-30 12:49:39 - Setting: 'verified' was not found in mapping table
2025-04-30 12:49:39 - Setting: 'last-spelpaus-check' was not found in mapping table
2025-04-30 12:49:39 - Setting: 'cur-spelpaus' was not found in mapping table
2025-04-30 12:49:39 - Setting: 'similar_fraud' was not found in mapping table
2025-04-30 12:49:39 - Setting: 'dont_verify_on_login' was not found in mapping table
2025-04-30 12:49:39 - Setting: 'restrict' was not found in mapping table
2025-04-30 12:49:39 - Setting: 'last-gamstop-check' was not found in mapping table
2025-04-30 12:49:39 - Setting: 'cur-gamstop' was not found in mapping table
2025-04-30 12:49:39 - Setting: 'id3global_full_res' was not found in mapping table
2025-04-30 12:49:39 - Setting: 'id3global_res' was not found in mapping table
2025-04-30 12:49:39 - Setting: 'id3global_requested_at' was not found in mapping table
2025-04-30 12:49:39 - Setting: 'experian_block' was not found in mapping table
2025-04-30 12:49:39 - Setting: 'deposit_block' was not found in mapping table
2025-04-30 12:49:39 - Setting: 'closed_loop_cleared' was not found in mapping table
2025-04-30 12:49:39 - Setting: 'verified-nid' was not found in mapping table
2025-04-30 12:49:39 - Setting: 'brand_check_in_progress' was not found in mapping table
2025-04-30 12:49:39 - Setting: 'has_' was not found in mapping table
2025-04-30 12:49:39 - Setting: 'nid_extra' was not found in mapping table
2025-04-30 12:49:39 - Setting: 'closed_account' was not found in mapping table
2025-04-30 12:49:39 - Setting: 'liability-fraud-flag' was not found in mapping table
2025-04-30 12:49:39 - Setting: 'excluded-date' was not found in mapping table
2025-04-30 12:49:39 - Setting: 'unexclude-date' was not found in mapping table
2025-04-30 12:49:40 - Setting: 'external-excluded' was not found in mapping table
2025-04-30 12:49:40 - Setting: 'privacy-pinfo-hidename' was not found in mapping table
2025-04-30 12:49:40 - Setting: 'privacy-pinfo-hidealias' was not found in mapping table
2025-04-30 12:49:40 - Setting: 'RG35-popup-shown' was not found in mapping table
2025-04-30 12:49:40 - Setting: 'pre-spelpaus' was not found in mapping table
2025-04-30 12:49:40 - Setting: 'realtime_updates' was not found in mapping table
2025-04-30 12:49:40 - Setting: 'calls' was not found in mapping table
2025-04-30 12:49:40 - Setting: 'show_in_events' was not found in mapping table
2025-04-30 12:49:40 - Setting: 'show_notifications' was not found in mapping table
2025-04-30 12:49:42 - Setting: 'c101_id' was not found in mapping table
2025-04-30 12:49:43 - Setting: 'external-unexcluded-date' was not found in mapping table
2025-04-30 12:49:43 - Setting: 'generic_communications' was not found in mapping table
2025-04-30 12:49:44 - Setting: 'rg-risk-group' was not found in mapping table
2025-04-30 12:49:45 - Setting: 'pwd-change-on-next-login' was not found in mapping table
2025-04-30 12:49:45 - Setting: 'lock-hours' was not found in mapping table
2025-04-30 12:49:45 - Setting: 'lock-date' was not found in mapping table
2025-04-30 12:49:45 - Setting: 'unlock-date' was not found in mapping table
2025-04-30 12:49:45 - Setting: 'aml-risk-group' was not found in mapping table
2025-04-30 12:49:47 - Setting: 'force_self_assessment_test' was not found in mapping table
2025-04-30 12:49:47 - Setting: 'total-withdrawal-amount-limit-reached-fraud-flag' was not found in mapping table
2025-04-30 12:49:47 - Setting: 'last_recurrent_personal_check' was not found in mapping table
2025-04-30 12:49:47 - Setting: 'suspicious-email-fraud-flag' was not found in mapping table
2025-04-30 12:49:48 - Setting: 'restriction_reason' was not found in mapping table
2025-04-30 12:49:48 - Setting: 'play_block' was not found in mapping table
2025-04-30 12:49:48 - Setting: 'unexcluded-date' was not found in mapping table
2025-04-30 12:49:49 - Setting: 'has_trustly' was not found in mapping table
2025-04-30 12:49:49 - Setting: 'aml-weekly-follow-up' was not found in mapping table
2025-04-30 12:49:51 - Setting: 'swish_mobile' was not found in mapping table
2025-04-30 12:49:53 - Setting: 'manual_adjustment-fraud-flag' was not found in mapping table
2025-04-30 12:49:55 - Setting: 'tac_block_sports' was not found in mapping table
2025-04-30 12:49:58 - Setting: 'nationality_required' was not found in mapping table
2025-04-30 12:49:58 - Setting: 'jurisdiction' was not found in mapping table
2025-04-30 12:49:58 - Setting: 'calling_code' was not found in mapping table
2025-04-30 12:50:00 - Setting: 'not_matching_receiver_name_cnt' was not found in mapping table
2025-04-30 12:50:01 - Setting: 'closed_loop_start_stamp' was not found in mapping table
2025-04-30 12:50:01 - Setting: 'withdrawal_block' was not found in mapping table
2025-04-30 12:50:04 - Setting: 'main_province' was not found in mapping table
2025-04-30 12:50:04 - Setting: 'change-cinfo-unlock-date' was not found in mapping table
2025-04-30 12:50:05 - Setting: 'original_net_deposit_limit' was not found in mapping table
2025-04-30 12:50:05 - Setting: 'updated-occupation-data' was not found in mapping table
2025-04-30 12:50:05 - Setting: 'industry' was not found in mapping table
2025-04-30 12:50:06 - Setting: 'rg_grs_frozen_till' was not found in mapping table
2025-04-30 12:50:06 - Setting: 'email_code_verified' was not found in mapping table
2025-04-30 12:50:06 - Setting: 'tc-version' was not found in mapping table
2025-04-30 12:50:06 - Setting: 'pp-version' was not found in mapping table
2025-04-30 12:50:06 - Setting: 'email_code' was not found in mapping table
2025-04-30 12:50:06 - Setting: 'sms_code' was not found in mapping table
2025-04-30 12:50:06 - Setting: 'sms_code_verified' was not found in mapping table
2025-04-30 12:50:06 - Setting: 'uagent' was not found in mapping table
2025-04-30 12:50:06 - Setting: 'has_privacy_settings' was not found in mapping table
2025-04-30 12:50:06 - Setting: 'last_pwd_update' was not found in mapping table
2025-04-30 12:50:06 - Setting: 'show_ps_after_first_dep' was not found in mapping table
2025-04-30 12:50:06 - Setting: 'registration_in_progress' was not found in mapping table
2025-04-30 12:50:06 - Setting: 'test_account' was not found in mapping table
2025-04-30 12:50:06 - Setting: 'captcha-login-allowed-MT' was not found in mapping table
2025-04-30 12:50:06 - Setting: 'no-deposit-mail-times-2' was not found in mapping table
2025-04-30 12:50:06 - Setting: 'no-deposit-mail-times' was not found in mapping table
2025-04-30 12:50:06 - Setting: 'acuris_full_res' was not found in mapping table
2025-04-30 12:50:06 - Setting: 'acuris_pep_res' was not found in mapping table
2025-04-30 12:50:06 - Setting: 'acuris-monitor' was not found in mapping table
2025-04-30 12:50:06 - Setting: 'c100_id' was not found in mapping table
2025-04-30 12:50:06 - Setting: 'bonus-to-single-account-monthly' was not found in mapping table
2025-04-30 12:50:06 - Setting: 'registration_end_date' was not found in mapping table
2025-04-30 12:50:06 - Setting: 'mp-hiw-types-understood' was not found in mapping table
2025-04-30 12:50:06 - Setting: 'super-blocked' was not found in mapping table
2025-04-30 12:50:06 - Setting: 'hashed_uuid' was not found in mapping table
2025-04-30 12:50:06 - Setting: 'acuris_error_monitor' was not found in mapping table
2025-04-30 12:50:06 - Setting: 'viewed-resp-gaming' was not found in mapping table
2025-04-30 12:50:06 - Setting: 'occupation' was not found in mapping table
2025-04-30 12:50:06 - Setting: 'spending_amount' was not found in mapping table
2025-04-30 12:50:06 - Setting: 'id3global_pep_res' was not found in mapping table
2025-04-30 12:50:06 - Setting: 'bos_mobile_search_filter_selection' was not found in mapping table
2025-04-30 12:50:06 - Setting: 'tc-version-sports' was not found in mapping table
2025-04-30 12:50:06 - Setting: 'nationality' was not found in mapping table
2025-04-30 12:50:06 - Setting: 'birth_country' was not found in mapping table
2025-04-30 12:50:06 - Setting: 'should_do_intended_gambling' was not found in mapping table
2025-04-30 12:50:06 - Setting: 'pending_AcurisV1_monitoring' was not found in mapping table
2025-04-30 12:50:06 - Setting: 'intended_gambling' was not found in mapping table
2025-04-30 12:50:06 - Setting: 'acuris_monitor_processed' was not found in mapping table
2025-04-30 12:50:06 - Setting: 'failed_logins' was not found in mapping table
2025-04-30 12:50:06 - Setting: 'booster_vault' was not found in mapping table
2025-04-30 12:50:06 - Setting: 'minfraud-risk-score' was not found in mapping table
2025-04-30 12:50:06 - Setting: 'minfraud-result' was not found in mapping table
2025-04-30 12:50:06 - Setting: 'place_of_birth' was not found in mapping table
2025-04-30 12:50:06 - Setting: 'closed_loop_cleared' was not found in mapping table
2025-04-30 12:50:06 - Setting: 'deposit-freeroll-num' was not found in mapping table
2025-04-30 12:50:06 - Setting: 'freeroll-tester' was not found in mapping table
2025-04-30 12:50:06 - Setting: 'verified' was not found in mapping table
2025-04-30 12:50:06 - Setting: 'verified-nid' was not found in mapping table
2025-04-30 12:50:06 - Setting: 'similar_fraud' was not found in mapping table
2025-04-30 12:50:06 - Setting: 'xp-points' was not found in mapping table
2025-04-30 12:50:06 - Setting: 'xp-level' was not found in mapping table
2025-04-30 12:50:06 - Setting: 'last-spelpaus-check' was not found in mapping table
2025-04-30 12:50:06 - Setting: 'cur-spelpaus' was not found in mapping table
2025-04-30 12:50:06 - Setting: 'has_' was not found in mapping table
2025-04-30 12:50:06 - Setting: 'nid_extra' was not found in mapping table
2025-04-30 12:50:06 - Setting: 'excluded-date' was not found in mapping table
2025-04-30 12:50:06 - Setting: 'unexclude-date' was not found in mapping table
2025-04-30 12:50:06 - Setting: 'RG35-popup-shown' was not found in mapping table
2025-04-30 12:50:06 - Setting: 'realtime_updates' was not found in mapping table
2025-04-30 12:50:06 - Setting: 'calls' was not found in mapping table
2025-04-30 12:50:06 - Setting: 'show_in_events' was not found in mapping table
2025-04-30 12:50:06 - Setting: 'show_notifications' was not found in mapping table
2025-04-30 12:50:06 - Setting: 'RG32-popup-shown' was not found in mapping table
2025-04-30 12:50:06 - Setting: 'privacy-pinfo-hidealias' was not found in mapping table
2025-04-30 12:50:06 - Setting: 'external-excluded' was not found in mapping table
2025-04-30 12:50:06 - Setting: 'RG8-popup-shown' was not found in mapping table
2025-04-30 12:50:06 - Setting: 'pre-spelpaus' was not found in mapping table
2025-04-30 12:50:06 - Setting: 'experian_block' was not found in mapping table
2025-04-30 12:50:07 - Setting: 'privacy-pinfo-hidename' was not found in mapping table
2025-04-30 12:50:08 - Setting: 'rg-risk-group' was not found in mapping table
2025-04-30 12:50:08 - Setting: 'c101_id' was not found in mapping table
2025-04-30 12:50:08 - Setting: 'external-unexcluded-date' was not found in mapping table
2025-04-30 12:50:09 - Setting: 'generic_communications' was not found in mapping table
2025-04-30 12:50:09 - Setting: 'lock-hours' was not found in mapping table
2025-04-30 12:50:09 - Setting: 'lock-date' was not found in mapping table
2025-04-30 12:50:09 - Setting: 'unlock-date' was not found in mapping table
2025-04-30 12:50:10 - Setting: 'aml-risk-group' was not found in mapping table
2025-04-30 12:50:11 - Setting: 'play_block' was not found in mapping table
2025-04-30 12:50:13 - Setting: 'total-withdrawal-amount-limit-reached-fraud-flag' was not found in mapping table
2025-04-30 12:50:13 - Setting: 'last_recurrent_personal_check' was not found in mapping table
2025-04-30 12:50:13 - Setting: 'deposit_block' was not found in mapping table
2025-04-30 12:50:13 - Setting: 'suspicious-email-fraud-flag' was not found in mapping table
2025-04-30 12:50:14 - Setting: 'aml52-payout-details-requested' was not found in mapping table
2025-04-30 12:50:15 - Setting: 'unexcluded-date' was not found in mapping table
2025-04-30 12:50:15 - Setting: 'has_trustly' was not found in mapping table
2025-04-30 12:50:16 - Setting: 'popup-shown-RG30' was not found in mapping table
2025-04-30 12:50:16 - Setting: 'force_self_assessment_test' was not found in mapping table
2025-04-30 12:50:16 - Setting: 'acuris-qrcode' was not found in mapping table
2025-04-30 12:50:17 - Setting: 'swish_mobile' was not found in mapping table
2025-04-30 12:50:18 - Setting: 'not_matching_receiver_name_cnt' was not found in mapping table
2025-04-30 12:50:19 - Setting: 'withdraw_last_24_hours_limit-fraud-flag' was not found in mapping table
2025-04-30 12:50:20 - Setting: 'pwd_changed' was not found in mapping table
2025-04-30 12:50:21 - Setting: 'tac_block_sports' was not found in mapping table
2025-04-30 12:50:21 - Setting: 'manual_adjustment-fraud-flag' was not found in mapping table
2025-04-30 12:50:22 - Setting: 'liability-fraud-flag' was not found in mapping table
2025-04-30 12:50:23 - Setting: 'updated-occupation-data' was not found in mapping table
2025-04-30 12:50:23 - Setting: 'industry' was not found in mapping table
2025-04-30 12:50:23 - Setting: 'nationality_required' was not found in mapping table
2025-04-30 12:50:23 - Setting: 'jurisdiction' was not found in mapping table
2025-04-30 12:50:24 - Setting: 'calling_code' was not found in mapping table
2025-04-30 12:50:24 - Setting: 'manual-fraud-flag' was not found in mapping table
2025-04-30 12:50:26 - Setting: 'closed_loop_start_stamp' was not found in mapping table
2025-04-30 12:50:26 - Setting: 'original_net_deposit_limit' was not found in mapping table
2025-04-30 12:50:27 - Setting: 'net-deposit-monthly-reset-email-sent' was not found in mapping table
2025-04-30 12:50:27 - Setting: 'change-cinfo-unlock-date' was not found in mapping table
2025-04-30 12:50:29 - Setting: 'aml-grs-high-risk-profile-fraud-flag_created_at' was not found in mapping table
2025-04-30 12:50:29 - Setting: 'rg_grs_frozen_till' was not found in mapping table
2025-04-30 12:50:29 - Setting: 'email_code_verified' was not found in mapping table
2025-04-30 12:50:29 - Setting: 'tc-version' was not found in mapping table
2025-04-30 12:50:29 - Setting: 'pp-version' was not found in mapping table
2025-04-30 12:50:29 - Setting: 'email_code' was not found in mapping table
2025-04-30 12:50:29 - Setting: 'sms_code' was not found in mapping table
2025-04-30 12:50:29 - Setting: 'sms_code_verified' was not found in mapping table
2025-04-30 12:50:29 - Setting: 'uagent' was not found in mapping table
2025-04-30 12:50:29 - Setting: 'has_privacy_settings' was not found in mapping table
2025-04-30 12:50:29 - Setting: 'show_ps_after_first_dep' was not found in mapping table
2025-04-30 12:50:29 - Setting: 'has_handelsbanken' was not found in mapping table
2025-04-30 12:50:29 - Setting: 'xp-points' was not found in mapping table
2025-04-30 12:50:29 - Setting: 'xp-level' was not found in mapping table
2025-04-30 12:50:29 - Setting: 'captcha-login-allowed-MT' was not found in mapping table
2025-04-30 12:50:29 - Setting: 'last_pwd_update' was not found in mapping table
2025-04-30 12:50:29 - Setting: 'no-deposit-mail-times-2' was not found in mapping table
2025-04-30 12:50:29 - Setting: 'no-deposit-mail-times' was not found in mapping table
2025-04-30 12:50:29 - Setting: 'play_block' was not found in mapping table
2025-04-30 12:50:29 - Setting: 'deposit_block' was not found in mapping table
2025-04-30 12:50:29 - Setting: 'acuris-monitor' was not found in mapping table
2025-04-30 12:50:29 - Setting: 'acuris_full_res' was not found in mapping table
2025-04-30 12:50:29 - Setting: 'acuris_pep_res' was not found in mapping table
2025-04-30 12:50:29 - Setting: 'test_account' was not found in mapping table
2025-04-30 12:50:29 - Setting: 'c100_id' was not found in mapping table
2025-04-30 12:50:29 - Setting: 'id3global_pep_res' was not found in mapping table
2025-04-30 12:50:29 - Setting: 'generic_communications' was not found in mapping table
2025-04-30 12:50:29 - Setting: 'super-blocked' was not found in mapping table
2025-04-30 12:50:29 - Setting: 'registration_in_progress' was not found in mapping table
2025-04-30 12:50:29 - Setting: 'failed_logins' was not found in mapping table
2025-04-30 12:50:29 - Setting: 'captcha-login-allowed-SE' was not found in mapping table
2025-04-30 12:50:29 - Setting: 'source_of_funds_status' was not found in mapping table
2025-04-30 12:50:29 - Setting: 'manual_adjustment-fraud-flag' was not found in mapping table
2025-04-30 12:50:29 - Setting: 'acuris-alert' was not found in mapping table
2025-04-30 12:50:29 - Setting: 'last-gamstop-check' was not found in mapping table
2025-04-30 12:50:29 - Setting: 'cur-gamstop' was not found in mapping table
2025-04-30 12:50:29 - Setting: 'pre-gamstop' was not found in mapping table
2025-04-30 12:50:29 - Setting: 'experian_res' was not found in mapping table
2025-04-30 12:50:29 - Setting: 'id3global_full_res' was not found in mapping table
2025-04-30 12:50:29 - Setting: 'id3global_res' was not found in mapping table
2025-04-30 12:50:29 - Setting: 'experian_block' was not found in mapping table
2025-04-30 12:50:29 - Setting: 'viewed-account-policy' was not found in mapping table
2025-04-30 12:50:29 - Setting: 'dont_verify_on_login' was not found in mapping table
2025-04-30 12:50:29 - Setting: 'verified' was not found in mapping table
2025-04-30 12:50:29 - Setting: 'bonus-to-single-account-monthly' was not found in mapping table
2025-04-30 12:50:29 - Setting: 'nid_data' was not found in mapping table
2025-04-30 12:50:29 - Setting: 'verified-nid' was not found in mapping table
2025-04-30 12:50:29 - Setting: 'captcha-login-allowed-NL' was not found in mapping table
2025-04-30 12:50:29 - Setting: 'bos_mobile_search_filter_selection' was not found in mapping table
2025-04-30 12:50:29 - Setting: 'captcha-login-allowed-AT' was not found in mapping table
2025-04-30 12:50:29 - Setting: 'mp-hiw-general-understood' was not found in mapping table
2025-04-30 12:50:29 - Setting: 'mp-hiw-types-understood' was not found in mapping table
2025-04-30 12:50:29 - Setting: 'registration_end_date' was not found in mapping table
2025-04-30 12:50:29 - Setting: 'reg-dep-lim-prompt' was not found in mapping table
2025-04-30 12:50:29 - Setting: 'viewed-resp-gaming' was not found in mapping table
2025-04-30 12:50:29 - Setting: 'occupation' was not found in mapping table
2025-04-30 12:50:29 - Setting: 'spending_amount' was not found in mapping table
2025-04-30 12:50:29 - Setting: 'tc-version-sports' was not found in mapping table
2025-04-30 12:50:29 - Setting: 'hashed_uuid' was not found in mapping table
2025-04-30 12:50:29 - Setting: 'nationality' was not found in mapping table
2025-04-30 12:50:29 - Setting: 'birth_country' was not found in mapping table
2025-04-30 12:50:29 - Setting: 'should_do_intended_gambling' was not found in mapping table
2025-04-30 12:50:29 - Setting: 'intended_gambling' was not found in mapping table
2025-04-30 12:50:29 - Setting: 'place_of_birth' was not found in mapping table
2025-04-30 12:50:29 - Setting: 'booster_vault' was not found in mapping table
2025-04-30 12:50:29 - Setting: 'minfraud-risk-score' was not found in mapping table
2025-04-30 12:50:29 - Setting: 'minfraud-result' was not found in mapping table
2025-04-30 12:50:29 - Setting: 'similar_fraud' was not found in mapping table
2025-04-30 12:50:29 - Setting: 'freeroll-tester' was not found in mapping table
2025-04-30 12:50:29 - Setting: 'closed_loop_cleared' was not found in mapping table
2025-04-30 12:50:29 - Setting: 'deposit-freeroll-num' was not found in mapping table
2025-04-30 12:50:29 - Setting: 'brand_check_in_progress' was not found in mapping table
2025-04-30 12:50:29 - Setting: 'last-spelpaus-check' was not found in mapping table
2025-04-30 12:50:29 - Setting: 'cur-spelpaus' was not found in mapping table
2025-04-30 12:50:29 - Setting: 'has_' was not found in mapping table
2025-04-30 12:50:29 - Setting: 'nid_extra' was not found in mapping table
2025-04-30 12:50:29 - Setting: 'excluded-date' was not found in mapping table
2025-04-30 12:50:29 - Setting: 'unexclude-date' was not found in mapping table
2025-04-30 12:50:29 - Setting: 'pwd-change-on-next-login' was not found in mapping table
2025-04-30 12:50:29 - Setting: 'privacy-pinfo-hidealias' was not found in mapping table
2025-04-30 12:50:30 - Setting: 'RG35-popup-shown' was not found in mapping table
2025-04-30 12:50:30 - Setting: 'external-excluded' was not found in mapping table
2025-04-30 12:50:30 - Setting: 'lock-hours' was not found in mapping table
2025-04-30 12:50:30 - Setting: 'lock-date' was not found in mapping table
2025-04-30 12:50:30 - Setting: 'unlock-date' was not found in mapping table
2025-04-30 12:50:30 - Setting: 'RG21-popup-shown' was not found in mapping table
2025-04-30 12:50:30 - Setting: 'RG8-popup-shown' was not found in mapping table
2025-04-30 12:50:30 - Setting: 'RG29-popup-shown' was not found in mapping table
2025-04-30 12:50:30 - Setting: 'pre-spelpaus' was not found in mapping table
2025-04-30 12:50:30 - Setting: 'external-unexcluded-date' was not found in mapping table
2025-04-30 12:50:30 - Setting: 'privacy-pinfo-hidename' was not found in mapping table
2025-04-30 12:50:31 - Setting: 'c101_id' was not found in mapping table
2025-04-30 12:50:31 - Setting: 'realtime_updates' was not found in mapping table
2025-04-30 12:50:31 - Setting: 'calls' was not found in mapping table
2025-04-30 12:50:31 - Setting: 'show_in_events' was not found in mapping table
2025-04-30 12:50:31 - Setting: 'show_notifications' was not found in mapping table
2025-04-30 12:50:32 - Setting: 'rg-risk-group' was not found in mapping table
2025-04-30 12:50:32 - Setting: 'gtm_deposit_3000008516_visa_25' was not found in mapping table
2025-04-30 12:50:32 - Setting: 'gtm_deposit_3000008516_trustly_10' was not found in mapping table
2025-04-30 12:50:33 - Setting: 'tac_block' was not found in mapping table
2025-04-30 12:50:33 - Setting: 'gtm_deposit_3000008686_trustly_10' was not found in mapping table
2025-04-30 12:50:34 - Setting: 'gtm_deposit_3000008686_trustly_1' was not found in mapping table
2025-04-30 12:50:34 - Setting: 'gtm_deposit_3000008686_trustly_25' was not found in mapping table
2025-04-30 12:50:35 - Setting: 'aml-risk-group' was not found in mapping table
2025-04-30 12:50:35 - Setting: 'pwd_changed' was not found in mapping table
2025-04-30 12:50:36 - Setting: 'last_recurrent_personal_check' was not found in mapping table
2025-04-30 12:50:36 - Setting: 'suspicious-email-fraud-flag' was not found in mapping table
2025-04-30 12:50:36 - Setting: 'unexcluded-date' was not found in mapping table
2025-04-30 12:50:36 - Setting: 'net-deposit-monthly-reset-email-sent' was not found in mapping table
2025-04-30 12:50:37 - Setting: 'aml-weekly-follow-up' was not found in mapping table
2025-04-30 12:50:37 - Setting: 'total-withdrawal-amount-limit-reached-fraud-flag' was not found in mapping table
2025-04-30 12:50:37 - Setting: 'restriction_reason' was not found in mapping table
2025-04-30 12:50:37 - Setting: 'restrict' was not found in mapping table
2025-04-30 12:50:37 - Setting: 'manual-fraud-flag' was not found in mapping table
2025-04-30 12:50:37 - Setting: 'force_deposit_limit' was not found in mapping table
2025-04-30 12:50:38 - Setting: 'has_trustly' was not found in mapping table
2025-04-30 12:50:39 - Setting: 'swish_mobile' was not found in mapping table
2025-04-30 12:50:40 - Setting: 'aml52-payout-details-requested' was not found in mapping table
2025-04-30 12:50:43 - Setting: 'liability-fraud-flag' was not found in mapping table
2025-04-30 12:50:43 - Setting: 'tac_block_sports' was not found in mapping table
2025-04-30 12:50:45 - Setting: 'aml-grs-high-risk-profile-fraud-flag_created_at' was not found in mapping table
2025-04-30 12:50:45 - Setting: 'nationality_required' was not found in mapping table
2025-04-30 12:50:45 - Setting: 'jurisdiction' was not found in mapping table
2025-04-30 12:50:46 - Setting: 'original_net_deposit_limit' was not found in mapping table
2025-04-30 12:50:46 - Setting: 'updated-occupation-data' was not found in mapping table
2025-04-30 12:50:46 - Setting: 'industry' was not found in mapping table
2025-04-30 12:50:46 - Setting: 'calling_code' was not found in mapping table
2025-04-30 12:50:46 - Setting: 'sar-flag' was not found in mapping table
2025-04-30 12:50:47 - Setting: 'not_matching_receiver_name_cnt' was not found in mapping table
2025-04-30 12:50:48 - Setting: 'closed_loop_start_stamp' was not found in mapping table
2025-04-30 12:50:49 - Setting: 'change-cinfo-unlock-date' was not found in mapping table
2025-04-30 12:50:51 - Setting: 'force_self_assessment_test' was not found in mapping table
2025-04-30 12:50:51 - Setting: 'rg_grs_frozen_till' was not found in mapping table
2025-04-30 12:50:51 - Setting: 'email_code_verified' was not found in mapping table
2025-04-30 12:50:51 - Setting: 'tc-version' was not found in mapping table
2025-04-30 12:50:51 - Setting: 'pp-version' was not found in mapping table
2025-04-30 12:50:51 - Setting: 'email_code' was not found in mapping table
2025-04-30 12:50:51 - Setting: 'sms_code' was not found in mapping table
2025-04-30 12:50:51 - Setting: 'sms_code_verified' was not found in mapping table
2025-04-30 12:50:51 - Setting: 'uagent' was not found in mapping table
2025-04-30 12:50:51 - Setting: 'has_privacy_settings' was not found in mapping table
2025-04-30 12:50:51 - Setting: 'show_ps_after_first_dep' was not found in mapping table
2025-04-30 12:50:51 - Setting: 'last_pwd_update' was not found in mapping table
2025-04-30 12:50:52 - Setting: 'no-deposit-mail-times-2' was not found in mapping table
2025-04-30 12:50:52 - Setting: 'no-deposit-mail-times' was not found in mapping table
2025-04-30 12:50:52 - Setting: 'acuris-monitor' was not found in mapping table
2025-04-30 12:50:52 - Setting: 'acuris_full_res' was not found in mapping table
2025-04-30 12:50:52 - Setting: 'acuris_pep_res' was not found in mapping table
2025-04-30 12:50:52 - Setting: 'test_account' was not found in mapping table
2025-04-30 12:50:52 - Setting: 'c100_id' was not found in mapping table
2025-04-30 12:50:52 - Setting: 'viewed-resp-gaming' was not found in mapping table
2025-04-30 12:50:52 - Setting: 'occupation' was not found in mapping table
2025-04-30 12:50:52 - Setting: 'spending_amount' was not found in mapping table
2025-04-30 12:50:52 - Setting: 'tc-version-sports' was not found in mapping table
2025-04-30 12:50:52 - Setting: 'hashed_uuid' was not found in mapping table
2025-04-30 12:50:52 - Setting: 'registration_end_date' was not found in mapping table
2025-04-30 12:50:52 - Setting: 'acuris_error_monitor' was not found in mapping table
2025-04-30 12:50:52 - Setting: 'should_do_intended_gambling' was not found in mapping table
2025-04-30 12:50:52 - Setting: 'intended_gambling' was not found in mapping table
2025-04-30 12:50:52 - Setting: 'nationality' was not found in mapping table
2025-04-30 12:50:52 - Setting: 'birth_country' was not found in mapping table
2025-04-30 12:50:52 - Setting: 'pending_AcurisV1_monitoring' was not found in mapping table
2025-04-30 12:50:52 - Setting: 'acuris_monitor_processed' was not found in mapping table
2025-04-30 12:50:52 - Setting: 'failed_logins' was not found in mapping table
2025-04-30 12:50:52 - Setting: 'registration_in_progress' was not found in mapping table
2025-04-30 12:50:52 - Setting: 'place_of_birth' was not found in mapping table
2025-04-30 12:50:52 - Setting: 'pwd_changed' was not found in mapping table
2025-04-30 12:50:52 - Setting: 'super-blocked' was not found in mapping table
2025-04-30 12:50:52 - Setting: 'booster_vault' was not found in mapping table
2025-04-30 12:50:52 - Setting: 'minfraud-risk-score' was not found in mapping table
2025-04-30 12:50:52 - Setting: 'minfraud-result' was not found in mapping table
2025-04-30 12:50:52 - Setting: 'privacy-pinfo-hidename' was not found in mapping table
2025-04-30 12:50:52 - Setting: 'id3global_pep_res' was not found in mapping table
2025-04-30 12:50:52 - Setting: 'xp-points' was not found in mapping table
2025-04-30 12:50:52 - Setting: 'freeroll-tester' was not found in mapping table
2025-04-30 12:50:52 - Setting: 'verified' was not found in mapping table
2025-04-30 12:50:52 - Setting: 'deposit-freeroll-num' was not found in mapping table
2025-04-30 12:50:52 - Setting: 'verified-nid' was not found in mapping table
2025-04-30 12:50:52 - Setting: 'brand_check_in_progress' was not found in mapping table
2025-04-30 12:50:52 - Setting: 'similar_fraud' was not found in mapping table
2025-04-30 12:50:52 - Setting: 'mp-hiw-types-understood' was not found in mapping table
2025-04-30 12:50:52 - Setting: 'realtime_updates' was not found in mapping table
2025-04-30 12:50:52 - Setting: 'calls' was not found in mapping table
2025-04-30 12:50:52 - Setting: 'show_in_events' was not found in mapping table
2025-04-30 12:50:52 - Setting: 'show_notifications' was not found in mapping table
2025-04-30 12:50:52 - Setting: 'closed_loop_cleared' was not found in mapping table
2025-04-30 12:50:52 - Setting: 'last-spelpaus-check' was not found in mapping table
2025-04-30 12:50:52 - Setting: 'cur-spelpaus' was not found in mapping table
2025-04-30 12:50:52 - Setting: 'has_' was not found in mapping table
2025-04-30 12:50:52 - Setting: 'nid_extra' was not found in mapping table
2025-04-30 12:50:52 - Setting: 'xp-level' was not found in mapping table
2025-04-30 12:50:52 - Setting: 'excluded-date' was not found in mapping table
2025-04-30 12:50:52 - Setting: 'unexclude-date' was not found in mapping table
2025-04-30 12:50:52 - Setting: 'external-excluded' was not found in mapping table
2025-04-30 12:50:52 - Setting: 'RG21-popup-shown' was not found in mapping table
2025-04-30 12:50:52 - Setting: 'privacy-pinfo-hidealias' was not found in mapping table
2025-04-30 12:50:52 - Setting: 'RG35-popup-shown' was not found in mapping table
2025-04-30 12:50:52 - Setting: 'RG30-popup-shown' was not found in mapping table
2025-04-30 12:50:53 - Setting: 'c101_id' was not found in mapping table
2025-04-30 12:50:53 - Setting: 'pre-spelpaus' was not found in mapping table
2025-04-30 12:50:54 - Setting: 'rg-risk-group' was not found in mapping table
2025-04-30 12:50:54 - Setting: 'generic_communications' was not found in mapping table
2025-04-30 12:50:55 - Setting: 'play_block' was not found in mapping table
2025-04-30 12:50:55 - Setting: 'external-unexcluded-date' was not found in mapping table
2025-04-30 12:50:55 - Setting: 'lock-hours' was not found in mapping table
2025-04-30 12:50:55 - Setting: 'lock-date' was not found in mapping table
2025-04-30 12:50:55 - Setting: 'unlock-date' was not found in mapping table
2025-04-30 12:50:57 - Setting: 'aml-risk-group' was not found in mapping table
2025-04-30 12:50:57 - Setting: 'sar-flag' was not found in mapping table
2025-04-30 12:50:57 - Setting: 'restrict' was not found in mapping table
2025-04-30 12:50:57 - Setting: 'deposit_block' was not found in mapping table
2025-04-30 12:50:57 - Setting: 'aml-weekly-follow-up' was not found in mapping table
2025-04-30 12:50:57 - Setting: 'manual-fraud-flag' was not found in mapping table
2025-04-30 12:50:58 - Setting: 'withdrawal_block' was not found in mapping table
2025-04-30 12:50:58 - Setting: 'last_recurrent_personal_check' was not found in mapping table
2025-04-30 12:50:58 - Setting: 'gtm_deposit_3000015217_trustly_25' was not found in mapping table
2025-04-30 12:50:58 - Setting: 'suspicious-email-fraud-flag' was not found in mapping table
2025-04-30 12:50:58 - Setting: 'restriction_reason' was not found in mapping table
2025-04-30 12:50:59 - Setting: 'total-withdrawal-amount-limit-reached-fraud-flag' was not found in mapping table
2025-04-30 12:50:59 - Setting: 'net-deposit-monthly-reset-email-sent' was not found in mapping table
2025-04-30 12:50:59 - Setting: 'force_self_assessment_test' was not found in mapping table
2025-04-30 12:50:59 - Setting: 'unexcluded-date' was not found in mapping table
2025-04-30 12:51:00 - Setting: 'has_trustly' was not found in mapping table
2025-04-30 12:51:01 - Setting: 'swish_mobile' was not found in mapping table
2025-04-30 12:51:03 - Setting: 'withdraw_last_24_hours_limit-fraud-flag' was not found in mapping table
2025-04-30 12:51:03 - Setting: 'manual_adjustment-fraud-flag' was not found in mapping table
2025-04-30 12:51:06 - Setting: 'tac_block_sports' was not found in mapping table
2025-04-30 12:51:06 - Setting: 'aml-grs-high-risk-profile-fraud-flag_created_at' was not found in mapping table
2025-04-30 12:51:08 - Setting: 'nationality_required' was not found in mapping table
2025-04-30 12:51:08 - Setting: 'liability-fraud-flag' was not found in mapping table
2025-04-30 12:51:08 - Setting: 'jurisdiction' was not found in mapping table
2025-04-30 12:51:08 - Setting: 'calling_code' was not found in mapping table
2025-04-30 12:51:09 - Setting: 'not_matching_receiver_name_cnt' was not found in mapping table
2025-04-30 12:51:10 - Setting: 'original_net_deposit_limit' was not found in mapping table
2025-04-30 12:51:10 - Setting: 'updated-occupation-data' was not found in mapping table
2025-04-30 12:51:10 - Setting: 'industry' was not found in mapping table
2025-04-30 12:51:10 - Setting: 'closed_loop_start_stamp' was not found in mapping table
2025-04-30 12:51:12 - Setting: 'change-cinfo-unlock-date' was not found in mapping table
2025-04-30 12:51:14 - Setting: 'email_code_verified' was not found in mapping table
2025-04-30 12:51:14 - Setting: 'tc-version' was not found in mapping table
2025-04-30 12:51:14 - Setting: 'pp-version' was not found in mapping table
2025-04-30 12:51:14 - Setting: 'email_code' was not found in mapping table
2025-04-30 12:51:14 - Setting: 'sms_code' was not found in mapping table
2025-04-30 12:51:14 - Setting: 'sms_code_verified' was not found in mapping table
2025-04-30 12:51:14 - Setting: 'uagent' was not found in mapping table
2025-04-30 12:51:14 - Setting: 'has_privacy_settings' was not found in mapping table
2025-04-30 12:51:14 - Setting: 'last_pwd_update' was not found in mapping table
2025-04-30 12:51:14 - Setting: 'show_ps_after_first_dep' was not found in mapping table
2025-04-30 12:51:14 - Setting: 'no-deposit-mail-times-2' was not found in mapping table
2025-04-30 12:51:14 - Setting: 'no-deposit-mail-times' was not found in mapping table
2025-04-30 12:51:14 - Setting: 'verified' was not found in mapping table
2025-04-30 12:51:14 - Setting: 'acuris-monitor' was not found in mapping table
2025-04-30 12:51:14 - Setting: 'acuris_full_res' was not found in mapping table
2025-04-30 12:51:14 - Setting: 'acuris_pep_res' was not found in mapping table
2025-04-30 12:51:14 - Setting: 'test_account' was not found in mapping table
2025-04-30 12:51:14 - Setting: 'c100_id' was not found in mapping table
2025-04-30 12:51:14 - Setting: 'bonus-to-single-account-monthly' was not found in mapping table
2025-04-30 12:51:14 - Setting: 'unsubscribed_email' was not found in mapping table
2025-04-30 12:51:14 - Setting: 'mp-hiw-types-understood' was not found in mapping table
2025-04-30 12:51:14 - Setting: 'hashed_uuid' was not found in mapping table
2025-04-30 12:51:14 - Setting: 'registration_end_date' was not found in mapping table
2025-04-30 12:51:14 - Setting: 'viewed-resp-gaming' was not found in mapping table
2025-04-30 12:51:14 - Setting: 'occupation' was not found in mapping table
2025-04-30 12:51:14 - Setting: 'spending_amount' was not found in mapping table
2025-04-30 12:51:14 - Setting: 'registration_in_progress' was not found in mapping table
2025-04-30 12:51:14 - Setting: 'tc-version-sports' was not found in mapping table
2025-04-30 12:51:14 - Setting: 'acuris_error_monitor' was not found in mapping table
2025-04-30 12:51:14 - Setting: 'nationality' was not found in mapping table
2025-04-30 12:51:14 - Setting: 'birth_country' was not found in mapping table
2025-04-30 12:51:14 - Setting: 'should_do_intended_gambling' was not found in mapping table
2025-04-30 12:51:14 - Setting: 'intended_gambling' was not found in mapping table
2025-04-30 12:51:14 - Setting: 'super-blocked' was not found in mapping table
2025-04-30 12:51:14 - Setting: 'failed_logins' was not found in mapping table
2025-04-30 12:51:14 - Setting: 'place_of_birth' was not found in mapping table
2025-04-30 12:51:14 - Setting: 'similar_fraud' was not found in mapping table
2025-04-30 12:51:14 - Setting: 'booster_vault' was not found in mapping table
2025-04-30 12:51:14 - Setting: 'minfraud-risk-score' was not found in mapping table
2025-04-30 12:51:14 - Setting: 'minfraud-result' was not found in mapping table
2025-04-30 12:51:14 - Setting: 'xp-points' was not found in mapping table
2025-04-30 12:51:14 - Setting: 'id3global_pep_res' was not found in mapping table
2025-04-30 12:51:14 - Setting: 'freeroll-tester' was not found in mapping table
2025-04-30 12:51:14 - Setting: 'verified-nid' was not found in mapping table
2025-04-30 12:51:14 - Setting: 'mp-hiw-general-understood' was not found in mapping table
2025-04-30 12:51:14 - Setting: 'last-spelpaus-check' was not found in mapping table
2025-04-30 12:51:14 - Setting: 'cur-spelpaus' was not found in mapping table
2025-04-30 12:51:14 - Setting: 'has_' was not found in mapping table
2025-04-30 12:51:14 - Setting: 'nid_extra' was not found in mapping table
2025-04-30 12:51:14 - Setting: 'xp-level' was not found in mapping table
2025-04-30 12:51:14 - Setting: 'captcha-login-allowed-MT' was not found in mapping table
2025-04-30 12:51:14 - Setting: 'closed_account' was not found in mapping table
2025-04-30 12:51:14 - Setting: 'manual_adjustment-fraud-flag' was not found in mapping table
2025-04-30 12:51:14 - Setting: 'excluded-date' was not found in mapping table
2025-04-30 12:51:14 - Setting: 'closed_loop_cleared' was not found in mapping table
2025-04-30 12:51:14 - Setting: 'deposit-freeroll-num' was not found in mapping table
2025-04-30 12:51:14 - Setting: 'unexclude-date' was not found in mapping table
2025-04-30 12:51:14 - Setting: 'lock-hours' was not found in mapping table
2025-04-30 12:51:14 - Setting: 'lock-date' was not found in mapping table
2025-04-30 12:51:14 - Setting: 'unlock-date' was not found in mapping table
2025-04-30 12:51:14 - Setting: 'external-excluded' was not found in mapping table
2025-04-30 12:51:14 - Setting: 'RG21-popup-shown' was not found in mapping table
2025-04-30 12:51:15 - Setting: 'realtime_updates' was not found in mapping table
2025-04-30 12:51:15 - Setting: 'calls' was not found in mapping table
2025-04-30 12:51:15 - Setting: 'show_in_events' was not found in mapping table
2025-04-30 12:51:15 - Setting: 'show_notifications' was not found in mapping table
2025-04-30 12:51:15 - Setting: 'pre-spelpaus' was not found in mapping table
2025-04-30 12:51:15 - Setting: 'external-unexcluded-date' was not found in mapping table
2025-04-30 12:51:15 - Setting: 'c101_id' was not found in mapping table
2025-04-30 12:51:16 - Setting: 'generic_communications' was not found in mapping table
2025-04-30 12:51:17 - Setting: 'privacy-pinfo-hidealias' was not found in mapping table
2025-04-30 12:51:17 - Setting: 'privacy-pinfo-hidename' was not found in mapping table
2025-04-30 12:51:18 - Setting: 'pwd_changed' was not found in mapping table
2025-04-30 12:51:18 - Setting: 'rg-risk-group' was not found in mapping table
2025-04-30 12:51:18 - Setting: 'c101_matches' was not found in mapping table
2025-04-30 12:51:18 - Setting: 'play_block' was not found in mapping table
2025-04-30 12:51:18 - Setting: 'withdrawal_block' was not found in mapping table
2025-04-30 12:51:18 - Setting: 'aml-risk-group' was not found in mapping table
2025-04-30 12:51:18 - Setting: 'aml-weekly-follow-up' was not found in mapping table
2025-04-30 12:51:18 - Setting: 'restrict' was not found in mapping table
2025-04-30 12:51:19 - Setting: 'manual-fraud-flag' was not found in mapping table
2025-04-30 12:51:19 - Setting: 'deposit_block' was not found in mapping table
2025-04-30 12:51:20 - Setting: 'unexcluded-date' was not found in mapping table
2025-04-30 12:51:20 - Setting: 'suspicious-email-fraud-flag' was not found in mapping table
2025-04-30 12:51:21 - Setting: 'restriction_reason' was not found in mapping table
2025-04-30 12:51:21 - Setting: 'force_deposit_limit' was not found in mapping table
2025-04-30 12:51:21 - Setting: 'last_recurrent_personal_check' was not found in mapping table
2025-04-30 12:51:21 - Setting: 'total-withdrawal-amount-limit-reached-fraud-flag' was not found in mapping table
2025-04-30 12:51:22 - Setting: 'has_trustly' was not found in mapping table
2025-04-30 12:51:22 - Setting: 'popup-shown-RG35' was not found in mapping table
2025-04-30 12:51:23 - Setting: 'swish_mobile' was not found in mapping table
2025-04-30 12:51:23 - Setting: 'aml52-payout-details-requested' was not found in mapping table
2025-04-30 12:51:27 - Setting: 'tac_block_sports' was not found in mapping table
2025-04-30 12:51:28 - Setting: 'withdraw_last_24_hours_limit-fraud-flag' was not found in mapping table
2025-04-30 12:51:29 - Setting: 'sar-flag' was not found in mapping table
2025-04-30 12:51:30 - Setting: 'nationality_required' was not found in mapping table
2025-04-30 12:51:30 - Setting: 'jurisdiction' was not found in mapping table
2025-04-30 12:51:30 - Setting: 'calling_code' was not found in mapping table
2025-04-30 12:51:30 - Setting: 'source_of_funds_activated' was not found in mapping table
2025-04-30 12:51:30 - Setting: 'original_net_deposit_limit' was not found in mapping table
2025-04-30 12:51:30 - Setting: 'updated-occupation-data' was not found in mapping table
2025-04-30 12:51:30 - Setting: 'industry' was not found in mapping table
2025-04-30 12:51:31 - Setting: 'not_matching_receiver_name_cnt' was not found in mapping table
2025-04-30 12:51:31 - Setting: 'liability-fraud-flag' was not found in mapping table
2025-04-30 12:51:32 - Setting: 'aml-grs-high-risk-profile-fraud-flag_created_at' was not found in mapping table
2025-04-30 12:51:32 - Setting: 'closed_loop_start_stamp' was not found in mapping table
2025-04-30 12:51:33 - Setting: 'net-deposit-monthly-reset-email-sent' was not found in mapping table
2025-04-30 12:51:34 - Setting: 'change-cinfo-unlock-date' was not found in mapping table
2025-04-30 12:51:34 - Setting: 'force_self_assessment_test' was not found in mapping table
2025-04-30 12:51:35 - Setting: 'rg_grs_frozen_till' was not found in mapping table
2025-04-30 12:51:35 - Setting: 'email_code_verified' was not found in mapping table
2025-04-30 12:51:35 - Setting: 'registration_in_progress' was not found in mapping table
2025-04-30 12:51:35 - Setting: 'tc-version' was not found in mapping table
2025-04-30 12:51:35 - Setting: 'pp-version' was not found in mapping table
2025-04-30 12:51:35 - Setting: 'email_code' was not found in mapping table
2025-04-30 12:51:35 - Setting: 'sms_code' was not found in mapping table
2025-04-30 12:51:35 - Setting: 'sms_code_verified' was not found in mapping table
2025-04-30 12:51:35 - Setting: 'birth_country' was not found in mapping table
2025-04-30 12:51:35 - Setting: 'acuris-monitor' was not found in mapping table
2025-04-30 12:51:35 - Setting: 'test_account' was not found in mapping table
2025-04-30 12:51:35 - Setting: 'captcha-login-allowed-MT' was not found in mapping table
2025-04-30 12:51:35 - Setting: 'uagent' was not found in mapping table
2025-04-30 12:51:35 - Setting: 'last_pwd_update' was not found in mapping table
2025-04-30 12:51:35 - Setting: 'has_privacy_settings' was not found in mapping table
2025-04-30 12:51:35 - Setting: 'show_ps_after_first_dep' was not found in mapping table
2025-04-30 12:51:35 - Setting: 'acuris_full_res' was not found in mapping table
2025-04-30 12:51:35 - Setting: 'acuris_pep_res' was not found in mapping table
2025-04-30 12:51:35 - Setting: 'c100_id' was not found in mapping table
2025-04-30 12:51:35 - Setting: 'mp-hiw-types-understood' was not found in mapping table
2025-04-30 12:51:35 - Setting: 'registration_end_date' was not found in mapping table
2025-04-30 12:51:35 - Setting: 'bos_mobile_search_filter_selection' was not found in mapping table
2025-04-30 12:51:35 - Setting: 'unsubscribed_email' was not found in mapping table
2025-04-30 12:51:35 - Setting: 'hashed_uuid' was not found in mapping table
2025-04-30 12:51:35 - Setting: 'viewed-resp-gaming' was not found in mapping table
2025-04-30 12:51:35 - Setting: 'occupation' was not found in mapping table
2025-04-30 12:51:35 - Setting: 'spending_amount' was not found in mapping table
2025-04-30 12:51:35 - Setting: 'bonus-to-single-account-monthly' was not found in mapping table
2025-04-30 12:51:35 - Setting: 'tc-version-sports' was not found in mapping table
2025-04-30 12:51:35 - Setting: 'captcha-login-allowed-SE' was not found in mapping table
2025-04-30 12:51:35 - Setting: 'nationality' was not found in mapping table
2025-04-30 12:51:35 - Setting: 'should_do_intended_gambling' was not found in mapping table
2025-04-30 12:51:35 - Setting: 'intended_gambling' was not found in mapping table
2025-04-30 12:51:35 - Setting: 'deposit_block' was not found in mapping table
2025-04-30 12:51:35 - Setting: 'experian_error' was not found in mapping table
2025-04-30 12:51:35 - Setting: 'id3global_full_res' was not found in mapping table
2025-04-30 12:51:35 - Setting: 'id3global_res' was not found in mapping table
2025-04-30 12:51:35 - Setting: 'id3global_requested_at' was not found in mapping table
2025-04-30 12:51:35 - Setting: 'experian_block' was not found in mapping table
2025-04-30 12:51:35 - Setting: 'dont_verify_on_login' was not found in mapping table
2025-04-30 12:51:35 - Setting: 'restrict' was not found in mapping table
2025-04-30 12:51:35 - Setting: 'place_of_birth' was not found in mapping table
2025-04-30 12:51:35 - Setting: 'super-blocked' was not found in mapping table
2025-04-30 12:51:35 - Setting: 'booster_vault' was not found in mapping table
2025-04-30 12:51:35 - Setting: 'minfraud-risk-score' was not found in mapping table
2025-04-30 12:51:35 - Setting: 'minfraud-result' was not found in mapping table
2025-04-30 12:51:35 - Setting: 'id3global_pep_res' was not found in mapping table
2025-04-30 12:51:35 - Setting: 'similar_fraud' was not found in mapping table
2025-04-30 12:51:35 - Setting: 'freeroll-tester' was not found in mapping table
2025-04-30 12:51:35 - Setting: 'verified' was not found in mapping table
2025-04-30 12:51:35 - Setting: 'closed_loop_cleared' was not found in mapping table
2025-04-30 12:51:35 - Setting: 'deposit-freeroll-num' was not found in mapping table
2025-04-30 12:51:35 - Setting: 'verified-nid' was not found in mapping table
2025-04-30 12:51:35 - Setting: 'brand_check_in_progress' was not found in mapping table
2025-04-30 12:51:35 - Setting: 'last-spelpaus-check' was not found in mapping table
2025-04-30 12:51:35 - Setting: 'cur-spelpaus' was not found in mapping table
2025-04-30 12:51:36 - Setting: 'xp-points' was not found in mapping table
2025-04-30 12:51:36 - Setting: 'has_' was not found in mapping table
2025-04-30 12:51:36 - Setting: 'nid_extra' was not found in mapping table
2025-04-30 12:51:36 - Setting: 'privacy-pinfo-hidealias' was not found in mapping table
2025-04-30 12:51:36 - Setting: 'xp-level' was not found in mapping table
2025-04-30 12:51:36 - Setting: 'excluded-date' was not found in mapping table
2025-04-30 12:51:36 - Setting: 'unexclude-date' was not found in mapping table
2025-04-30 12:51:36 - Setting: 'liability-fraud-flag' was not found in mapping table
2025-04-30 12:51:36 - Setting: 'external-excluded' was not found in mapping table
2025-04-30 12:51:36 - Setting: 'RG21-popup-shown' was not found in mapping table
2025-04-30 12:51:36 - Setting: 'play_block' was not found in mapping table
2025-04-30 12:51:36 - Setting: 'RG35-popup-shown' was not found in mapping table
2025-04-30 12:51:36 - Setting: 'RG30-popup-shown' was not found in mapping table
2025-04-30 12:51:36 - Setting: 'realtime_updates' was not found in mapping table
2025-04-30 12:51:36 - Setting: 'calls' was not found in mapping table
2025-04-30 12:51:36 - Setting: 'show_in_events' was not found in mapping table
2025-04-30 12:51:36 - Setting: 'show_notifications' was not found in mapping table
2025-04-30 12:51:36 - Setting: 'lock-hours' was not found in mapping table
2025-04-30 12:51:36 - Setting: 'lock-date' was not found in mapping table
2025-04-30 12:51:36 - Setting: 'unlock-date' was not found in mapping table
2025-04-30 12:51:37 - Setting: 'c101_id' was not found in mapping table
2025-04-30 12:51:38 - Setting: 'pre-spelpaus' was not found in mapping table
2025-04-30 12:51:38 - Setting: 'rg-risk-group' was not found in mapping table
2025-04-30 12:51:38 - Setting: 'external-unexcluded-date' was not found in mapping table
2025-04-30 12:51:38 - Setting: 'manual_adjustment-fraud-flag' was not found in mapping table
2025-04-30 12:51:39 - Setting: 'generic_communications' was not found in mapping table
2025-04-30 12:51:39 - Setting: 'pwd-change-on-next-login' was not found in mapping table
2025-04-30 12:51:40 - Setting: 'privacy-pinfo-hidename' was not found in mapping table
2025-04-30 12:51:40 - Setting: 'aml-risk-group' was not found in mapping table
2025-04-30 12:51:41 - Setting: 'manual-fraud-flag' was not found in mapping table
2025-04-30 12:51:42 - Setting: 'unexcluded-date' was not found in mapping table
2025-04-30 12:51:42 - Setting: 'last_recurrent_personal_check' was not found in mapping table
2025-04-30 12:51:42 - Setting: 'restriction_reason' was not found in mapping table
2025-04-30 12:51:42 - Setting: 'suspicious-email-fraud-flag' was not found in mapping table
2025-04-30 12:51:43 - Setting: 'failed_logins' was not found in mapping table
2025-04-30 12:51:43 - Setting: 'aml52-payout-details-requested' was not found in mapping table
2025-04-30 12:51:44 - Setting: 'total-withdrawal-amount-limit-reached-fraud-flag' was not found in mapping table
2025-04-30 12:51:44 - Setting: 'has_trustly' was not found in mapping table
2025-04-30 12:51:44 - Setting: 'aml-weekly-follow-up' was not found in mapping table
2025-04-30 12:51:45 - Setting: 'swish_mobile' was not found in mapping table
2025-04-30 12:51:46 - Setting: 'force_self_assessment_test' was not found in mapping table
2025-04-30 12:51:49 - Setting: 'tac_block_sports' was not found in mapping table
2025-04-30 12:51:50 - Setting: 'pwd_changed' was not found in mapping table
2025-04-30 12:51:51 - Setting: 'updated-occupation-data' was not found in mapping table
2025-04-30 12:51:51 - Setting: 'industry' was not found in mapping table
2025-04-30 12:51:51 - Setting: 'net-deposit-monthly-reset-email-sent' was not found in mapping table
2025-04-30 12:51:51 - Setting: 'nationality_required' was not found in mapping table
2025-04-30 12:51:52 - Setting: 'jurisdiction' was not found in mapping table
2025-04-30 12:51:52 - Setting: 'calling_code' was not found in mapping table
2025-04-30 12:51:53 - Setting: 'not_matching_receiver_name_cnt' was not found in mapping table
2025-04-30 12:51:54 - Setting: 'closed_loop_start_stamp' was not found in mapping table
2025-04-30 12:51:54 - Setting: 'original_net_deposit_limit' was not found in mapping table
2025-04-30 12:51:56 - Setting: 'change-cinfo-unlock-date' was not found in mapping table
2025-04-30 12:51:56 - Setting: 'aml-grs-high-risk-profile-fraud-flag_created_at' was not found in mapping table
