Script start time: '2025-04-22 12:27:25'
```shell
Token is closed successfully.
Regenerating data for token 2034682 
Regenerated data for 2034682 
Token is closed successfully.
The new token is 2046727.
Token is closed successfully.
Regenerating data for token 2034932 
Regenerated data for 2034932 
Token is closed successfully.
The new token is 2046729.
Token is closed successfully.
Regenerating data for token 2036267 
Regenerated data for 2036267 
Token is closed successfully.
The new token is 2046731.
Token is closed successfully.
Regenerating data for token 2036517 
Regenerated data for 2036517 
Token is closed successfully.
The new token is 2046733.
Token is closed successfully.
Regenerating data for token 2037024 
Regenerated data for 2037024 
Token is closed successfully.
The new token is 2046735.
Token is closed successfully.
Regenerating data for token 2037275 
Regenerated data for 2037275 
Token is closed successfully.
The new token is 2046739.

```
Script end time: '2025-04-22 12:52:01'
FYI: @aleksandar.bekjarovski - script output for `videoslots_melita5`
Story 'PHNX-5289_2': done
