Script start time: '2025-04-24 14:42:44'
```shell
 IS added as a blocked country to game: [Winner’s Scratch]   
IS is already blocked on game: [The Lab RETIRED] 
IS is already blocked on game: [The Lab RETIRED] 
IS is already blocked on game: [Electric Sam] 
IS is already blocked on game: [Electric Sam] 
IS is already blocked on game: [Taco Brothers] 
IS is already blocked on game: [Taco Brothers] 
IS is already blocked on game: [DJ Wild] 
IS is already blocked on game: [DJ Wild] 
IS is already blocked on game: [Bloopers] 
IS is already blocked on game: [Bloopers] 
IS is already blocked on game: [Poltava Flames of War] 
IS is already blocked on game: [Poltava Flames of War] 
IS is already blocked on game: [Wild Toro] 
IS is already blocked on game: [Wild Toro] 
IS is already blocked on game: [Taco Brothers Saving Christmas] 
IS is already blocked on game: [Taco Brothers Saving Christmas] 
IS is already blocked on game: [Sam on the Beach] 
IS is already blocked on game: [Sam on the Beach] 
IS is already blocked on game: [Hong Kong Tower] 
IS is already blocked on game: [Hong Kong Tower] 
IS is already blocked on game: [Ivanhoe] 
IS is already blocked on game: [Ivanhoe] 
IS is already blocked on game: [Hidden] 
IS is already blocked on game: [Hidden] 
IS is already blocked on game: [Route 777] 
IS is already blocked on game: [Route 777] 
IS is already blocked on game: [Ho Ho Tower] 
IS is already blocked on game: [Ho Ho Tower] 
IS is already blocked on game: [Wild Seas] 
IS is already blocked on game: [Wild Seas] 
IS is already blocked on game: [Kaiju] 
IS is already blocked on game: [Kaiju] 
IS is already blocked on game: [Lake's Five] 
IS is already blocked on game: [Lake's Five] 
IS is already blocked on game: [Birthday] 
IS is already blocked on game: [Birthday] 
IS is already blocked on game: [Platooners] 
IS is already blocked on game: [Platooners] 
IS is already blocked on game: [Joker Gems] 
IS is already blocked on game: [Joker Gems] 
IS is already blocked on game: [Vegas Diamonds] 
IS is already blocked on game: [Vegas Diamonds] 
IS is already blocked on game: [Valkyrie] 
IS is already blocked on game: [Valkyrie] 
IS is already blocked on game: [The Wiz] 
IS is already blocked on game: [The Wiz] 
IS is already blocked on game: [Ecuador Gold] 
IS is already blocked on game: [Ecuador Gold] 
IS is already blocked on game: [Hit it Big] 
IS is already blocked on game: [Hit it Big] 
IS is already blocked on game: [Chi] 
IS is already blocked on game: [Chi] 
IS is already blocked on game: [Tahiti Gold] 
IS is already blocked on game: [Tahiti Gold] 
IS is already blocked on game: [Respin Circus] 
IS is already blocked on game: [Respin Circus] 
IS is already blocked on game: [Win Win] 
IS is already blocked on game: [Win Win] 
IS is already blocked on game: [Voodoo Gold] 
IS is already blocked on game: [Voodoo Gold] 
IS is already blocked on game: [Ice Wolf] 
IS is already blocked on game: [Ice Wolf] 
IS is already blocked on game: [Cygnus] 
IS is already blocked on game: [Cygnus] 
IS is already blocked on game: [Hit it Hard] 
IS is already blocked on game: [Hit it Hard] 
IS is already blocked on game: [Micro Knights] 
IS is already blocked on game: [Micro Knights] 
IS is already blocked on game: [Crusader] 
IS is already blocked on game: [Crusader] 
IS is already blocked on game: [Blood Lust] 
IS is already blocked on game: [Blood Lust] 
IS is already blocked on game: [Black River Gold] 
IS is already blocked on game: [Black River Gold] 
IS is already blocked on game: [Io] 
IS is already blocked on game: [Io] 
IS is already blocked on game: [Dreamzone] 
IS is already blocked on game: [Dreamzone] 
IS is already blocked on game: [The Grand Galore] 
IS is already blocked on game: [The Grand Galore] 
IS is already blocked on game: [Visitors] 
IS is already blocked on game: [Visitors] 
IS is already blocked on game: [Nitropolis] 
IS is already blocked on game: [Nitropolis] 
IS is already blocked on game: [Katmandu Gold] 
IS is already blocked on game: [Katmandu Gold] 
IS is already blocked on game: [Knockout Diamonds] 
IS is already blocked on game: [Knockout Diamonds] 
IS is already blocked on game: [Diablo Reels] 
IS is already blocked on game: [Diablo Reels] 
IS is already blocked on game: [Miss Wildfire] 
IS is already blocked on game: [Miss Wildfire] 
IS is already blocked on game: [Bompers] 
IS is already blocked on game: [Bompers] 
IS is already blocked on game: [Cluster Slide] 
IS is already blocked on game: [Nitropolis 2] 
IS is already blocked on game: [Nitropolis 2] 
IS is already blocked on game: [Tropicool] 
IS is already blocked on game: [Tropicool] 
IS is already blocked on game: [Dream Diver] 
IS is already blocked on game: [Dream Diver] 
IS is already blocked on game: [Night Trax] 
IS is already blocked on game: [Night Trax] 
IS is already blocked on game: [Fate of Fortune] 
IS is already blocked on game: [Fate of Fortune] 
IS is already blocked on game: [Zulu Gold] 
IS is already blocked on game: [Zulu Gold] 
IS is already blocked on game: [Wild Toro 2] 
IS is already blocked on game: [Wild Toro 2] 
IS is already blocked on game: [Book of Toro] 
IS is already blocked on game: [Book of Toro] 
IS is already blocked on game: [Toro 7s] 
IS is already blocked on game: [Toro 7s] 
IS is already blocked on game: [Stars of Orion] 
IS is already blocked on game: [Stars of Orion] 
IS is already blocked on game: [Mystic Orbs] 
IS is already blocked on game: [Mystic Orbs] 
IS is already blocked on game: [Illogicool] 
IS is already blocked on game: [Illogicool] 
IS is already blocked on game: [Pacific Gold] 
IS is already blocked on game: [Pacific Gold] 
IS is already blocked on game: [Nitropolis 3] 
IS is already blocked on game: [Nitropolis 3] 
IS is already blocked on game: [Phoenix Graveyard] 
IS is already blocked on game: [Phoenix Graveyard] 
IS is already blocked on game: [Taco Brothers Derailed] 
IS is already blocked on game: [Taco Brothers Derailed] 
IS is already blocked on game: [Coba] 
IS is already blocked on game: [Coba] 
IS is already blocked on game: [Cygnus 2] 
IS is already blocked on game: [Cygnus 2] 
 IS added as a blocked country to game: [Catemple]   
IS is already blocked on game: [Reindeer Royale] 
IS is already blocked on game: [Shadow Shifter] 
IS is already blocked on game: [Cygnus 5] 
 IS added as a blocked country to game: [Tinkerbot]   
IS is already blocked on game: [Tropicool 4] 
IS is already blocked on game: [Orbitfall] 
 IS added as a blocked country to game: [In the Zone]   
 IS added as a blocked country to game: [Knight Fight]   
 IS added as a blocked country to game: [ZapLab]   
IS is already blocked on game: [Buffalo Toro] 
IS is already blocked on game: [Buffalo Toro] 
IS is already blocked on game: [Dropz] 
 IS added as a blocked country to game: [Propaganda]   
 IS added as a blocked country to game: [Propaganda]   
IS is already blocked on game: [Freeway 7] 
IS is already blocked on game: [Freeway 7] 
 IS added as a blocked country to game: [Avalon Gold]   
 IS added as a blocked country to game: [Avalon Gold]   
 IS added as a blocked country to game: [Sumo Sumo]   
 IS added as a blocked country to game: [Sumo Sumo]   
 IS added as a blocked country to game: [Book of Sam]   
 IS added as a blocked country to game: [Book of Sam]   
IS is already blocked on game: [Tropicool 2] 
IS is already blocked on game: [Tropicool 2] 
 IS added as a blocked country to game: [Nitropolis 4]   
 IS added as a blocked country to game: [Nitropolis 4]   
 IS added as a blocked country to game: [Pirots]   
 IS added as a blocked country to game: [Pirots]   
IS is already blocked on game: [Katmandu X] 
IS is already blocked on game: [Katmandu X] 
 IS added as a blocked country to game: [Rabbit Royale]   
 IS added as a blocked country to game: [Rabbit Royale]   
 IS added as a blocked country to game: [Ashoka]   
 IS added as a blocked country to game: [Ashoka]   
IS is already blocked on game: [Dead Mans Gold] 
IS is already blocked on game: [Dead Mans Gold] 
 IS added as a blocked country to game: [Toro Shogun]   
 IS added as a blocked country to game: [Toro Shogun]   
IS is already blocked on game: [Cygnus 3] 
IS is already blocked on game: [Cygnus 3] 
IS is already blocked on game: [Coba Reborn] 
IS is already blocked on game: [Coba Reborn] 
 IS added as a blocked country to game: [Hula Balua]   
 IS added as a blocked country to game: [Hula Balua]   
IS is already blocked on game: [Valhalla Gold] 
IS is already blocked on game: [J POP] 
IS is already blocked on game: [J POP] 
IS is already blocked on game: [Jeff and Scully] 
IS is already blocked on game: [Jeff and Scully] 
IS is already blocked on game: [Pirots 2] 
IS is already blocked on game: [Pirots 2] 
IS is already blocked on game: [Gladiatoro] 
IS is already blocked on game: [Gladiatoro] 
IS is already blocked on game: [Dam Beavers] 
IS is already blocked on game: [Dam Beavers] 
IS is already blocked on game: [Oxygen] 
IS is already blocked on game: [Oxygen] 
IS is already blocked on game: [Cygnus 4] 
IS is already blocked on game: [Cygnus 4] 
IS is already blocked on game: [Gritty Kitty of Nitropolis] 
IS is already blocked on game: [Gritty Kitty of Nitropolis] 
IS is already blocked on game: [Buggin] 
IS is already blocked on game: [Buggin] 
IS is already blocked on game: [Rogue Rats of Nitropolis] 
IS is already blocked on game: [Rogue Rats of Nitropolis] 
IS is already blocked on game: [Frogblox] 
IS is already blocked on game: [Frogblox] 
IS is already blocked on game: [Dirty Dawgs of Nitropolis] 
IS is already blocked on game: [Dirty Dawgs of Nitropolis] 
IS is already blocked on game: [Tropicool 3] 
IS is already blocked on game: [Tropicool 3] 
IS is already blocked on game: [Pug Thugs of Nitropolis] 
IS is already blocked on game: [Pug Thugs of Nitropolis] 
IS is already blocked on game: [Ashoka Eternal] 
IS is already blocked on game: [Ashoka Eternal] 
IS is already blocked on game: [Pirots 3] 
IS is already blocked on game: [Pirots 3] 
IS is already blocked on game: [Man vs Gator] 
IS is already blocked on game: [Man vs Gator] 
IS is already blocked on game: [Nitropolis 5] 
IS is already blocked on game: [Squeeze] 
IS is already blocked on game: [Squeeze] 
 IS added as a blocked country to game: [Slurpy]   
 IS added as a blocked country to game: [Slurpy]   
IS is already blocked on game: [Cluster Kingdom] 
IS is already blocked on game: [Cluster Kingdom] 
IS is already blocked on game: [Thoro] 
IS is already blocked on game: [Thoro] 
IS is already blocked on game: [Pirots X] 
IS is already blocked on game: [Pirots X] 
IS is already blocked on game: [Ryze] 
IS is already blocked on game: [Ryze] 
 IS added as a blocked country to game: [Catemple]   
IS is already blocked on game: [Reindeer Royale] 
IS is already blocked on game: [Shadow Shifter] 
IS is already blocked on game: [Cygnus 5] 
 IS added as a blocked country to game: [Tinkerbot]   
IS is already blocked on game: [Tropicool 4] 
 IS added as a blocked country to game: [Nitropolis TV]   
IS is already blocked on game: [Oxygen 2] 
IS is already blocked on game: [Oxygen 2] 
IS is already blocked on game: [Orbitfall] 
 IS added as a blocked country to game: [In the Zone]   
 IS added as a blocked country to game: [Knight Fight]   
 IS added as a blocked country to game: [ZapLab]   
34 Games have been blocked 

```
Script end time: '2025-04-24 14:42:45'
FYI: @petronelmorosanu - script output for `mrvegas`
Story 'ASE-1674': done
