Script start time: '2025-04-28 14:54:47'
```shell
Doing: Leaderboard for missing users 
Calculated for tournament id: 5621771 
 Leaderboard recalculated and prizes credited 
Doing: Leaderboard for missing users 
Calculated for tournament id: 5624578 
 Leaderboard recalculated and prizes credited 
Doing: Leaderboard for missing users 
Calculated for tournament id: 5631003 
 Leaderboard recalculated and prizes credited 
Doing: Leaderboard for missing users 
Calculated for tournament id: 5637727 
 Leaderboard recalculated and prizes credited 
Doing: Leaderboard for missing users 
Calculated for tournament id: 5639285 
 Leaderboard recalculated and prizes credited 
Doing: Leaderboard for missing users 
Calculated for tournament id: 5641041 
 Leaderboard recalculated and prizes credited 
Doing: Leaderboard for missing users 
Calculating leaderboard for tournament 5627328 
Leaderboard recalculated and prizes credited 
Doing: Leaderboard for missing users 
Calculating leaderboard for tournament 5629690 
Leaderboard recalculated and prizes credited 
Doing: Leaderboard for missing users 
Calculating leaderboard for tournament 5634180 
Leaderboard recalculated and prizes credited 
Doing: Leaderboard for missing users 
Calculating leaderboard for tournament 5638519 
Leaderboard recalculated and prizes credited 

```
Script end time: '2025-04-28 14:54:56'
FYI: @YuriVelkis - script output for `videoslots`
Story 'ASE-1678': done
