Script start time: '2025-04-30 11:09:12'
```shell
Changing password for devsupport@videoslots.com, id: 348121 
Changing password for techsupat@mrvegas.com, id: 245436 
Changing password for techsupca@mrvegas.com, id: 245444 
Changing password for techsupcaon@mrvegas.com, id: 432685 
Changing password for techsupde@mrvegas.com, id: 245443 
Changing password for techsupdk@mrvegas.com, id: 245449 
Changing password for techsupes@mrvegas.com, id: 245450 
Changing password for techsupfi@mrvegas.com, id: 245441 
Changing password for techsupgb@mrvegas.com, id: 245448 
Changing password for techsuphu@mrvegas.com, id: 245437 
Changing password for techsupin@mrvegas.com, id: 245445 
Changing password for techsupit@mrvegas.com, id: 245451 
Changing password for techsupjp@mrvegas.com, id: 245442 
Changing password for techsupmt@mrvegas.com, id: 245439 
Changing password for techsupnl@mrvegas.com, id: 245440 
Changing password for techsupno@mrvegas.com, id: 245446 
Changing password for techsupnz@mrvegas.com, id: 245435 
Changing password for techsupru@mrvegas.com, id: 245447 
Password has been changed, new hash: 51c11b4bc0eeb59cb9f0303d2e748ccf 

```
Script end time: '2025-04-30 11:09:13'
FYI: @mihailo.ilic - script output for `dbet`
Story 'ASE-1686': done
