Script start time: '2025-04-29 14:27:46'
```shell
Inserting Permission Tags ----------
Permission tag added:   group: [89]  tag: [account.admin]  
Permission tag added:   group: [89]  tag: [account.view.cellphone]  
Permission tag added:   group: [89]  tag: [account.view.email]  
Permission tag added:   group: [89]  tag: [accounting.section]  
Permission tag added:   group: [89]  tag: [accounting.section.transaction-history]  
Permission tag added:   group: [89]  tag: [accounting.section.transaction-history.download.csv]  
Permission tag added:   group: [89]  tag: [admin]  
Permission tag added:   group: [89]  tag: [admin.payments]  
Permission tag added:   group: [89]  tag: [admin.payments.pending-deposits]  
Permission tag added:   group: [89]  tag: [admin.payments.pending.deposits]  
WARN: Tag 'admin.translate.deepl' already assigned, skipping entry!
Permission tag added:   group: [89]  tag: [admin_top]  
Permission tag added:   group: [89]  tag: [aml.grs.score.report]  
Permission tag added:   group: [89]  tag: [edit.account.comments.mlro]  
Permission tag added:   group: [89]  tag: [edit.account.comments.sar]  
Permission tag added:   group: [89]  tag: [fraud.fraud.section.check-similarity]  
Permission tag added:   group: [89]  tag: [fraud.fraud.section.similar-account]  
Permission tag added:   group: [89]  tag: [fraud.section]  
WARN: Tag 'fraud.section.aml-monitoring' already assigned, skipping entry!
Permission tag added:   group: [89]  tag: [fraud.section.big-depositors]  
Permission tag added:   group: [89]  tag: [fraud.section.big-losers]  
Permission tag added:   group: [89]  tag: [fraud.section.big-winners]  
Permission tag added:   group: [89]  tag: [fraud.section.fraud-aml-monitoring]  
Permission tag added:   group: [89]  tag: [fraud.section.goaml]  
Permission tag added:   group: [89]  tag: [fraud.section.remove.flag.manual]  
Permission tag added:   group: [89]  tag: [fraud.section.remove.flag.permanently]  
Permission tag added:   group: [89]  tag: [fraud.section.similar-account]  
Permission tag added:   group: [89]  tag: [fraud.section.user-risk-score]  
Permission tag added:   group: [89]  tag: [liability-fraud-flag]  
Permission tag added:   group: [89]  tag: [menuer.bank-pending]  
Permission tag added:   group: [89]  tag: [menuer.check-similarity]  
Permission tag added:   group: [89]  tag: [menuer.deposit-stats]  
Permission tag added:   group: [89]  tag: [menuer.list-documents]  
Permission tag added:   group: [89]  tag: [menuer.pending-withdrawals]  
Permission tag added:   group: [89]  tag: [menuer.transfers]  
Permission tag added:   group: [89]  tag: [menuer.user-actions]  
Permission tag added:   group: [89]  tag: [menuer.user-actions-simple]  
Permission tag added:   group: [89]  tag: [menuer.users]  
Permission tag added:   group: [89]  tag: [pager.page.182]  
Permission tag added:   group: [89]  tag: [pager.page.211]  
Permission tag added:   group: [89]  tag: [pager.page.296]  
Permission tag added:   group: [89]  tag: [pager.page.446]  
Permission tag added:   group: [89]  tag: [rg.grs.risk.report]  
Permission tag added:   group: [89]  tag: [rg.section]  
Permission tag added:   group: [89]  tag: [rg.section.cancellation-of-withdrawals]  
Permission tag added:   group: [89]  tag: [rg.section.change-deposit-pattern]  
Permission tag added:   group: [89]  tag: [rg.section.change-playing-pattern]  
Permission tag added:   group: [89]  tag: [rg.section.extended-game-play]  
Permission tag added:   group: [89]  tag: [rg.section.frequent-account-closing-opening]  
Permission tag added:   group: [89]  tag: [rg.section.frequent-game-play]  
Permission tag added:   group: [89]  tag: [rg.section.high-wager-bet-spin]  
Permission tag added:   group: [89]  tag: [rg.section.interactions]  
Permission tag added:   group: [89]  tag: [rg.section.limit-changes]  
Permission tag added:   group: [89]  tag: [rg.section.multiple-changes-rg-limits]  
Permission tag added:   group: [89]  tag: [rg.section.self-exclusion]  
Permission tag added:   group: [89]  tag: [show.balances]  
Permission tag added:   group: [89]  tag: [show.follow.up.box]  
Permission tag added:   group: [89]  tag: [show.follow.up.box.aml]  
Permission tag added:   group: [89]  tag: [show.follow.up.box.rg]  
Permission tag added:   group: [89]  tag: [stats.all]  
Permission tag added:   group: [89]  tag: [stats.country.all]  
Permission tag added:   group: [89]  tag: [upload.idpic]  
WARN: Tag 'user.account.flag.manual.aml61' already assigned, skipping entry!
Permission tag added:   group: [89]  tag: [user.battles]  
Permission tag added:   group: [89]  tag: [user.battles.betswins]  
Permission tag added:   group: [89]  tag: [user.deposit.block]  
Permission tag added:   group: [89]  tag: [user.disable.deposit.methods]  
Permission tag added:   group: [89]  tag: [user.edit.follow.up]  
WARN: Tag 'user.force-password-change-on-login' already assigned, skipping entry!
Permission tag added:   group: [89]  tag: [user.fraud-aml-monitoring]  
Permission tag added:   group: [89]  tag: [user.fraud-grs-report]  
Permission tag added:   group: [89]  tag: [user.fraud-monitoring]  
Permission tag added:   group: [89]  tag: [user.id3global-result]  
Permission tag added:   group: [89]  tag: [user.inout.defaults]  
Permission tag added:   group: [89]  tag: [user.liability.report.download.csv]  
Permission tag added:   group: [89]  tag: [user.liability.transactions.download.csv]  
Permission tag added:   group: [89]  tag: [user.personal-details.show.all.button]  
Permission tag added:   group: [89]  tag: [user.play.block]  
Permission tag added:   group: [89]  tag: [user.responsible-gaming-monitoring]  
Permission tag added:   group: [89]  tag: [user.risk-score]  
Permission tag added:   group: [89]  tag: [user.section.grsScore]  
Permission tag added:   group: [89]  tag: [user.verify.email]  
Permission tag added:   group: [89]  tag: [user.withdraw.block]  
Permission tag added:   group: [89]  tag: [users.follow.up.report]  
Permission tag added:   group: [89]  tag: [users.force.limits.report]  
Permission tag added:   group: [89]  tag: [users.list.sourceoffunds]  
Permission tag added:   group: [89]  tag: [users.monitored.accounts.report]  
Permission tag added:   group: [89]  tag: [users.monitoring.log.report]  
Permission tag added:   group: [89]  tag: [users.risk.score.report]  
Permission tag added:   group: [89]  tag: [users.section]  
Permission tag added:   group: [89]  tag: [view.account.account-history]  
Permission tag added:   group: [89]  tag: [view.account.actions]  
Permission tag added:   group: [89]  tag: [view.account.betswins]  
Permission tag added:   group: [89]  tag: [view.account.betswins.download.csv]  
Permission tag added:   group: [89]  tag: [view.account.comments.hidden]  
Permission tag added:   group: [89]  tag: [view.account.comments.mlro]  
Permission tag added:   group: [89]  tag: [view.account.comments.sar]  
Permission tag added:   group: [89]  tag: [view.account.documents]  
Permission tag added:   group: [89]  tag: [view.account.game-history]  
Permission tag added:   group: [89]  tag: [view.account.game-sessions]  
Permission tag added:   group: [89]  tag: [view.account.limits]  
Permission tag added:   group: [89]  tag: [view.actions]  
Permission tag added:   group: [89]  tag: [view.bets-and-wins]  
Permission tag added:   group: [89]  tag: [view.game-stats]  
Permission tag added:   group: [89]  tag: [view.gamesessions]  
Permission tag added:   group: [89]  tag: [view.gaminglimits]  
Permission tag added:   group: [89]  tag: [settings.section]  
Permission tag added:   group: [89]  tag: [permission.edit.55]  
Permission tag added:   group: [89]  tag: [permission.view.55]  
Processed 109 entries  ----------


```
Script end time: '2025-04-29 14:27:47'
FYI: @petronelmorosanu - script output for `mrvegas`
Story 'ASE-1682': done
