Script start time: '2025-04-30 11:05:54'
```shell
CRM Email Schedule 
 Processing config id 178 to [2,5,6,9,12,13,16,19,20,23,26,27,30] - value updated from [8,14,18, 21,22,25,28,29] to [2,5,6,9,12,13,16,19,20,23,26,27,30] 
 Processing config id 179 to [28] - value updated from [30] to [28] 
 Processing config id 180 to [] - value already set to  
 Processing config id 181 to [] - value already set to  
 Processing config id 182 to [] - value already set to  
 Processing config id 183 to [6,13,20,27] - value updated from [1,8,15,22,29] to [6,13,20,27] 
 Processing config id 188 to [] - value already set to  
 Processing config id 208 to [25] - value updated from [27] to [25] 
 Processing config id 256 to [] - value already set to  
 Processing config id 259 to [] - value already set to  
 Processing config id 262 to [] - value already set to  
 Processing config id 265 to [] - value already set to  
 Processing config id 268 to [] - value already set to  
 Processing config id 272 to [] - value already set to  
 Processing config id 366 to [] - value already set to  
 Processing config id 367 to [18] - value updated from [20] to [18] 
 Processing config id 411 to [15] - value updated from [12] to [15] 
 Processing config id 412 to [1,31] - value updated from [3,19] to [1,31] 
 Processing config id 413 to [22] - value updated from [5] to [22] 
 Processing config id 414 to [8,20] - value updated from [10,26] to [8,20] 
 Processing config id 415 to [6,29] - value updated from [24] to [6,29] 
 Processing config id 416 to [13] - value updated from [1,17] to [13] 
 Processing config id 417 to [3,27] - value updated from [8] to [3,27] 
 Processing config id 418 to [] - value already set to  
 Processing config id 419 to [] - value already set to  
 Processing config id 420 to [10] - value updated from [15] to [10] 
 Processing config id 421 to [] - value already set to  
 Processing config id 422 to [] - value already set to  
 Processing config id 423 to [17] - value updated from [22] to [17] 
 Processing config id 424 to [24] - value updated from [29] to [24] 
 Processing config id 425 to [] - value already set to  
 Processing config id 889 to [] - value already set to  
 Processing config id 890 to [] - value already set to  
 Processing config id 891 to [2] - value updated from [18] to [2] 
 Processing config id 892 to [] - value updated from [4] to [] 
 Processing config id 893 to [9] - value updated from [] to [9] 
 Processing config id 894 to [] - value already set to  
 Processing config id 895 to [16] - value updated from [] to [16] 
 Processing config id 896 to [] - value updated from [25] to [] 
 Processing config id 897 to [] - value already set to  
 Processing config id 898 to [] - value already set to  
 Processing config id 899 to [23] - value updated from [] to [23] 
 Processing config id 917 to [] - value already set to  
 Processing config id 918 to [] - value already set to  
 Processing config id 919 to [] - value already set to  
 Processing config id 920 to [30] - value updated from [11] to [30] 
 Processing config id 921 to [] - value already set to  
 Processing config id 1202 to [7,14,21,28] - value updated from [2,9,16,23,30] to [7,14,21,28] 
 Processing config id 93375 to [] - value already set to  
 Processing config id 93376 to [] - value already set to  
 Processing config id 93377 to [1] - value updated from [] to [1] 
 Processing config id 93378 to [] - value updated from [17] to [] 
 Processing config id 93379 to [] - value already set to  
 Processing config id 93380 to [] - value already set to  
 Processing config id 93381 to [] - value already set to  
 Processing config id 93382 to [29] - value updated from [] to [29] 
 Processing config id 93383 to [] - value already set to  
 Processing config id 93384 to [] - value already set to  
 Processing config id 93385 to [] - value already set to  
 Processing config id 93386 to [15] - value updated from [] to [15] 
 Processing config id 93387 to [] - value updated from [3] to [] 
 Processing config id 93388 to [] - value already set to  
 Processing config id 93389 to [] - value already set to  
DONE 28 rows updated ----- 

```
Script end time: '2025-04-30 11:05:55'
FYI: @andresmunoz - script output for `mrvegas`
Story 'ASE-1685': done
