Script start time: '2025-04-22 10:41:01'
```shell
1966984162 - Is already active.
1966986712 - Is already active.
1967000292 - Is already active.
6255253 - Could not be unblocked, the user is: SelfExcluded.
1966936197 - Has been activated.
6455060 - Has been activated.
6544930 - Is already active.
6939520 - Has been activated.
1966914080 - Has been activated.
6533541 - Has been activated.
1966971252 - Has been activated.
1966977912 - Could not be unblocked, the user is: SelfExcluded.
5141330 - Could not be unblocked, the user is: SuperBlocked.
5291040 - Has been activated.
5404200 - Could not be unblocked, the user is: ExternalSelfExcluded.
5461580 - Has been activated.
5505570 - Could not be unblocked, the user is: SelfExcluded.
5507020 - Has been activated.
5509700 - Has been activated.
5547760 - Is already active.
5581000 - Has been activated.
5604420 - Has been activated.
5697100 - Has been activated.
5703470 - Is already active.
5719750 - Is already active.
5727480 - Has been activated.
5890880 - Is already active.
6008770 - Has been activated.
6192200 - Is already active.
6256990 - Is already active.
6290970 - Is already active.
6309460 - Has been activated.
6339420 - Could not be unblocked, the user is: SelfExcluded.
6444620 - Could not be unblocked, the user is: SelfExcluded.
6471220 - Could not be unblocked, the user is: SelfExcluded.
6507610 - Could not be unblocked, the user is: SuperBlocked.
6544980 - Is already active.
6554530 - Is already active.
6555940 - Has been activated.
6622320 - Is already active.
6626660 - Could not be unblocked, the user is: SelfExcluded.
6650600 - Could not be unblocked, the user is: SelfExcluded.
6658450 - Is already active.
6662960 - Has been activated.
6665330 - Has been activated.
6690660 - Has been activated.
6716540 - Could not be unblocked, the user is: SelfExcluded.
6742490 - Has been activated.
6771880 - Has been activated.
6810890 - Is already active.
6819910 - Is already active.
6834830 - Has been activated.
6838540 - Is already active.
6855560 - Has been activated.
6874220 - Has been activated.
6887380 - Has been activated.
6913030 - Is already active.
6913690 - Is already active.
6923320 - Has been activated.
6929000 - Is already active.
6929630 - Has been activated.
6935640 - Has been activated.
6948810 - Has been activated.
6950460 - Could not be unblocked, the user is: SelfExcluded.
6957950 - Is already active.
1966913520 - Has been activated.
1966930510 - Has been activated.
1966934620 - Could not be unblocked, the user is: SelfExcluded.
1966936800 - Is already active.
1966942560 - Is already active.
1966942820 - Is already active.
1966944060 - Is already active.
1966950480 - Is already active.
1966950950 - Is already active.
1966952250 - Could not be unblocked, the user is: SelfExcluded.
1966952700 - Is already active.
1966953920 - Is already active.
1966955350 - Has been activated.
1966956500 - Is already active.
1966956960 - Is already active.
1966959340 - Could not be unblocked, the user is: SelfExcluded.
1966961500 - Is already active.
1966961680 - Has been activated.
1966962570 - Could not be unblocked, the user is: SelfExcluded.
1966965040 - Has been activated.
1966965720 - Has been activated.
1966966410 - Could not be unblocked, the user is: SelfExcluded.
1966970570 - Could not be unblocked, the user is: SelfExcluded.
1966972890 - Could not be unblocked, the user is: SelfExcluded.
1966973590 - Is already active.
1966975590 - Is already active.
1966976520 - Is already active.
1966978480 - Is already active.
1966979560 - Could not be unblocked, the user is: SelfExcluded.
1966981360 - Is already active.
1966983580 - Could not be unblocked, the user is: SelfExcluded.
1966983670 - Is already active.
1966989160 - Could not be unblocked, the user is: SelfExcluded.
1966989960 - Is already active.
1966990020 - Is already active.
1966990750 - Could not be unblocked, the user is: SelfExcluded.
1966992260 - Is already active.
1966993980 - Has been activated.
1966997590 - Is already active.
1966998320 - Is already active.
1966998330 - Could not be unblocked, the user is: SelfExcluded.
1967006680 - Is already active.
1967008370 - Could not be unblocked, the user is: SelfExcluded.
1967012490 - Could not be unblocked, the user is: SelfExcluded.
1967012840 - Could not be unblocked, the user is: SelfExcluded.
5191151 - Could not be unblocked, the user is: SelfExcluded.
5224761 - Could not be unblocked, the user is: SelfExcluded.
5338921 - Has been activated.
5342891 - Is already active.
5462721 - Is already active.
5465711 - Could not be unblocked, the user is: SelfExcluded.
5472371 - Could not be unblocked, the user is: SelfExcluded.
5500501 - Has been activated.
5610251 - Is already active.
5625331 - Is already active.
5647981 - Is already active.
5693231 - Has been activated.
5812921 - Is already active.
5998891 - Is already active.
6227341 - Has been activated.
6247191 - Has been activated.
6361141 - Could not be unblocked, the user is: SelfExcluded.
6391971 - Is already active.
6398441 - Has been activated.
6421511 - Has been activated.
6425781 - Has been activated.
6434991 - Has been activated.
6436901 - Has been activated.
6460621 - Is already active.
6498951 - Has been activated.
6534071 - Is already active.
6541271 - Is already active.
6547341 - Is already active.
6561451 - Has been activated.
6561781 - Has been activated.
6579571 - Is already active.
6626261 - Has been activated.
1966981853 - Has been activated.
6630661 - Could not be unblocked, the user is: SelfExcluded.
6635661 - Has been activated.
6646211 - Is already active.
6662531 - Is already active.
6668981 - Is already active.
6675591 - Is already active.
6682501 - Is already active.
6629931 - Has been activated.
6701201 - Could not be unblocked, the user is: SelfExcluded.
6720391 - Could not be unblocked, the user is: ExternalSelfExcluded.
6720781 - Has been activated.
6759341 - Has been activated.
6763431 - Has been activated.
6776711 - Is already active.
6810291 - Has been activated.
6816301 - Is already active.
6823651 - Has been activated.
6838061 - Is already active.
6852291 - Could not be unblocked, the user is: ExternalSelfExcluded.
6859691 - Has been activated.
6861001 - Could not be unblocked, the user is: SelfExcluded.
6866511 - Is already active.
6883201 - Is already active.
6921451 - Has been activated.
6938141 - Has been activated.
6946441 - Could not be unblocked, the user is: ExternalSelfExcluded.
6953041 - Is already active.
1960756731 - Has been activated.
1960770141 - Is already active.
1966914991 - Could not be unblocked, the user is: SelfExcluded.
1966915481 - Could not be unblocked, the user is: SelfExcluded.
1966928321 - Has been activated.
1966929231 - Could not be unblocked, the user is: SelfExcluded.
1966937111 - Could not be unblocked, the user is: SelfExcluded.
1966937301 - Has been activated.
1966940071 - Is already active.
1966941721 - Has been activated.
1966946741 - Is already active.
1966947691 - Has been activated.
1966947721 - Is already active.
1966949431 - Is already active.
1966949501 - Has been activated.
1966949821 - Is already active.
1966949971 - Has been activated.
1966952171 - Could not be unblocked, the user is: SelfExcluded.
1966953361 - Is already active.
1966953691 - Is already active.
1966954281 - Is already active.
1966954591 - Is already active.
1966959741 - Has been activated.
1966960671 - Is already active.
1966965681 - Has been activated.
1966972131 - Is already active.
1966974551 - Is already active.
1966982631 - Could not be unblocked, the user is: SelfExcluded.
1966982851 - Is already active.
1966983201 - Is already active.
1966983301 - Could not be unblocked, the user is: SelfExcluded.
1966988791 - Is already active.
1966995681 - Is already active.
1966999891 - Could not be unblocked, the user is: SelfExcluded.
1967002821 - Could not be unblocked, the user is: SelfExcluded.
1967012761 - Has been activated.
1967013041 - Could not be unblocked, the user is: SelfExcluded.
1967013261 - Is already active.
1967017541 - Is already active.
1967022041 - Is already active.
5162162 - Has been activated.
5168822 - Has been activated.
5169482 - Is already active.
5218682 - Is already active.
5237832 - Is already active.
5255302 - Could not be unblocked, the user is: SelfExcluded.
5268452 - Is already active.
5331692 - Has been activated.
5345232 - Is already active.
5399762 - Has been activated.
5478402 - Has been activated.
5522282 - Is already active.
5529252 - Is already active.
5540322 - Has been activated.
5699612 - Could not be unblocked, the user is: SelfExcluded.
5724132 - Is already active.
5776232 - Could not be unblocked, the user is: SuperBlocked.
5887802 - Has been activated.
6008732 - Has been activated.
6049322 - Has been activated.
6187402 - Could not be unblocked, the user is: SuperBlocked.
6192952 - Is already active.
6208172 - Could not be unblocked, the user is: SelfExcluded.
6234412 - Is already active.
6260352 - Is already active.
6282142 - Is already active.
6282792 - Could not be unblocked, the user is: SelfExcluded.
6283942 - Has been activated.
6286552 - Could not be unblocked, the user is: SelfExcluded.
6320602 - Is already active.
6326232 - Is already active.
6385632 - Could not be unblocked, the user is: SelfExcluded.
6393732 - Has been activated.
6431642 - Is already active.
6442582 - Is already active.
6446672 - Is already active.
6491692 - Has been activated.
6492292 - Is already active.
6493432 - Could not be unblocked, the user is: SelfExcluded.
6499662 - Has been activated.
6506142 - Has been activated.
6516922 - Has been activated.
6524122 - Is already active.
6534342 - Has been activated.
6538722 - Has been activated.
6541082 - Could not be unblocked, the user is: ExternalSelfExcluded.
6595262 - Could not be unblocked, the user is: SelfExcluded.
6618752 - Has been activated.
6673642 - Has been activated.
6710042 - Could not be unblocked, the user is: SelfExcluded.
6731852 - Is already active.
6765162 - Is already active.
6809072 - Is already active.
6838842 - Is already active.
6840032 - Is already active.
6897612 - Could not be unblocked, the user is: SuperBlocked.
6912652 - Is already active.
6916482 - Is already active.
6919152 - Is already active.
6933302 - Could not be unblocked, the user is: SelfExcluded.
6954352 - Is already active.
1960758712 - Is already active.
1960765232 - Has been activated.
1960765682 - Could not be unblocked, the user is: SelfExcluded.
1960771262 - Is already active.
1966905912 - Is already active.
1966916352 - Has been activated.
1966920082 - Has been activated.
1966920892 - Is already active.
1966922452 - Has been activated.
1966922702 - Could not be unblocked, the user is: SelfExcluded.
1966925192 - Is already active.
1966928962 - Is already active.
1966932012 - Has been activated.
1966932432 - Has been activated.
1966933292 - Is already active.
1966933312 - Is already active.
1966934702 - Is already active.
1966938702 - Could not be unblocked, the user is: SelfExcluded.
1966940432 - Is already active.
1966946082 - Has been activated.
1966947032 - Is already active.
1966948332 - Is already active.
1966950662 - Has been activated.
1966954942 - Has been activated.
1966959272 - Could not be unblocked, the user is: SelfExcluded.
1966960982 - Is already active.
1966961572 - Could not be unblocked, the user is: SelfExcluded.
1966964832 - Could not be unblocked, the user is: SelfExcluded.
1966965132 - Is already active.
1966965152 - Could not be unblocked, the user is: SelfExcluded.
1966966582 - Could not be unblocked, the user is: SelfExcluded.
1966968122 - Has been activated.
1966973682 - Could not be unblocked, the user is: SelfExcluded.
1966984282 - Has been activated.
1966985842 - Is already active.
1966985872 - Has been activated.
1966987192 - Could not be unblocked, the user is: SelfExcluded.
1966989972 - Is already active.
1966990052 - Is already active.
1966992212 - Is already active.
1966997732 - Is already active.
1967002782 - Is already active.
1967005522 - Is already active.
1967014072 - Is already active.
1967015082 - Could not be unblocked, the user is: SelfExcluded.
1967020932 - Is already active.
5145333 - Has been activated.
5190733 - Has been activated.
5333883 - Is already active.
5378583 - Has been activated.
5429023 - Could not be unblocked, the user is: SelfExcluded.
5462743 - Is already active.
5504173 - Has been activated.
5510223 - Is already active.
5529343 - Has been activated.
5546353 - Is already active.
5661503 - Is already active.
5769233 - Could not be unblocked, the user is: SelfExcluded.
5805513 - Is already active.
6190603 - Has been activated.
6209943 - Is already active.
6262653 - Is already active.
6298403 - Is already active.
6319553 - Is already active.
6330123 - Could not be unblocked, the user is: SelfExcluded.
6345333 - Is already active.
6374453 - Is already active.
6381693 - Has been activated.
6392753 - Could not be unblocked, the user is: SelfExcluded.
6412563 - Is already active.
6431543 - Has been activated.
6433253 - Is already active.
6459163 - Has been activated.
6462703 - Is already active.
6473883 - Has been activated.
6479913 - Has been activated.
6487903 - Is already active.
6503623 - Is already active.
6510223 - Is already active.
6514233 - Could not be unblocked, the user is: SelfExcluded.
6517203 - Is already active.
6526963 - Has been activated.
6527133 - Has been activated.
6534583 - Has been activated.
6537753 - Has been activated.
6552043 - Is already active.
6565203 - Has been activated.
6599013 - Has been activated.
6605183 - Has been activated.
6605613 - Has been activated.
6634413 - Could not be unblocked, the user is: SelfExcluded.
6639963 - Is already active.
6647963 - Could not be unblocked, the user is: SelfExcluded.
6651723 - Has been activated.
6655993 - Could not be unblocked, the user is: ExternalSelfExcluded.
6662713 - Could not be unblocked, the user is: ExternalSelfExcluded.
6675643 - Has been activated.
6678713 - Has been activated.
6680723 - Has been activated.
6682633 - Is already active.
6686313 - Could not be unblocked, the user is: ExternalSelfExcluded.
6691463 - Has been activated.
6725423 - Is already active.
6729943 - Has been activated.
6743793 - Could not be unblocked, the user is: SelfExcluded.
6750653 - Is already active.
6760643 - Could not be unblocked, the user is: SuperBlocked.
6765573 - Has been activated.
6767583 - Is already active.
6828033 - Could not be unblocked, the user is: SelfExcluded.
6829433 - Has been activated.
6842803 - Is already active.
6847833 - Is already active.
6866813 - Could not be unblocked, the user is: SelfExcluded.
6876003 - Is already active.
6909523 - Has been activated.
6938363 - Is already active.
6948433 - Is already active.
6955203 - Has been activated.
1960758903 - Is already active.
1960759813 - Is already active.
1960771143 - Is already active.
1966909113 - Is already active.
1966914963 - Is already active.
1966915693 - Could not be unblocked, the user is: ExternalSelfExcluded.
1966918203 - Is already active.
1966918313 - Has been activated.
1966918873 - Has been activated.
1966920863 - Has been activated.
1966924943 - Has been activated.
1966925093 - Is already active.
1966929993 - Has been activated.
1966931383 - Has been activated.
1966933533 - Is already active.
1966933553 - Is already active.
1966941903 - Is already active.
1966946173 - Has been activated.
1966949053 - Is already active.
1966949143 - Could not be unblocked, the user is: SelfExcluded.
1966949433 - Could not be unblocked, the user is: SelfExcluded.
1966952013 - Could not be unblocked, the user is: SelfExcluded.
1966952973 - Is already active.
1966955553 - Could not be unblocked, the user is: SelfExcluded.
1966956093 - Is already active.
1966956423 - Could not be unblocked, the user is: SelfExcluded.
1966964513 - Is already active.
1966964603 - Could not be unblocked, the user is: SelfExcluded.
1966965343 - Is already active.
1966975343 - Is already active.
1966975413 - Is already active.
1966977933 - Is already active.
1966981073 - Has been activated.
1966981433 - Has been activated.
1966983693 - Could not be unblocked, the user is: SelfExcluded.
1966985893 - Could not be unblocked, the user is: SelfExcluded.
1966986963 - Has been activated.
1966989413 - Is already active.
1966989773 - Is already active.
1966990523 - Is already active.
1966994493 - Could not be unblocked, the user is: SelfExcluded.
1967000293 - Is already active.
1967002633 - Could not be unblocked, the user is: SelfExcluded.
1967017153 - Is already active.
1967022303 - Could not be unblocked, the user is: SelfExcluded.
5247974 - Has been activated.
5253544 - Has been activated.
5264274 - Could not be unblocked, the user is: ExternalSelfExcluded.
5326164 - Has been activated.
5343964 - Has been activated.
5370804 - Has been activated.
5427404 - Has been activated.
5799884 - Has been activated.
6000194 - Is already active.
6007114 - Could not be unblocked, the user is: ExternalSelfExcluded.
6199434 - Has been activated.
6201524 - Has been activated.
6270164 - Is already active.
6295644 - Is already active.
6305464 - Has been activated.
6313644 - Has been activated.
6345304 - Is already active.
6361884 - Could not be unblocked, the user is: SuperBlocked.
6395284 - Is already active.
6400694 - Has been activated.
6420694 - Could not be unblocked, the user is: SelfExcluded.
6434104 - Is already active.
6439354 - Has been activated.
6441834 - Could not be unblocked, the user is: SelfExcluded.
6445554 - Is already active.
6452184 - Has been activated.
6460624 - Has been activated.
6486804 - Has been activated.
6492124 - Has been activated.
6514884 - Could not be unblocked, the user is: SelfExcluded.
6515414 - Could not be unblocked, the user is: ExternalSelfExcluded.
6531484 - Is already active.
6541404 - Could not be unblocked, the user is: SelfExcluded.
6545744 - Has been activated.
6556224 - Has been activated.
6556594 - Is already active.
6567554 - Has been activated.
6637034 - Is already active.
6640204 - Is already active.
6641054 - Has been activated.
6658144 - Has been activated.
6666334 - Has been activated.
6671074 - Has been activated.
6684924 - Could not be unblocked, the user is: SelfExcluded.
6702004 - Could not be unblocked, the user is: SelfExcluded.
6723394 - Is already active.
6726014 - Is already active.
6806744 - Has been activated.
6852154 - Is already active.
6882764 - Is already active.
6883604 - Has been activated.
6885294 - Has been activated.
6914644 - Is already active.
6939424 - Has been activated.
6945444 - Could not be unblocked, the user is: SelfExcluded.
6949584 - Has been activated.
1960767364 - Has been activated.
1960772704 - Is already active.
1966912974 - Is already active.
1966917264 - Has been activated.
1966917554 - Could not be unblocked, the user is: SelfExcluded.
1966919114 - Could not be unblocked, the user is: SelfExcluded.
1966919244 - Is already active.
1966923904 - Is already active.
1966926224 - Has been activated.
1966926844 - Is already active.
1966927804 - Is already active.
1966931564 - Could not be unblocked, the user is: SuperBlocked.
1966933614 - Is already active.
1966936324 - Could not be unblocked, the user is: SelfExcluded.
1966937524 - Is already active.
1966947724 - Is already active.
1966947974 - Has been activated.
1966953674 - Could not be unblocked, the user is: SelfExcluded.
1966954984 - Could not be unblocked, the user is: SelfExcluded.
1966961804 - Is already active.
1966969894 - Is already active.
1966971874 - Could not be unblocked, the user is: SelfExcluded.
1966976754 - Has been activated.
1966977194 - Is already active.
1966981954 - Is already active.
1966982774 - Is already active.
1966982904 - Is already active.
1966990934 - Is already active.
1966994404 - Could not be unblocked, the user is: SelfExcluded.
1966995374 - Is already active.
1966998664 - Is already active.
1967004274 - Could not be unblocked, the user is: SelfExcluded.
1967011404 - Is already active.
5280385 - Has been activated.
5367605 - Has been activated.
5471215 - Has been activated.
5574565 - Has been activated.
5646955 - Is already active.
5661285 - Is already active.
5685575 - Is already active.
5989225 - Has been activated.
5998555 - Could not be unblocked, the user is: SelfExcluded.
6206235 - Is already active.
6239765 - Is already active.
6249085 - Has been activated.
6267125 - Has been activated.
6317655 - Could not be unblocked, the user is: SelfExcluded.
6322435 - Is already active.
6384105 - Has been activated.
6384535 - Is already active.
6384575 - Is already active.
6396065 - Is already active.
6396635 - Has been activated.
6458455 - Has been activated.
6474915 - Has been activated.
6475545 - Is already active.
6505325 - Has been activated.
6543805 - Has been activated.
6558705 - Is already active.
6575295 - Is already active.
6577455 - Could not be unblocked, the user is: ExternalSelfExcluded.
6578695 - Is already active.
6598545 - Is already active.
6602715 - Has been activated.
6611845 - Has been activated.
6662315 - Has been activated.
6683795 - Has been activated.
6687295 - Is already active.
6698335 - Has been activated.
6700065 - Is already active.
6753595 - Is already active.
6755805 - Is already active.
6805205 - Has been activated.
6809775 - Has been activated.
6819395 - Is already active.
6836045 - Has been activated.
6854505 - Is already active.
6864045 - Is already active.
6877925 - Has been activated.
6919775 - Has been activated.
6926685 - Has been activated.
6934785 - Is already active.
6953425 - Is already active.
1960763175 - Is already active.
1960772145 - Has been activated.
1966913505 - Is already active.
1966917265 - Has been activated.
1966917325 - Is already active.
1966917635 - Is already active.
1966934055 - Has been activated.
1966943405 - Is already active.
1966943455 - Is already active.
1966947655 - Is already active.
1966951845 - Is already active.
1966956865 - Has been activated.
1966963915 - Is already active.
1966967345 - Is already active.
1966967355 - Has been activated.
1966968675 - Is already active.
1966969675 - Is already active.
1967002065 - Is already active.
1967003515 - Is already active.
1967005995 - Is already active.
1967008375 - Is already active.
1967010895 - Is already active.
1967022955 - Is already active.
5368396 - Has been activated.
5423156 - Has been activated.
5469626 - Is already active.
5543616 - Has been activated.
5562336 - Is already active.
5692926 - Is already active.
6186136 - Has been activated.
6230956 - Has been activated.
6292106 - Has been activated.
6292516 - Is already active.
6307476 - Has been activated.
6335156 - Is already active.
6372276 - Has been activated.
6422936 - Is already active.
6440326 - Has been activated.
6469746 - Has been activated.
6481506 - Has been activated.
6489586 - Is already active.
6495846 - Has been activated.
6500336 - Is already active.
6500856 - Is already active.
6514146 - Has been activated.
6541006 - Has been activated.
6555226 - Is already active.
6576796 - Is already active.
6580696 - Could not be unblocked, the user is: ExternalSelfExcluded.
6588356 - Has been activated.
6602636 - Is already active.
6603556 - Has been activated.
6608426 - Has been activated.
6624406 - Is already active.
6627406 - Has been activated.
6654836 - Has been activated.
6656896 - Is already active.
6660316 - Has been activated.
6703516 - Has been activated.
6714776 - Has been activated.
6715666 - Has been activated.
6717826 - Is already active.
6720486 - Is already active.
6739316 - Has been activated.
6741496 - Is already active.
6743916 - Is already active.
6745946 - Has been activated.
6756726 - Has been activated.
6764196 - Could not be unblocked, the user is: ExternalSelfExcluded.
6796706 - Is already active.
6797486 - Has been activated.
6797686 - Is already active.
6798526 - Has been activated.
6812556 - Is already active.
6818186 - Is already active.
6830776 - Has been activated.
6864196 - Is already active.
6870366 - Is already active.
6895166 - Could not be unblocked, the user is: SelfExcluded.
6903756 - Is already active.
6916336 - Is already active.
6926436 - Has been activated.
6948836 - Is already active.
1960756576 - Is already active.
1960766916 - Is already active.
1966912556 - Has been activated.
1966915396 - Has been activated.
1966917046 - Is already active.
1966920806 - Is already active.
1966924556 - Is already active.
1966928086 - Is already active.
1966934906 - Is already active.
1966936176 - Has been activated.
1966936966 - Has been activated.
1966941046 - Is already active.
1966941446 - Is already active.
1966943626 - Is already active.
1966949866 - Could not be unblocked, the user is: ExternalSelfExcluded.
1966954876 - Is already active.
1966955016 - Is already active.
1966971826 - Could not be unblocked, the user is: SelfExcluded.
1966976876 - Is already active.
1966977646 - Is already active.
1966979856 - Is already active.
1966982976 - Has been activated.
1966989576 - Is already active.
1966989736 - Is already active.
1966991146 - Is already active.
1966992596 - Has been activated.
1966993006 - Is already active.
1966996966 - Is already active.
1966998576 - Is already active.
1967009846 - Has been activated.
1967011006 - Is already active.
1967014786 - Is already active.
1967016736 - Has been activated.
5270487 - Has been activated.
5301837 - Has been activated.
5378417 - Has been activated.
5462907 - Has been activated.
5518847 - Is already active.
5549857 - Has been activated.
5555997 - Is already active.
5689027 - Is already active.
5757317 - Is already active.
5809797 - Is already active.
6188997 - Is already active.
6194487 - Is already active.
6206267 - Has been activated.
6206347 - Has been activated.
6243267 - Is already active.
6335347 - Is already active.
6359317 - Is already active.
6367007 - Is already active.
6370437 - Is already active.
6436537 - Is already active.
6437437 - Has been activated.
6454857 - Has been activated.
6476917 - Has been activated.
6490307 - Is already active.
6506487 - Has been activated.
6532937 - Has been activated.
6536427 - Is already active.
6541027 - Has been activated.
6557017 - Is already active.
6580757 - Has been activated.
6592537 - Is already active.
6598187 - Has been activated.
6600457 - Has been activated.
6640927 - Has been activated.
6646387 - Has been activated.
6656717 - Is already active.
6658487 - Has been activated.
6663247 - Has been activated.
6681957 - Has been activated.
6687437 - Is already active.
6749287 - Has been activated.
6780597 - Has been activated.
6784677 - Is already active.
6785887 - Has been activated.
6829567 - Is already active.
6839797 - Is already active.
6853207 - Has been activated.
6855327 - Has been activated.
6863767 - Has been activated.
6864797 - Is already active.
6875497 - Has been activated.
6880467 - Could not be unblocked, the user is: ExternalSelfExcluded.
6900537 - Has been activated.
6916307 - Is already active.
6922817 - Is already active.
6922967 - Is already active.
6932997 - Is already active.
6946787 - Is already active.
6947937 - Is already active.
1960757867 - Has been activated.
1960759627 - Has been activated.
1960763007 - Has been activated.
1960765617 - Is already active.
1960769777 - Is already active.
1960773027 - Is already active.
1960775447 - Is already active.
1966915967 - Is already active.
1966919347 - Has been activated.
1966928677 - Is already active.
1966928997 - Is already active.
1966934647 - Is already active.
1966935547 - Is already active.
1966937957 - Is already active.
1966942787 - Is already active.
1966947737 - Is already active.
1966952217 - Has been activated.
1966953737 - Has been activated.
1966957527 - Is already active.
1966960297 - Could not be unblocked, the user is: SelfExcluded.
1966963727 - Is already active.
1966972507 - Is already active.
1966973117 - Is already active.
1966973347 - Has been activated.
1966973367 - Is already active.
1966973557 - Is already active.
1966977477 - Has been activated.
1966978567 - Is already active.
1966979077 - Has been activated.
1966979377 - Has been activated.
1966979667 - Has been activated.
1966980827 - Has been activated.
1966987477 - Is already active.
1966993347 - Is already active.
1967000777 - Is already active.
1967021777 - Is already active.
5225668 - Has been activated.
5370148 - Has been activated.
5416038 - Has been activated.
5433178 - Has been activated.
5445868 - Has been activated.
5457128 - Is already active.
5510428 - Has been activated.
5543638 - Is already active.
5609318 - Is already active.
5678348 - Is already active.
5811748 - Is already active.
6003398 - Could not be unblocked, the user is: SuperBlocked.
6240038 - Has been activated.
6240198 - Is already active.
6302678 - Has been activated.
6303598 - Is already active.
6308068 - Has been activated.
6369328 - Has been activated.
6402778 - Has been activated.
6406278 - Is already active.
6423558 - Has been activated.
6470208 - Is already active.
6471468 - Is already active.
6497168 - Is already active.
6497758 - Is already active.
6512208 - Is already active.
6513838 - Has been activated.
6521228 - Has been activated.
6581918 - Is already active.
6610948 - Has been activated.
6617858 - Is already active.
6624598 - Is already active.
6683628 - Is already active.
6703278 - Is already active.
6704358 - Is already active.
6729188 - Has been activated.
6748428 - Has been activated.
6751288 - Could not be unblocked, the user is: SelfExcluded.
6754578 - Has been activated.
6798578 - Is already active.
6800758 - Has been activated.
6807978 - Is already active.
6817838 - Has been activated.
6847158 - Has been activated.
6847758 - Is already active.
6849918 - Has been activated.
6863478 - Is already active.
6865478 - Has been activated.
6871568 - Has been activated.
6875028 - Has been activated.
6882768 - Has been activated.
6886408 - Is already active.
6921478 - Is already active.
6938128 - Is already active.
6942318 - Could not be unblocked, the user is: SelfExcluded.
6953738 - Could not be unblocked, the user is: SelfExcluded.
1960753488 - Has been activated.
1960765518 - Could not be unblocked, the user is: SelfExcluded.
1960772258 - Could not be unblocked, the user is: SelfExcluded.
1966904668 - Is already active.
1966911878 - Is already active.
1966918548 - Could not be unblocked, the user is: SelfExcluded.
1966920168 - Has been activated.
1966921288 - Has been activated.
1966922968 - Is already active.
1966923168 - Has been activated.
1966937788 - Is already active.
1966942238 - Has been activated.
1966943788 - Has been activated.
1966951328 - Is already active.
1966954238 - Is already active.
1966954358 - Is already active.
1966963248 - Is already active.
1966964258 - Is already active.
1966964478 - Has been activated.
1966967768 - Is already active.
1966973118 - Is already active.
1966976138 - Could not be unblocked, the user is: SelfExcluded.
1966980908 - Is already active.
1966982088 - Has been activated.
1966982908 - Is already active.
1966982978 - Has been activated.
1966987878 - Is already active.
1966988368 - Is already active.
1966990278 - Has been activated.
1966995458 - Has been activated.
1966995548 - Is already active.
1966995868 - Is already active.
1966999338 - Is already active.
1966999928 - Is already active.
1967011578 - Is already active.
1967014738 - Is already active.
5242089 - Has been activated.
5363459 - Has been activated.
5499969 - Is already active.
5544659 - Is already active.
5554429 - Has been activated.
5753159 - Is already active.
6208209 - Is already active.
6287669 - Could not be unblocked, the user is: ExternalSelfExcluded.
6292999 - Is already active.
6306369 - Is already active.
6317149 - Is already active.
6364999 - Is already active.
6408389 - Is already active.
6426359 - Is already active.
6538099 - Is already active.
6546289 - Is already active.
6548479 - Has been activated.
6584619 - Is already active.
6586269 - Has been activated.
6600789 - Is already active.
6608559 - Has been activated.
6635189 - Is already active.
6638019 - Has been activated.
6657159 - Could not be unblocked, the user is: SelfExcluded.
6663799 - Is already active.
6681059 - Has been activated.
6693969 - Is already active.
6760969 - Has been activated.
6766479 - Is already active.
6772459 - Has been activated.
6854159 - Could not be unblocked, the user is: SuperBlocked.
6864179 - Is already active.
6865479 - Has been activated.
6869349 - Has been activated.
6899129 - Has been activated.
6901669 - Could not be unblocked, the user is: ExternalSelfExcluded.
6929219 - Is already active.
6931709 - Is already active.
6949239 - Is already active.
1960762659 - Has been activated.
1960765889 - Is already active.
1960770189 - Has been activated.
1960777109 - Has been activated.
1966905409 - Has been activated.
1966916619 - Is already active.
1966923749 - Has been activated.
1966931789 - Has been activated.
1966932849 - Is already active.
1966932979 - Has been activated.
1966933059 - Is already active.
1966935859 - Is already active.
1966935969 - Is already active.
1966939319 - Has been activated.
1966947319 - Has been activated.
1966949439 - Has been activated.
1966949789 - Has been activated.
1966950279 - Is already active.
1966953379 - Is already active.
1966960709 - Is already active.
1966962219 - Is already active.
1966972159 - Is already active.
1966979679 - Is already active.
1966980829 - Is already active.
1966981959 - Could not be unblocked, the user is: SelfExcluded.
1966982289 - Could not be unblocked, the user is: SelfExcluded.
1966990719 - Is already active.
1967005679 - Has been activated.
1967008589 - Is already active.
1967009329 - Could not be unblocked, the user is: SelfExcluded.
1967011149 - Is already active.
1967012139 - Could not be unblocked, the user is: SelfExcluded.
1967018079 - Is already active.
1967022539 - Could not be unblocked, the user is: SelfExcluded.

```
Script end time: '2025-04-22 10:41:06'
FYI: @YuriVelkis - script output for `videoslots`
Story 'ASE-1660': done
